<?xml version="1.0" encoding="UTF-8"?>
<coverage generated="1758627909013" clover="3.2.0">
  <project timestamp="1758627909013" name="All files">
    <metrics statements="2316" coveredstatements="2139" conditionals="623" coveredconditionals="431" methods="684" coveredmethods="598" elements="3623" coveredelements="3168" complexity="0" loc="2316" ncloc="2316" packages="22" files="186" classes="186"/>
    <package name="src">
      <metrics statements="97" coveredstatements="58" conditionals="60" coveredconditionals="31" methods="33" coveredmethods="19"/>
      <file name="App.tsx" path="/Users/Spare/Documents/code/monetisation/animations/src/App.tsx">
        <metrics statements="97" coveredstatements="58" conditionals="60" coveredconditionals="31" methods="33" coveredmethods="19"/>
        <line num="10" count="26" type="stmt"/>
        <line num="11" count="26" type="stmt"/>
        <line num="12" count="26" type="stmt"/>
        <line num="13" count="26" type="stmt"/>
        <line num="14" count="26" type="stmt"/>
        <line num="17" count="70" type="stmt"/>
        <line num="20" count="26" type="stmt"/>
        <line num="21" count="26" type="cond" truecount="4" falsecount="0"/>
        <line num="22" count="6" type="stmt"/>
        <line num="26" count="26" type="stmt"/>
        <line num="28" count="5" type="stmt"/>
        <line num="29" count="2" type="cond" truecount="3" falsecount="1"/>
        <line num="30" count="2" type="stmt"/>
        <line num="34" count="26" type="stmt"/>
        <line num="35" count="3" type="cond" truecount="2" falsecount="0"/>
        <line num="37" count="2" type="stmt"/>
        <line num="38" count="12" type="stmt"/>
        <line num="40" count="2" type="cond" truecount="1" falsecount="1"/>
        <line num="41" count="2" type="stmt"/>
        <line num="45" count="26" type="stmt"/>
        <line num="46" count="6" type="cond" truecount="1" falsecount="1"/>
        <line num="47" count="0" type="stmt"/>
        <line num="48" count="0" type="cond" truecount="0" falsecount="2"/>
        <line num="50" count="0" type="stmt"/>
        <line num="51" count="0" type="stmt"/>
        <line num="55" count="26" type="stmt"/>
        <line num="56" count="6" type="cond" truecount="1" falsecount="1"/>
        <line num="57" count="0" type="stmt"/>
        <line num="58" count="0" type="stmt"/>
        <line num="59" count="0" type="stmt"/>
        <line num="60" count="0" type="stmt"/>
        <line num="66" count="26" type="stmt"/>
        <line num="67" count="0" type="stmt"/>
        <line num="68" count="0" type="stmt"/>
        <line num="70" count="26" type="stmt"/>
        <line num="71" count="0" type="stmt"/>
        <line num="72" count="0" type="stmt"/>
        <line num="76" count="26" type="stmt"/>
        <line num="77" count="14" type="cond" truecount="2" falsecount="0"/>
        <line num="79" count="8" type="stmt"/>
        <line num="80" count="8" type="stmt"/>
        <line num="83" count="8" type="stmt"/>
        <line num="84" count="4" type="stmt"/>
        <line num="85" count="0" type="stmt"/>
        <line num="86" count="0" type="stmt"/>
        <line num="88" count="0" type="cond" truecount="0" falsecount="2"/>
        <line num="90" count="0" type="cond" truecount="0" falsecount="2"/>
        <line num="91" count="0" type="stmt"/>
        <line num="92" count="0" type="stmt"/>
        <line num="94" count="0" type="stmt"/>
        <line num="97" count="0" type="cond" truecount="0" falsecount="4"/>
        <line num="98" count="0" type="stmt"/>
        <line num="103" count="8" type="stmt"/>
        <line num="104" count="8" type="cond" truecount="1" falsecount="1"/>
        <line num="105" count="8" type="cond" truecount="2" falsecount="0"/>
        <line num="110" count="26" type="stmt"/>
        <line num="111" count="14" type="cond" truecount="2" falsecount="0"/>
        <line num="112" count="8" type="stmt"/>
        <line num="114" count="8" type="stmt"/>
        <line num="115" count="4" type="stmt"/>
        <line num="116" count="4" type="cond" truecount="2" falsecount="0"/>
        <line num="119" count="2" type="stmt"/>
        <line num="120" count="2" type="stmt"/>
        <line num="123" count="2" type="stmt"/>
        <line num="124" count="2" type="stmt"/>
        <line num="132" count="8" type="stmt"/>
        <line num="134" count="8" type="stmt"/>
        <line num="136" count="8" type="stmt"/>
        <line num="137" count="8" type="stmt"/>
        <line num="138" count="8" type="stmt"/>
        <line num="142" count="26" type="cond" truecount="1" falsecount="1"/>
        <line num="143" count="0" type="stmt"/>
        <line num="149" count="0" type="stmt"/>
        <line num="159" count="102" type="stmt"/>
        <line num="161" count="26" type="stmt"/>
        <line num="162" count="6" type="stmt"/>
        <line num="171" count="6" type="stmt"/>
        <line num="178" count="26" type="stmt"/>
        <line num="179" count="26" type="stmt"/>
        <line num="180" count="0" type="stmt"/>
        <line num="183" count="26" type="stmt"/>
        <line num="184" count="0" type="stmt"/>
        <line num="187" count="0" type="stmt"/>
        <line num="189" count="0" type="cond" truecount="0" falsecount="2"/>
        <line num="191" count="0" type="stmt"/>
        <line num="195" count="26" type="stmt"/>
        <line num="205" count="0" type="stmt"/>
        <line num="268" count="0" type="stmt"/>
        <line num="269" count="0" type="stmt"/>
        <line num="271" count="0" type="cond" truecount="0" falsecount="2"/>
        <line num="273" count="0" type="cond" truecount="0" falsecount="2"/>
        <line num="274" count="0" type="stmt"/>
        <line num="276" count="0" type="cond" truecount="0" falsecount="2"/>
        <line num="278" count="0" type="cond" truecount="0" falsecount="2"/>
        <line num="279" count="0" type="stmt"/>
        <line num="303" count="0" type="stmt"/>
        <line num="310" count="0" type="stmt"/>
      </file>
    </package>
    <package name="src.components">
      <metrics statements="1" coveredstatements="1" conditionals="0" coveredconditionals="0" methods="0" coveredmethods="0"/>
      <file name="animationRegistry.ts" path="/Users/Spare/Documents/code/monetisation/animations/src/components/animationRegistry.ts">
        <metrics statements="1" coveredstatements="1" conditionals="0" coveredconditionals="0" methods="0" coveredmethods="0"/>
        <line num="19" count="7" type="stmt"/>
      </file>
    </package>
    <package name="src.components.base.button-effects">
      <metrics statements="46" coveredstatements="32" conditionals="8" coveredconditionals="3" methods="21" coveredmethods="11"/>
      <file name="ButtonEffectsJitter.tsx" path="/Users/Spare/Documents/code/monetisation/animations/src/components/base/button-effects/ButtonEffectsJitter.tsx">
        <metrics statements="1" coveredstatements="1" conditionals="0" coveredconditionals="0" methods="1" coveredmethods="1"/>
        <line num="5" count="4" type="stmt"/>
      </file>
      <file name="ButtonEffectsLiquidMorph.tsx" path="/Users/Spare/Documents/code/monetisation/animations/src/components/base/button-effects/ButtonEffectsLiquidMorph.tsx">
        <metrics statements="5" coveredstatements="3" conditionals="2" coveredconditionals="1" methods="3" coveredmethods="1"/>
        <line num="6" count="3" type="stmt"/>
        <line num="8" count="3" type="stmt"/>
        <line num="9" count="0" type="stmt"/>
        <line num="10" count="0" type="stmt"/>
        <line num="13" count="3" type="stmt"/>
      </file>
      <file name="ButtonEffectsRipple.tsx" path="/Users/Spare/Documents/code/monetisation/animations/src/components/base/button-effects/ButtonEffectsRipple.tsx">
        <metrics statements="19" coveredstatements="19" conditionals="2" coveredconditionals="1" methods="7" coveredmethods="7"/>
        <line num="13" count="7" type="stmt"/>
        <line num="14" count="7" type="stmt"/>
        <line num="15" count="7" type="stmt"/>
        <line num="17" count="7" type="stmt"/>
        <line num="18" count="1" type="stmt"/>
        <line num="19" count="1" type="cond" truecount="1" falsecount="1"/>
        <line num="20" count="1" type="stmt"/>
        <line num="21" count="1" type="stmt"/>
        <line num="23" count="1" type="stmt"/>
        <line num="24" count="1" type="stmt"/>
        <line num="25" count="1" type="stmt"/>
        <line num="26" count="1" type="stmt"/>
        <line num="27" count="1" type="stmt"/>
        <line num="28" count="1" type="stmt"/>
        <line num="30" count="1" type="stmt"/>
        <line num="31" count="1" type="stmt"/>
        <line num="35" count="7" type="stmt"/>
        <line num="41" count="1" type="stmt"/>
        <line num="42" count="1" type="stmt"/>
      </file>
      <file name="ButtonEffectsShockwave.tsx" path="/Users/Spare/Documents/code/monetisation/animations/src/components/base/button-effects/ButtonEffectsShockwave.tsx">
        <metrics statements="15" coveredstatements="5" conditionals="2" coveredconditionals="0" methods="7" coveredmethods="1"/>
        <line num="12" count="3" type="stmt"/>
        <line num="13" count="3" type="stmt"/>
        <line num="14" count="3" type="stmt"/>
        <line num="16" count="3" type="stmt"/>
        <line num="17" count="0" type="stmt"/>
        <line num="18" count="0" type="cond" truecount="0" falsecount="2"/>
        <line num="20" count="0" type="stmt"/>
        <line num="21" count="0" type="stmt"/>
        <line num="22" count="0" type="stmt"/>
        <line num="25" count="0" type="stmt"/>
        <line num="26" count="0" type="stmt"/>
        <line num="29" count="0" type="stmt"/>
        <line num="30" count="0" type="stmt"/>
        <line num="34" count="3" type="stmt"/>
        <line num="44" count="0" type="stmt"/>
      </file>
      <file name="ButtonEffectsSplitReveal.tsx" path="/Users/Spare/Documents/code/monetisation/animations/src/components/base/button-effects/ButtonEffectsSplitReveal.tsx">
        <metrics statements="5" coveredstatements="3" conditionals="2" coveredconditionals="1" methods="3" coveredmethods="1"/>
        <line num="6" count="3" type="stmt"/>
        <line num="8" count="3" type="stmt"/>
        <line num="9" count="0" type="stmt"/>
        <line num="10" count="0" type="stmt"/>
        <line num="13" count="3" type="stmt"/>
      </file>
      <file name="index.ts" path="/Users/Spare/Documents/code/monetisation/animations/src/components/base/button-effects/index.ts">
        <metrics statements="1" coveredstatements="1" conditionals="0" coveredconditionals="0" methods="0" coveredmethods="0"/>
        <line num="14" count="7" type="stmt"/>
      </file>
    </package>
    <package name="src.components.base.standard-effects">
      <metrics statements="19" coveredstatements="19" conditionals="0" coveredconditionals="0" methods="18" coveredmethods="18"/>
      <file name="StandardEffectsBlink.tsx" path="/Users/Spare/Documents/code/monetisation/animations/src/components/base/standard-effects/StandardEffectsBlink.tsx">
        <metrics statements="1" coveredstatements="1" conditionals="0" coveredconditionals="0" methods="1" coveredmethods="1"/>
        <line num="5" count="4" type="stmt"/>
      </file>
      <file name="StandardEffectsBounce.tsx" path="/Users/Spare/Documents/code/monetisation/animations/src/components/base/standard-effects/StandardEffectsBounce.tsx">
        <metrics statements="1" coveredstatements="1" conditionals="0" coveredconditionals="0" methods="1" coveredmethods="1"/>
        <line num="5" count="4" type="stmt"/>
      </file>
      <file name="StandardEffectsFade.tsx" path="/Users/Spare/Documents/code/monetisation/animations/src/components/base/standard-effects/StandardEffectsFade.tsx">
        <metrics statements="1" coveredstatements="1" conditionals="0" coveredconditionals="0" methods="1" coveredmethods="1"/>
        <line num="5" count="6" type="stmt"/>
      </file>
      <file name="StandardEffectsFlip.tsx" path="/Users/Spare/Documents/code/monetisation/animations/src/components/base/standard-effects/StandardEffectsFlip.tsx">
        <metrics statements="1" coveredstatements="1" conditionals="0" coveredconditionals="0" methods="1" coveredmethods="1"/>
        <line num="5" count="4" type="stmt"/>
      </file>
      <file name="StandardEffectsFloat.tsx" path="/Users/Spare/Documents/code/monetisation/animations/src/components/base/standard-effects/StandardEffectsFloat.tsx">
        <metrics statements="1" coveredstatements="1" conditionals="0" coveredconditionals="0" methods="1" coveredmethods="1"/>
        <line num="5" count="4" type="stmt"/>
      </file>
      <file name="StandardEffectsHeartbeat.tsx" path="/Users/Spare/Documents/code/monetisation/animations/src/components/base/standard-effects/StandardEffectsHeartbeat.tsx">
        <metrics statements="1" coveredstatements="1" conditionals="0" coveredconditionals="0" methods="1" coveredmethods="1"/>
        <line num="5" count="4" type="stmt"/>
      </file>
      <file name="StandardEffectsJello.tsx" path="/Users/Spare/Documents/code/monetisation/animations/src/components/base/standard-effects/StandardEffectsJello.tsx">
        <metrics statements="1" coveredstatements="1" conditionals="0" coveredconditionals="0" methods="1" coveredmethods="1"/>
        <line num="5" count="4" type="stmt"/>
      </file>
      <file name="StandardEffectsPop.tsx" path="/Users/Spare/Documents/code/monetisation/animations/src/components/base/standard-effects/StandardEffectsPop.tsx">
        <metrics statements="1" coveredstatements="1" conditionals="0" coveredconditionals="0" methods="1" coveredmethods="1"/>
        <line num="5" count="4" type="stmt"/>
      </file>
      <file name="StandardEffectsPulse.tsx" path="/Users/Spare/Documents/code/monetisation/animations/src/components/base/standard-effects/StandardEffectsPulse.tsx">
        <metrics statements="1" coveredstatements="1" conditionals="0" coveredconditionals="0" methods="1" coveredmethods="1"/>
        <line num="5" count="4" type="stmt"/>
      </file>
      <file name="StandardEffectsRubberBand.tsx" path="/Users/Spare/Documents/code/monetisation/animations/src/components/base/standard-effects/StandardEffectsRubberBand.tsx">
        <metrics statements="1" coveredstatements="1" conditionals="0" coveredconditionals="0" methods="1" coveredmethods="1"/>
        <line num="5" count="4" type="stmt"/>
      </file>
      <file name="StandardEffectsScale.tsx" path="/Users/Spare/Documents/code/monetisation/animations/src/components/base/standard-effects/StandardEffectsScale.tsx">
        <metrics statements="1" coveredstatements="1" conditionals="0" coveredconditionals="0" methods="1" coveredmethods="1"/>
        <line num="5" count="6" type="stmt"/>
      </file>
      <file name="StandardEffectsShake.tsx" path="/Users/Spare/Documents/code/monetisation/animations/src/components/base/standard-effects/StandardEffectsShake.tsx">
        <metrics statements="1" coveredstatements="1" conditionals="0" coveredconditionals="0" methods="1" coveredmethods="1"/>
        <line num="5" count="4" type="stmt"/>
      </file>
      <file name="StandardEffectsSlide.tsx" path="/Users/Spare/Documents/code/monetisation/animations/src/components/base/standard-effects/StandardEffectsSlide.tsx">
        <metrics statements="1" coveredstatements="1" conditionals="0" coveredconditionals="0" methods="1" coveredmethods="1"/>
        <line num="5" count="4" type="stmt"/>
      </file>
      <file name="StandardEffectsSpin.tsx" path="/Users/Spare/Documents/code/monetisation/animations/src/components/base/standard-effects/StandardEffectsSpin.tsx">
        <metrics statements="1" coveredstatements="1" conditionals="0" coveredconditionals="0" methods="1" coveredmethods="1"/>
        <line num="5" count="4" type="stmt"/>
      </file>
      <file name="StandardEffectsSqueeze.tsx" path="/Users/Spare/Documents/code/monetisation/animations/src/components/base/standard-effects/StandardEffectsSqueeze.tsx">
        <metrics statements="1" coveredstatements="1" conditionals="0" coveredconditionals="0" methods="1" coveredmethods="1"/>
        <line num="5" count="4" type="stmt"/>
      </file>
      <file name="StandardEffectsSwing.tsx" path="/Users/Spare/Documents/code/monetisation/animations/src/components/base/standard-effects/StandardEffectsSwing.tsx">
        <metrics statements="1" coveredstatements="1" conditionals="0" coveredconditionals="0" methods="1" coveredmethods="1"/>
        <line num="5" count="4" type="stmt"/>
      </file>
      <file name="StandardEffectsTada.tsx" path="/Users/Spare/Documents/code/monetisation/animations/src/components/base/standard-effects/StandardEffectsTada.tsx">
        <metrics statements="1" coveredstatements="1" conditionals="0" coveredconditionals="0" methods="1" coveredmethods="1"/>
        <line num="5" count="4" type="stmt"/>
      </file>
      <file name="StandardEffectsWiggle.tsx" path="/Users/Spare/Documents/code/monetisation/animations/src/components/base/standard-effects/StandardEffectsWiggle.tsx">
        <metrics statements="1" coveredstatements="1" conditionals="0" coveredconditionals="0" methods="1" coveredmethods="1"/>
        <line num="5" count="4" type="stmt"/>
      </file>
      <file name="index.ts" path="/Users/Spare/Documents/code/monetisation/animations/src/components/base/standard-effects/index.ts">
        <metrics statements="1" coveredstatements="1" conditionals="0" coveredconditionals="0" methods="0" coveredmethods="0"/>
        <line num="41" count="7" type="stmt"/>
      </file>
    </package>
    <package name="src.components.base.text-effects">
      <metrics statements="174" coveredstatements="169" conditionals="66" coveredconditionals="44" methods="67" coveredmethods="64"/>
      <file name="TextEffectsCharacterReveal.tsx" path="/Users/Spare/Documents/code/monetisation/animations/src/components/base/text-effects/TextEffectsCharacterReveal.tsx">
        <metrics statements="5" coveredstatements="5" conditionals="0" coveredconditionals="0" methods="3" coveredmethods="3"/>
        <line num="5" count="8" type="stmt"/>
        <line num="6" count="8" type="stmt"/>
        <line num="8" count="8" type="stmt"/>
        <line num="24" count="88" type="stmt"/>
        <line num="54" count="88" type="stmt"/>
      </file>
      <file name="TextEffectsComboCounter.tsx" path="/Users/Spare/Documents/code/monetisation/animations/src/components/base/text-effects/TextEffectsComboCounter.tsx">
        <metrics statements="17" coveredstatements="17" conditionals="0" coveredconditionals="0" methods="5" coveredmethods="5"/>
        <line num="6" count="8" type="stmt"/>
        <line num="7" count="8" type="stmt"/>
        <line num="10" count="8" type="stmt"/>
        <line num="18" count="8" type="stmt"/>
        <line num="19" count="16" type="stmt"/>
        <line num="22" count="8" type="stmt"/>
        <line num="23" count="8" type="stmt"/>
        <line num="28" count="8" type="stmt"/>
        <line num="31" count="8" type="stmt"/>
        <line num="91" count="32" type="stmt"/>
        <line num="92" count="32" type="stmt"/>
        <line num="93" count="32" type="stmt"/>
        <line num="94" count="32" type="stmt"/>
        <line num="98" count="32" type="stmt"/>
        <line num="99" count="32" type="stmt"/>
        <line num="101" count="32" type="stmt"/>
        <line num="161" count="40" type="stmt"/>
      </file>
      <file name="TextEffectsCounterIncrement.tsx" path="/Users/Spare/Documents/code/monetisation/animations/src/components/base/text-effects/TextEffectsCounterIncrement.tsx">
        <metrics statements="22" coveredstatements="22" conditionals="4" coveredconditionals="3" methods="8" coveredmethods="8"/>
        <line num="10" count="16" type="stmt"/>
        <line num="11" count="16" type="stmt"/>
        <line num="12" count="16" type="stmt"/>
        <line num="13" count="16" type="stmt"/>
        <line num="15" count="16" type="stmt"/>
        <line num="16" count="8" type="stmt"/>
        <line num="18" count="8" type="stmt"/>
        <line num="21" count="8" type="stmt"/>
        <line num="22" count="8" type="stmt"/>
        <line num="23" count="8" type="stmt"/>
        <line num="26" count="8" type="stmt"/>
        <line num="29" count="8" type="stmt"/>
        <line num="30" count="5" type="stmt"/>
        <line num="34" count="8" type="stmt"/>
        <line num="35" count="3" type="stmt"/>
        <line num="40" count="8" type="stmt"/>
        <line num="43" count="8" type="stmt"/>
        <line num="45" count="8" type="stmt"/>
        <line num="46" count="8" type="stmt"/>
        <line num="47" count="8" type="stmt"/>
        <line num="51" count="16" type="stmt"/>
        <line num="62" count="8" type="stmt"/>
      </file>
      <file name="TextEffectsEpicWin.tsx" path="/Users/Spare/Documents/code/monetisation/animations/src/components/base/text-effects/TextEffectsEpicWin.tsx">
        <metrics statements="3" coveredstatements="3" conditionals="2" coveredconditionals="2" methods="2" coveredmethods="2"/>
        <line num="5" count="8" type="stmt"/>
        <line num="7" count="8" type="stmt"/>
        <line num="52" count="64" type="stmt"/>
      </file>
      <file name="TextEffectsGlitchText.tsx" path="/Users/Spare/Documents/code/monetisation/animations/src/components/base/text-effects/TextEffectsGlitchText.tsx">
        <metrics statements="2" coveredstatements="2" conditionals="0" coveredconditionals="0" methods="1" coveredmethods="1"/>
        <line num="5" count="8" type="stmt"/>
        <line num="7" count="8" type="stmt"/>
      </file>
      <file name="TextEffectsHorizonLightPass.tsx" path="/Users/Spare/Documents/code/monetisation/animations/src/components/base/text-effects/TextEffectsHorizonLightPass.tsx">
        <metrics statements="12" coveredstatements="12" conditionals="8" coveredconditionals="5" methods="4" coveredmethods="4"/>
        <line num="11" count="8" type="stmt"/>
        <line num="12" count="8" type="stmt"/>
        <line num="14" count="8" type="stmt"/>
        <line num="16" count="8" type="cond" truecount="1" falsecount="1"/>
        <line num="46" count="8" type="cond" truecount="1" falsecount="1"/>
        <line num="55" count="136" type="stmt"/>
        <line num="56" count="136" type="stmt"/>
        <line num="57" count="136" type="stmt"/>
        <line num="58" count="136" type="stmt"/>
        <line num="59" count="136" type="stmt"/>
        <line num="82" count="8" type="stmt"/>
        <line num="93" count="136" type="stmt"/>
      </file>
      <file name="TextEffectsLevelBreakthrough.tsx" path="/Users/Spare/Documents/code/monetisation/animations/src/components/base/text-effects/TextEffectsLevelBreakthrough.tsx">
        <metrics statements="35" coveredstatements="31" conditionals="12" coveredconditionals="4" methods="6" coveredmethods="5"/>
        <line num="6" count="8" type="stmt"/>
        <line num="7" count="8" type="stmt"/>
        <line num="8" count="8" type="stmt"/>
        <line num="9" count="8" type="stmt"/>
        <line num="10" count="8" type="stmt"/>
        <line num="11" count="8" type="stmt"/>
        <line num="13" count="8" type="stmt"/>
        <line num="14" count="8" type="stmt"/>
        <line num="15" count="8" type="stmt"/>
        <line num="17" count="8" type="cond" truecount="1" falsecount="1"/>
        <line num="18" count="8" type="stmt"/>
        <line num="19" count="8" type="stmt"/>
        <line num="23" count="8" type="stmt"/>
        <line num="24" count="8" type="stmt"/>
        <line num="27" count="8" type="cond" truecount="1" falsecount="1"/>
        <line num="28" count="8" type="stmt"/>
        <line num="40" count="8" type="cond" truecount="1" falsecount="1"/>
        <line num="41" count="8" type="stmt"/>
        <line num="53" count="8" type="stmt"/>
        <line num="55" count="1" type="cond" truecount="1" falsecount="1"/>
        <line num="56" count="1" type="stmt"/>
        <line num="69" count="8" type="stmt"/>
        <line num="71" count="0" type="cond" truecount="0" falsecount="2"/>
        <line num="72" count="0" type="cond" truecount="0" falsecount="2"/>
        <line num="73" count="0" type="stmt"/>
        <line num="74" count="0" type="stmt"/>
        <line num="80" count="8" type="stmt"/>
        <line num="82" count="8" type="stmt"/>
        <line num="83" count="8" type="stmt"/>
        <line num="84" count="8" type="stmt"/>
        <line num="85" count="8" type="stmt"/>
        <line num="86" count="8" type="stmt"/>
        <line num="87" count="8" type="stmt"/>
        <line num="88" count="8" type="stmt"/>
        <line num="92" count="8" type="stmt"/>
      </file>
      <file name="TextEffectsLightSweepDraw.tsx" path="/Users/Spare/Documents/code/monetisation/animations/src/components/base/text-effects/TextEffectsLightSweepDraw.tsx">
        <metrics statements="7" coveredstatements="7" conditionals="8" coveredconditionals="5" methods="3" coveredmethods="3"/>
        <line num="12" count="8" type="stmt"/>
        <line num="13" count="8" type="stmt"/>
        <line num="16" count="8" type="stmt"/>
        <line num="19" count="8" type="cond" truecount="1" falsecount="1"/>
        <line num="52" count="8" type="cond" truecount="1" falsecount="1"/>
        <line num="78" count="8" type="stmt"/>
        <line num="89" count="136" type="stmt"/>
      </file>
      <file name="TextEffectsMetallicSpecularFlash.tsx" path="/Users/Spare/Documents/code/monetisation/animations/src/components/base/text-effects/TextEffectsMetallicSpecularFlash.tsx">
        <metrics statements="7" coveredstatements="7" conditionals="8" coveredconditionals="5" methods="3" coveredmethods="3"/>
        <line num="11" count="8" type="stmt"/>
        <line num="12" count="8" type="stmt"/>
        <line num="14" count="8" type="stmt"/>
        <line num="16" count="8" type="cond" truecount="1" falsecount="1"/>
        <line num="42" count="8" type="cond" truecount="1" falsecount="1"/>
        <line num="69" count="8" type="stmt"/>
        <line num="80" count="136" type="stmt"/>
      </file>
      <file name="TextEffectsTypewriter.tsx" path="/Users/Spare/Documents/code/monetisation/animations/src/components/base/text-effects/TextEffectsTypewriter.tsx">
        <metrics statements="4" coveredstatements="4" conditionals="2" coveredconditionals="2" methods="2" coveredmethods="2"/>
        <line num="5" count="8" type="stmt"/>
        <line num="6" count="8" type="stmt"/>
        <line num="8" count="8" type="stmt"/>
        <line num="12" count="136" type="stmt"/>
      </file>
      <file name="TextEffectsVerbFall.tsx" path="/Users/Spare/Documents/code/monetisation/animations/src/components/base/text-effects/TextEffectsVerbFall.tsx">
        <metrics statements="4" coveredstatements="4" conditionals="2" coveredconditionals="2" methods="3" coveredmethods="3"/>
        <line num="9" count="8" type="stmt"/>
        <line num="10" count="8" type="stmt"/>
        <line num="11" count="8" type="stmt"/>
        <line num="15" count="136" type="stmt"/>
      </file>
      <file name="TextEffectsVerbFlip.tsx" path="/Users/Spare/Documents/code/monetisation/animations/src/components/base/text-effects/TextEffectsVerbFlip.tsx">
        <metrics statements="4" coveredstatements="4" conditionals="2" coveredconditionals="2" methods="3" coveredmethods="3"/>
        <line num="8" count="8" type="stmt"/>
        <line num="9" count="8" type="stmt"/>
        <line num="10" count="8" type="stmt"/>
        <line num="14" count="136" type="stmt"/>
      </file>
      <file name="TextEffectsVerbFloat.tsx" path="/Users/Spare/Documents/code/monetisation/animations/src/components/base/text-effects/TextEffectsVerbFloat.tsx">
        <metrics statements="4" coveredstatements="4" conditionals="2" coveredconditionals="2" methods="3" coveredmethods="3"/>
        <line num="9" count="8" type="stmt"/>
        <line num="10" count="8" type="stmt"/>
        <line num="12" count="8" type="stmt"/>
        <line num="16" count="136" type="stmt"/>
      </file>
      <file name="TextEffectsVerbJog.tsx" path="/Users/Spare/Documents/code/monetisation/animations/src/components/base/text-effects/TextEffectsVerbJog.tsx">
        <metrics statements="4" coveredstatements="4" conditionals="2" coveredconditionals="2" methods="3" coveredmethods="3"/>
        <line num="8" count="8" type="stmt"/>
        <line num="9" count="8" type="stmt"/>
        <line num="10" count="8" type="stmt"/>
        <line num="14" count="136" type="stmt"/>
      </file>
      <file name="TextEffectsVerbJump.tsx" path="/Users/Spare/Documents/code/monetisation/animations/src/components/base/text-effects/TextEffectsVerbJump.tsx">
        <metrics statements="4" coveredstatements="4" conditionals="2" coveredconditionals="2" methods="3" coveredmethods="3"/>
        <line num="11" count="8" type="stmt"/>
        <line num="13" count="8" type="stmt"/>
        <line num="15" count="8" type="stmt"/>
        <line num="19" count="136" type="stmt"/>
      </file>
      <file name="TextEffectsVerbTwirl.tsx" path="/Users/Spare/Documents/code/monetisation/animations/src/components/base/text-effects/TextEffectsVerbTwirl.tsx">
        <metrics statements="4" coveredstatements="4" conditionals="2" coveredconditionals="2" methods="3" coveredmethods="3"/>
        <line num="8" count="8" type="stmt"/>
        <line num="9" count="8" type="stmt"/>
        <line num="10" count="8" type="stmt"/>
        <line num="14" count="136" type="stmt"/>
      </file>
      <file name="TextEffectsWaveReveal.tsx" path="/Users/Spare/Documents/code/monetisation/animations/src/components/base/text-effects/TextEffectsWaveReveal.tsx">
        <metrics statements="7" coveredstatements="7" conditionals="2" coveredconditionals="2" methods="3" coveredmethods="3"/>
        <line num="5" count="8" type="stmt"/>
        <line num="11" count="8" type="stmt"/>
        <line num="22" count="8" type="stmt"/>
        <line num="32" count="8" type="stmt"/>
        <line num="48" count="8" type="stmt"/>
        <line num="57" count="24" type="stmt"/>
        <line num="64" count="144" type="stmt"/>
      </file>
      <file name="TextEffectsWaveText.tsx" path="/Users/Spare/Documents/code/monetisation/animations/src/components/base/text-effects/TextEffectsWaveText.tsx">
        <metrics statements="6" coveredstatements="6" conditionals="4" coveredconditionals="4" methods="2" coveredmethods="2"/>
        <line num="5" count="8" type="stmt"/>
        <line num="7" count="8" type="stmt"/>
        <line num="12" count="88" type="stmt"/>
        <line num="13" count="88" type="stmt"/>
        <line num="14" count="88" type="stmt"/>
        <line num="16" count="88" type="stmt"/>
      </file>
      <file name="TextEffectsXpNumberPop.tsx" path="/Users/Spare/Documents/code/monetisation/animations/src/components/base/text-effects/TextEffectsXpNumberPop.tsx">
        <metrics statements="22" coveredstatements="21" conditionals="4" coveredconditionals="0" methods="7" coveredmethods="5"/>
        <line num="22" count="8" type="stmt"/>
        <line num="23" count="8" type="stmt"/>
        <line num="24" count="8" type="stmt"/>
        <line num="27" count="8" type="stmt"/>
        <line num="28" count="28" type="stmt"/>
        <line num="30" count="8" type="stmt"/>
        <line num="31" count="8" type="stmt"/>
        <line num="33" count="8" type="stmt"/>
        <line num="44" count="8" type="stmt"/>
        <line num="57" count="8" type="stmt"/>
        <line num="63" count="8" type="stmt"/>
        <line num="64" count="5" type="stmt"/>
        <line num="67" count="5" type="stmt"/>
        <line num="68" count="10" type="stmt"/>
        <line num="69" count="50" type="stmt"/>
        <line num="70" count="50" type="stmt"/>
        <line num="72" count="50" type="stmt"/>
        <line num="83" count="5" type="stmt"/>
        <line num="86" count="5" type="stmt"/>
        <line num="90" count="8" type="stmt"/>
        <line num="93" count="8" type="stmt"/>
        <line num="98" count="0" type="stmt"/>
      </file>
      <file name="index.ts" path="/Users/Spare/Documents/code/monetisation/animations/src/components/base/text-effects/index.ts">
        <metrics statements="1" coveredstatements="1" conditionals="0" coveredconditionals="0" methods="0" coveredmethods="0"/>
        <line num="21" count="7" type="stmt"/>
      </file>
    </package>
    <package name="src.components.dialogs.modal-base">
      <metrics statements="39" coveredstatements="33" conditionals="0" coveredconditionals="0" methods="36" coveredmethods="30"/>
      <file name="MockModalContent.tsx" path="/Users/Spare/Documents/code/monetisation/animations/src/components/dialogs/modal-base/MockModalContent.tsx">
        <metrics statements="1" coveredstatements="1" conditionals="0" coveredconditionals="0" methods="1" coveredmethods="1"/>
        <line num="3" count="57" type="stmt"/>
      </file>
      <file name="ModalBaseFlip3d.tsx" path="/Users/Spare/Documents/code/monetisation/animations/src/components/dialogs/modal-base/ModalBaseFlip3d.tsx">
        <metrics statements="2" coveredstatements="2" conditionals="0" coveredconditionals="0" methods="2" coveredmethods="2"/>
        <line num="7" count="4" type="stmt"/>
        <line num="11" count="4" type="stmt"/>
      </file>
      <file name="ModalBaseGlitchDigital.tsx" path="/Users/Spare/Documents/code/monetisation/animations/src/components/dialogs/modal-base/ModalBaseGlitchDigital.tsx">
        <metrics statements="2" coveredstatements="2" conditionals="0" coveredconditionals="0" methods="2" coveredmethods="2"/>
        <line num="7" count="4" type="stmt"/>
        <line num="11" count="4" type="stmt"/>
      </file>
      <file name="ModalBasePortalSwirl.tsx" path="/Users/Spare/Documents/code/monetisation/animations/src/components/dialogs/modal-base/ModalBasePortalSwirl.tsx">
        <metrics statements="2" coveredstatements="2" conditionals="0" coveredconditionals="0" methods="2" coveredmethods="2"/>
        <line num="7" count="4" type="stmt"/>
        <line num="11" count="4" type="stmt"/>
      </file>
      <file name="ModalBaseRippleExpand.tsx" path="/Users/Spare/Documents/code/monetisation/animations/src/components/dialogs/modal-base/ModalBaseRippleExpand.tsx">
        <metrics statements="2" coveredstatements="2" conditionals="0" coveredconditionals="0" methods="2" coveredmethods="2"/>
        <line num="7" count="4" type="stmt"/>
        <line num="11" count="4" type="stmt"/>
      </file>
      <file name="ModalBaseScaleCrisp.tsx" path="/Users/Spare/Documents/code/monetisation/animations/src/components/dialogs/modal-base/ModalBaseScaleCrisp.tsx">
        <metrics statements="2" coveredstatements="2" conditionals="0" coveredconditionals="0" methods="2" coveredmethods="2"/>
        <line num="7" count="1" type="stmt"/>
        <line num="11" count="1" type="stmt"/>
      </file>
      <file name="ModalBaseScaleGentlePop.tsx" path="/Users/Spare/Documents/code/monetisation/animations/src/components/dialogs/modal-base/ModalBaseScaleGentlePop.tsx">
        <metrics statements="2" coveredstatements="2" conditionals="0" coveredconditionals="0" methods="2" coveredmethods="2"/>
        <line num="7" count="4" type="stmt"/>
        <line num="11" count="4" type="stmt"/>
      </file>
      <file name="ModalBaseScaleHero.tsx" path="/Users/Spare/Documents/code/monetisation/animations/src/components/dialogs/modal-base/ModalBaseScaleHero.tsx">
        <metrics statements="2" coveredstatements="0" conditionals="0" coveredconditionals="0" methods="2" coveredmethods="0"/>
        <line num="7" count="0" type="stmt"/>
        <line num="11" count="0" type="stmt"/>
      </file>
      <file name="ModalBaseShatterAssemble.tsx" path="/Users/Spare/Documents/code/monetisation/animations/src/components/dialogs/modal-base/ModalBaseShatterAssemble.tsx">
        <metrics statements="2" coveredstatements="2" conditionals="0" coveredconditionals="0" methods="2" coveredmethods="2"/>
        <line num="7" count="4" type="stmt"/>
        <line num="11" count="4" type="stmt"/>
      </file>
      <file name="ModalBaseSlideDownHero.tsx" path="/Users/Spare/Documents/code/monetisation/animations/src/components/dialogs/modal-base/ModalBaseSlideDownHero.tsx">
        <metrics statements="2" coveredstatements="0" conditionals="0" coveredconditionals="0" methods="2" coveredmethods="0"/>
        <line num="7" count="0" type="stmt"/>
        <line num="11" count="0" type="stmt"/>
      </file>
      <file name="ModalBaseSlideDownSoft.tsx" path="/Users/Spare/Documents/code/monetisation/animations/src/components/dialogs/modal-base/ModalBaseSlideDownSoft.tsx">
        <metrics statements="2" coveredstatements="2" conditionals="0" coveredconditionals="0" methods="2" coveredmethods="2"/>
        <line num="7" count="4" type="stmt"/>
        <line num="11" count="4" type="stmt"/>
      </file>
      <file name="ModalBaseSlideLeftDrift.tsx" path="/Users/Spare/Documents/code/monetisation/animations/src/components/dialogs/modal-base/ModalBaseSlideLeftDrift.tsx">
        <metrics statements="2" coveredstatements="2" conditionals="0" coveredconditionals="0" methods="2" coveredmethods="2"/>
        <line num="7" count="4" type="stmt"/>
        <line num="11" count="4" type="stmt"/>
      </file>
      <file name="ModalBaseSlideRightDrift.tsx" path="/Users/Spare/Documents/code/monetisation/animations/src/components/dialogs/modal-base/ModalBaseSlideRightDrift.tsx">
        <metrics statements="2" coveredstatements="2" conditionals="0" coveredconditionals="0" methods="2" coveredmethods="2"/>
        <line num="7" count="4" type="stmt"/>
        <line num="11" count="4" type="stmt"/>
      </file>
      <file name="ModalBaseSlideUpCrisp.tsx" path="/Users/Spare/Documents/code/monetisation/animations/src/components/dialogs/modal-base/ModalBaseSlideUpCrisp.tsx">
        <metrics statements="2" coveredstatements="0" conditionals="0" coveredconditionals="0" methods="2" coveredmethods="0"/>
        <line num="7" count="0" type="stmt"/>
        <line num="11" count="0" type="stmt"/>
      </file>
      <file name="ModalBaseSlideUpSoft.tsx" path="/Users/Spare/Documents/code/monetisation/animations/src/components/dialogs/modal-base/ModalBaseSlideUpSoft.tsx">
        <metrics statements="2" coveredstatements="2" conditionals="0" coveredconditionals="0" methods="2" coveredmethods="2"/>
        <line num="7" count="4" type="stmt"/>
        <line num="11" count="4" type="stmt"/>
      </file>
      <file name="ModalBaseSpringBounce.tsx" path="/Users/Spare/Documents/code/monetisation/animations/src/components/dialogs/modal-base/ModalBaseSpringBounce.tsx">
        <metrics statements="3" coveredstatements="3" conditionals="0" coveredconditionals="0" methods="1" coveredmethods="1"/>
        <line num="8" count="4" type="stmt"/>
        <line num="21" count="4" type="stmt"/>
        <line num="40" count="4" type="stmt"/>
      </file>
      <file name="ModalBaseTvTurnOn.tsx" path="/Users/Spare/Documents/code/monetisation/animations/src/components/dialogs/modal-base/ModalBaseTvTurnOn.tsx">
        <metrics statements="2" coveredstatements="2" conditionals="0" coveredconditionals="0" methods="2" coveredmethods="2"/>
        <line num="7" count="4" type="stmt"/>
        <line num="11" count="4" type="stmt"/>
      </file>
      <file name="ModalBaseUnfoldOrigami.tsx" path="/Users/Spare/Documents/code/monetisation/animations/src/components/dialogs/modal-base/ModalBaseUnfoldOrigami.tsx">
        <metrics statements="2" coveredstatements="2" conditionals="0" coveredconditionals="0" methods="2" coveredmethods="2"/>
        <line num="7" count="4" type="stmt"/>
        <line num="11" count="4" type="stmt"/>
      </file>
      <file name="ModalBaseZoomElastic.tsx" path="/Users/Spare/Documents/code/monetisation/animations/src/components/dialogs/modal-base/ModalBaseZoomElastic.tsx">
        <metrics statements="2" coveredstatements="2" conditionals="0" coveredconditionals="0" methods="2" coveredmethods="2"/>
        <line num="7" count="4" type="stmt"/>
        <line num="11" count="4" type="stmt"/>
      </file>
      <file name="index.ts" path="/Users/Spare/Documents/code/monetisation/animations/src/components/dialogs/modal-base/index.ts">
        <metrics statements="1" coveredstatements="1" conditionals="0" coveredconditionals="0" methods="0" coveredmethods="0"/>
        <line num="35" count="7" type="stmt"/>
      </file>
    </package>
    <package name="src.components.dialogs.modal-content">
      <metrics statements="184" coveredstatements="184" conditionals="28" coveredconditionals="14" methods="69" coveredmethods="69"/>
      <file name="ModalContentButtonsStagger2.tsx" path="/Users/Spare/Documents/code/monetisation/animations/src/components/dialogs/modal-content/ModalContentButtonsStagger2.tsx">
        <metrics statements="13" coveredstatements="13" conditionals="2" coveredconditionals="1" methods="5" coveredmethods="5"/>
        <line num="5" count="4" type="stmt"/>
        <line num="7" count="4" type="stmt"/>
        <line num="9" count="4" type="stmt"/>
        <line num="10" count="8" type="cond" truecount="1" falsecount="1"/>
        <line num="12" count="8" type="stmt"/>
        <line num="13" count="8" type="stmt"/>
        <line num="16" count="8" type="stmt"/>
        <line num="17" count="8" type="stmt"/>
        <line num="18" count="8" type="stmt"/>
        <line num="19" count="8" type="stmt"/>
        <line num="24" count="4" type="stmt"/>
        <line num="38" count="8" type="stmt"/>
        <line num="46" count="8" type="stmt"/>
      </file>
      <file name="ModalContentButtonsStagger3.tsx" path="/Users/Spare/Documents/code/monetisation/animations/src/components/dialogs/modal-content/ModalContentButtonsStagger3.tsx">
        <metrics statements="14" coveredstatements="14" conditionals="2" coveredconditionals="1" methods="6" coveredmethods="6"/>
        <line num="5" count="4" type="stmt"/>
        <line num="7" count="4" type="stmt"/>
        <line num="9" count="4" type="stmt"/>
        <line num="10" count="12" type="cond" truecount="1" falsecount="1"/>
        <line num="12" count="12" type="stmt"/>
        <line num="13" count="12" type="stmt"/>
        <line num="16" count="12" type="stmt"/>
        <line num="17" count="12" type="stmt"/>
        <line num="18" count="12" type="stmt"/>
        <line num="19" count="12" type="stmt"/>
        <line num="24" count="4" type="stmt"/>
        <line num="38" count="8" type="stmt"/>
        <line num="46" count="8" type="stmt"/>
        <line num="54" count="8" type="stmt"/>
      </file>
      <file name="ModalContentFormFieldGradient.tsx" path="/Users/Spare/Documents/code/monetisation/animations/src/components/dialogs/modal-content/ModalContentFormFieldGradient.tsx">
        <metrics statements="25" coveredstatements="25" conditionals="4" coveredconditionals="2" methods="9" coveredmethods="9"/>
        <line num="5" count="4" type="stmt"/>
        <line num="6" count="4" type="stmt"/>
        <line num="8" count="4" type="stmt"/>
        <line num="10" count="4" type="stmt"/>
        <line num="11" count="12" type="cond" truecount="1" falsecount="1"/>
        <line num="13" count="12" type="stmt"/>
        <line num="14" count="12" type="stmt"/>
        <line num="17" count="12" type="stmt"/>
        <line num="18" count="12" type="stmt"/>
        <line num="19" count="12" type="stmt"/>
        <line num="20" count="12" type="stmt"/>
        <line num="25" count="4" type="stmt"/>
        <line num="26" count="8" type="cond" truecount="1" falsecount="1"/>
        <line num="28" count="8" type="stmt"/>
        <line num="29" count="8" type="stmt"/>
        <line num="32" count="8" type="stmt"/>
        <line num="33" count="8" type="stmt"/>
        <line num="34" count="8" type="stmt"/>
        <line num="35" count="8" type="stmt"/>
        <line num="40" count="4" type="stmt"/>
        <line num="53" count="8" type="stmt"/>
        <line num="62" count="8" type="stmt"/>
        <line num="71" count="8" type="stmt"/>
        <line num="83" count="8" type="stmt"/>
        <line num="91" count="8" type="stmt"/>
      </file>
      <file name="ModalContentFormFieldLeftReveal.tsx" path="/Users/Spare/Documents/code/monetisation/animations/src/components/dialogs/modal-content/ModalContentFormFieldLeftReveal.tsx">
        <metrics statements="25" coveredstatements="25" conditionals="4" coveredconditionals="2" methods="9" coveredmethods="9"/>
        <line num="5" count="4" type="stmt"/>
        <line num="6" count="4" type="stmt"/>
        <line num="8" count="4" type="stmt"/>
        <line num="10" count="4" type="stmt"/>
        <line num="11" count="12" type="cond" truecount="1" falsecount="1"/>
        <line num="13" count="12" type="stmt"/>
        <line num="14" count="12" type="stmt"/>
        <line num="17" count="12" type="stmt"/>
        <line num="18" count="12" type="stmt"/>
        <line num="19" count="12" type="stmt"/>
        <line num="20" count="12" type="stmt"/>
        <line num="25" count="4" type="stmt"/>
        <line num="26" count="8" type="cond" truecount="1" falsecount="1"/>
        <line num="28" count="8" type="stmt"/>
        <line num="29" count="8" type="stmt"/>
        <line num="32" count="8" type="stmt"/>
        <line num="33" count="8" type="stmt"/>
        <line num="34" count="8" type="stmt"/>
        <line num="35" count="8" type="stmt"/>
        <line num="40" count="4" type="stmt"/>
        <line num="53" count="8" type="stmt"/>
        <line num="62" count="8" type="stmt"/>
        <line num="71" count="8" type="stmt"/>
        <line num="83" count="8" type="stmt"/>
        <line num="91" count="8" type="stmt"/>
      </file>
      <file name="ModalContentFormFieldRightReveal.tsx" path="/Users/Spare/Documents/code/monetisation/animations/src/components/dialogs/modal-content/ModalContentFormFieldRightReveal.tsx">
        <metrics statements="26" coveredstatements="26" conditionals="4" coveredconditionals="2" methods="10" coveredmethods="10"/>
        <line num="5" count="4" type="stmt"/>
        <line num="6" count="4" type="stmt"/>
        <line num="8" count="4" type="stmt"/>
        <line num="10" count="4" type="stmt"/>
        <line num="11" count="16" type="cond" truecount="1" falsecount="1"/>
        <line num="13" count="16" type="stmt"/>
        <line num="14" count="16" type="stmt"/>
        <line num="17" count="16" type="stmt"/>
        <line num="18" count="16" type="stmt"/>
        <line num="19" count="16" type="stmt"/>
        <line num="20" count="16" type="stmt"/>
        <line num="25" count="4" type="stmt"/>
        <line num="26" count="8" type="cond" truecount="1" falsecount="1"/>
        <line num="28" count="8" type="stmt"/>
        <line num="29" count="8" type="stmt"/>
        <line num="32" count="8" type="stmt"/>
        <line num="33" count="8" type="stmt"/>
        <line num="34" count="8" type="stmt"/>
        <line num="35" count="8" type="stmt"/>
        <line num="40" count="4" type="stmt"/>
        <line num="53" count="8" type="stmt"/>
        <line num="62" count="8" type="stmt"/>
        <line num="71" count="8" type="stmt"/>
        <line num="80" count="8" type="stmt"/>
        <line num="92" count="8" type="stmt"/>
        <line num="100" count="8" type="stmt"/>
      </file>
      <file name="ModalContentListSoftStagger.tsx" path="/Users/Spare/Documents/code/monetisation/animations/src/components/dialogs/modal-content/ModalContentListSoftStagger.tsx">
        <metrics statements="27" coveredstatements="27" conditionals="4" coveredconditionals="2" methods="11" coveredmethods="11"/>
        <line num="5" count="6" type="stmt"/>
        <line num="6" count="6" type="stmt"/>
        <line num="8" count="6" type="stmt"/>
        <line num="10" count="6" type="stmt"/>
        <line num="11" count="30" type="cond" truecount="1" falsecount="1"/>
        <line num="13" count="30" type="stmt"/>
        <line num="14" count="30" type="stmt"/>
        <line num="17" count="30" type="stmt"/>
        <line num="18" count="30" type="stmt"/>
        <line num="19" count="30" type="stmt"/>
        <line num="20" count="30" type="stmt"/>
        <line num="25" count="6" type="stmt"/>
        <line num="26" count="12" type="cond" truecount="1" falsecount="1"/>
        <line num="27" count="12" type="stmt"/>
        <line num="28" count="12" type="stmt"/>
        <line num="30" count="12" type="stmt"/>
        <line num="31" count="12" type="stmt"/>
        <line num="32" count="12" type="stmt"/>
        <line num="33" count="12" type="stmt"/>
        <line num="38" count="6" type="stmt"/>
        <line num="51" count="12" type="stmt"/>
        <line num="59" count="12" type="stmt"/>
        <line num="67" count="12" type="stmt"/>
        <line num="75" count="12" type="stmt"/>
        <line num="83" count="12" type="stmt"/>
        <line num="94" count="12" type="stmt"/>
        <line num="102" count="12" type="stmt"/>
      </file>
      <file name="ModalContentListSpotlight.tsx" path="/Users/Spare/Documents/code/monetisation/animations/src/components/dialogs/modal-content/ModalContentListSpotlight.tsx">
        <metrics statements="26" coveredstatements="26" conditionals="4" coveredconditionals="2" methods="9" coveredmethods="9"/>
        <line num="5" count="4" type="stmt"/>
        <line num="6" count="4" type="stmt"/>
        <line num="8" count="4" type="stmt"/>
        <line num="10" count="4" type="stmt"/>
        <line num="11" count="12" type="cond" truecount="1" falsecount="1"/>
        <line num="13" count="12" type="stmt"/>
        <line num="14" count="12" type="stmt"/>
        <line num="17" count="12" type="stmt"/>
        <line num="18" count="12" type="stmt"/>
        <line num="19" count="12" type="stmt"/>
        <line num="20" count="12" type="stmt"/>
        <line num="22" count="12" type="stmt"/>
        <line num="27" count="4" type="stmt"/>
        <line num="28" count="8" type="cond" truecount="1" falsecount="1"/>
        <line num="30" count="8" type="stmt"/>
        <line num="31" count="8" type="stmt"/>
        <line num="34" count="8" type="stmt"/>
        <line num="35" count="8" type="stmt"/>
        <line num="36" count="8" type="stmt"/>
        <line num="37" count="8" type="stmt"/>
        <line num="42" count="4" type="stmt"/>
        <line num="55" count="8" type="stmt"/>
        <line num="63" count="8" type="stmt"/>
        <line num="71" count="8" type="stmt"/>
        <line num="82" count="8" type="stmt"/>
        <line num="90" count="8" type="stmt"/>
      </file>
      <file name="ModalContentListVerticalWipe.tsx" path="/Users/Spare/Documents/code/monetisation/animations/src/components/dialogs/modal-content/ModalContentListVerticalWipe.tsx">
        <metrics statements="27" coveredstatements="27" conditionals="4" coveredconditionals="2" methods="10" coveredmethods="10"/>
        <line num="5" count="4" type="stmt"/>
        <line num="6" count="4" type="stmt"/>
        <line num="8" count="4" type="stmt"/>
        <line num="10" count="4" type="stmt"/>
        <line num="11" count="16" type="cond" truecount="1" falsecount="1"/>
        <line num="13" count="16" type="stmt"/>
        <line num="14" count="16" type="stmt"/>
        <line num="17" count="16" type="stmt"/>
        <line num="18" count="16" type="stmt"/>
        <line num="19" count="16" type="stmt"/>
        <line num="20" count="16" type="stmt"/>
        <line num="21" count="16" type="stmt"/>
        <line num="26" count="4" type="stmt"/>
        <line num="27" count="8" type="cond" truecount="1" falsecount="1"/>
        <line num="29" count="8" type="stmt"/>
        <line num="30" count="8" type="stmt"/>
        <line num="33" count="8" type="stmt"/>
        <line num="34" count="8" type="stmt"/>
        <line num="35" count="8" type="stmt"/>
        <line num="36" count="8" type="stmt"/>
        <line num="41" count="4" type="stmt"/>
        <line num="54" count="8" type="stmt"/>
        <line num="62" count="8" type="stmt"/>
        <line num="70" count="8" type="stmt"/>
        <line num="78" count="8" type="stmt"/>
        <line num="89" count="8" type="stmt"/>
        <line num="97" count="8" type="stmt"/>
      </file>
      <file name="index.ts" path="/Users/Spare/Documents/code/monetisation/animations/src/components/dialogs/modal-content/index.ts">
        <metrics statements="1" coveredstatements="1" conditionals="0" coveredconditionals="0" methods="0" coveredmethods="0"/>
        <line num="21" count="7" type="stmt"/>
      </file>
    </package>
    <package name="src.components.dialogs.modal-dismiss">
      <metrics statements="167" coveredstatements="154" conditionals="28" coveredconditionals="21" methods="44" coveredmethods="23"/>
      <file name="MockContent.tsx" path="/Users/Spare/Documents/code/monetisation/animations/src/components/dialogs/modal-dismiss/MockContent.tsx">
        <metrics statements="1" coveredstatements="1" conditionals="0" coveredconditionals="0" methods="1" coveredmethods="1"/>
        <line num="11" count="30" type="stmt"/>
      </file>
      <file name="ModalDismissSnackbarScale.tsx" path="/Users/Spare/Documents/code/monetisation/animations/src/components/dialogs/modal-dismiss/ModalDismissSnackbarScale.tsx">
        <metrics statements="24" coveredstatements="22" conditionals="4" coveredconditionals="3" methods="6" coveredmethods="3"/>
        <line num="5" count="4" type="stmt"/>
        <line num="6" count="4" type="stmt"/>
        <line num="9" count="4" type="stmt"/>
        <line num="10" count="4" type="stmt"/>
        <line num="11" count="4" type="stmt"/>
        <line num="12" count="4" type="cond" truecount="3" falsecount="1"/>
        <line num="15" count="4" type="stmt"/>
        <line num="16" count="4" type="stmt"/>
        <line num="17" count="4" type="stmt"/>
        <line num="19" count="4" type="stmt"/>
        <line num="20" count="4" type="stmt"/>
        <line num="21" count="4" type="stmt"/>
        <line num="24" count="4" type="stmt"/>
        <line num="30" count="4" type="stmt"/>
        <line num="37" count="4" type="stmt"/>
        <line num="44" count="4" type="stmt"/>
        <line num="73" count="4" type="stmt"/>
        <line num="74" count="0" type="stmt"/>
        <line num="80" count="0" type="stmt"/>
        <line num="87" count="4" type="stmt"/>
        <line num="88" count="4" type="stmt"/>
        <line num="89" count="4" type="stmt"/>
        <line num="90" count="4" type="stmt"/>
        <line num="94" count="4" type="stmt"/>
      </file>
      <file name="ModalDismissSnackbarWipe.tsx" path="/Users/Spare/Documents/code/monetisation/animations/src/components/dialogs/modal-dismiss/ModalDismissSnackbarWipe.tsx">
        <metrics statements="26" coveredstatements="23" conditionals="4" coveredconditionals="3" methods="7" coveredmethods="3"/>
        <line num="5" count="4" type="stmt"/>
        <line num="6" count="4" type="stmt"/>
        <line num="9" count="4" type="stmt"/>
        <line num="10" count="4" type="stmt"/>
        <line num="11" count="4" type="stmt"/>
        <line num="12" count="4" type="cond" truecount="3" falsecount="1"/>
        <line num="15" count="4" type="stmt"/>
        <line num="16" count="4" type="stmt"/>
        <line num="17" count="4" type="stmt"/>
        <line num="18" count="4" type="stmt"/>
        <line num="20" count="4" type="stmt"/>
        <line num="21" count="4" type="stmt"/>
        <line num="22" count="4" type="stmt"/>
        <line num="25" count="4" type="stmt"/>
        <line num="40" count="4" type="stmt"/>
        <line num="47" count="4" type="stmt"/>
        <line num="54" count="4" type="stmt"/>
        <line num="55" count="0" type="stmt"/>
        <line num="70" count="0" type="stmt"/>
        <line num="78" count="4" type="stmt"/>
        <line num="81" count="0" type="stmt"/>
        <line num="86" count="4" type="stmt"/>
        <line num="87" count="4" type="stmt"/>
        <line num="88" count="4" type="stmt"/>
        <line num="89" count="4" type="stmt"/>
        <line num="93" count="4" type="stmt"/>
      </file>
      <file name="ModalDismissToastDrop.tsx" path="/Users/Spare/Documents/code/monetisation/animations/src/components/dialogs/modal-dismiss/ModalDismissToastDrop.tsx">
        <metrics statements="23" coveredstatements="21" conditionals="4" coveredconditionals="3" methods="6" coveredmethods="3"/>
        <line num="5" count="4" type="stmt"/>
        <line num="6" count="4" type="stmt"/>
        <line num="8" count="4" type="stmt"/>
        <line num="9" count="4" type="stmt"/>
        <line num="10" count="4" type="stmt"/>
        <line num="11" count="4" type="cond" truecount="3" falsecount="1"/>
        <line num="14" count="4" type="stmt"/>
        <line num="15" count="4" type="stmt"/>
        <line num="16" count="4" type="stmt"/>
        <line num="18" count="4" type="stmt"/>
        <line num="19" count="4" type="stmt"/>
        <line num="20" count="4" type="stmt"/>
        <line num="23" count="4" type="stmt"/>
        <line num="29" count="4" type="stmt"/>
        <line num="36" count="4" type="stmt"/>
        <line num="43" count="4" type="stmt"/>
        <line num="44" count="0" type="stmt"/>
        <line num="50" count="0" type="stmt"/>
        <line num="57" count="4" type="stmt"/>
        <line num="58" count="4" type="stmt"/>
        <line num="59" count="4" type="stmt"/>
        <line num="60" count="4" type="stmt"/>
        <line num="64" count="4" type="stmt"/>
      </file>
      <file name="ModalDismissToastFadeProgress.tsx" path="/Users/Spare/Documents/code/monetisation/animations/src/components/dialogs/modal-dismiss/ModalDismissToastFadeProgress.tsx">
        <metrics statements="23" coveredstatements="21" conditionals="4" coveredconditionals="3" methods="6" coveredmethods="3"/>
        <line num="5" count="4" type="stmt"/>
        <line num="6" count="4" type="stmt"/>
        <line num="9" count="4" type="stmt"/>
        <line num="10" count="4" type="stmt"/>
        <line num="11" count="4" type="stmt"/>
        <line num="12" count="4" type="cond" truecount="3" falsecount="1"/>
        <line num="15" count="4" type="stmt"/>
        <line num="16" count="4" type="stmt"/>
        <line num="17" count="4" type="stmt"/>
        <line num="19" count="4" type="stmt"/>
        <line num="20" count="4" type="stmt"/>
        <line num="21" count="4" type="stmt"/>
        <line num="24" count="4" type="stmt"/>
        <line num="29" count="4" type="stmt"/>
        <line num="36" count="4" type="stmt"/>
        <line num="43" count="4" type="stmt"/>
        <line num="44" count="0" type="stmt"/>
        <line num="50" count="0" type="stmt"/>
        <line num="57" count="4" type="stmt"/>
        <line num="58" count="4" type="stmt"/>
        <line num="59" count="4" type="stmt"/>
        <line num="60" count="4" type="stmt"/>
        <line num="64" count="4" type="stmt"/>
      </file>
      <file name="ModalDismissToastRaise.tsx" path="/Users/Spare/Documents/code/monetisation/animations/src/components/dialogs/modal-dismiss/ModalDismissToastRaise.tsx">
        <metrics statements="23" coveredstatements="23" conditionals="4" coveredconditionals="3" methods="6" coveredmethods="4"/>
        <line num="5" count="6" type="stmt"/>
        <line num="6" count="6" type="stmt"/>
        <line num="9" count="6" type="stmt"/>
        <line num="10" count="6" type="stmt"/>
        <line num="11" count="6" type="stmt"/>
        <line num="12" count="6" type="cond" truecount="3" falsecount="1"/>
        <line num="15" count="6" type="stmt"/>
        <line num="16" count="6" type="stmt"/>
        <line num="17" count="6" type="stmt"/>
        <line num="19" count="6" type="stmt"/>
        <line num="20" count="6" type="stmt"/>
        <line num="21" count="6" type="stmt"/>
        <line num="24" count="6" type="stmt"/>
        <line num="30" count="6" type="stmt"/>
        <line num="37" count="6" type="stmt"/>
        <line num="44" count="6" type="stmt"/>
        <line num="45" count="1" type="stmt"/>
        <line num="51" count="1" type="stmt"/>
        <line num="58" count="6" type="stmt"/>
        <line num="59" count="6" type="stmt"/>
        <line num="60" count="6" type="stmt"/>
        <line num="61" count="6" type="stmt"/>
        <line num="65" count="6" type="stmt"/>
      </file>
      <file name="ModalDismissToastSlideLeft.tsx" path="/Users/Spare/Documents/code/monetisation/animations/src/components/dialogs/modal-dismiss/ModalDismissToastSlideLeft.tsx">
        <metrics statements="23" coveredstatements="21" conditionals="4" coveredconditionals="3" methods="6" coveredmethods="3"/>
        <line num="5" count="4" type="stmt"/>
        <line num="6" count="4" type="stmt"/>
        <line num="8" count="4" type="stmt"/>
        <line num="9" count="4" type="stmt"/>
        <line num="10" count="4" type="stmt"/>
        <line num="11" count="4" type="cond" truecount="3" falsecount="1"/>
        <line num="14" count="4" type="stmt"/>
        <line num="15" count="4" type="stmt"/>
        <line num="16" count="4" type="stmt"/>
        <line num="18" count="4" type="stmt"/>
        <line num="19" count="4" type="stmt"/>
        <line num="20" count="4" type="stmt"/>
        <line num="23" count="4" type="stmt"/>
        <line num="29" count="4" type="stmt"/>
        <line num="36" count="4" type="stmt"/>
        <line num="43" count="4" type="stmt"/>
        <line num="44" count="0" type="stmt"/>
        <line num="50" count="0" type="stmt"/>
        <line num="57" count="4" type="stmt"/>
        <line num="58" count="4" type="stmt"/>
        <line num="59" count="4" type="stmt"/>
        <line num="60" count="4" type="stmt"/>
        <line num="64" count="4" type="stmt"/>
      </file>
      <file name="ModalDismissToastSlideRight.tsx" path="/Users/Spare/Documents/code/monetisation/animations/src/components/dialogs/modal-dismiss/ModalDismissToastSlideRight.tsx">
        <metrics statements="23" coveredstatements="21" conditionals="4" coveredconditionals="3" methods="6" coveredmethods="3"/>
        <line num="5" count="4" type="stmt"/>
        <line num="6" count="4" type="stmt"/>
        <line num="8" count="4" type="stmt"/>
        <line num="9" count="4" type="stmt"/>
        <line num="10" count="4" type="stmt"/>
        <line num="11" count="4" type="cond" truecount="3" falsecount="1"/>
        <line num="14" count="4" type="stmt"/>
        <line num="15" count="4" type="stmt"/>
        <line num="16" count="4" type="stmt"/>
        <line num="18" count="4" type="stmt"/>
        <line num="19" count="4" type="stmt"/>
        <line num="20" count="4" type="stmt"/>
        <line num="23" count="4" type="stmt"/>
        <line num="29" count="4" type="stmt"/>
        <line num="36" count="4" type="stmt"/>
        <line num="43" count="4" type="stmt"/>
        <line num="44" count="0" type="stmt"/>
        <line num="50" count="0" type="stmt"/>
        <line num="57" count="4" type="stmt"/>
        <line num="58" count="4" type="stmt"/>
        <line num="59" count="4" type="stmt"/>
        <line num="60" count="4" type="stmt"/>
        <line num="64" count="4" type="stmt"/>
      </file>
      <file name="index.ts" path="/Users/Spare/Documents/code/monetisation/animations/src/components/dialogs/modal-dismiss/index.ts">
        <metrics statements="1" coveredstatements="1" conditionals="0" coveredconditionals="0" methods="0" coveredmethods="0"/>
        <line num="19" count="7" type="stmt"/>
      </file>
    </package>
    <package name="src.components.dialogs.modal-orchestration">
      <metrics statements="87" coveredstatements="60" conditionals="18" coveredconditionals="15" methods="37" coveredmethods="25"/>
      <file name="ModalOrchestrationComparisonMorph.tsx" path="/Users/Spare/Documents/code/monetisation/animations/src/components/dialogs/modal-orchestration/ModalOrchestrationComparisonMorph.tsx">
        <metrics statements="5" coveredstatements="5" conditionals="6" coveredconditionals="6" methods="2" coveredmethods="2"/>
        <line num="5" count="4" type="stmt"/>
        <line num="7" count="4" type="stmt"/>
        <line num="17" count="4" type="stmt"/>
        <line num="34" count="4" type="stmt"/>
        <line num="43" count="8" type="stmt"/>
      </file>
      <file name="ModalOrchestrationFlipReveal.tsx" path="/Users/Spare/Documents/code/monetisation/animations/src/components/dialogs/modal-orchestration/ModalOrchestrationFlipReveal.tsx">
        <metrics statements="15" coveredstatements="8" conditionals="4" coveredconditionals="1" methods="6" coveredmethods="3"/>
        <line num="6" count="4" type="stmt"/>
        <line num="8" count="24" type="stmt"/>
        <line num="16" count="4" type="stmt"/>
        <line num="17" count="0" type="stmt"/>
        <line num="18" count="0" type="stmt"/>
        <line num="19" count="0" type="cond" truecount="0" falsecount="2"/>
        <line num="20" count="0" type="stmt"/>
        <line num="22" count="0" type="stmt"/>
        <line num="24" count="0" type="stmt"/>
        <line num="28" count="4" type="stmt"/>
        <line num="38" count="4" type="stmt"/>
        <line num="55" count="4" type="stmt"/>
        <line num="65" count="24" type="stmt"/>
        <line num="67" count="24" type="stmt"/>
        <line num="72" count="0" type="stmt"/>
      </file>
      <file name="ModalOrchestrationGridHighlight.tsx" path="/Users/Spare/Documents/code/monetisation/animations/src/components/dialogs/modal-orchestration/ModalOrchestrationGridHighlight.tsx">
        <metrics statements="5" coveredstatements="0" conditionals="0" coveredconditionals="0" methods="2" coveredmethods="0"/>
        <line num="5" count="0" type="stmt"/>
        <line num="7" count="0" type="stmt"/>
        <line num="17" count="0" type="stmt"/>
        <line num="34" count="0" type="stmt"/>
        <line num="44" count="0" type="stmt"/>
      </file>
      <file name="ModalOrchestrationMagneticHover.tsx" path="/Users/Spare/Documents/code/monetisation/animations/src/components/dialogs/modal-orchestration/ModalOrchestrationMagneticHover.tsx">
        <metrics statements="5" coveredstatements="5" conditionals="0" coveredconditionals="0" methods="3" coveredmethods="3"/>
        <line num="5" count="24" type="stmt"/>
        <line num="11" count="4" type="stmt"/>
        <line num="21" count="4" type="stmt"/>
        <line num="38" count="4" type="stmt"/>
        <line num="48" count="24" type="stmt"/>
      </file>
      <file name="ModalOrchestrationMultiStepProgressive.tsx" path="/Users/Spare/Documents/code/monetisation/animations/src/components/dialogs/modal-orchestration/ModalOrchestrationMultiStepProgressive.tsx">
        <metrics statements="7" coveredstatements="0" conditionals="0" coveredconditionals="0" methods="3" coveredmethods="0"/>
        <line num="5" count="0" type="stmt"/>
        <line num="7" count="0" type="stmt"/>
        <line num="17" count="0" type="stmt"/>
        <line num="32" count="0" type="stmt"/>
        <line num="47" count="0" type="stmt"/>
        <line num="57" count="0" type="stmt"/>
        <line num="65" count="0" type="stmt"/>
      </file>
      <file name="ModalOrchestrationSelectionGrid.tsx" path="/Users/Spare/Documents/code/monetisation/animations/src/components/dialogs/modal-orchestration/ModalOrchestrationSelectionGrid.tsx">
        <metrics statements="5" coveredstatements="5" conditionals="0" coveredconditionals="0" methods="2" coveredmethods="2"/>
        <line num="5" count="4" type="stmt"/>
        <line num="7" count="4" type="stmt"/>
        <line num="17" count="4" type="stmt"/>
        <line num="32" count="4" type="stmt"/>
        <line num="41" count="24" type="stmt"/>
      </file>
      <file name="ModalOrchestrationSpringPhysics.tsx" path="/Users/Spare/Documents/code/monetisation/animations/src/components/dialogs/modal-orchestration/ModalOrchestrationSpringPhysics.tsx">
        <metrics statements="5" coveredstatements="5" conditionals="0" coveredconditionals="0" methods="3" coveredmethods="3"/>
        <line num="5" count="24" type="stmt"/>
        <line num="11" count="4" type="stmt"/>
        <line num="21" count="4" type="stmt"/>
        <line num="40" count="4" type="stmt"/>
        <line num="50" count="24" type="stmt"/>
      </file>
      <file name="ModalOrchestrationStaggerInview.tsx" path="/Users/Spare/Documents/code/monetisation/animations/src/components/dialogs/modal-orchestration/ModalOrchestrationStaggerInview.tsx">
        <metrics statements="7" coveredstatements="7" conditionals="2" coveredconditionals="2" methods="3" coveredmethods="3"/>
        <line num="6" count="6" type="stmt"/>
        <line num="7" count="6" type="stmt"/>
        <line num="9" count="6" type="stmt"/>
        <line num="19" count="6" type="stmt"/>
        <line num="36" count="72" type="stmt"/>
        <line num="42" count="6" type="stmt"/>
        <line num="55" count="72" type="stmt"/>
      </file>
      <file name="ModalOrchestrationTabMorph.tsx" path="/Users/Spare/Documents/code/monetisation/animations/src/components/dialogs/modal-orchestration/ModalOrchestrationTabMorph.tsx">
        <metrics statements="8" coveredstatements="7" conditionals="2" coveredconditionals="2" methods="3" coveredmethods="2"/>
        <line num="6" count="4" type="stmt"/>
        <line num="7" count="4" type="stmt"/>
        <line num="9" count="4" type="stmt"/>
        <line num="19" count="4" type="stmt"/>
        <line num="34" count="4" type="stmt"/>
        <line num="57" count="4" type="stmt"/>
        <line num="67" count="16" type="stmt"/>
        <line num="71" count="0" type="stmt"/>
      </file>
      <file name="ModalOrchestrationTabSlide.tsx" path="/Users/Spare/Documents/code/monetisation/animations/src/components/dialogs/modal-orchestration/ModalOrchestrationTabSlide.tsx">
        <metrics statements="7" coveredstatements="0" conditionals="0" coveredconditionals="0" methods="3" coveredmethods="0"/>
        <line num="5" count="0" type="stmt"/>
        <line num="7" count="0" type="stmt"/>
        <line num="17" count="0" type="stmt"/>
        <line num="32" count="0" type="stmt"/>
        <line num="49" count="0" type="stmt"/>
        <line num="59" count="0" type="stmt"/>
        <line num="67" count="0" type="stmt"/>
      </file>
      <file name="ModalOrchestrationWizardFadeCross.tsx" path="/Users/Spare/Documents/code/monetisation/animations/src/components/dialogs/modal-orchestration/ModalOrchestrationWizardFadeCross.tsx">
        <metrics statements="5" coveredstatements="5" conditionals="0" coveredconditionals="0" methods="2" coveredmethods="2"/>
        <line num="5" count="4" type="stmt"/>
        <line num="7" count="4" type="stmt"/>
        <line num="17" count="4" type="stmt"/>
        <line num="32" count="4" type="stmt"/>
        <line num="42" count="12" type="stmt"/>
      </file>
      <file name="ModalOrchestrationWizardScaleRotate.tsx" path="/Users/Spare/Documents/code/monetisation/animations/src/components/dialogs/modal-orchestration/ModalOrchestrationWizardScaleRotate.tsx">
        <metrics statements="7" coveredstatements="7" conditionals="4" coveredconditionals="4" methods="3" coveredmethods="3"/>
        <line num="5" count="4" type="stmt"/>
        <line num="7" count="4" type="stmt"/>
        <line num="17" count="4" type="stmt"/>
        <line num="32" count="4" type="stmt"/>
        <line num="49" count="4" type="stmt"/>
        <line num="59" count="12" type="stmt"/>
        <line num="71" count="12" type="stmt"/>
      </file>
      <file name="ModalOrchestrationWizardSlideStack.tsx" path="/Users/Spare/Documents/code/monetisation/animations/src/components/dialogs/modal-orchestration/ModalOrchestrationWizardSlideStack.tsx">
        <metrics statements="5" coveredstatements="5" conditionals="0" coveredconditionals="0" methods="2" coveredmethods="2"/>
        <line num="5" count="4" type="stmt"/>
        <line num="7" count="4" type="stmt"/>
        <line num="19" count="4" type="stmt"/>
        <line num="36" count="4" type="stmt"/>
        <line num="46" count="12" type="stmt"/>
      </file>
      <file name="index.ts" path="/Users/Spare/Documents/code/monetisation/animations/src/components/dialogs/modal-orchestration/index.ts">
        <metrics statements="1" coveredstatements="1" conditionals="0" coveredconditionals="0" methods="0" coveredmethods="0"/>
        <line num="25" count="7" type="stmt"/>
      </file>
    </package>
    <package name="src.components.progress.loading-states">
      <metrics statements="13" coveredstatements="13" conditionals="0" coveredconditionals="0" methods="11" coveredmethods="11"/>
      <file name="LoadingStatesDotsPortal.tsx" path="/Users/Spare/Documents/code/monetisation/animations/src/components/progress/loading-states/LoadingStatesDotsPortal.tsx">
        <metrics statements="1" coveredstatements="1" conditionals="0" coveredconditionals="0" methods="1" coveredmethods="1"/>
        <line num="4" count="4" type="stmt"/>
      </file>
      <file name="LoadingStatesDotsRise.tsx" path="/Users/Spare/Documents/code/monetisation/animations/src/components/progress/loading-states/LoadingStatesDotsRise.tsx">
        <metrics statements="1" coveredstatements="1" conditionals="0" coveredconditionals="0" methods="1" coveredmethods="1"/>
        <line num="4" count="4" type="stmt"/>
      </file>
      <file name="LoadingStatesRingMulti.tsx" path="/Users/Spare/Documents/code/monetisation/animations/src/components/progress/loading-states/LoadingStatesRingMulti.tsx">
        <metrics statements="1" coveredstatements="1" conditionals="0" coveredconditionals="0" methods="1" coveredmethods="1"/>
        <line num="4" count="4" type="stmt"/>
      </file>
      <file name="LoadingStatesRingProgress.tsx" path="/Users/Spare/Documents/code/monetisation/animations/src/components/progress/loading-states/LoadingStatesRingProgress.tsx">
        <metrics statements="2" coveredstatements="2" conditionals="0" coveredconditionals="0" methods="1" coveredmethods="1"/>
        <line num="4" count="4" type="stmt"/>
        <line num="6" count="4" type="stmt"/>
      </file>
      <file name="LoadingStatesSkeletonCard.tsx" path="/Users/Spare/Documents/code/monetisation/animations/src/components/progress/loading-states/LoadingStatesSkeletonCard.tsx">
        <metrics statements="1" coveredstatements="1" conditionals="0" coveredconditionals="0" methods="1" coveredmethods="1"/>
        <line num="4" count="4" type="stmt"/>
      </file>
      <file name="LoadingStatesSkeletonHorizontal.tsx" path="/Users/Spare/Documents/code/monetisation/animations/src/components/progress/loading-states/LoadingStatesSkeletonHorizontal.tsx">
        <metrics statements="1" coveredstatements="1" conditionals="0" coveredconditionals="0" methods="1" coveredmethods="1"/>
        <line num="4" count="4" type="stmt"/>
      </file>
      <file name="LoadingStatesSkeletonTile.tsx" path="/Users/Spare/Documents/code/monetisation/animations/src/components/progress/loading-states/LoadingStatesSkeletonTile.tsx">
        <metrics statements="1" coveredstatements="1" conditionals="0" coveredconditionals="0" methods="1" coveredmethods="1"/>
        <line num="4" count="4" type="stmt"/>
      </file>
      <file name="LoadingStatesSkeletonVertical.tsx" path="/Users/Spare/Documents/code/monetisation/animations/src/components/progress/loading-states/LoadingStatesSkeletonVertical.tsx">
        <metrics statements="1" coveredstatements="1" conditionals="0" coveredconditionals="0" methods="1" coveredmethods="1"/>
        <line num="4" count="4" type="stmt"/>
      </file>
      <file name="LoadingStatesSpinnerDualRing.tsx" path="/Users/Spare/Documents/code/monetisation/animations/src/components/progress/loading-states/LoadingStatesSpinnerDualRing.tsx">
        <metrics statements="1" coveredstatements="1" conditionals="0" coveredconditionals="0" methods="1" coveredmethods="1"/>
        <line num="4" count="4" type="stmt"/>
      </file>
      <file name="LoadingStatesSpinnerGalaxy.tsx" path="/Users/Spare/Documents/code/monetisation/animations/src/components/progress/loading-states/LoadingStatesSpinnerGalaxy.tsx">
        <metrics statements="1" coveredstatements="1" conditionals="0" coveredconditionals="0" methods="1" coveredmethods="1"/>
        <line num="4" count="4" type="stmt"/>
      </file>
      <file name="LoadingStatesSpinnerOrbital.tsx" path="/Users/Spare/Documents/code/monetisation/animations/src/components/progress/loading-states/LoadingStatesSpinnerOrbital.tsx">
        <metrics statements="1" coveredstatements="1" conditionals="0" coveredconditionals="0" methods="1" coveredmethods="1"/>
        <line num="4" count="4" type="stmt"/>
      </file>
      <file name="index.ts" path="/Users/Spare/Documents/code/monetisation/animations/src/components/progress/loading-states/index.ts">
        <metrics statements="1" coveredstatements="1" conditionals="0" coveredconditionals="0" methods="0" coveredmethods="0"/>
        <line num="27" count="7" type="stmt"/>
      </file>
    </package>
    <package name="src.components.progress.progress-bars">
      <metrics statements="670" coveredstatements="636" conditionals="182" coveredconditionals="142" methods="111" coveredmethods="99"/>
      <file name="ProgressBarsProgressBounce.tsx" path="/Users/Spare/Documents/code/monetisation/animations/src/components/progress/progress-bars/ProgressBarsProgressBounce.tsx">
        <metrics statements="71" coveredstatements="68" conditionals="9" coveredconditionals="7" methods="10" coveredmethods="6"/>
        <line num="5" count="4" type="stmt"/>
        <line num="7" count="4" type="stmt"/>
        <line num="8" count="4" type="stmt"/>
        <line num="9" count="4" type="cond" truecount="1" falsecount="1"/>
        <line num="11" count="4" type="stmt"/>
        <line num="12" count="4" type="stmt"/>
        <line num="13" count="4" type="stmt"/>
        <line num="14" count="4" type="cond" truecount="4" falsecount="1"/>
        <line num="17" count="4" type="stmt"/>
        <line num="18" count="4" type="stmt"/>
        <line num="21" count="4" type="stmt"/>
        <line num="22" count="4" type="stmt"/>
        <line num="23" count="4" type="stmt"/>
        <line num="26" count="4" type="stmt"/>
        <line num="27" count="4" type="stmt"/>
        <line num="28" count="4" type="stmt"/>
        <line num="29" count="4" type="stmt"/>
        <line num="30" count="4" type="stmt"/>
        <line num="31" count="4" type="stmt"/>
        <line num="34" count="4" type="stmt"/>
        <line num="35" count="4" type="stmt"/>
        <line num="36" count="12" type="stmt"/>
        <line num="37" count="12" type="stmt"/>
        <line num="38" count="12" type="stmt"/>
        <line num="39" count="12" type="stmt"/>
        <line num="40" count="12" type="stmt"/>
        <line num="41" count="12" type="stmt"/>
        <line num="42" count="12" type="stmt"/>
        <line num="43" count="12" type="stmt"/>
        <line num="44" count="12" type="stmt"/>
        <line num="45" count="12" type="stmt"/>
        <line num="46" count="12" type="stmt"/>
        <line num="47" count="12" type="stmt"/>
        <line num="48" count="12" type="stmt"/>
        <line num="52" count="4" type="stmt"/>
        <line num="53" count="4" type="stmt"/>
        <line num="54" count="4" type="stmt"/>
        <line num="55" count="4" type="stmt"/>
        <line num="56" count="4" type="stmt"/>
[...]
        <line num="96" count="24" type="stmt"/>
        <line num="98" count="24" type="stmt"/>
        <line num="127" count="24" type="stmt"/>
        <line num="130" count="4" type="stmt"/>
        <line num="131" count="104" type="stmt"/>
        <line num="135" count="4" type="stmt"/>
      </file>
      <file name="index.ts" path="/Users/Spare/Documents/code/monetisation/animations/src/components/rewards/modal-celebrations/index.ts">
        <metrics statements="1" coveredstatements="1" conditionals="0" coveredconditionals="0" methods="0" coveredmethods="0"/>
        <line num="35" count="7" type="stmt"/>
      </file>
    </package>
    <package name="src.components.rewards.reward-basic">
      <metrics statements="11" coveredstatements="11" conditionals="0" coveredconditionals="0" methods="10" coveredmethods="10"/>
      <file name="RewardBasicBadgeGlint.tsx" path="/Users/Spare/Documents/code/monetisation/animations/src/components/rewards/reward-basic/RewardBasicBadgeGlint.tsx">
        <metrics statements="1" coveredstatements="1" conditionals="0" coveredconditionals="0" methods="1" coveredmethods="1"/>
        <line num="4" count="2" type="stmt"/>
      </file>
      <file name="RewardBasicBadgeSweep.tsx" path="/Users/Spare/Documents/code/monetisation/animations/src/components/rewards/reward-basic/RewardBasicBadgeSweep.tsx">
        <metrics statements="1" coveredstatements="1" conditionals="0" coveredconditionals="0" methods="1" coveredmethods="1"/>
        <line num="4" count="2" type="stmt"/>
      </file>
      <file name="RewardBasicBounceEnergy.tsx" path="/Users/Spare/Documents/code/monetisation/animations/src/components/rewards/reward-basic/RewardBasicBounceEnergy.tsx">
        <metrics statements="1" coveredstatements="1" conditionals="0" coveredconditionals="0" methods="1" coveredmethods="1"/>
        <line num="4" count="2" type="stmt"/>
      </file>
      <file name="RewardBasicBounceSoft.tsx" path="/Users/Spare/Documents/code/monetisation/animations/src/components/rewards/reward-basic/RewardBasicBounceSoft.tsx">
        <metrics statements="1" coveredstatements="1" conditionals="0" coveredconditionals="0" methods="1" coveredmethods="1"/>
        <line num="4" count="2" type="stmt"/>
      </file>
      <file name="RewardBasicCoinSpinFast.tsx" path="/Users/Spare/Documents/code/monetisation/animations/src/components/rewards/reward-basic/RewardBasicCoinSpinFast.tsx">
        <metrics statements="1" coveredstatements="1" conditionals="0" coveredconditionals="0" methods="1" coveredmethods="1"/>
        <line num="4" count="2" type="stmt"/>
      </file>
      <file name="RewardBasicCoinSpinSoft.tsx" path="/Users/Spare/Documents/code/monetisation/animations/src/components/rewards/reward-basic/RewardBasicCoinSpinSoft.tsx">
        <metrics statements="1" coveredstatements="1" conditionals="0" coveredconditionals="0" methods="1" coveredmethods="1"/>
        <line num="4" count="2" type="stmt"/>
      </file>
      <file name="RewardBasicGlowOrbit.tsx" path="/Users/Spare/Documents/code/monetisation/animations/src/components/rewards/reward-basic/RewardBasicGlowOrbit.tsx">
        <metrics statements="1" coveredstatements="1" conditionals="0" coveredconditionals="0" methods="1" coveredmethods="1"/>
        <line num="4" count="2" type="stmt"/>
      </file>
      <file name="RewardBasicGlowPulse.tsx" path="/Users/Spare/Documents/code/monetisation/animations/src/components/rewards/reward-basic/RewardBasicGlowPulse.tsx">
        <metrics statements="1" coveredstatements="1" conditionals="0" coveredconditionals="0" methods="1" coveredmethods="1"/>
        <line num="4" count="2" type="stmt"/>
      </file>
      <file name="RewardBasicStarBurst.tsx" path="/Users/Spare/Documents/code/monetisation/animations/src/components/rewards/reward-basic/RewardBasicStarBurst.tsx">
        <metrics statements="1" coveredstatements="1" conditionals="0" coveredconditionals="0" methods="1" coveredmethods="1"/>
        <line num="4" count="2" type="stmt"/>
      </file>
      <file name="RewardBasicStarRadiate.tsx" path="/Users/Spare/Documents/code/monetisation/animations/src/components/rewards/reward-basic/RewardBasicStarRadiate.tsx">
        <metrics statements="1" coveredstatements="1" conditionals="0" coveredconditionals="0" methods="1" coveredmethods="1"/>
        <line num="4" count="2" type="stmt"/>
      </file>
      <file name="index.ts" path="/Users/Spare/Documents/code/monetisation/animations/src/components/rewards/reward-basic/index.ts">
        <metrics statements="1" coveredstatements="1" conditionals="0" coveredconditionals="0" methods="0" coveredmethods="0"/>
        <line num="25" count="7" type="stmt"/>
      </file>
    </package>
    <package name="src.components.ui">
      <metrics statements="112" coveredstatements="111" conditionals="52" coveredconditionals="44" methods="42" coveredmethods="40"/>
      <file name="AnimationCard.tsx" path="/Users/Spare/Documents/code/monetisation/animations/src/components/ui/AnimationCard.tsx">
        <metrics statements="25" coveredstatements="25" conditionals="22" coveredconditionals="20" methods="9" coveredmethods="9"/>
        <line num="27" count="899" type="stmt"/>
        <line num="28" count="899" type="stmt"/>
        <line num="29" count="899" type="stmt"/>
        <line num="30" count="899" type="stmt"/>
        <line num="31" count="899" type="stmt"/>
        <line num="33" count="899" type="stmt"/>
        <line num="34" count="727" type="cond" truecount="2" falsecount="0"/>
        <line num="36" count="33" type="stmt"/>
        <line num="37" count="33" type="stmt"/>
        <line num="40" count="694" type="stmt"/>
        <line num="41" count="694" type="stmt"/>
        <line num="43" count="669" type="cond" truecount="4" falsecount="0"/>
        <line num="44" count="364" type="stmt"/>
        <line num="45" count="364" type="stmt"/>
        <line num="47" count="364" type="stmt"/>
        <line num="56" count="694" type="cond" truecount="1" falsecount="1"/>
        <line num="57" count="694" type="stmt"/>
        <line num="60" count="694" type="stmt"/>
        <line num="61" count="694" type="cond" truecount="1" falsecount="1"/>
        <line num="65" count="899" type="stmt"/>
        <line num="66" count="133" type="stmt"/>
        <line num="67" count="133" type="stmt"/>
        <line num="70" count="899" type="stmt"/>
        <line num="83" count="1" type="stmt"/>
        <line num="108" count="663" type="stmt"/>
      </file>
      <file name="AppSidebar.tsx" path="/Users/Spare/Documents/code/monetisation/animations/src/components/ui/AppSidebar.tsx">
        <metrics statements="8" coveredstatements="8" conditionals="8" coveredconditionals="8" methods="6" coveredmethods="6"/>
        <line num="12" count="2" type="stmt"/>
        <line num="19" count="60" type="stmt"/>
        <line num="24" count="375" type="stmt"/>
        <line num="26" count="155" type="stmt"/>
        <line num="29" count="3" type="stmt"/>
        <line num="40" count="413" type="stmt"/>
        <line num="42" count="413" type="stmt"/>
        <line num="45" count="2" type="stmt"/>
      </file>
      <file name="CategorySection.tsx" path="/Users/Spare/Documents/code/monetisation/animations/src/components/ui/CategorySection.tsx">
        <metrics statements="4" coveredstatements="4" conditionals="2" coveredconditionals="2" methods="3" coveredmethods="3"/>
        <line num="10" count="2" type="stmt"/>
        <line num="11" count="2" type="stmt"/>
        <line num="15" count="2" type="stmt"/>
        <line num="28" count="2" type="stmt"/>
      </file>
      <file name="GroupSection.tsx" path="/Users/Spare/Documents/code/monetisation/animations/src/components/ui/GroupSection.tsx">
        <metrics statements="7" coveredstatements="7" conditionals="6" coveredconditionals="5" methods="3" coveredmethods="3"/>
        <line num="14" count="247" type="cond" truecount="2" falsecount="0"/>
        <line num="17" count="236" type="stmt"/>
        <line num="34" count="236" type="stmt"/>
        <line num="38" count="22" type="stmt"/>
        <line num="51" count="247" type="stmt"/>
        <line num="52" count="247" type="stmt"/>
        <line num="54" count="247" type="stmt"/>
      </file>
      <file name="accordion.tsx" path="/Users/Spare/Documents/code/monetisation/animations/src/components/ui/accordion.tsx">
        <metrics statements="10" coveredstatements="10" conditionals="0" coveredconditionals="0" methods="3" coveredmethods="3"/>
        <line num="7" count="1" type="stmt"/>
        <line num="9" count="1" type="stmt"/>
        <line num="13" count="1" type="stmt"/>
        <line num="15" count="1" type="stmt"/>
        <line num="17" count="1" type="stmt"/>
        <line num="21" count="1" type="stmt"/>
        <line num="35" count="1" type="stmt"/>
        <line num="37" count="1" type="stmt"/>
        <line num="41" count="1" type="stmt"/>
        <line num="49" count="1" type="stmt"/>
      </file>
      <file name="animation-card.tsx" path="/Users/Spare/Documents/code/monetisation/animations/src/components/ui/animation-card.tsx">
        <metrics statements="0" coveredstatements="0" conditionals="0" coveredconditionals="0" methods="0" coveredmethods="0"/>
      </file>
      <file name="button-variants.ts" path="/Users/Spare/Documents/code/monetisation/animations/src/components/ui/button-variants.ts">
        <metrics statements="1" coveredstatements="1" conditionals="0" coveredconditionals="0" methods="0" coveredmethods="0"/>
        <line num="3" count="15" type="stmt"/>
      </file>
      <file name="button.tsx" path="/Users/Spare/Documents/code/monetisation/animations/src/components/ui/button.tsx">
        <metrics statements="4" coveredstatements="4" conditionals="3" coveredconditionals="2" methods="1" coveredmethods="1"/>
        <line num="16" count="15" type="stmt"/>
        <line num="18" count="899" type="cond" truecount="1" falsecount="1"/>
        <line num="19" count="899" type="stmt"/>
        <line num="24" count="15" type="stmt"/>
      </file>
      <file name="card.tsx" path="/Users/Spare/Documents/code/monetisation/animations/src/components/ui/card.tsx">
        <metrics statements="18" coveredstatements="17" conditionals="0" coveredconditionals="0" methods="6" coveredmethods="5"/>
        <line num="5" count="15" type="stmt"/>
        <line num="7" count="899" type="stmt"/>
        <line num="14" count="15" type="stmt"/>
        <line num="16" count="15" type="stmt"/>
        <line num="18" count="899" type="stmt"/>
        <line num="21" count="15" type="stmt"/>
        <line num="23" count="15" type="stmt"/>
        <line num="25" count="899" type="stmt"/>
        <line num="32" count="15" type="stmt"/>
        <line num="34" count="15" type="stmt"/>
        <line num="36" count="0" type="stmt"/>
        <line num="39" count="15" type="stmt"/>
        <line num="41" count="15" type="stmt"/>
        <line num="43" count="899" type="stmt"/>
        <line num="46" count="15" type="stmt"/>
        <line num="48" count="15" type="stmt"/>
        <line num="50" count="899" type="stmt"/>
        <line num="53" count="15" type="stmt"/>
      </file>
      <file name="catalog.ts" path="/Users/Spare/Documents/code/monetisation/animations/src/components/ui/catalog.ts">
        <metrics statements="0" coveredstatements="0" conditionals="0" coveredconditionals="0" methods="0" coveredmethods="0"/>
      </file>
      <file name="sidebar.tsx" path="/Users/Spare/Documents/code/monetisation/animations/src/components/ui/sidebar.tsx">
        <metrics statements="35" coveredstatements="35" conditionals="11" coveredconditionals="7" methods="11" coveredmethods="10"/>
        <line num="6" count="1" type="stmt"/>
        <line num="23" count="1" type="stmt"/>
        <line num="34" count="1" type="stmt"/>
        <line num="36" count="1" type="stmt"/>
        <line num="38" count="1" type="stmt"/>
        <line num="50" count="1" type="stmt"/>
        <line num="52" count="1" type="stmt"/>
        <line num="54" count="1" type="stmt"/>
        <line num="57" count="1" type="stmt"/>
        <line num="59" count="1" type="stmt"/>
        <line num="61" count="1" type="stmt"/>
        <line num="64" count="1" type="stmt"/>
        <line num="66" count="1" type="stmt"/>
        <line num="68" count="1" type="stmt"/>
        <line num="71" count="1" type="stmt"/>
        <line num="73" count="1" type="stmt"/>
        <line num="75" count="1" type="stmt"/>
        <line num="78" count="1" type="stmt"/>
        <line num="80" count="1" type="stmt"/>
        <line num="82" count="1" type="stmt"/>
        <line num="89" count="1" type="stmt"/>
        <line num="91" count="1" type="stmt"/>
        <line num="93" count="1" type="stmt"/>
        <line num="96" count="1" type="stmt"/>
        <line num="103" count="1" type="stmt"/>
        <line num="105" count="1" type="cond" truecount="1" falsecount="1"/>
        <line num="106" count="1" type="stmt"/>
        <line num="121" count="1" type="stmt"/>
        <line num="123" count="1" type="stmt"/>
        <line num="125" count="1" type="stmt"/>
        <line num="128" count="1" type="stmt"/>
        <line num="130" count="1" type="stmt"/>
        <line num="132" count="1" type="cond" truecount="1" falsecount="1"/>
        <line num="133" count="1" type="stmt"/>
        <line num="148" count="1" type="stmt"/>
      </file>
    </package>
    <package name="src.hooks">
      <metrics statements="19" coveredstatements="18" conditionals="4" coveredconditionals="1" methods="4" coveredmethods="4"/>
      <file name="useAnimations.ts" path="/Users/Spare/Documents/code/monetisation/animations/src/hooks/useAnimations.ts">
        <metrics statements="19" coveredstatements="18" conditionals="4" coveredconditionals="1" methods="4" coveredmethods="4"/>
        <line num="6" count="33" type="stmt"/>
        <line num="7" count="33" type="stmt"/>
        <line num="12" count="33" type="stmt"/>
        <line num="13" count="8" type="stmt"/>
        <line num="14" count="8" type="stmt"/>
        <line num="15" count="8" type="stmt"/>
        <line num="16" count="7" type="stmt"/>
        <line num="17" count="7" type="stmt"/>
        <line num="19" count="1" type="stmt"/>
        <line num="26" count="33" type="stmt"/>
        <line num="27" count="8" type="stmt"/>
        <line num="30" count="33" type="stmt"/>
        <line num="31" count="1" type="stmt"/>
        <line num="32" count="1" type="stmt"/>
        <line num="33" count="1" type="stmt"/>
        <line num="34" count="1" type="stmt"/>
        <line num="35" count="1" type="stmt"/>
        <line num="37" count="0" type="stmt"/>
        <line num="44" count="33" type="stmt"/>
      </file>
    </package>
    <package name="src.lib">
      <metrics statements="20" coveredstatements="20" conditionals="13" coveredconditionals="10" methods="4" coveredmethods="4"/>
      <file name="preload-manifest.ts" path="/Users/Spare/Documents/code/monetisation/animations/src/lib/preload-manifest.ts">
        <metrics statements="1" coveredstatements="1" conditionals="0" coveredconditionals="0" methods="0" coveredmethods="0"/>
        <line num="8" count="1" type="stmt"/>
      </file>
      <file name="preload.ts" path="/Users/Spare/Documents/code/monetisation/animations/src/lib/preload.ts">
        <metrics statements="18" coveredstatements="18" conditionals="13" coveredconditionals="10" methods="3" coveredmethods="3"/>
        <line num="7" count="3" type="cond" truecount="1" falsecount="1"/>
        <line num="9" count="3" type="cond" truecount="2" falsecount="0"/>
        <line num="10" count="3" type="cond" truecount="1" falsecount="1"/>
        <line num="12" count="3" type="stmt"/>
        <line num="14" count="2" type="cond" truecount="1" falsecount="1"/>
        <line num="19" count="3" type="stmt"/>
        <line num="21" count="3" type="stmt"/>
        <line num="22" count="5" type="cond" truecount="5" falsecount="0"/>
        <line num="24" count="3" type="stmt"/>
        <line num="25" count="3" type="stmt"/>
        <line num="26" count="3" type="stmt"/>
        <line num="27" count="3" type="stmt"/>
        <line num="30" count="3" type="stmt"/>
        <line num="32" count="3" type="stmt"/>
        <line num="35" count="3" type="stmt"/>
        <line num="39" count="3" type="stmt"/>
        <line num="40" count="3" type="stmt"/>
        <line num="41" count="3" type="stmt"/>
      </file>
      <file name="utils.ts" path="/Users/Spare/Documents/code/monetisation/animations/src/lib/utils.ts">
        <metrics statements="1" coveredstatements="1" conditionals="0" coveredconditionals="0" methods="1" coveredmethods="1"/>
        <line num="5" count="5407" type="stmt"/>
      </file>
    </package>
    <package name="src.services">
      <metrics statements="35" coveredstatements="35" conditionals="12" coveredconditionals="8" methods="17" coveredmethods="17"/>
      <file name="animationData.ts" path="/Users/Spare/Documents/code/monetisation/animations/src/services/animationData.ts">
        <metrics statements="35" coveredstatements="35" conditionals="12" coveredconditionals="8" methods="17" coveredmethods="17"/>
        <line num="11" count="4" type="stmt"/>
        <line num="13" count="11" type="stmt"/>
        <line num="15" count="793" type="stmt"/>
        <line num="17" count="4" type="stmt"/>
        <line num="18" count="30" type="cond" truecount="1" falsecount="1"/>
        <line num="20" count="30" type="stmt"/>
        <line num="21" count="84" type="stmt"/>
        <line num="22" count="11102" type="cond" truecount="2" falsecount="0"/>
        <line num="25" count="84" type="stmt"/>
        <line num="32" count="4" type="stmt"/>
        <line num="36" count="6" type="stmt"/>
        <line num="41" count="30" type="stmt"/>
        <line num="49" count="4" type="stmt"/>
        <line num="50" count="4" type="stmt"/>
        <line num="53" count="11" type="cond" truecount="2" falsecount="0"/>
        <line num="54" count="4" type="stmt"/>
        <line num="57" count="11" type="stmt"/>
        <line num="61" count="9" type="stmt"/>
        <line num="62" count="9" type="stmt"/>
        <line num="66" count="2" type="stmt"/>
        <line num="67" count="2" type="stmt"/>
        <line num="68" count="2" type="stmt"/>
        <line num="72" count="1" type="stmt"/>
        <line num="77" count="1" type="stmt"/>
        <line num="79" count="1" type="cond" truecount="1" falsecount="1"/>
        <line num="80" count="1" type="stmt"/>
        <line num="81" count="1" type="stmt"/>
        <line num="83" count="1" type="cond" truecount="1" falsecount="1"/>
        <line num="84" count="1" type="stmt"/>
        <line num="88" count="1" type="stmt"/>
        <line num="92" count="2" type="stmt"/>
        <line num="93" count="2" type="stmt"/>
        <line num="94" count="2" type="stmt"/>
        <line num="96" count="2" type="cond" truecount="1" falsecount="1"/>
        <line num="100" count="4" type="stmt"/>
      </file>
    </package>
    <package name="src.test.utils">
      <metrics statements="6" coveredstatements="6" conditionals="9" coveredconditionals="9" methods="4" coveredmethods="4"/>
      <file name="animationTestUtils.tsx" path="/Users/Spare/Documents/code/monetisation/animations/src/test/utils/animationTestUtils.tsx">
        <metrics statements="6" coveredstatements="6" conditionals="9" coveredconditionals="9" methods="4" coveredmethods="4"/>
        <line num="13" count="16" type="cond" truecount="2" falsecount="0"/>
        <line num="14" count="16" type="stmt"/>
        <line num="29" count="2" type="stmt"/>
        <line num="30" count="2" type="stmt"/>
        <line num="35" count="6" type="cond" truecount="2" falsecount="0"/>
        <line num="36" count="6" type="stmt"/>
      </file>
    </package>
  </project>
</coverage>
