{"/Users/Spare/Documents/code/monetisation/animations/src/App.tsx": {"path":"/Users/Spare/Documents/code/monetisation/animations/src/App.tsx","statementMap":{"0":{"start":{"line":10,"column":43},"end":{"line":10,"column":58}},"1":{"start":{"line":11,"column":46},"end":{"line":11,"column":66}},"2":{"start":{"line":12,"column":36},"end":{"line":12,"column":55}},"3":{"start":{"line":13,"column":42},"end":{"line":13,"column":57}},"4":{"start":{"line":14,"column":23},"end":{"line":14,"column":40}},"5":{"start":{"line":17,"column":29},"end":{"line":17,"column":78}},"6":{"start":{"line":17,"column":62},"end":{"line":17,"column":77}},"7":{"start":{"line":20,"column":2},"end":{"line":24,"column":33}},"8":{"start":{"line":21,"column":4},"end":{"line":23,"column":5}},"9":{"start":{"line":22,"column":6},"end":{"line":22,"column":40}},"10":{"start":{"line":26,"column":31},"end":{"line":32,"column":3}},"11":{"start":{"line":28,"column":21},"end":{"line":28,"column":64}},"12":{"start":{"line":28,"column":44},"end":{"line":28,"column":63}},"13":{"start":{"line":29,"column":4},"end":{"line":31,"column":5}},"14":{"start":{"line":30,"column":6},"end":{"line":30,"column":46}},"15":{"start":{"line":34,"column":28},"end":{"line":42,"column":3}},"16":{"start":{"line":35,"column":4},"end":{"line":35,"column":42}},"17":{"start":{"line":35,"column":36},"end":{"line":35,"column":42}},"18":{"start":{"line":37,"column":25},"end":{"line":37,"column":76}},"19":{"start":{"line":37,"column":52},"end":{"line":37,"column":75}},"20":{"start":{"line":38,"column":21},"end":{"line":38,"column":65}},"21":{"start":{"line":38,"column":48},"end":{"line":38,"column":64}},"22":{"start":{"line":40,"column":4},"end":{"line":40,"column":50}},"23":{"start":{"line":41,"column":4},"end":{"line":41,"column":30}},"24":{"start":{"line":45,"column":2},"end":{"line":52,"column":20}},"25":{"start":{"line":46,"column":4},"end":{"line":46,"column":29}},"26":{"start":{"line":46,"column":23},"end":{"line":46,"column":29}},"27":{"start":{"line":47,"column":22},"end":{"line":49,"column":5}},"28":{"start":{"line":48,"column":6},"end":{"line":48,"column":52}},"29":{"start":{"line":48,"column":30},"end":{"line":48,"column":52}},"30":{"start":{"line":50,"column":4},"end":{"line":50,"column":49}},"31":{"start":{"line":51,"column":4},"end":{"line":51,"column":65}},"32":{"start":{"line":51,"column":17},"end":{"line":51,"column":65}},"33":{"start":{"line":55,"column":2},"end":{"line":63,"column":20}},"34":{"start":{"line":56,"column":4},"end":{"line":62,"column":5}},"35":{"start":{"line":57,"column":19},"end":{"line":57,"column":47}},"36":{"start":{"line":58,"column":6},"end":{"line":58,"column":45}},"37":{"start":{"line":59,"column":6},"end":{"line":61,"column":7}},"38":{"start":{"line":60,"column":8},"end":{"line":60,"column":43}},"39":{"start":{"line":66,"column":37},"end":{"line":69,"column":3}},"40":{"start":{"line":67,"column":4},"end":{"line":67,"column":36}},"41":{"start":{"line":68,"column":4},"end":{"line":68,"column":26}},"42":{"start":{"line":70,"column":34},"end":{"line":73,"column":3}},"43":{"start":{"line":71,"column":4},"end":{"line":71,"column":30}},"44":{"start":{"line":72,"column":4},"end":{"line":72,"column":26}},"45":{"start":{"line":76,"column":2},"end":{"line":107,"column":22}},"46":{"start":{"line":77,"column":4},"end":{"line":77,"column":31}},"47":{"start":{"line":77,"column":25},"end":{"line":77,"column":31}},"48":{"start":{"line":79,"column":15},"end":{"line":79,"column":16}},"49":{"start":{"line":80,"column":15},"end":{"line":80,"column":16}},"50":{"start":{"line":83,"column":4},"end":{"line":101,"column":6}},"51":{"start":{"line":84,"column":6},"end":{"line":100,"column":8}},"52":{"start":{"line":85,"column":25},"end":{"line":85,"column":50}},"53":{"start":{"line":86,"column":19},"end":{"line":86,"column":52}},"54":{"start":{"line":88,"column":8},"end":{"line":99,"column":9}},"55":{"start":{"line":90,"column":10},"end":{"line":96,"column":11}},"56":{"start":{"line":91,"column":12},"end":{"line":95,"column":13}},"57":{"start":{"line":92,"column":14},"end":{"line":92,"column":88}},"58":{"start":{"line":94,"column":14},"end":{"line":94,"column":33}},"59":{"start":{"line":97,"column":15},"end":{"line":99,"column":9}},"60":{"start":{"line":98,"column":10},"end":{"line":98,"column":55}},"61":{"start":{"line":103,"column":4},"end":{"line":106,"column":5}},"62":{"start":{"line":104,"column":6},"end":{"line":104,"column":42}},"63":{"start":{"line":104,"column":16},"end":{"line":104,"column":42}},"64":{"start":{"line":105,"column":6},"end":{"line":105,"column":42}},"65":{"start":{"line":105,"column":16},"end":{"line":105,"column":42}},"66":{"start":{"line":110,"column":2},"end":{"line":140,"column":22}},"67":{"start":{"line":111,"column":4},"end":{"line":111,"column":31}},"68":{"start":{"line":111,"column":25},"end":{"line":111,"column":31}},"69":{"start":{"line":112,"column":15},"end":{"line":112,"column":40}},"70":{"start":{"line":114,"column":26},"end":{"line":129,"column":5}},"71":{"start":{"line":115,"column":17},"end":{"line":115,"column":44}},"72":{"start":{"line":116,"column":6},"end":{"line":116,"column":21}},"73":{"start":{"line":116,"column":15},"end":{"line":116,"column":21}},"74":{"start":{"line":119,"column":6},"end":{"line":128,"column":7}},"75":{"start":{"line":120,"column":9},"end":{"line":120,"column":100}},"76":{"start":{"line":123,"column":8},"end":{"line":127,"column":9}},"77":{"start":{"line":124,"column":11},"end":{"line":124,"column":47}},"78":{"start":{"line":132,"column":16},"end":{"line":132,"column":52}},"79":{"start":{"line":134,"column":20},"end":{"line":134,"column":50}},"80":{"start":{"line":136,"column":4},"end":{"line":139,"column":5}},"81":{"start":{"line":137,"column":6},"end":{"line":137,"column":31}},"82":{"start":{"line":138,"column":6},"end":{"line":138,"column":27}},"83":{"start":{"line":142,"column":2},"end":{"line":157,"column":3}},"84":{"start":{"line":143,"column":4},"end":{"line":156,"column":5}},"85":{"start":{"line":149,"column":27},"end":{"line":149,"column":51}},"86":{"start":{"line":159,"column":23},"end":{"line":159,"column":69}},"87":{"start":{"line":159,"column":45},"end":{"line":159,"column":68}},"88":{"start":{"line":161,"column":19},"end":{"line":176,"column":3}},"89":{"start":{"line":162,"column":35},"end":{"line":165,"column":5}},"90":{"start":{"line":171,"column":34},"end":{"line":175,"column":5}},"91":{"start":{"line":178,"column":35},"end":{"line":178,"column":40}},"92":{"start":{"line":179,"column":21},"end":{"line":181,"column":3}},"93":{"start":{"line":180,"column":4},"end":{"line":180,"column":38}},"94":{"start":{"line":183,"column":26},"end":{"line":193,"column":3}},"95":{"start":{"line":184,"column":19},"end":{"line":184,"column":46}},"96":{"start":{"line":187,"column":30},"end":{"line":187,"column":56}},"97":{"start":{"line":189,"column":4},"end":{"line":192,"column":5}},"98":{"start":{"line":191,"column":6},"end":{"line":191,"column":43}},"99":{"start":{"line":195,"column":2},"end":{"line":338,"column":3}},"100":{"start":{"line":205,"column":25},"end":{"line":205,"column":46}},"101":{"start":{"line":268,"column":36},"end":{"line":268,"column":68}},"102":{"start":{"line":269,"column":43},"end":{"line":269,"column":94}},"103":{"start":{"line":269,"column":70},"end":{"line":269,"column":93}},"104":{"start":{"line":271,"column":22},"end":{"line":281,"column":23}},"105":{"start":{"line":273,"column":24},"end":{"line":275,"column":25}},"106":{"start":{"line":274,"column":26},"end":{"line":274,"column":75}},"107":{"start":{"line":276,"column":29},"end":{"line":281,"column":23}},"108":{"start":{"line":278,"column":24},"end":{"line":280,"column":25}},"109":{"start":{"line":279,"column":26},"end":{"line":279,"column":75}},"110":{"start":{"line":303,"column":59},"end":{"line":303,"column":81}},"111":{"start":{"line":310,"column":29},"end":{"line":310,"column":51}}},"fnMap":{"0":{"name":"App","decl":{"start":{"line":9,"column":9},"end":{"line":9,"column":12}},"loc":{"start":{"line":9,"column":15},"end":{"line":339,"column":1}},"line":9},"1":{"name":"(anonymous_1)","decl":{"start":{"line":17,"column":48},"end":{"line":17,"column":49}},"loc":{"start":{"line":17,"column":62},"end":{"line":17,"column":77}},"line":17},"2":{"name":"(anonymous_2)","decl":{"start":{"line":20,"column":12},"end":{"line":20,"column":13}},"loc":{"start":{"line":20,"column":18},"end":{"line":24,"column":3}},"line":20},"3":{"name":"(anonymous_3)","decl":{"start":{"line":26,"column":31},"end":{"line":26,"column":32}},"loc":{"start":{"line":26,"column":55},"end":{"line":32,"column":3}},"line":26},"4":{"name":"(anonymous_4)","decl":{"start":{"line":28,"column":37},"end":{"line":28,"column":38}},"loc":{"start":{"line":28,"column":44},"end":{"line":28,"column":63}},"line":28},"5":{"name":"(anonymous_5)","decl":{"start":{"line":34,"column":28},"end":{"line":34,"column":29}},"loc":{"start":{"line":34,"column":49},"end":{"line":42,"column":3}},"line":34},"6":{"name":"(anonymous_6)","decl":{"start":{"line":37,"column":45},"end":{"line":37,"column":46}},"loc":{"start":{"line":37,"column":52},"end":{"line":37,"column":75}},"line":37},"7":{"name":"(anonymous_7)","decl":{"start":{"line":38,"column":41},"end":{"line":38,"column":42}},"loc":{"start":{"line":38,"column":48},"end":{"line":38,"column":64}},"line":38},"8":{"name":"(anonymous_8)","decl":{"start":{"line":45,"column":12},"end":{"line":45,"column":13}},"loc":{"start":{"line":45,"column":18},"end":{"line":52,"column":3}},"line":45},"9":{"name":"(anonymous_9)","decl":{"start":{"line":47,"column":22},"end":{"line":47,"column":23}},"loc":{"start":{"line":47,"column":44},"end":{"line":49,"column":5}},"line":47},"10":{"name":"(anonymous_10)","decl":{"start":{"line":51,"column":11},"end":{"line":51,"column":12}},"loc":{"start":{"line":51,"column":17},"end":{"line":51,"column":65}},"line":51},"11":{"name":"(anonymous_11)","decl":{"start":{"line":55,"column":12},"end":{"line":55,"column":13}},"loc":{"start":{"line":55,"column":18},"end":{"line":63,"column":3}},"line":55},"12":{"name":"(anonymous_12)","decl":{"start":{"line":59,"column":13},"end":{"line":59,"column":14}},"loc":{"start":{"line":59,"column":19},"end":{"line":61,"column":7}},"line":59},"13":{"name":"(anonymous_13)","decl":{"start":{"line":66,"column":37},"end":{"line":66,"column":38}},"loc":{"start":{"line":66,"column":61},"end":{"line":69,"column":3}},"line":66},"14":{"name":"(anonymous_14)","decl":{"start":{"line":70,"column":34},"end":{"line":70,"column":35}},"loc":{"start":{"line":70,"column":55},"end":{"line":73,"column":3}},"line":70},"15":{"name":"(anonymous_15)","decl":{"start":{"line":76,"column":12},"end":{"line":76,"column":13}},"loc":{"start":{"line":76,"column":18},"end":{"line":107,"column":3}},"line":76},"16":{"name":"(anonymous_16)","decl":{"start":{"line":83,"column":33},"end":{"line":83,"column":34}},"loc":{"start":{"line":83,"column":39},"end":{"line":101,"column":5}},"line":83},"17":{"name":"(anonymous_17)","decl":{"start":{"line":84,"column":35},"end":{"line":84,"column":36}},"loc":{"start":{"line":84,"column":41},"end":{"line":100,"column":7}},"line":84},"18":{"name":"(anonymous_18)","decl":{"start":{"line":103,"column":11},"end":{"line":103,"column":12}},"loc":{"start":{"line":103,"column":17},"end":{"line":106,"column":5}},"line":103},"19":{"name":"(anonymous_19)","decl":{"start":{"line":110,"column":12},"end":{"line":110,"column":13}},"loc":{"start":{"line":110,"column":18},"end":{"line":140,"column":3}},"line":110},"20":{"name":"(anonymous_20)","decl":{"start":{"line":114,"column":26},"end":{"line":114,"column":27}},"loc":{"start":{"line":114,"column":32},"end":{"line":129,"column":5}},"line":114},"21":{"name":"(anonymous_21)","decl":{"start":{"line":136,"column":11},"end":{"line":136,"column":12}},"loc":{"start":{"line":136,"column":17},"end":{"line":139,"column":5}},"line":136},"22":{"name":"(anonymous_22)","decl":{"start":{"line":149,"column":21},"end":{"line":149,"column":22}},"loc":{"start":{"line":149,"column":27},"end":{"line":149,"column":51}},"line":149},"23":{"name":"(anonymous_23)","decl":{"start":{"line":159,"column":38},"end":{"line":159,"column":39}},"loc":{"start":{"line":159,"column":45},"end":{"line":159,"column":68}},"line":159},"24":{"name":"(anonymous_24)","decl":{"start":{"line":162,"column":11},"end":{"line":162,"column":12}},"loc":{"start":{"line":162,"column":35},"end":{"line":165,"column":5}},"line":162},"25":{"name":"(anonymous_25)","decl":{"start":{"line":171,"column":10},"end":{"line":171,"column":11}},"loc":{"start":{"line":171,"column":34},"end":{"line":175,"column":5}},"line":171},"26":{"name":"(anonymous_26)","decl":{"start":{"line":179,"column":21},"end":{"line":179,"column":22}},"loc":{"start":{"line":179,"column":59},"end":{"line":181,"column":3}},"line":179},"27":{"name":"(anonymous_27)","decl":{"start":{"line":183,"column":26},"end":{"line":183,"column":27}},"loc":{"start":{"line":183,"column":73},"end":{"line":193,"column":3}},"line":183},"28":{"name":"(anonymous_28)","decl":{"start":{"line":205,"column":19},"end":{"line":205,"column":20}},"loc":{"start":{"line":205,"column":25},"end":{"line":205,"column":46}},"line":205},"29":{"name":"(anonymous_29)","decl":{"start":{"line":267,"column":31},"end":{"line":267,"column":32}},"loc":{"start":{"line":267,"column":60},"end":{"line":282,"column":21}},"line":267},"30":{"name":"(anonymous_30)","decl":{"start":{"line":269,"column":63},"end":{"line":269,"column":64}},"loc":{"start":{"line":269,"column":70},"end":{"line":269,"column":93}},"line":269},"31":{"name":"(anonymous_31)","decl":{"start":{"line":303,"column":53},"end":{"line":303,"column":54}},"loc":{"start":{"line":303,"column":59},"end":{"line":303,"column":81}},"line":303},"32":{"name":"(anonymous_32)","decl":{"start":{"line":310,"column":23},"end":{"line":310,"column":24}},"loc":{"start":{"line":310,"column":29},"end":{"line":310,"column":51}},"line":310}},"branchMap":{"0":{"loc":{"start":{"line":21,"column":4},"end":{"line":23,"column":5}},"type":"if","locations":[{"start":{"line":21,"column":4},"end":{"line":23,"column":5}},{"start":{},"end":{}}],"line":21},"1":{"loc":{"start":{"line":21,"column":8},"end":{"line":21,"column":47}},"type":"binary-expr","locations":[{"start":{"line":21,"column":8},"end":{"line":21,"column":28}},{"start":{"line":21,"column":32},"end":{"line":21,"column":47}}],"line":21},"2":{"loc":{"start":{"line":29,"column":4},"end":{"line":31,"column":5}},"type":"if","locations":[{"start":{"line":29,"column":4},"end":{"line":31,"column":5}},{"start":{},"end":{}}],"line":29},"3":{"loc":{"start":{"line":29,"column":8},"end":{"line":29,"column":46}},"type":"binary-expr","locations":[{"start":{"line":29,"column":8},"end":{"line":29,"column":16}},{"start":{"line":29,"column":20},"end":{"line":29,"column":46}}],"line":29},"4":{"loc":{"start":{"line":35,"column":4},"end":{"line":35,"column":42}},"type":"if","locations":[{"start":{"line":35,"column":4},"end":{"line":35,"column":42}},{"start":{},"end":{}}],"line":35},"5":{"loc":{"start":{"line":40,"column":17},"end":{"line":40,"column":49}},"type":"cond-expr","locations":[{"start":{"line":40,"column":43},"end":{"line":40,"column":44}},{"start":{"line":40,"column":47},"end":{"line":40,"column":49}}],"line":40},"6":{"loc":{"start":{"line":46,"column":4},"end":{"line":46,"column":29}},"type":"if","locations":[{"start":{"line":46,"column":4},"end":{"line":46,"column":29}},{"start":{},"end":{}}],"line":46},"7":{"loc":{"start":{"line":48,"column":6},"end":{"line":48,"column":52}},"type":"if","locations":[{"start":{"line":48,"column":6},"end":{"line":48,"column":52}},{"start":{},"end":{}}],"line":48},"8":{"loc":{"start":{"line":56,"column":4},"end":{"line":62,"column":5}},"type":"if","locations":[{"start":{"line":56,"column":4},"end":{"line":62,"column":5}},{"start":{},"end":{}}],"line":56},"9":{"loc":{"start":{"line":77,"column":4},"end":{"line":77,"column":31}},"type":"if","locations":[{"start":{"line":77,"column":4},"end":{"line":77,"column":31}},{"start":{},"end":{}}],"line":77},"10":{"loc":{"start":{"line":88,"column":8},"end":{"line":99,"column":9}},"type":"if","locations":[{"start":{"line":88,"column":8},"end":{"line":99,"column":9}},{"start":{"line":97,"column":15},"end":{"line":99,"column":9}}],"line":88},"11":{"loc":{"start":{"line":90,"column":10},"end":{"line":96,"column":11}},"type":"if","locations":[{"start":{"line":90,"column":10},"end":{"line":96,"column":11}},{"start":{},"end":{}}],"line":90},"12":{"loc":{"start":{"line":97,"column":15},"end":{"line":99,"column":9}},"type":"if","locations":[{"start":{"line":97,"column":15},"end":{"line":99,"column":9}},{"start":{},"end":{}}],"line":97},"13":{"loc":{"start":{"line":97,"column":19},"end":{"line":97,"column":89}},"type":"binary-expr","locations":[{"start":{"line":97,"column":19},"end":{"line":97,"column":48}},{"start":{"line":97,"column":52},"end":{"line":97,"column":89}}],"line":97},"14":{"loc":{"start":{"line":104,"column":6},"end":{"line":104,"column":42}},"type":"if","locations":[{"start":{"line":104,"column":6},"end":{"line":104,"column":42}},{"start":{},"end":{}}],"line":104},"15":{"loc":{"start":{"line":105,"column":6},"end":{"line":105,"column":42}},"type":"if","locations":[{"start":{"line":105,"column":6},"end":{"line":105,"column":42}},{"start":{},"end":{}}],"line":105},"16":{"loc":{"start":{"line":111,"column":4},"end":{"line":111,"column":31}},"type":"if","locations":[{"start":{"line":111,"column":4},"end":{"line":111,"column":31}},{"start":{},"end":{}}],"line":111},"17":{"loc":{"start":{"line":116,"column":6},"end":{"line":116,"column":21}},"type":"if","locations":[{"start":{"line":116,"column":6},"end":{"line":116,"column":21}},{"start":{},"end":{}}],"line":116},"18":{"loc":{"start":{"line":142,"column":2},"end":{"line":157,"column":3}},"type":"if","locations":[{"start":{"line":142,"column":2},"end":{"line":157,"column":3}},{"start":{},"end":{}}],"line":142},"19":{"loc":{"start":{"line":163,"column":9},"end":{"line":163,"column":37}},"type":"cond-expr","locations":[{"start":{"line":163,"column":25},"end":{"line":163,"column":29}},{"start":{"line":163,"column":32},"end":{"line":163,"column":37}}],"line":163},"20":{"loc":{"start":{"line":173,"column":9},"end":{"line":173,"column":37}},"type":"cond-expr","locations":[{"start":{"line":173,"column":25},"end":{"line":173,"column":29}},{"start":{"line":173,"column":32},"end":{"line":173,"column":37}}],"line":173},"21":{"loc":{"start":{"line":189,"column":4},"end":{"line":192,"column":5}},"type":"if","locations":[{"start":{"line":189,"column":4},"end":{"line":192,"column":5}},{"start":{},"end":{}}],"line":189},"22":{"loc":{"start":{"line":224,"column":9},"end":{"line":228,"column":9}},"type":"binary-expr","locations":[{"start":{"line":224,"column":9},"end":{"line":224,"column":21}},{"start":{"line":225,"column":10},"end":{"line":227,"column":17}}],"line":224},"23":{"loc":{"start":{"line":240,"column":11},"end":{"line":290,"column":11}},"type":"cond-expr","locations":[{"start":{"line":241,"column":12},"end":{"line":243,"column":18}},{"start":{"line":245,"column":12},"end":{"line":289,"column":15}}],"line":240},"24":{"loc":{"start":{"line":249,"column":17},"end":{"line":287,"column":17}},"type":"binary-expr","locations":[{"start":{"line":249,"column":17},"end":{"line":249,"column":29}},{"start":{"line":250,"column":18},"end":{"line":286,"column":31}}],"line":249},"25":{"loc":{"start":{"line":271,"column":22},"end":{"line":281,"column":23}},"type":"if","locations":[{"start":{"line":271,"column":22},"end":{"line":281,"column":23}},{"start":{"line":276,"column":29},"end":{"line":281,"column":23}}],"line":271},"26":{"loc":{"start":{"line":273,"column":24},"end":{"line":275,"column":25}},"type":"if","locations":[{"start":{"line":273,"column":24},"end":{"line":275,"column":25}},{"start":{},"end":{}}],"line":273},"27":{"loc":{"start":{"line":276,"column":29},"end":{"line":281,"column":23}},"type":"if","locations":[{"start":{"line":276,"column":29},"end":{"line":281,"column":23}},{"start":{},"end":{}}],"line":276},"28":{"loc":{"start":{"line":278,"column":24},"end":{"line":280,"column":25}},"type":"if","locations":[{"start":{"line":278,"column":24},"end":{"line":280,"column":25}},{"start":{},"end":{}}],"line":278},"29":{"loc":{"start":{"line":301,"column":32},"end":{"line":301,"column":61}},"type":"cond-expr","locations":[{"start":{"line":301,"column":47},"end":{"line":301,"column":56}},{"start":{"line":301,"column":59},"end":{"line":301,"column":61}}],"line":301}},"s":{"0":26,"1":26,"2":26,"3":26,"4":26,"5":26,"6":70,"7":26,"8":26,"9":6,"10":26,"11":2,"12":5,"13":2,"14":2,"15":26,"16":3,"17":1,"18":2,"19":2,"20":2,"21":12,"22":2,"23":2,"24":26,"25":6,"26":6,"27":0,"28":0,"29":0,"30":0,"31":0,"32":0,"33":26,"34":6,"35":0,"36":0,"37":0,"38":0,"39":26,"40":0,"41":0,"42":26,"43":0,"44":0,"45":26,"46":14,"47":6,"48":8,"49":8,"50":8,"51":4,"52":0,"53":0,"54":0,"55":0,"56":0,"57":0,"58":0,"59":0,"60":0,"61":8,"62":8,"63":8,"64":8,"65":4,"66":26,"67":14,"68":6,"69":8,"70":8,"71":4,"72":4,"73":2,"74":2,"75":2,"76":2,"77":2,"78":8,"79":8,"80":8,"81":8,"82":8,"83":26,"84":0,"85":0,"86":26,"87":102,"88":26,"89":6,"90":6,"91":26,"92":26,"93":0,"94":26,"95":0,"96":0,"97":0,"98":0,"99":26,"100":0,"101":0,"102":0,"103":0,"104":0,"105":0,"106":0,"107":0,"108":0,"109":0,"110":0,"111":0},"f":{"0":26,"1":70,"2":26,"3":2,"4":5,"5":3,"6":2,"7":12,"8":6,"9":0,"10":0,"11":6,"12":0,"13":0,"14":0,"15":14,"16":4,"17":0,"18":8,"19":14,"20":4,"21":8,"22":0,"23":102,"24":6,"25":6,"26":0,"27":0,"28":0,"29":0,"30":0,"31":0,"32":0},"b":{"0":[6,20],"1":[26,14],"2":[2,0],"3":[2,2],"4":[1,2],"5":[2,0],"6":[6,0],"7":[0,0],"8":[0,6],"9":[6,8],"10":[0,0],"11":[0,0],"12":[0,0],"13":[0,0],"14":[8,0],"15":[4,4],"16":[6,8],"17":[2,2],"18":[0,26],"19":[0,6],"20":[0,6],"21":[0,0],"22":[26,8],"23":[12,14],"24":[14,8],"25":[0,0],"26":[0,0],"27":[0,0],"28":[0,0],"29":[0,26]},"_coverageSchema":"1a1c01bbd47fc00a2c39e90264f33305004495a9","hash":"d8c87391a455943ad866d92228e7eac5e62ae685"}
,"/Users/Spare/Documents/code/monetisation/animations/src/components/animationRegistry.ts": {"path":"/Users/Spare/Documents/code/monetisation/animations/src/components/animationRegistry.ts","statementMap":{"0":{"start":{"line":19,"column":56},"end":{"line":35,"column":1}}},"fnMap":{},"branchMap":{},"s":{"0":5},"f":{},"b":{},"_coverageSchema":"1a1c01bbd47fc00a2c39e90264f33305004495a9","hash":"55bd853a1bd4e2d970f05383e0015edebc80e937"}
,"/Users/Spare/Documents/code/monetisation/animations/src/components/base/button-effects/ButtonEffectsJitter.tsx": {"path":"/Users/Spare/Documents/code/monetisation/animations/src/components/base/button-effects/ButtonEffectsJitter.tsx","statementMap":{"0":{"start":{"line":5,"column":2},"end":{"line":9,"column":3}}},"fnMap":{"0":{"name":"ButtonEffectsJitter","decl":{"start":{"line":4,"column":16},"end":{"line":4,"column":35}},"loc":{"start":{"line":4,"column":38},"end":{"line":10,"column":1}},"line":4}},"branchMap":{},"s":{"0":3},"f":{"0":3},"b":{},"_coverageSchema":"1a1c01bbd47fc00a2c39e90264f33305004495a9","hash":"515d97b88f62de4bbf4d5336cbc0aec710a7b224"}
,"/Users/Spare/Documents/code/monetisation/animations/src/components/base/button-effects/ButtonEffectsLiquidMorph.tsx": {"path":"/Users/Spare/Documents/code/monetisation/animations/src/components/base/button-effects/ButtonEffectsLiquidMorph.tsx","statementMap":{"0":{"start":{"line":6,"column":40},"end":{"line":6,"column":55}},"1":{"start":{"line":8,"column":22},"end":{"line":11,"column":3}},"2":{"start":{"line":9,"column":4},"end":{"line":9,"column":24}},"3":{"start":{"line":10,"column":4},"end":{"line":10,"column":48}},"4":{"start":{"line":10,"column":21},"end":{"line":10,"column":42}},"5":{"start":{"line":13,"column":2},"end":{"line":22,"column":3}}},"fnMap":{"0":{"name":"ButtonEffectsLiquidMorph","decl":{"start":{"line":5,"column":16},"end":{"line":5,"column":40}},"loc":{"start":{"line":5,"column":43},"end":{"line":23,"column":1}},"line":5},"1":{"name":"(anonymous_1)","decl":{"start":{"line":8,"column":22},"end":{"line":8,"column":23}},"loc":{"start":{"line":8,"column":28},"end":{"line":11,"column":3}},"line":8},"2":{"name":"(anonymous_2)","decl":{"start":{"line":10,"column":15},"end":{"line":10,"column":16}},"loc":{"start":{"line":10,"column":21},"end":{"line":10,"column":42}},"line":10}},"branchMap":{"0":{"loc":{"start":{"line":16,"column":66},"end":{"line":16,"column":106}},"type":"cond-expr","locations":[{"start":{"line":16,"column":80},"end":{"line":16,"column":101}},{"start":{"line":16,"column":104},"end":{"line":16,"column":106}}],"line":16}},"s":{"0":2,"1":2,"2":0,"3":0,"4":0,"5":2},"f":{"0":2,"1":0,"2":0},"b":{"0":[0,2]},"_coverageSchema":"1a1c01bbd47fc00a2c39e90264f33305004495a9","hash":"ca01d3526721aa4b5785c353014228b394cd52f4"}
,"/Users/Spare/Documents/code/monetisation/animations/src/components/base/button-effects/ButtonEffectsRipple.tsx": {"path":"/Users/Spare/Documents/code/monetisation/animations/src/components/base/button-effects/ButtonEffectsRipple.tsx","statementMap":{"0":{"start":{"line":13,"column":17},"end":{"line":13,"column":48}},"1":{"start":{"line":14,"column":32},"end":{"line":14,"column":54}},"2":{"start":{"line":15,"column":17},"end":{"line":15,"column":26}},"3":{"start":{"line":17,"column":66},"end":{"line":33,"column":3}},"4":{"start":{"line":18,"column":17},"end":{"line":18,"column":56}},"5":{"start":{"line":19,"column":4},"end":{"line":19,"column":21}},"6":{"start":{"line":19,"column":15},"end":{"line":19,"column":21}},"7":{"start":{"line":20,"column":14},"end":{"line":20,"column":35}},"8":{"start":{"line":21,"column":14},"end":{"line":21,"column":34}},"9":{"start":{"line":23,"column":15},"end":{"line":23,"column":42}},"10":{"start":{"line":24,"column":15},"end":{"line":24,"column":43}},"11":{"start":{"line":25,"column":19},"end":{"line":25,"column":47}},"12":{"start":{"line":26,"column":17},"end":{"line":26,"column":27}},"13":{"start":{"line":27,"column":15},"end":{"line":27,"column":31}},"14":{"start":{"line":28,"column":4},"end":{"line":28,"column":55}},"15":{"start":{"line":28,"column":25},"end":{"line":28,"column":54}},"16":{"start":{"line":30,"column":4},"end":{"line":32,"column":11}},"17":{"start":{"line":31,"column":6},"end":{"line":31,"column":59}},"18":{"start":{"line":31,"column":27},"end":{"line":31,"column":58}},"19":{"start":{"line":31,"column":46},"end":{"line":31,"column":57}},"20":{"start":{"line":35,"column":2},"end":{"line":53,"column":3}},"21":{"start":{"line":41,"column":25},"end":{"line":41,"column":35}},"22":{"start":{"line":42,"column":12},"end":{"line":48,"column":13}}},"fnMap":{"0":{"name":"ButtonEffectsRipple","decl":{"start":{"line":12,"column":16},"end":{"line":12,"column":35}},"loc":{"start":{"line":12,"column":38},"end":{"line":54,"column":1}},"line":12},"1":{"name":"(anonymous_1)","decl":{"start":{"line":17,"column":66},"end":{"line":17,"column":67}},"loc":{"start":{"line":17,"column":73},"end":{"line":33,"column":3}},"line":17},"2":{"name":"(anonymous_2)","decl":{"start":{"line":28,"column":15},"end":{"line":28,"column":16}},"loc":{"start":{"line":28,"column":25},"end":{"line":28,"column":54}},"line":28},"3":{"name":"(anonymous_3)","decl":{"start":{"line":30,"column":15},"end":{"line":30,"column":16}},"loc":{"start":{"line":30,"column":21},"end":{"line":32,"column":5}},"line":30},"4":{"name":"(anonymous_4)","decl":{"start":{"line":31,"column":17},"end":{"line":31,"column":18}},"loc":{"start":{"line":31,"column":27},"end":{"line":31,"column":58}},"line":31},"5":{"name":"(anonymous_5)","decl":{"start":{"line":31,"column":39},"end":{"line":31,"column":40}},"loc":{"start":{"line":31,"column":46},"end":{"line":31,"column":57}},"line":31},"6":{"name":"(anonymous_6)","decl":{"start":{"line":40,"column":23},"end":{"line":40,"column":24}},"loc":{"start":{"line":40,"column":30},"end":{"line":49,"column":11}},"line":40}},"branchMap":{"0":{"loc":{"start":{"line":19,"column":4},"end":{"line":19,"column":21}},"type":"if","locations":[{"start":{"line":19,"column":4},"end":{"line":19,"column":21}},{"start":{},"end":{}}],"line":19}},"s":{"0":6,"1":6,"2":6,"3":6,"4":1,"5":1,"6":0,"7":1,"8":1,"9":1,"10":1,"11":1,"12":1,"13":1,"14":1,"15":1,"16":1,"17":1,"18":1,"19":1,"20":6,"21":1,"22":1},"f":{"0":6,"1":1,"2":1,"3":1,"4":1,"5":1,"6":1},"b":{"0":[0,1]},"_coverageSchema":"1a1c01bbd47fc00a2c39e90264f33305004495a9","hash":"1e17b6e829f7722857c2785db235bb17452c6fd5"}
,"/Users/Spare/Documents/code/monetisation/animations/src/components/base/button-effects/ButtonEffectsShockwave.tsx": {"path":"/Users/Spare/Documents/code/monetisation/animations/src/components/base/button-effects/ButtonEffectsShockwave.tsx","statementMap":{"0":{"start":{"line":12,"column":38},"end":{"line":12,"column":63}},"1":{"start":{"line":13,"column":17},"end":{"line":13,"column":48}},"2":{"start":{"line":14,"column":17},"end":{"line":14,"column":26}},"3":{"start":{"line":16,"column":22},"end":{"line":32,"column":3}},"4":{"start":{"line":17,"column":17},"end":{"line":17,"column":56}},"5":{"start":{"line":18,"column":4},"end":{"line":18,"column":21}},"6":{"start":{"line":18,"column":15},"end":{"line":18,"column":21}},"7":{"start":{"line":20,"column":14},"end":{"line":20,"column":35}},"8":{"start":{"line":21,"column":14},"end":{"line":21,"column":34}},"9":{"start":{"line":22,"column":15},"end":{"line":22,"column":31}},"10":{"start":{"line":25,"column":20},"end":{"line":25,"column":32}},"11":{"start":{"line":26,"column":4},"end":{"line":26,"column":47}},"12":{"start":{"line":26,"column":28},"end":{"line":26,"column":46}},"13":{"start":{"line":29,"column":4},"end":{"line":31,"column":12}},"14":{"start":{"line":30,"column":6},"end":{"line":30,"column":62}},"15":{"start":{"line":30,"column":30},"end":{"line":30,"column":61}},"16":{"start":{"line":30,"column":49},"end":{"line":30,"column":60}},"17":{"start":{"line":34,"column":2},"end":{"line":62,"column":3}},"18":{"start":{"line":44,"column":12},"end":{"line":57,"column":29}}},"fnMap":{"0":{"name":"ButtonEffectsShockwave","decl":{"start":{"line":11,"column":16},"end":{"line":11,"column":38}},"loc":{"start":{"line":11,"column":41},"end":{"line":63,"column":1}},"line":11},"1":{"name":"(anonymous_1)","decl":{"start":{"line":16,"column":22},"end":{"line":16,"column":23}},"loc":{"start":{"line":16,"column":66},"end":{"line":32,"column":3}},"line":16},"2":{"name":"(anonymous_2)","decl":{"start":{"line":26,"column":18},"end":{"line":26,"column":19}},"loc":{"start":{"line":26,"column":28},"end":{"line":26,"column":46}},"line":26},"3":{"name":"(anonymous_3)","decl":{"start":{"line":29,"column":15},"end":{"line":29,"column":16}},"loc":{"start":{"line":29,"column":21},"end":{"line":31,"column":5}},"line":29},"4":{"name":"(anonymous_4)","decl":{"start":{"line":30,"column":20},"end":{"line":30,"column":21}},"loc":{"start":{"line":30,"column":30},"end":{"line":30,"column":61}},"line":30},"5":{"name":"(anonymous_5)","decl":{"start":{"line":30,"column":42},"end":{"line":30,"column":43}},"loc":{"start":{"line":30,"column":49},"end":{"line":30,"column":60}},"line":30},"6":{"name":"(anonymous_6)","decl":{"start":{"line":43,"column":26},"end":{"line":43,"column":27}},"loc":{"start":{"line":44,"column":12},"end":{"line":57,"column":29}},"line":44}},"branchMap":{"0":{"loc":{"start":{"line":18,"column":4},"end":{"line":18,"column":21}},"type":"if","locations":[{"start":{"line":18,"column":4},"end":{"line":18,"column":21}},{"start":{},"end":{}}],"line":18}},"s":{"0":2,"1":2,"2":2,"3":2,"4":0,"5":0,"6":0,"7":0,"8":0,"9":0,"10":0,"11":0,"12":0,"13":0,"14":0,"15":0,"16":0,"17":2,"18":0},"f":{"0":2,"1":0,"2":0,"3":0,"4":0,"5":0,"6":0},"b":{"0":[0,0]},"_coverageSchema":"1a1c01bbd47fc00a2c39e90264f33305004495a9","hash":"01cbf882f39d36666548bdc12f3d9555900dba2d"}
,"/Users/Spare/Documents/code/monetisation/animations/src/components/base/button-effects/ButtonEffectsSplitReveal.tsx": {"path":"/Users/Spare/Documents/code/monetisation/animations/src/components/base/button-effects/ButtonEffectsSplitReveal.tsx","statementMap":{"0":{"start":{"line":6,"column":40},"end":{"line":6,"column":55}},"1":{"start":{"line":8,"column":22},"end":{"line":11,"column":3}},"2":{"start":{"line":9,"column":4},"end":{"line":9,"column":24}},"3":{"start":{"line":10,"column":4},"end":{"line":10,"column":48}},"4":{"start":{"line":10,"column":21},"end":{"line":10,"column":42}},"5":{"start":{"line":13,"column":2},"end":{"line":24,"column":3}}},"fnMap":{"0":{"name":"ButtonEffectsSplitReveal","decl":{"start":{"line":5,"column":16},"end":{"line":5,"column":40}},"loc":{"start":{"line":5,"column":43},"end":{"line":25,"column":1}},"line":5},"1":{"name":"(anonymous_1)","decl":{"start":{"line":8,"column":22},"end":{"line":8,"column":23}},"loc":{"start":{"line":8,"column":28},"end":{"line":11,"column":3}},"line":8},"2":{"name":"(anonymous_2)","decl":{"start":{"line":10,"column":15},"end":{"line":10,"column":16}},"loc":{"start":{"line":10,"column":21},"end":{"line":10,"column":42}},"line":10}},"branchMap":{"0":{"loc":{"start":{"line":16,"column":66},"end":{"line":16,"column":102}},"type":"cond-expr","locations":[{"start":{"line":16,"column":80},"end":{"line":16,"column":97}},{"start":{"line":16,"column":100},"end":{"line":16,"column":102}}],"line":16}},"s":{"0":2,"1":2,"2":0,"3":0,"4":0,"5":2},"f":{"0":2,"1":0,"2":0},"b":{"0":[0,2]},"_coverageSchema":"1a1c01bbd47fc00a2c39e90264f33305004495a9","hash":"676b3bc476ef07145c0d0b99a82289ebedaa9ec1"}
,"/Users/Spare/Documents/code/monetisation/animations/src/components/base/button-effects/index.ts": {"path":"/Users/Spare/Documents/code/monetisation/animations/src/components/base/button-effects/index.ts","statementMap":{"0":{"start":{"line":14,"column":66},"end":{"line":20,"column":1}}},"fnMap":{},"branchMap":{},"s":{"0":5},"f":{},"b":{},"_coverageSchema":"1a1c01bbd47fc00a2c39e90264f33305004495a9","hash":"584ff82213f655140de1a6499f9b5c94775b9a45"}
,"/Users/Spare/Documents/code/monetisation/animations/src/components/base/standard-effects/StandardEffectsBlink.tsx": {"path":"/Users/Spare/Documents/code/monetisation/animations/src/components/base/standard-effects/StandardEffectsBlink.tsx","statementMap":{"0":{"start":{"line":5,"column":2},"end":{"line":11,"column":3}}},"fnMap":{"0":{"name":"StandardEffectsBlink","decl":{"start":{"line":4,"column":16},"end":{"line":4,"column":36}},"loc":{"start":{"line":4,"column":39},"end":{"line":12,"column":1}},"line":4}},"branchMap":{},"s":{"0":3},"f":{"0":3},"b":{},"_coverageSchema":"1a1c01bbd47fc00a2c39e90264f33305004495a9","hash":"784bde4b0c22a13298a2e0e009a000aae77f0037"}
,"/Users/Spare/Documents/code/monetisation/animations/src/components/base/standard-effects/StandardEffectsBounce.tsx": {"path":"/Users/Spare/Documents/code/monetisation/animations/src/components/base/standard-effects/StandardEffectsBounce.tsx","statementMap":{"0":{"start":{"line":5,"column":2},"end":{"line":11,"column":3}}},"fnMap":{"0":{"name":"StandardEffectsBounce","decl":{"start":{"line":4,"column":16},"end":{"line":4,"column":37}},"loc":{"start":{"line":4,"column":40},"end":{"line":12,"column":1}},"line":4}},"branchMap":{},"s":{"0":3},"f":{"0":3},"b":{},"_coverageSchema":"1a1c01bbd47fc00a2c39e90264f33305004495a9","hash":"c755cf326785094defb43cf71a2f2338b9a97732"}
,"/Users/Spare/Documents/code/monetisation/animations/src/components/base/standard-effects/StandardEffectsFade.tsx": {"path":"/Users/Spare/Documents/code/monetisation/animations/src/components/base/standard-effects/StandardEffectsFade.tsx","statementMap":{"0":{"start":{"line":5,"column":2},"end":{"line":11,"column":3}}},"fnMap":{"0":{"name":"StandardEffectsFade","decl":{"start":{"line":4,"column":16},"end":{"line":4,"column":35}},"loc":{"start":{"line":4,"column":38},"end":{"line":12,"column":1}},"line":4}},"branchMap":{},"s":{"0":5},"f":{"0":5},"b":{},"_coverageSchema":"1a1c01bbd47fc00a2c39e90264f33305004495a9","hash":"195c0b13184d7460a5d181478e106f66fab623a5"}
,"/Users/Spare/Documents/code/monetisation/animations/src/components/base/standard-effects/StandardEffectsFlip.tsx": {"path":"/Users/Spare/Documents/code/monetisation/animations/src/components/base/standard-effects/StandardEffectsFlip.tsx","statementMap":{"0":{"start":{"line":5,"column":2},"end":{"line":11,"column":3}}},"fnMap":{"0":{"name":"StandardEffectsFlip","decl":{"start":{"line":4,"column":16},"end":{"line":4,"column":35}},"loc":{"start":{"line":4,"column":38},"end":{"line":12,"column":1}},"line":4}},"branchMap":{},"s":{"0":3},"f":{"0":3},"b":{},"_coverageSchema":"1a1c01bbd47fc00a2c39e90264f33305004495a9","hash":"5f9d76d0fb6e9f032f8239ee7f8431347352a278"}
,"/Users/Spare/Documents/code/monetisation/animations/src/components/base/standard-effects/StandardEffectsFloat.tsx": {"path":"/Users/Spare/Documents/code/monetisation/animations/src/components/base/standard-effects/StandardEffectsFloat.tsx","statementMap":{"0":{"start":{"line":5,"column":2},"end":{"line":11,"column":3}}},"fnMap":{"0":{"name":"StandardEffectsFloat","decl":{"start":{"line":4,"column":16},"end":{"line":4,"column":36}},"loc":{"start":{"line":4,"column":39},"end":{"line":12,"column":1}},"line":4}},"branchMap":{},"s":{"0":3},"f":{"0":3},"b":{},"_coverageSchema":"1a1c01bbd47fc00a2c39e90264f33305004495a9","hash":"9a5e729cb7b500438d403e10676d0c6dcb8b7da1"}
,"/Users/Spare/Documents/code/monetisation/animations/src/components/base/standard-effects/StandardEffectsHeartbeat.tsx": {"path":"/Users/Spare/Documents/code/monetisation/animations/src/components/base/standard-effects/StandardEffectsHeartbeat.tsx","statementMap":{"0":{"start":{"line":5,"column":2},"end":{"line":11,"column":3}}},"fnMap":{"0":{"name":"StandardEffectsHeartbeat","decl":{"start":{"line":4,"column":16},"end":{"line":4,"column":40}},"loc":{"start":{"line":4,"column":43},"end":{"line":12,"column":1}},"line":4}},"branchMap":{},"s":{"0":3},"f":{"0":3},"b":{},"_coverageSchema":"1a1c01bbd47fc00a2c39e90264f33305004495a9","hash":"9a39a8712e17647ee4a76159102033a7146c0da0"}
,"/Users/Spare/Documents/code/monetisation/animations/src/components/base/standard-effects/StandardEffectsJello.tsx": {"path":"/Users/Spare/Documents/code/monetisation/animations/src/components/base/standard-effects/StandardEffectsJello.tsx","statementMap":{"0":{"start":{"line":5,"column":2},"end":{"line":11,"column":3}}},"fnMap":{"0":{"name":"StandardEffectsJello","decl":{"start":{"line":4,"column":16},"end":{"line":4,"column":36}},"loc":{"start":{"line":4,"column":39},"end":{"line":12,"column":1}},"line":4}},"branchMap":{},"s":{"0":3},"f":{"0":3},"b":{},"_coverageSchema":"1a1c01bbd47fc00a2c39e90264f33305004495a9","hash":"50523bbe64e0879d343eb6133f110e042b632b50"}
,"/Users/Spare/Documents/code/monetisation/animations/src/components/base/standard-effects/StandardEffectsPop.tsx": {"path":"/Users/Spare/Documents/code/monetisation/animations/src/components/base/standard-effects/StandardEffectsPop.tsx","statementMap":{"0":{"start":{"line":5,"column":2},"end":{"line":11,"column":3}}},"fnMap":{"0":{"name":"StandardEffectsPop","decl":{"start":{"line":4,"column":16},"end":{"line":4,"column":34}},"loc":{"start":{"line":4,"column":37},"end":{"line":12,"column":1}},"line":4}},"branchMap":{},"s":{"0":3},"f":{"0":3},"b":{},"_coverageSchema":"1a1c01bbd47fc00a2c39e90264f33305004495a9","hash":"8f8b1341b12c2ec465bc973b044a8149a40a2197"}
,"/Users/Spare/Documents/code/monetisation/animations/src/components/base/standard-effects/StandardEffectsPulse.tsx": {"path":"/Users/Spare/Documents/code/monetisation/animations/src/components/base/standard-effects/StandardEffectsPulse.tsx","statementMap":{"0":{"start":{"line":5,"column":2},"end":{"line":11,"column":3}}},"fnMap":{"0":{"name":"StandardEffectsPulse","decl":{"start":{"line":4,"column":16},"end":{"line":4,"column":36}},"loc":{"start":{"line":4,"column":39},"end":{"line":12,"column":1}},"line":4}},"branchMap":{},"s":{"0":3},"f":{"0":3},"b":{},"_coverageSchema":"1a1c01bbd47fc00a2c39e90264f33305004495a9","hash":"a06a9093b9739a695b4df3e3dc888ad92836f93d"}
,"/Users/Spare/Documents/code/monetisation/animations/src/components/base/standard-effects/StandardEffectsRubberBand.tsx": {"path":"/Users/Spare/Documents/code/monetisation/animations/src/components/base/standard-effects/StandardEffectsRubberBand.tsx","statementMap":{"0":{"start":{"line":5,"column":2},"end":{"line":11,"column":3}}},"fnMap":{"0":{"name":"StandardEffectsRubberBand","decl":{"start":{"line":4,"column":16},"end":{"line":4,"column":41}},"loc":{"start":{"line":4,"column":44},"end":{"line":12,"column":1}},"line":4}},"branchMap":{},"s":{"0":3},"f":{"0":3},"b":{},"_coverageSchema":"1a1c01bbd47fc00a2c39e90264f33305004495a9","hash":"b94ac9925c26fca79a5f2986f6378fb7a5715523"}
,"/Users/Spare/Documents/code/monetisation/animations/src/components/base/standard-effects/StandardEffectsScale.tsx": {"path":"/Users/Spare/Documents/code/monetisation/animations/src/components/base/standard-effects/StandardEffectsScale.tsx","statementMap":{"0":{"start":{"line":5,"column":2},"end":{"line":11,"column":3}}},"fnMap":{"0":{"name":"StandardEffectsScale","decl":{"start":{"line":4,"column":16},"end":{"line":4,"column":36}},"loc":{"start":{"line":4,"column":39},"end":{"line":12,"column":1}},"line":4}},"branchMap":{},"s":{"0":5},"f":{"0":5},"b":{},"_coverageSchema":"1a1c01bbd47fc00a2c39e90264f33305004495a9","hash":"e429fa1f155232be65308219b2d2c83c050f78e2"}
,"/Users/Spare/Documents/code/monetisation/animations/src/components/base/standard-effects/StandardEffectsShake.tsx": {"path":"/Users/Spare/Documents/code/monetisation/animations/src/components/base/standard-effects/StandardEffectsShake.tsx","statementMap":{"0":{"start":{"line":5,"column":2},"end":{"line":11,"column":3}}},"fnMap":{"0":{"name":"StandardEffectsShake","decl":{"start":{"line":4,"column":16},"end":{"line":4,"column":36}},"loc":{"start":{"line":4,"column":39},"end":{"line":12,"column":1}},"line":4}},"branchMap":{},"s":{"0":3},"f":{"0":3},"b":{},"_coverageSchema":"1a1c01bbd47fc00a2c39e90264f33305004495a9","hash":"86cb33abf0215c1c65907448176a21ee39fc64f3"}
,"/Users/Spare/Documents/code/monetisation/animations/src/components/base/standard-effects/StandardEffectsSlide.tsx": {"path":"/Users/Spare/Documents/code/monetisation/animations/src/components/base/standard-effects/StandardEffectsSlide.tsx","statementMap":{"0":{"start":{"line":5,"column":2},"end":{"line":11,"column":3}}},"fnMap":{"0":{"name":"StandardEffectsSlide","decl":{"start":{"line":4,"column":16},"end":{"line":4,"column":36}},"loc":{"start":{"line":4,"column":39},"end":{"line":12,"column":1}},"line":4}},"branchMap":{},"s":{"0":3},"f":{"0":3},"b":{},"_coverageSchema":"1a1c01bbd47fc00a2c39e90264f33305004495a9","hash":"9659ffd7e023a8591a7792accad9689c632c5b61"}
,"/Users/Spare/Documents/code/monetisation/animations/src/components/base/standard-effects/StandardEffectsSpin.tsx": {"path":"/Users/Spare/Documents/code/monetisation/animations/src/components/base/standard-effects/StandardEffectsSpin.tsx","statementMap":{"0":{"start":{"line":5,"column":2},"end":{"line":11,"column":3}}},"fnMap":{"0":{"name":"StandardEffectsSpin","decl":{"start":{"line":4,"column":16},"end":{"line":4,"column":35}},"loc":{"start":{"line":4,"column":38},"end":{"line":12,"column":1}},"line":4}},"branchMap":{},"s":{"0":3},"f":{"0":3},"b":{},"_coverageSchema":"1a1c01bbd47fc00a2c39e90264f33305004495a9","hash":"db5b507789fe324ee02c656e526c8c30bdb5bbba"}
,"/Users/Spare/Documents/code/monetisation/animations/src/components/base/standard-effects/StandardEffectsSqueeze.tsx": {"path":"/Users/Spare/Documents/code/monetisation/animations/src/components/base/standard-effects/StandardEffectsSqueeze.tsx","statementMap":{"0":{"start":{"line":5,"column":2},"end":{"line":11,"column":3}}},"fnMap":{"0":{"name":"StandardEffectsSqueeze","decl":{"start":{"line":4,"column":16},"end":{"line":4,"column":38}},"loc":{"start":{"line":4,"column":41},"end":{"line":12,"column":1}},"line":4}},"branchMap":{},"s":{"0":3},"f":{"0":3},"b":{},"_coverageSchema":"1a1c01bbd47fc00a2c39e90264f33305004495a9","hash":"bf79ccac0cabc34a8d6938f726a290c29bf55f6e"}
,"/Users/Spare/Documents/code/monetisation/animations/src/components/base/standard-effects/StandardEffectsSwing.tsx": {"path":"/Users/Spare/Documents/code/monetisation/animations/src/components/base/standard-effects/StandardEffectsSwing.tsx","statementMap":{"0":{"start":{"line":5,"column":2},"end":{"line":11,"column":3}}},"fnMap":{"0":{"name":"StandardEffectsSwing","decl":{"start":{"line":4,"column":16},"end":{"line":4,"column":36}},"loc":{"start":{"line":4,"column":39},"end":{"line":12,"column":1}},"line":4}},"branchMap":{},"s":{"0":3},"f":{"0":3},"b":{},"_coverageSchema":"1a1c01bbd47fc00a2c39e90264f33305004495a9","hash":"305a4f0116b85a1a703ed0a1c193be5925f5fe4a"}
,"/Users/Spare/Documents/code/monetisation/animations/src/components/base/standard-effects/StandardEffectsTada.tsx": {"path":"/Users/Spare/Documents/code/monetisation/animations/src/components/base/standard-effects/StandardEffectsTada.tsx","statementMap":{"0":{"start":{"line":5,"column":2},"end":{"line":11,"column":3}}},"fnMap":{"0":{"name":"StandardEffectsTada","decl":{"start":{"line":4,"column":16},"end":{"line":4,"column":35}},"loc":{"start":{"line":4,"column":38},"end":{"line":12,"column":1}},"line":4}},"branchMap":{},"s":{"0":3},"f":{"0":3},"b":{},"_coverageSchema":"1a1c01bbd47fc00a2c39e90264f33305004495a9","hash":"7fb0b1b3a39609553d72ede5366146b65ec74f7b"}
,"/Users/Spare/Documents/code/monetisation/animations/src/components/base/standard-effects/StandardEffectsWiggle.tsx": {"path":"/Users/Spare/Documents/code/monetisation/animations/src/components/base/standard-effects/StandardEffectsWiggle.tsx","statementMap":{"0":{"start":{"line":5,"column":2},"end":{"line":11,"column":3}}},"fnMap":{"0":{"name":"StandardEffectsWiggle","decl":{"start":{"line":4,"column":16},"end":{"line":4,"column":37}},"loc":{"start":{"line":4,"column":40},"end":{"line":12,"column":1}},"line":4}},"branchMap":{},"s":{"0":3},"f":{"0":3},"b":{},"_coverageSchema":"1a1c01bbd47fc00a2c39e90264f33305004495a9","hash":"af6f72ac899cafc2b0da0ed4c52ca5ba473fe89f"}
,"/Users/Spare/Documents/code/monetisation/animations/src/components/base/standard-effects/index.ts": {"path":"/Users/Spare/Documents/code/monetisation/animations/src/components/base/standard-effects/index.ts","statementMap":{"0":{"start":{"line":41,"column":68},"end":{"line":60,"column":1}}},"fnMap":{},"branchMap":{},"s":{"0":5},"f":{},"b":{},"_coverageSchema":"1a1c01bbd47fc00a2c39e90264f33305004495a9","hash":"19c2aec03530cbaa215103a2e67bc8b26bc8e422"}
,"/Users/Spare/Documents/code/monetisation/animations/src/components/base/text-effects/TextEffectsCharacterReveal.tsx": {"path":"/Users/Spare/Documents/code/monetisation/animations/src/components/base/text-effects/TextEffectsCharacterReveal.tsx","statementMap":{"0":{"start":{"line":5,"column":15},"end":{"line":5,"column":28}},"1":{"start":{"line":6,"column":19},"end":{"line":6,"column":29}},"2":{"start":{"line":8,"column":2},"end":{"line":99,"column":3}},"3":{"start":{"line":24,"column":12},"end":{"line":42,"column":26}},"4":{"start":{"line":54,"column":12},"end":{"line":74,"column":26}}},"fnMap":{"0":{"name":"TextEffectsCharacterReveal","decl":{"start":{"line":4,"column":16},"end":{"line":4,"column":42}},"loc":{"start":{"line":4,"column":45},"end":{"line":100,"column":1}},"line":4},"1":{"name":"(anonymous_1)","decl":{"start":{"line":23,"column":30},"end":{"line":23,"column":31}},"loc":{"start":{"line":24,"column":12},"end":{"line":42,"column":26}},"line":24},"2":{"name":"(anonymous_2)","decl":{"start":{"line":53,"column":30},"end":{"line":53,"column":31}},"loc":{"start":{"line":54,"column":12},"end":{"line":74,"column":26}},"line":54}},"branchMap":{},"s":{"0":7,"1":7,"2":7,"3":77,"4":77},"f":{"0":7,"1":77,"2":77},"b":{},"_coverageSchema":"1a1c01bbd47fc00a2c39e90264f33305004495a9","hash":"610e95c77d7b9d5f8772696aef0052441b43a675"}
,"/Users/Spare/Documents/code/monetisation/animations/src/components/base/text-effects/TextEffectsComboCounter.tsx": {"path":"/Users/Spare/Documents/code/monetisation/animations/src/components/base/text-effects/TextEffectsComboCounter.tsx","statementMap":{"0":{"start":{"line":6,"column":21},"end":{"line":6,"column":23}},"1":{"start":{"line":7,"column":20},"end":{"line":7,"column":27}},"2":{"start":{"line":10,"column":21},"end":{"line":15,"column":3}},"3":{"start":{"line":18,"column":16},"end":{"line":18,"column":33}},"4":{"start":{"line":19,"column":18},"end":{"line":19,"column":69}},"5":{"start":{"line":19,"column":50},"end":{"line":19,"column":68}},"6":{"start":{"line":22,"column":2},"end":{"line":29,"column":25}},"7":{"start":{"line":23,"column":21},"end":{"line":27,"column":6}},"8":{"start":{"line":28,"column":4},"end":{"line":28,"column":24}},"9":{"start":{"line":31,"column":2},"end":{"line":204,"column":3}},"10":{"start":{"line":91,"column":28},"end":{"line":91,"column":45}},"11":{"start":{"line":92,"column":31},"end":{"line":92,"column":42}},"12":{"start":{"line":93,"column":30},"end":{"line":93,"column":74}},"13":{"start":{"line":94,"column":30},"end":{"line":94,"column":74}},"14":{"start":{"line":98,"column":38},"end":{"line":98,"column":68}},"15":{"start":{"line":99,"column":36},"end":{"line":99,"column":57}},"16":{"start":{"line":101,"column":14},"end":{"line":126,"column":15}},"17":{"start":{"line":161,"column":12},"end":{"line":181,"column":26}}},"fnMap":{"0":{"name":"TextEffectsComboCounter","decl":{"start":{"line":5,"column":16},"end":{"line":5,"column":39}},"loc":{"start":{"line":5,"column":42},"end":{"line":205,"column":1}},"line":5},"1":{"name":"(anonymous_1)","decl":{"start":{"line":19,"column":38},"end":{"line":19,"column":39}},"loc":{"start":{"line":19,"column":50},"end":{"line":19,"column":68}},"line":19},"2":{"name":"(anonymous_2)","decl":{"start":{"line":22,"column":12},"end":{"line":22,"column":13}},"loc":{"start":{"line":22,"column":18},"end":{"line":29,"column":3}},"line":22},"3":{"name":"(anonymous_3)","decl":{"start":{"line":90,"column":28},"end":{"line":90,"column":29}},"loc":{"start":{"line":90,"column":46},"end":{"line":127,"column":13}},"line":90},"4":{"name":"(anonymous_4)","decl":{"start":{"line":160,"column":35},"end":{"line":160,"column":36}},"loc":{"start":{"line":161,"column":12},"end":{"line":181,"column":26}},"line":161}},"branchMap":{},"s":{"0":7,"1":7,"2":7,"3":7,"4":7,"5":14,"6":7,"7":7,"8":7,"9":7,"10":28,"11":28,"12":28,"13":28,"14":28,"15":28,"16":28,"17":35},"f":{"0":7,"1":14,"2":7,"3":28,"4":35},"b":{},"_coverageSchema":"1a1c01bbd47fc00a2c39e90264f33305004495a9","hash":"c2928bf55b577e55578ba138a224634272179b62"}
,"/Users/Spare/Documents/code/monetisation/animations/src/components/base/text-effects/TextEffectsCounterIncrement.tsx": {"path":"/Users/Spare/Documents/code/monetisation/animations/src/components/base/text-effects/TextEffectsCounterIncrement.tsx","statementMap":{"0":{"start":{"line":10,"column":50},"end":{"line":10,"column":65}},"1":{"start":{"line":11,"column":28},"end":{"line":11,"column":39}},"2":{"start":{"line":12,"column":34},"end":{"line":12,"column":66}},"3":{"start":{"line":13,"column":27},"end":{"line":13,"column":36}},"4":{"start":{"line":15,"column":2},"end":{"line":49,"column":8}},"5":{"start":{"line":16,"column":27},"end":{"line":37,"column":5}},"6":{"start":{"line":18,"column":6},"end":{"line":18,"column":31}},"7":{"start":{"line":21,"column":24},"end":{"line":21,"column":48}},"8":{"start":{"line":22,"column":6},"end":{"line":22,"column":57}},"9":{"start":{"line":23,"column":6},"end":{"line":23,"column":35}},"10":{"start":{"line":26,"column":6},"end":{"line":26,"column":28}},"11":{"start":{"line":26,"column":22},"end":{"line":26,"column":27}},"12":{"start":{"line":29,"column":6},"end":{"line":31,"column":13}},"13":{"start":{"line":30,"column":8},"end":{"line":30,"column":34}},"14":{"start":{"line":34,"column":6},"end":{"line":36,"column":13}},"15":{"start":{"line":35,"column":8},"end":{"line":35,"column":23}},"16":{"start":{"line":40,"column":4},"end":{"line":40,"column":20}},"17":{"start":{"line":43,"column":23},"end":{"line":43,"column":56}},"18":{"start":{"line":45,"column":4},"end":{"line":48,"column":5}},"19":{"start":{"line":46,"column":6},"end":{"line":46,"column":31}},"20":{"start":{"line":47,"column":6},"end":{"line":47,"column":21}},"21":{"start":{"line":51,"column":2},"end":{"line":71,"column":3}},"22":{"start":{"line":62,"column":10},"end":{"line":67,"column":17}}},"fnMap":{"0":{"name":"TextEffectsCounterIncrement","decl":{"start":{"line":9,"column":16},"end":{"line":9,"column":43}},"loc":{"start":{"line":9,"column":46},"end":{"line":72,"column":1}},"line":9},"1":{"name":"(anonymous_1)","decl":{"start":{"line":15,"column":12},"end":{"line":15,"column":13}},"loc":{"start":{"line":15,"column":18},"end":{"line":49,"column":3}},"line":15},"2":{"name":"(anonymous_2)","decl":{"start":{"line":16,"column":27},"end":{"line":16,"column":28}},"loc":{"start":{"line":16,"column":33},"end":{"line":37,"column":5}},"line":16},"3":{"name":"(anonymous_3)","decl":{"start":{"line":26,"column":15},"end":{"line":26,"column":16}},"loc":{"start":{"line":26,"column":22},"end":{"line":26,"column":27}},"line":26},"4":{"name":"(anonymous_4)","decl":{"start":{"line":29,"column":17},"end":{"line":29,"column":18}},"loc":{"start":{"line":29,"column":23},"end":{"line":31,"column":7}},"line":29},"5":{"name":"(anonymous_5)","decl":{"start":{"line":34,"column":17},"end":{"line":34,"column":18}},"loc":{"start":{"line":34,"column":23},"end":{"line":36,"column":7}},"line":34},"6":{"name":"(anonymous_6)","decl":{"start":{"line":45,"column":11},"end":{"line":45,"column":12}},"loc":{"start":{"line":45,"column":17},"end":{"line":48,"column":5}},"line":45},"7":{"name":"(anonymous_7)","decl":{"start":{"line":61,"column":22},"end":{"line":61,"column":23}},"loc":{"start":{"line":62,"column":10},"end":{"line":67,"column":17}},"line":62}},"branchMap":{"0":{"loc":{"start":{"line":55,"column":51},"end":{"line":55,"column":112}},"type":"cond-expr","locations":[{"start":{"line":55,"column":70},"end":{"line":55,"column":107}},{"start":{"line":55,"column":110},"end":{"line":55,"column":112}}],"line":55},"1":{"loc":{"start":{"line":64,"column":55},"end":{"line":64,"column":123}},"type":"cond-expr","locations":[{"start":{"line":64,"column":77},"end":{"line":64,"column":118}},{"start":{"line":64,"column":121},"end":{"line":64,"column":123}}],"line":64}},"s":{"0":14,"1":14,"2":14,"3":14,"4":14,"5":7,"6":7,"7":7,"8":7,"9":7,"10":7,"11":7,"12":7,"13":5,"14":7,"15":3,"16":7,"17":7,"18":7,"19":7,"20":7,"21":14,"22":7},"f":{"0":14,"1":7,"2":7,"3":7,"4":5,"5":3,"6":7,"7":7},"b":{"0":[7,7],"1":[7,0]},"_coverageSchema":"1a1c01bbd47fc00a2c39e90264f33305004495a9","hash":"2427ba42ac008f60c70ba314b3c23dd8e08ecccc"}
,"/Users/Spare/Documents/code/monetisation/animations/src/components/base/text-effects/TextEffectsEpicWin.tsx": {"path":"/Users/Spare/Documents/code/monetisation/animations/src/components/base/text-effects/TextEffectsEpicWin.tsx","statementMap":{"0":{"start":{"line":5,"column":19},"end":{"line":5,"column":29}},"1":{"start":{"line":7,"column":2},"end":{"line":100,"column":3}},"2":{"start":{"line":52,"column":12},"end":{"line":95,"column":26}}},"fnMap":{"0":{"name":"TextEffectsEpicWin","decl":{"start":{"line":4,"column":16},"end":{"line":4,"column":34}},"loc":{"start":{"line":4,"column":37},"end":{"line":101,"column":1}},"line":4},"1":{"name":"(anonymous_1)","decl":{"start":{"line":51,"column":34},"end":{"line":51,"column":35}},"loc":{"start":{"line":52,"column":12},"end":{"line":95,"column":26}},"line":52}},"branchMap":{"0":{"loc":{"start":{"line":74,"column":17},"end":{"line":74,"column":47}},"type":"cond-expr","locations":[{"start":{"line":74,"column":32},"end":{"line":74,"column":40}},{"start":{"line":74,"column":43},"end":{"line":74,"column":47}}],"line":74}},"s":{"0":7,"1":7,"2":56},"f":{"0":7,"1":56},"b":{"0":[7,49]},"_coverageSchema":"1a1c01bbd47fc00a2c39e90264f33305004495a9","hash":"8cfe3ad7220c79a8adf67684f484e1eae122f578"}
,"/Users/Spare/Documents/code/monetisation/animations/src/components/base/text-effects/TextEffectsGlitchText.tsx": {"path":"/Users/Spare/Documents/code/monetisation/animations/src/components/base/text-effects/TextEffectsGlitchText.tsx","statementMap":{"0":{"start":{"line":5,"column":15},"end":{"line":5,"column":29}},"1":{"start":{"line":7,"column":2},"end":{"line":74,"column":3}}},"fnMap":{"0":{"name":"TextEffectsGlitchText","decl":{"start":{"line":4,"column":16},"end":{"line":4,"column":37}},"loc":{"start":{"line":4,"column":40},"end":{"line":75,"column":1}},"line":4}},"branchMap":{},"s":{"0":7,"1":7},"f":{"0":7},"b":{},"_coverageSchema":"1a1c01bbd47fc00a2c39e90264f33305004495a9","hash":"ea405351b5c25610c460ac70d34afc706cedde31"}
,"/Users/Spare/Documents/code/monetisation/animations/src/components/base/text-effects/TextEffectsHorizonLightPass.tsx": {"path":"/Users/Spare/Documents/code/monetisation/animations/src/components/base/text-effects/TextEffectsHorizonLightPass.tsx","statementMap":{"0":{"start":{"line":11,"column":15},"end":{"line":11,"column":34}},"1":{"start":{"line":12,"column":29},"end":{"line":12,"column":47}},"2":{"start":{"line":14,"column":18},"end":{"line":14,"column":63}},"3":{"start":{"line":14,"column":38},"end":{"line":14,"column":54}},"4":{"start":{"line":16,"column":38},"end":{"line":39,"column":7}},"5":{"start":{"line":46,"column":35},"end":{"line":80,"column":7}},"6":{"start":{"line":55,"column":27},"end":{"line":55,"column":31}},"7":{"start":{"line":56,"column":24},"end":{"line":56,"column":38}},"8":{"start":{"line":57,"column":27},"end":{"line":57,"column":40}},"9":{"start":{"line":58,"column":24},"end":{"line":58,"column":43}},"10":{"start":{"line":59,"column":10},"end":{"line":78,"column":11}},"11":{"start":{"line":82,"column":2},"end":{"line":104,"column":3}},"12":{"start":{"line":93,"column":10},"end":{"line":100,"column":24}}},"fnMap":{"0":{"name":"TextEffectsHorizonLightPass","decl":{"start":{"line":10,"column":16},"end":{"line":10,"column":43}},"loc":{"start":{"line":10,"column":46},"end":{"line":105,"column":1}},"line":10},"1":{"name":"(anonymous_1)","decl":{"start":{"line":14,"column":32},"end":{"line":14,"column":33}},"loc":{"start":{"line":14,"column":38},"end":{"line":14,"column":54}},"line":14},"2":{"name":"(anonymous_2)","decl":{"start":{"line":53,"column":14},"end":{"line":53,"column":15}},"loc":{"start":{"line":53,"column":29},"end":{"line":79,"column":9}},"line":53},"3":{"name":"(anonymous_3)","decl":{"start":{"line":92,"column":21},"end":{"line":92,"column":22}},"loc":{"start":{"line":93,"column":10},"end":{"line":100,"column":24}},"line":93}},"branchMap":{"0":{"loc":{"start":{"line":16,"column":38},"end":{"line":39,"column":7}},"type":"cond-expr","locations":[{"start":{"line":17,"column":6},"end":{"line":21,"column":7}},{"start":{"line":22,"column":6},"end":{"line":39,"column":7}}],"line":16},"1":{"loc":{"start":{"line":46,"column":35},"end":{"line":80,"column":7}},"type":"cond-expr","locations":[{"start":{"line":47,"column":6},"end":{"line":50,"column":7}},{"start":{"line":51,"column":6},"end":{"line":80,"column":7}}],"line":46},"2":{"loc":{"start":{"line":89,"column":15},"end":{"line":89,"column":63}},"type":"cond-expr","locations":[{"start":{"line":89,"column":36},"end":{"line":89,"column":42}},{"start":{"line":89,"column":45},"end":{"line":89,"column":63}}],"line":89},"3":{"loc":{"start":{"line":99,"column":13},"end":{"line":99,"column":39}},"type":"cond-expr","locations":[{"start":{"line":99,"column":26},"end":{"line":99,"column":34}},{"start":{"line":99,"column":37},"end":{"line":99,"column":39}}],"line":99}},"s":{"0":7,"1":7,"2":7,"3":7,"4":7,"5":7,"6":119,"7":119,"8":119,"9":119,"10":119,"11":7,"12":119},"f":{"0":7,"1":7,"2":119,"3":119},"b":{"0":[0,7],"1":[0,7],"2":[0,7],"3":[14,105]},"_coverageSchema":"1a1c01bbd47fc00a2c39e90264f33305004495a9","hash":"056e52401261d084555859072b3c5b8afe148184"}
,"/Users/Spare/Documents/code/monetisation/animations/src/components/base/text-effects/TextEffectsLevelBreakthrough.tsx": {"path":"/Users/Spare/Documents/code/monetisation/animations/src/components/base/text-effects/TextEffectsLevelBreakthrough.tsx","statementMap":{"0":{"start":{"line":6,"column":24},"end":{"line":6,"column":38}},"1":{"start":{"line":7,"column":25},"end":{"line":7,"column":39}},"2":{"start":{"line":8,"column":25},"end":{"line":8,"column":39}},"3":{"start":{"line":9,"column":19},"end":{"line":9,"column":47}},"4":{"start":{"line":10,"column":21},"end":{"line":10,"column":33}},"5":{"start":{"line":11,"column":20},"end":{"line":11,"column":68}},"6":{"start":{"line":13,"column":2},"end":{"line":90,"column":53}},"7":{"start":{"line":14,"column":4},"end":{"line":14,"column":29}},"8":{"start":{"line":15,"column":32},"end":{"line":78,"column":5}},"9":{"start":{"line":17,"column":6},"end":{"line":20,"column":7}},"10":{"start":{"line":18,"column":8},"end":{"line":18,"column":48}},"11":{"start":{"line":19,"column":8},"end":{"line":19,"column":46}},"12":{"start":{"line":23,"column":6},"end":{"line":23,"column":52}},"13":{"start":{"line":24,"column":6},"end":{"line":24,"column":52}},"14":{"start":{"line":27,"column":6},"end":{"line":37,"column":7}},"15":{"start":{"line":28,"column":8},"end":{"line":36,"column":10}},"16":{"start":{"line":40,"column":6},"end":{"line":50,"column":7}},"17":{"start":{"line":41,"column":8},"end":{"line":49,"column":10}},"18":{"start":{"line":53,"column":6},"end":{"line":66,"column":7}},"19":{"start":{"line":55,"column":10},"end":{"line":55,"column":41}},"20":{"start":{"line":55,"column":35},"end":{"line":55,"column":41}},"21":{"start":{"line":56,"column":10},"end":{"line":64,"column":12}},"22":{"start":{"line":69,"column":6},"end":{"line":77,"column":7}},"23":{"start":{"line":71,"column":10},"end":{"line":71,"column":41}},"24":{"start":{"line":71,"column":35},"end":{"line":71,"column":41}},"25":{"start":{"line":72,"column":10},"end":{"line":75,"column":11}},"26":{"start":{"line":73,"column":12},"end":{"line":73,"column":52}},"27":{"start":{"line":74,"column":12},"end":{"line":74,"column":82}},"28":{"start":{"line":80,"column":4},"end":{"line":80,"column":25}},"29":{"start":{"line":82,"column":4},"end":{"line":89,"column":5}},"30":{"start":{"line":83,"column":6},"end":{"line":83,"column":32}},"31":{"start":{"line":84,"column":6},"end":{"line":84,"column":45}},"32":{"start":{"line":85,"column":6},"end":{"line":85,"column":28}},"33":{"start":{"line":86,"column":6},"end":{"line":86,"column":26}},"34":{"start":{"line":87,"column":6},"end":{"line":87,"column":27}},"35":{"start":{"line":88,"column":6},"end":{"line":88,"column":27}},"36":{"start":{"line":92,"column":2},"end":{"line":123,"column":3}}},"fnMap":{"0":{"name":"TextEffectsLevelBreakthrough","decl":{"start":{"line":5,"column":16},"end":{"line":5,"column":44}},"loc":{"start":{"line":5,"column":47},"end":{"line":124,"column":1}},"line":5},"1":{"name":"(anonymous_1)","decl":{"start":{"line":13,"column":12},"end":{"line":13,"column":13}},"loc":{"start":{"line":13,"column":18},"end":{"line":90,"column":3}},"line":13},"2":{"name":"(anonymous_2)","decl":{"start":{"line":15,"column":32},"end":{"line":15,"column":33}},"loc":{"start":{"line":15,"column":44},"end":{"line":78,"column":5}},"line":15},"3":{"name":"(anonymous_3)","decl":{"start":{"line":54,"column":19},"end":{"line":54,"column":20}},"loc":{"start":{"line":54,"column":25},"end":{"line":65,"column":9}},"line":54},"4":{"name":"(anonymous_4)","decl":{"start":{"line":70,"column":19},"end":{"line":70,"column":20}},"loc":{"start":{"line":70,"column":25},"end":{"line":76,"column":9}},"line":70},"5":{"name":"(anonymous_5)","decl":{"start":{"line":82,"column":11},"end":{"line":82,"column":12}},"loc":{"start":{"line":82,"column":17},"end":{"line":89,"column":5}},"line":82}},"branchMap":{"0":{"loc":{"start":{"line":17,"column":6},"end":{"line":20,"column":7}},"type":"if","locations":[{"start":{"line":17,"column":6},"end":{"line":20,"column":7}},{"start":{},"end":{}}],"line":17},"1":{"loc":{"start":{"line":27,"column":6},"end":{"line":37,"column":7}},"type":"if","locations":[{"start":{"line":27,"column":6},"end":{"line":37,"column":7}},{"start":{},"end":{}}],"line":27},"2":{"loc":{"start":{"line":40,"column":6},"end":{"line":50,"column":7}},"type":"if","locations":[{"start":{"line":40,"column":6},"end":{"line":50,"column":7}},{"start":{},"end":{}}],"line":40},"3":{"loc":{"start":{"line":55,"column":10},"end":{"line":55,"column":41}},"type":"if","locations":[{"start":{"line":55,"column":10},"end":{"line":55,"column":41}},{"start":{},"end":{}}],"line":55},"4":{"loc":{"start":{"line":71,"column":10},"end":{"line":71,"column":41}},"type":"if","locations":[{"start":{"line":71,"column":10},"end":{"line":71,"column":41}},{"start":{},"end":{}}],"line":71},"5":{"loc":{"start":{"line":72,"column":10},"end":{"line":75,"column":11}},"type":"if","locations":[{"start":{"line":72,"column":10},"end":{"line":75,"column":11}},{"start":{},"end":{}}],"line":72}},"s":{"0":7,"1":7,"2":7,"3":7,"4":7,"5":7,"6":7,"7":7,"8":7,"9":7,"10":7,"11":7,"12":7,"13":7,"14":7,"15":7,"16":7,"17":7,"18":7,"19":1,"20":0,"21":1,"22":7,"23":0,"24":0,"25":0,"26":0,"27":0,"28":7,"29":7,"30":7,"31":7,"32":7,"33":7,"34":7,"35":7,"36":7},"f":{"0":7,"1":7,"2":7,"3":1,"4":0,"5":7},"b":{"0":[7,0],"1":[7,0],"2":[7,0],"3":[0,1],"4":[0,0],"5":[0,0]},"_coverageSchema":"1a1c01bbd47fc00a2c39e90264f33305004495a9","hash":"3555fc4f2895742bf885fd1ac9e2d05c28bf189d"}
,"/Users/Spare/Documents/code/monetisation/animations/src/components/base/text-effects/TextEffectsLightSweepDraw.tsx": {"path":"/Users/Spare/Documents/code/monetisation/animations/src/components/base/text-effects/TextEffectsLightSweepDraw.tsx","statementMap":{"0":{"start":{"line":12,"column":15},"end":{"line":12,"column":34}},"1":{"start":{"line":13,"column":29},"end":{"line":13,"column":47}},"2":{"start":{"line":16,"column":18},"end":{"line":16,"column":63}},"3":{"start":{"line":16,"column":38},"end":{"line":16,"column":54}},"4":{"start":{"line":19,"column":38},"end":{"line":49,"column":7}},"5":{"start":{"line":52,"column":35},"end":{"line":76,"column":7}},"6":{"start":{"line":78,"column":2},"end":{"line":99,"column":3}},"7":{"start":{"line":89,"column":10},"end":{"line":95,"column":24}}},"fnMap":{"0":{"name":"TextEffectsLightSweepDraw","decl":{"start":{"line":11,"column":16},"end":{"line":11,"column":41}},"loc":{"start":{"line":11,"column":44},"end":{"line":100,"column":1}},"line":11},"1":{"name":"(anonymous_1)","decl":{"start":{"line":16,"column":32},"end":{"line":16,"column":33}},"loc":{"start":{"line":16,"column":38},"end":{"line":16,"column":54}},"line":16},"2":{"name":"(anonymous_2)","decl":{"start":{"line":88,"column":21},"end":{"line":88,"column":22}},"loc":{"start":{"line":89,"column":10},"end":{"line":95,"column":24}},"line":89}},"branchMap":{"0":{"loc":{"start":{"line":19,"column":38},"end":{"line":49,"column":7}},"type":"cond-expr","locations":[{"start":{"line":20,"column":6},"end":{"line":30,"column":7}},{"start":{"line":31,"column":6},"end":{"line":49,"column":7}}],"line":19},"1":{"loc":{"start":{"line":52,"column":35},"end":{"line":76,"column":7}},"type":"cond-expr","locations":[{"start":{"line":53,"column":6},"end":{"line":56,"column":7}},{"start":{"line":57,"column":6},"end":{"line":76,"column":7}}],"line":52},"2":{"loc":{"start":{"line":85,"column":15},"end":{"line":85,"column":63}},"type":"cond-expr","locations":[{"start":{"line":85,"column":36},"end":{"line":85,"column":42}},{"start":{"line":85,"column":45},"end":{"line":85,"column":63}}],"line":85},"3":{"loc":{"start":{"line":94,"column":13},"end":{"line":94,"column":39}},"type":"cond-expr","locations":[{"start":{"line":94,"column":26},"end":{"line":94,"column":34}},{"start":{"line":94,"column":37},"end":{"line":94,"column":39}}],"line":94}},"s":{"0":7,"1":7,"2":7,"3":7,"4":7,"5":7,"6":7,"7":119},"f":{"0":7,"1":7,"2":119},"b":{"0":[0,7],"1":[0,7],"2":[0,7],"3":[14,105]},"_coverageSchema":"1a1c01bbd47fc00a2c39e90264f33305004495a9","hash":"7990ca0a2a610f1a4637e97365ab60c38b3ea099"}
,"/Users/Spare/Documents/code/monetisation/animations/src/components/base/text-effects/TextEffectsMetallicSpecularFlash.tsx": {"path":"/Users/Spare/Documents/code/monetisation/animations/src/components/base/text-effects/TextEffectsMetallicSpecularFlash.tsx","statementMap":{"0":{"start":{"line":11,"column":15},"end":{"line":11,"column":34}},"1":{"start":{"line":12,"column":29},"end":{"line":12,"column":47}},"2":{"start":{"line":14,"column":18},"end":{"line":14,"column":63}},"3":{"start":{"line":14,"column":38},"end":{"line":14,"column":54}},"4":{"start":{"line":16,"column":38},"end":{"line":39,"column":7}},"5":{"start":{"line":42,"column":35},"end":{"line":67,"column":7}},"6":{"start":{"line":69,"column":2},"end":{"line":90,"column":3}},"7":{"start":{"line":80,"column":10},"end":{"line":86,"column":24}}},"fnMap":{"0":{"name":"TextEffectsMetallicSpecularFlash","decl":{"start":{"line":10,"column":16},"end":{"line":10,"column":48}},"loc":{"start":{"line":10,"column":51},"end":{"line":91,"column":1}},"line":10},"1":{"name":"(anonymous_1)","decl":{"start":{"line":14,"column":32},"end":{"line":14,"column":33}},"loc":{"start":{"line":14,"column":38},"end":{"line":14,"column":54}},"line":14},"2":{"name":"(anonymous_2)","decl":{"start":{"line":79,"column":21},"end":{"line":79,"column":22}},"loc":{"start":{"line":80,"column":10},"end":{"line":86,"column":24}},"line":80}},"branchMap":{"0":{"loc":{"start":{"line":16,"column":38},"end":{"line":39,"column":7}},"type":"cond-expr","locations":[{"start":{"line":17,"column":6},"end":{"line":21,"column":7}},{"start":{"line":22,"column":6},"end":{"line":39,"column":7}}],"line":16},"1":{"loc":{"start":{"line":42,"column":35},"end":{"line":67,"column":7}},"type":"cond-expr","locations":[{"start":{"line":43,"column":6},"end":{"line":46,"column":7}},{"start":{"line":47,"column":6},"end":{"line":67,"column":7}}],"line":42},"2":{"loc":{"start":{"line":76,"column":15},"end":{"line":76,"column":63}},"type":"cond-expr","locations":[{"start":{"line":76,"column":36},"end":{"line":76,"column":42}},{"start":{"line":76,"column":45},"end":{"line":76,"column":63}}],"line":76},"3":{"loc":{"start":{"line":85,"column":13},"end":{"line":85,"column":39}},"type":"cond-expr","locations":[{"start":{"line":85,"column":26},"end":{"line":85,"column":34}},{"start":{"line":85,"column":37},"end":{"line":85,"column":39}}],"line":85}},"s":{"0":7,"1":7,"2":7,"3":7,"4":7,"5":7,"6":7,"7":119},"f":{"0":7,"1":7,"2":119},"b":{"0":[0,7],"1":[0,7],"2":[0,7],"3":[14,105]},"_coverageSchema":"1a1c01bbd47fc00a2c39e90264f33305004495a9","hash":"4ce189993e06f5012772ff358d882e8dc4a26279"}
,"/Users/Spare/Documents/code/monetisation/animations/src/components/base/text-effects/TextEffectsTypewriter.tsx": {"path":"/Users/Spare/Documents/code/monetisation/animations/src/components/base/text-effects/TextEffectsTypewriter.tsx","statementMap":{"0":{"start":{"line":5,"column":15},"end":{"line":5,"column":34}},"1":{"start":{"line":6,"column":17},"end":{"line":6,"column":20}},"2":{"start":{"line":8,"column":2},"end":{"line":51,"column":3}},"3":{"start":{"line":12,"column":10},"end":{"line":29,"column":24}}},"fnMap":{"0":{"name":"TextEffectsTypewriter","decl":{"start":{"line":4,"column":16},"end":{"line":4,"column":37}},"loc":{"start":{"line":4,"column":40},"end":{"line":52,"column":1}},"line":4},"1":{"name":"(anonymous_1)","decl":{"start":{"line":11,"column":28},"end":{"line":11,"column":29}},"loc":{"start":{"line":12,"column":10},"end":{"line":29,"column":24}},"line":12}},"branchMap":{"0":{"loc":{"start":{"line":28,"column":13},"end":{"line":28,"column":43}},"type":"cond-expr","locations":[{"start":{"line":28,"column":28},"end":{"line":28,"column":36}},{"start":{"line":28,"column":39},"end":{"line":28,"column":43}}],"line":28}},"s":{"0":7,"1":7,"2":7,"3":119},"f":{"0":7,"1":119},"b":{"0":[7,112]},"_coverageSchema":"1a1c01bbd47fc00a2c39e90264f33305004495a9","hash":"8ae4df90183f83d69b0474a99cfd2a62037f1882"}
,"/Users/Spare/Documents/code/monetisation/animations/src/components/base/text-effects/TextEffectsVerbFall.tsx": {"path":"/Users/Spare/Documents/code/monetisation/animations/src/components/base/text-effects/TextEffectsVerbFall.tsx","statementMap":{"0":{"start":{"line":9,"column":15},"end":{"line":9,"column":34}},"1":{"start":{"line":10,"column":18},"end":{"line":10,"column":63}},"2":{"start":{"line":10,"column":38},"end":{"line":10,"column":54}},"3":{"start":{"line":11,"column":2},"end":{"line":21,"column":3}},"4":{"start":{"line":15,"column":10},"end":{"line":17,"column":17}}},"fnMap":{"0":{"name":"TextEffectsVerbFall","decl":{"start":{"line":8,"column":16},"end":{"line":8,"column":35}},"loc":{"start":{"line":8,"column":38},"end":{"line":22,"column":1}},"line":8},"1":{"name":"(anonymous_1)","decl":{"start":{"line":10,"column":32},"end":{"line":10,"column":33}},"loc":{"start":{"line":10,"column":38},"end":{"line":10,"column":54}},"line":10},"2":{"name":"(anonymous_2)","decl":{"start":{"line":14,"column":21},"end":{"line":14,"column":22}},"loc":{"start":{"line":15,"column":10},"end":{"line":17,"column":17}},"line":15}},"branchMap":{"0":{"loc":{"start":{"line":16,"column":13},"end":{"line":16,"column":39}},"type":"cond-expr","locations":[{"start":{"line":16,"column":26},"end":{"line":16,"column":34}},{"start":{"line":16,"column":37},"end":{"line":16,"column":39}}],"line":16}},"s":{"0":7,"1":7,"2":7,"3":7,"4":119},"f":{"0":7,"1":7,"2":119},"b":{"0":[14,105]},"_coverageSchema":"1a1c01bbd47fc00a2c39e90264f33305004495a9","hash":"e4b0f3dd5f6d8d86f5642fc74bebb3d31a0707da"}
,"/Users/Spare/Documents/code/monetisation/animations/src/components/base/text-effects/TextEffectsVerbFlip.tsx": {"path":"/Users/Spare/Documents/code/monetisation/animations/src/components/base/text-effects/TextEffectsVerbFlip.tsx","statementMap":{"0":{"start":{"line":8,"column":15},"end":{"line":8,"column":34}},"1":{"start":{"line":9,"column":18},"end":{"line":9,"column":63}},"2":{"start":{"line":9,"column":38},"end":{"line":9,"column":54}},"3":{"start":{"line":10,"column":2},"end":{"line":20,"column":3}},"4":{"start":{"line":14,"column":10},"end":{"line":16,"column":17}}},"fnMap":{"0":{"name":"TextEffectsVerbFlip","decl":{"start":{"line":7,"column":16},"end":{"line":7,"column":35}},"loc":{"start":{"line":7,"column":38},"end":{"line":21,"column":1}},"line":7},"1":{"name":"(anonymous_1)","decl":{"start":{"line":9,"column":32},"end":{"line":9,"column":33}},"loc":{"start":{"line":9,"column":38},"end":{"line":9,"column":54}},"line":9},"2":{"name":"(anonymous_2)","decl":{"start":{"line":13,"column":21},"end":{"line":13,"column":22}},"loc":{"start":{"line":14,"column":10},"end":{"line":16,"column":17}},"line":14}},"branchMap":{"0":{"loc":{"start":{"line":15,"column":13},"end":{"line":15,"column":39}},"type":"cond-expr","locations":[{"start":{"line":15,"column":26},"end":{"line":15,"column":34}},{"start":{"line":15,"column":37},"end":{"line":15,"column":39}}],"line":15}},"s":{"0":7,"1":7,"2":7,"3":7,"4":119},"f":{"0":7,"1":7,"2":119},"b":{"0":[14,105]},"_coverageSchema":"1a1c01bbd47fc00a2c39e90264f33305004495a9","hash":"6b3e24f76df98a69f41c182a1e93b916f6105920"}
,"/Users/Spare/Documents/code/monetisation/animations/src/components/base/text-effects/TextEffectsVerbFloat.tsx": {"path":"/Users/Spare/Documents/code/monetisation/animations/src/components/base/text-effects/TextEffectsVerbFloat.tsx","statementMap":{"0":{"start":{"line":9,"column":15},"end":{"line":9,"column":34}},"1":{"start":{"line":10,"column":18},"end":{"line":10,"column":63}},"2":{"start":{"line":10,"column":38},"end":{"line":10,"column":54}},"3":{"start":{"line":12,"column":2},"end":{"line":22,"column":3}},"4":{"start":{"line":16,"column":10},"end":{"line":18,"column":17}}},"fnMap":{"0":{"name":"TextEffectsVerbFloat","decl":{"start":{"line":8,"column":16},"end":{"line":8,"column":36}},"loc":{"start":{"line":8,"column":39},"end":{"line":23,"column":1}},"line":8},"1":{"name":"(anonymous_1)","decl":{"start":{"line":10,"column":32},"end":{"line":10,"column":33}},"loc":{"start":{"line":10,"column":38},"end":{"line":10,"column":54}},"line":10},"2":{"name":"(anonymous_2)","decl":{"start":{"line":15,"column":21},"end":{"line":15,"column":22}},"loc":{"start":{"line":16,"column":10},"end":{"line":18,"column":17}},"line":16}},"branchMap":{"0":{"loc":{"start":{"line":17,"column":13},"end":{"line":17,"column":39}},"type":"cond-expr","locations":[{"start":{"line":17,"column":26},"end":{"line":17,"column":34}},{"start":{"line":17,"column":37},"end":{"line":17,"column":39}}],"line":17}},"s":{"0":7,"1":7,"2":7,"3":7,"4":119},"f":{"0":7,"1":7,"2":119},"b":{"0":[14,105]},"_coverageSchema":"1a1c01bbd47fc00a2c39e90264f33305004495a9","hash":"738bfbf03d2f40ba1dd70ff32c1e923ad2a48a38"}
,"/Users/Spare/Documents/code/monetisation/animations/src/components/base/text-effects/TextEffectsVerbJog.tsx": {"path":"/Users/Spare/Documents/code/monetisation/animations/src/components/base/text-effects/TextEffectsVerbJog.tsx","statementMap":{"0":{"start":{"line":8,"column":15},"end":{"line":8,"column":34}},"1":{"start":{"line":9,"column":18},"end":{"line":9,"column":63}},"2":{"start":{"line":9,"column":38},"end":{"line":9,"column":54}},"3":{"start":{"line":10,"column":2},"end":{"line":20,"column":3}},"4":{"start":{"line":14,"column":10},"end":{"line":16,"column":17}}},"fnMap":{"0":{"name":"TextEffectsVerbJog","decl":{"start":{"line":7,"column":16},"end":{"line":7,"column":34}},"loc":{"start":{"line":7,"column":37},"end":{"line":21,"column":1}},"line":7},"1":{"name":"(anonymous_1)","decl":{"start":{"line":9,"column":32},"end":{"line":9,"column":33}},"loc":{"start":{"line":9,"column":38},"end":{"line":9,"column":54}},"line":9},"2":{"name":"(anonymous_2)","decl":{"start":{"line":13,"column":21},"end":{"line":13,"column":22}},"loc":{"start":{"line":14,"column":10},"end":{"line":16,"column":17}},"line":14}},"branchMap":{"0":{"loc":{"start":{"line":15,"column":13},"end":{"line":15,"column":39}},"type":"cond-expr","locations":[{"start":{"line":15,"column":26},"end":{"line":15,"column":34}},{"start":{"line":15,"column":37},"end":{"line":15,"column":39}}],"line":15}},"s":{"0":7,"1":7,"2":7,"3":7,"4":119},"f":{"0":7,"1":7,"2":119},"b":{"0":[14,105]},"_coverageSchema":"1a1c01bbd47fc00a2c39e90264f33305004495a9","hash":"49d713bc1aafbc7f1879eadfa8518e0c5b5f05c3"}
,"/Users/Spare/Documents/code/monetisation/animations/src/components/base/text-effects/TextEffectsVerbJump.tsx": {"path":"/Users/Spare/Documents/code/monetisation/animations/src/components/base/text-effects/TextEffectsVerbJump.tsx","statementMap":{"0":{"start":{"line":11,"column":15},"end":{"line":11,"column":34}},"1":{"start":{"line":13,"column":18},"end":{"line":13,"column":63}},"2":{"start":{"line":13,"column":38},"end":{"line":13,"column":54}},"3":{"start":{"line":15,"column":2},"end":{"line":25,"column":3}},"4":{"start":{"line":19,"column":10},"end":{"line":21,"column":17}}},"fnMap":{"0":{"name":"TextEffectsVerbJump","decl":{"start":{"line":10,"column":16},"end":{"line":10,"column":35}},"loc":{"start":{"line":10,"column":38},"end":{"line":26,"column":1}},"line":10},"1":{"name":"(anonymous_1)","decl":{"start":{"line":13,"column":32},"end":{"line":13,"column":33}},"loc":{"start":{"line":13,"column":38},"end":{"line":13,"column":54}},"line":13},"2":{"name":"(anonymous_2)","decl":{"start":{"line":18,"column":21},"end":{"line":18,"column":22}},"loc":{"start":{"line":19,"column":10},"end":{"line":21,"column":17}},"line":19}},"branchMap":{"0":{"loc":{"start":{"line":20,"column":13},"end":{"line":20,"column":39}},"type":"cond-expr","locations":[{"start":{"line":20,"column":26},"end":{"line":20,"column":34}},{"start":{"line":20,"column":37},"end":{"line":20,"column":39}}],"line":20}},"s":{"0":7,"1":7,"2":7,"3":7,"4":119},"f":{"0":7,"1":7,"2":119},"b":{"0":[14,105]},"_coverageSchema":"1a1c01bbd47fc00a2c39e90264f33305004495a9","hash":"c1ed213f0f0e6bec774694b14861b8a18faecaf4"}
[...]
,"/Users/Spare/Documents/code/monetisation/animations/src/hooks/useAnimations.ts": {"path":"/Users/Spare/Documents/code/monetisation/animations/src/hooks/useAnimations.ts","statementMap":{"0":{"start":{"line":6,"column":38},"end":{"line":6,"column":62}},"1":{"start":{"line":7,"column":42},"end":{"line":10,"column":4}},"2":{"start":{"line":12,"column":22},"end":{"line":24,"column":8}},"3":{"start":{"line":13,"column":4},"end":{"line":23,"column":5}},"4":{"start":{"line":14,"column":6},"end":{"line":14,"column":55}},"5":{"start":{"line":15,"column":19},"end":{"line":15,"column":62}},"6":{"start":{"line":16,"column":6},"end":{"line":16,"column":25}},"7":{"start":{"line":17,"column":6},"end":{"line":17,"column":56}},"8":{"start":{"line":19,"column":6},"end":{"line":22,"column":8}},"9":{"start":{"line":26,"column":2},"end":{"line":28,"column":19}},"10":{"start":{"line":27,"column":4},"end":{"line":27,"column":17}},"11":{"start":{"line":30,"column":28},"end":{"line":42,"column":3}},"12":{"start":{"line":31,"column":4},"end":{"line":41,"column":5}},"13":{"start":{"line":32,"column":6},"end":{"line":32,"column":55}},"14":{"start":{"line":33,"column":19},"end":{"line":33,"column":62}},"15":{"start":{"line":34,"column":6},"end":{"line":34,"column":25}},"16":{"start":{"line":35,"column":6},"end":{"line":35,"column":56}},"17":{"start":{"line":37,"column":6},"end":{"line":40,"column":8}},"18":{"start":{"line":44,"column":2},"end":{"line":49,"column":3}}},"fnMap":{"0":{"name":"useAnimations","decl":{"start":{"line":5,"column":16},"end":{"line":5,"column":29}},"loc":{"start":{"line":5,"column":32},"end":{"line":50,"column":1}},"line":5},"1":{"name":"(anonymous_1)","decl":{"start":{"line":12,"column":34},"end":{"line":12,"column":35}},"loc":{"start":{"line":12,"column":46},"end":{"line":24,"column":3}},"line":12},"2":{"name":"(anonymous_2)","decl":{"start":{"line":26,"column":12},"end":{"line":26,"column":13}},"loc":{"start":{"line":26,"column":18},"end":{"line":28,"column":3}},"line":26},"3":{"name":"(anonymous_3)","decl":{"start":{"line":30,"column":28},"end":{"line":30,"column":29}},"loc":{"start":{"line":30,"column":40},"end":{"line":42,"column":3}},"line":30}},"branchMap":{"0":{"loc":{"start":{"line":21,"column":15},"end":{"line":21,"column":83}},"type":"cond-expr","locations":[{"start":{"line":21,"column":40},"end":{"line":21,"column":53}},{"start":{"line":21,"column":56},"end":{"line":21,"column":83}}],"line":21},"1":{"loc":{"start":{"line":39,"column":15},"end":{"line":39,"column":86}},"type":"cond-expr","locations":[{"start":{"line":39,"column":40},"end":{"line":39,"column":53}},{"start":{"line":39,"column":56},"end":{"line":39,"column":86}}],"line":39}},"s":{"0":33,"1":33,"2":33,"3":8,"4":8,"5":8,"6":7,"7":7,"8":1,"9":33,"10":8,"11":33,"12":1,"13":1,"14":1,"15":1,"16":1,"17":0,"18":33},"f":{"0":33,"1":8,"2":8,"3":1},"b":{"0":[1,0],"1":[0,0]},"_coverageSchema":"1a1c01bbd47fc00a2c39e90264f33305004495a9","hash":"d4a57d0fd95bc5427de1795c35e1c5e7500f08e5"}
,"/Users/Spare/Documents/code/monetisation/animations/src/lib/preload-manifest.ts": {"path":"/Users/Spare/Documents/code/monetisation/animations/src/lib/preload-manifest.ts","statementMap":{"0":{"start":{"line":8,"column":46},"end":{"line":13,"column":1}}},"fnMap":{},"branchMap":{},"s":{"0":1},"f":{},"b":{},"_coverageSchema":"1a1c01bbd47fc00a2c39e90264f33305004495a9","hash":"791c34eae8a2547380b4b4d409f06f19dc7352a6"}
,"/Users/Spare/Documents/code/monetisation/animations/src/lib/preload.ts": {"path":"/Users/Spare/Documents/code/monetisation/animations/src/lib/preload.ts","statementMap":{"0":{"start":{"line":7,"column":2},"end":{"line":7,"column":45}},"1":{"start":{"line":7,"column":39},"end":{"line":7,"column":45}},"2":{"start":{"line":9,"column":15},"end":{"line":9,"column":72}},"3":{"start":{"line":10,"column":2},"end":{"line":10,"column":19}},"4":{"start":{"line":10,"column":13},"end":{"line":10,"column":19}},"5":{"start":{"line":12,"column":19},"end":{"line":16,"column":3}},"6":{"start":{"line":14,"column":19},"end":{"line":14,"column":48}},"7":{"start":{"line":19,"column":16},"end":{"line":19,"column":33}},"8":{"start":{"line":21,"column":2},"end":{"line":42,"column":4}},"9":{"start":{"line":22,"column":4},"end":{"line":22,"column":59}},"10":{"start":{"line":22,"column":53},"end":{"line":22,"column":59}},"11":{"start":{"line":24,"column":17},"end":{"line":24,"column":47}},"12":{"start":{"line":25,"column":4},"end":{"line":25,"column":39}},"13":{"start":{"line":26,"column":4},"end":{"line":26,"column":36}},"14":{"start":{"line":27,"column":4},"end":{"line":27,"column":34}},"15":{"start":{"line":30,"column":4},"end":{"line":30,"column":55}},"16":{"start":{"line":32,"column":4},"end":{"line":32,"column":26}},"17":{"start":{"line":35,"column":2},"end":{"line":35,"column":16}},"18":{"start":{"line":39,"column":16},"end":{"line":39,"column":27}},"19":{"start":{"line":40,"column":4},"end":{"line":40,"column":26}},"20":{"start":{"line":41,"column":4},"end":{"line":41,"column":17}}},"fnMap":{"0":{"name":"preloadImages","decl":{"start":{"line":6,"column":16},"end":{"line":6,"column":29}},"loc":{"start":{"line":6,"column":46},"end":{"line":43,"column":1}},"line":6},"1":{"name":"(anonymous_1)","decl":{"start":{"line":14,"column":11},"end":{"line":14,"column":12}},"loc":{"start":{"line":14,"column":19},"end":{"line":14,"column":48}},"line":14},"2":{"name":"(anonymous_2)","decl":{"start":{"line":21,"column":15},"end":{"line":21,"column":16}},"loc":{"start":{"line":21,"column":24},"end":{"line":42,"column":3}},"line":21}},"branchMap":{"0":{"loc":{"start":{"line":7,"column":2},"end":{"line":7,"column":45}},"type":"if","locations":[{"start":{"line":7,"column":2},"end":{"line":7,"column":45}},{"start":{},"end":{}}],"line":7},"1":{"loc":{"start":{"line":9,"column":15},"end":{"line":9,"column":72}},"type":"binary-expr","locations":[{"start":{"line":9,"column":15},"end":{"line":9,"column":28}},{"start":{"line":9,"column":32},"end":{"line":9,"column":72}}],"line":9},"2":{"loc":{"start":{"line":10,"column":2},"end":{"line":10,"column":19}},"type":"if","locations":[{"start":{"line":10,"column":2},"end":{"line":10,"column":19}},{"start":{},"end":{}}],"line":10},"3":{"loc":{"start":{"line":14,"column":19},"end":{"line":14,"column":48}},"type":"binary-expr","locations":[{"start":{"line":14,"column":19},"end":{"line":14,"column":42}},{"start":{"line":14,"column":46},"end":{"line":14,"column":48}}],"line":14},"4":{"loc":{"start":{"line":22,"column":4},"end":{"line":22,"column":59}},"type":"if","locations":[{"start":{"line":22,"column":4},"end":{"line":22,"column":59}},{"start":{},"end":{}}],"line":22},"5":{"loc":{"start":{"line":22,"column":8},"end":{"line":22,"column":51}},"type":"binary-expr","locations":[{"start":{"line":22,"column":8},"end":{"line":22,"column":12}},{"start":{"line":22,"column":16},"end":{"line":22,"column":33}},{"start":{"line":22,"column":37},"end":{"line":22,"column":51}}],"line":22}},"s":{"0":3,"1":0,"2":3,"3":3,"4":0,"5":3,"6":2,"7":3,"8":3,"9":5,"10":2,"11":3,"12":3,"13":3,"14":3,"15":3,"16":3,"17":3,"18":3,"19":3,"20":3},"f":{"0":3,"1":2,"2":5},"b":{"0":[0,3],"1":[3,1],"2":[0,3],"3":[2,0],"4":[2,3],"5":[5,5,4]},"_coverageSchema":"1a1c01bbd47fc00a2c39e90264f33305004495a9","hash":"aaf5a95f66fce9ab2c67fc09b602564edc78a3ca"}
,"/Users/Spare/Documents/code/monetisation/animations/src/lib/utils.ts": {"path":"/Users/Spare/Documents/code/monetisation/animations/src/lib/utils.ts","statementMap":{"0":{"start":{"line":5,"column":2},"end":{"line":5,"column":30}}},"fnMap":{"0":{"name":"cn","decl":{"start":{"line":4,"column":16},"end":{"line":4,"column":18}},"loc":{"start":{"line":4,"column":44},"end":{"line":6,"column":1}},"line":4}},"branchMap":{},"s":{"0":5425},"f":{"0":5425},"b":{},"_coverageSchema":"1a1c01bbd47fc00a2c39e90264f33305004495a9","hash":"b61e0bc8197d83b95e765052887521b36d01c64f"}
,"/Users/Spare/Documents/code/monetisation/animations/src/services/animationData.ts": {"path":"/Users/Spare/Documents/code/monetisation/animations/src/services/animationData.ts","statementMap":{"0":{"start":{"line":11,"column":33},"end":{"line":11,"column":46}},"1":{"start":{"line":13,"column":14},"end":{"line":13,"column":79}},"2":{"start":{"line":13,"column":30},"end":{"line":13,"column":79}},"3":{"start":{"line":13,"column":55},"end":{"line":13,"column":78}},"4":{"start":{"line":15,"column":23},"end":{"line":15,"column":78}},"5":{"start":{"line":15,"column":61},"end":{"line":15,"column":77}},"6":{"start":{"line":17,"column":20},"end":{"line":30,"column":1}},"7":{"start":{"line":18,"column":34},"end":{"line":18,"column":55}},"8":{"start":{"line":20,"column":2},"end":{"line":29,"column":4}},"9":{"start":{"line":21,"column":28},"end":{"line":23,"column":5}},"10":{"start":{"line":22,"column":21},"end":{"line":22,"column":95}},"11":{"start":{"line":25,"column":4},"end":{"line":28,"column":5}},"12":{"start":{"line":32,"column":30},"end":{"line":46,"column":1}},"13":{"start":{"line":36,"column":29},"end":{"line":39,"column":3}},"14":{"start":{"line":41,"column":2},"end":{"line":45,"column":5}},"15":{"start":{"line":41,"column":49},"end":{"line":45,"column":3}},"16":{"start":{"line":49,"column":39},"end":{"line":49,"column":43}},"17":{"start":{"line":50,"column":50},"end":{"line":50,"column":52}},"18":{"start":{"line":53,"column":4},"end":{"line":55,"column":5}},"19":{"start":{"line":54,"column":6},"end":{"line":54,"column":75}},"20":{"start":{"line":57,"column":4},"end":{"line":57,"column":23}},"21":{"start":{"line":61,"column":4},"end":{"line":61,"column":20}},"22":{"start":{"line":62,"column":4},"end":{"line":62,"column":31}},"23":{"start":{"line":66,"column":4},"end":{"line":66,"column":19}},"24":{"start":{"line":67,"column":4},"end":{"line":67,"column":73}},"25":{"start":{"line":68,"column":4},"end":{"line":68,"column":23}},"26":{"start":{"line":72,"column":36},"end":{"line":75,"column":5}},"27":{"start":{"line":77,"column":4},"end":{"line":77,"column":43}},"28":{"start":{"line":79,"column":4},"end":{"line":86,"column":5}},"29":{"start":{"line":80,"column":23},"end":{"line":80,"column":89}},"30":{"start":{"line":80,"column":52},"end":{"line":80,"column":88}},"31":{"start":{"line":81,"column":20},"end":{"line":81,"column":87}},"32":{"start":{"line":81,"column":53},"end":{"line":81,"column":86}},"33":{"start":{"line":83,"column":6},"end":{"line":85,"column":7}},"34":{"start":{"line":84,"column":8},"end":{"line":84,"column":62}},"35":{"start":{"line":88,"column":4},"end":{"line":88,"column":23}},"36":{"start":{"line":92,"column":20},"end":{"line":92,"column":46}},"37":{"start":{"line":93,"column":21},"end":{"line":93,"column":69}},"38":{"start":{"line":93,"column":45},"end":{"line":93,"column":68}},"39":{"start":{"line":94,"column":18},"end":{"line":94,"column":72}},"40":{"start":{"line":94,"column":51},"end":{"line":94,"column":71}},"41":{"start":{"line":96,"column":4},"end":{"line":96,"column":45}},"42":{"start":{"line":100,"column":36},"end":{"line":100,"column":62}}},"fnMap":{"0":{"name":"(anonymous_0)","decl":{"start":{"line":13,"column":14},"end":{"line":13,"column":15}},"loc":{"start":{"line":13,"column":30},"end":{"line":13,"column":79}},"line":13},"1":{"name":"(anonymous_1)","decl":{"start":{"line":13,"column":42},"end":{"line":13,"column":43}},"loc":{"start":{"line":13,"column":55},"end":{"line":13,"column":78}},"line":13},"2":{"name":"(anonymous_2)","decl":{"start":{"line":15,"column":23},"end":{"line":15,"column":24}},"loc":{"start":{"line":15,"column":61},"end":{"line":15,"column":77}},"line":15},"3":{"name":"(anonymous_3)","decl":{"start":{"line":17,"column":20},"end":{"line":17,"column":21}},"loc":{"start":{"line":17,"column":82},"end":{"line":30,"column":1}},"line":17},"4":{"name":"(anonymous_4)","decl":{"start":{"line":20,"column":24},"end":{"line":20,"column":25}},"loc":{"start":{"line":20,"column":39},"end":{"line":29,"column":3}},"line":20},"5":{"name":"(anonymous_5)","decl":{"start":{"line":22,"column":6},"end":{"line":22,"column":7}},"loc":{"start":{"line":22,"column":21},"end":{"line":22,"column":95}},"line":22},"6":{"name":"(anonymous_6)","decl":{"start":{"line":32,"column":30},"end":{"line":32,"column":31}},"loc":{"start":{"line":35,"column":17},"end":{"line":46,"column":1}},"line":35},"7":{"name":"(anonymous_7)","decl":{"start":{"line":41,"column":34},"end":{"line":41,"column":35}},"loc":{"start":{"line":41,"column":49},"end":{"line":45,"column":3}},"line":41},"8":{"name":"(anonymous_8)","decl":{"start":{"line":52,"column":2},"end":{"line":52,"column":3}},"loc":{"start":{"line":52,"column":53},"end":{"line":58,"column":3}},"line":52},"9":{"name":"(anonymous_9)","decl":{"start":{"line":60,"column":2},"end":{"line":60,"column":3}},"loc":{"start":{"line":60,"column":46},"end":{"line":63,"column":3}},"line":60},"10":{"name":"(anonymous_10)","decl":{"start":{"line":65,"column":2},"end":{"line":65,"column":3}},"loc":{"start":{"line":65,"column":46},"end":{"line":69,"column":3}},"line":65},"11":{"name":"(anonymous_11)","decl":{"start":{"line":71,"column":2},"end":{"line":71,"column":3}},"loc":{"start":{"line":71,"column":75},"end":{"line":89,"column":3}},"line":71},"12":{"name":"(anonymous_12)","decl":{"start":{"line":80,"column":41},"end":{"line":80,"column":42}},"loc":{"start":{"line":80,"column":52},"end":{"line":80,"column":88}},"line":80},"13":{"name":"(anonymous_13)","decl":{"start":{"line":81,"column":42},"end":{"line":81,"column":43}},"loc":{"start":{"line":81,"column":53},"end":{"line":81,"column":86}},"line":81},"14":{"name":"(anonymous_14)","decl":{"start":{"line":91,"column":2},"end":{"line":91,"column":3}},"loc":{"start":{"line":91,"column":88},"end":{"line":97,"column":3}},"line":91},"15":{"name":"(anonymous_15)","decl":{"start":{"line":93,"column":34},"end":{"line":93,"column":35}},"loc":{"start":{"line":93,"column":45},"end":{"line":93,"column":68}},"line":93},"16":{"name":"(anonymous_16)","decl":{"start":{"line":94,"column":40},"end":{"line":94,"column":41}},"loc":{"start":{"line":94,"column":51},"end":{"line":94,"column":71}},"line":94}},"branchMap":{"0":{"loc":{"start":{"line":18,"column":34},"end":{"line":18,"column":55}},"type":"binary-expr","locations":[{"start":{"line":18,"column":34},"end":{"line":18,"column":49}},{"start":{"line":18,"column":53},"end":{"line":18,"column":55}}],"line":18},"1":{"loc":{"start":{"line":22,"column":21},"end":{"line":22,"column":95}},"type":"binary-expr","locations":[{"start":{"line":22,"column":21},"end":{"line":22,"column":57}},{"start":{"line":22,"column":61},"end":{"line":22,"column":95}}],"line":22},"2":{"loc":{"start":{"line":53,"column":4},"end":{"line":55,"column":5}},"type":"if","locations":[{"start":{"line":53,"column":4},"end":{"line":55,"column":5}},{"start":{},"end":{}}],"line":53},"3":{"loc":{"start":{"line":79,"column":4},"end":{"line":86,"column":5}},"type":"if","locations":[{"start":{"line":79,"column":4},"end":{"line":86,"column":5}},{"start":{},"end":{}}],"line":79},"4":{"loc":{"start":{"line":83,"column":6},"end":{"line":85,"column":7}},"type":"if","locations":[{"start":{"line":83,"column":6},"end":{"line":85,"column":7}},{"start":{},"end":{}}],"line":83},"5":{"loc":{"start":{"line":96,"column":11},"end":{"line":96,"column":45}},"type":"cond-expr","locations":[{"start":{"line":96,"column":19},"end":{"line":96,"column":40}},{"start":{"line":96,"column":43},"end":{"line":96,"column":45}}],"line":96}},"s":{"0":4,"1":4,"2":11,"3":11,"4":4,"5":793,"6":4,"7":30,"8":30,"9":84,"10":11102,"11":84,"12":4,"13":6,"14":6,"15":30,"16":4,"17":4,"18":11,"19":4,"20":11,"21":9,"22":9,"23":2,"24":2,"25":2,"26":1,"27":1,"28":1,"29":1,"30":1,"31":1,"32":1,"33":1,"34":1,"35":1,"36":2,"37":2,"38":2,"39":2,"40":2,"41":2,"42":4},"f":{"0":11,"1":11,"2":793,"3":30,"4":84,"5":11102,"6":6,"7":30,"8":11,"9":9,"10":2,"11":1,"12":1,"13":1,"14":2,"15":2,"16":2},"b":{"0":[30,0],"1":[11102,2379],"2":[4,7],"3":[1,0],"4":[1,0],"5":[2,0]},"_coverageSchema":"1a1c01bbd47fc00a2c39e90264f33305004495a9","hash":"fde683d94c4a056b598b50b685e7d81fc87840e5"}
,"/Users/Spare/Documents/code/monetisation/animations/src/test/utils/animationTestUtils.tsx": {"path":"/Users/Spare/Documents/code/monetisation/animations/src/test/utils/animationTestUtils.tsx","statementMap":{"0":{"start":{"line":13,"column":4},"end":{"line":13,"column":14}},"1":{"start":{"line":14,"column":2},"end":{"line":24,"column":3}},"2":{"start":{"line":29,"column":2},"end":{"line":31,"column":4}},"3":{"start":{"line":30,"column":4},"end":{"line":30,"column":32}},"4":{"start":{"line":35,"column":15},"end":{"line":35,"column":41}},"5":{"start":{"line":36,"column":2},"end":{"line":36,"column":67}}},"fnMap":{"0":{"name":"withAnimationCard","decl":{"start":{"line":5,"column":16},"end":{"line":5,"column":33}},"loc":{"start":{"line":11,"column":3},"end":{"line":25,"column":1}},"line":11},"1":{"name":"advanceRaf","decl":{"start":{"line":27,"column":22},"end":{"line":27,"column":32}},"loc":{"start":{"line":27,"column":45},"end":{"line":32,"column":1}},"line":27},"2":{"name":"(anonymous_2)","decl":{"start":{"line":29,"column":12},"end":{"line":29,"column":13}},"loc":{"start":{"line":29,"column":24},"end":{"line":31,"column":3}},"line":29},"3":{"name":"queryStage","decl":{"start":{"line":34,"column":16},"end":{"line":34,"column":26}},"loc":{"start":{"line":34,"column":59},"end":{"line":37,"column":1}},"line":34}},"branchMap":{"0":{"loc":{"start":{"line":12,"column":10},"end":{"line":12,"column":31}},"type":"default-arg","locations":[{"start":{"line":12,"column":15},"end":{"line":12,"column":31}}],"line":12},"1":{"loc":{"start":{"line":12,"column":33},"end":{"line":12,"column":47}},"type":"default-arg","locations":[{"start":{"line":12,"column":41},"end":{"line":12,"column":47}}],"line":12},"2":{"loc":{"start":{"line":12,"column":49},"end":{"line":12,"column":69}},"type":"default-arg","locations":[{"start":{"line":12,"column":63},"end":{"line":12,"column":69}}],"line":12},"3":{"loc":{"start":{"line":12,"column":71},"end":{"line":12,"column":86}},"type":"default-arg","locations":[{"start":{"line":12,"column":82},"end":{"line":12,"column":86}}],"line":12},"4":{"loc":{"start":{"line":12,"column":88},"end":{"line":12,"column":109}},"type":"default-arg","locations":[{"start":{"line":12,"column":104},"end":{"line":12,"column":109}}],"line":12},"5":{"loc":{"start":{"line":13,"column":4},"end":{"line":13,"column":14}},"type":"binary-expr","locations":[{"start":{"line":13,"column":4},"end":{"line":13,"column":8}},{"start":{"line":13,"column":12},"end":{"line":13,"column":14}}],"line":13},"6":{"loc":{"start":{"line":35,"column":15},"end":{"line":35,"column":41}},"type":"binary-expr","locations":[{"start":{"line":35,"column":15},"end":{"line":35,"column":24}},{"start":{"line":35,"column":28},"end":{"line":35,"column":41}}],"line":35}},"s":{"0":17,"1":17,"2":2,"3":2,"4":6,"5":6},"f":{"0":17,"1":2,"2":2,"3":6},"b":{"0":[6],"1":[9],"2":[9],"3":[11],"4":[17],"5":[17,6],"6":[6,6]},"_coverageSchema":"1a1c01bbd47fc00a2c39e90264f33305004495a9","hash":"badf992ead59a599f941ade7a55da9391cbfd857"}
}
