TN:
SF:src/App.tsx
FN:9,App
FN:17,(anonymous_1)
FN:20,(anonymous_2)
FN:26,(anonymous_3)
FN:28,(anonymous_4)
FN:34,(anonymous_5)
FN:37,(anonymous_6)
FN:38,(anonymous_7)
FN:45,(anonymous_8)
FN:47,(anonymous_9)
FN:51,(anonymous_10)
FN:55,(anonymous_11)
FN:59,(anonymous_12)
FN:66,(anonymous_13)
FN:70,(anonymous_14)
FN:76,(anonymous_15)
FN:83,(anonymous_16)
FN:84,(anonymous_17)
FN:103,(anonymous_18)
FN:110,(anonymous_19)
FN:114,(anonymous_20)
FN:136,(anonymous_21)
FN:149,(anonymous_22)
FN:159,(anonymous_23)
FN:162,(anonymous_24)
FN:171,(anonymous_25)
FN:179,(anonymous_26)
FN:183,(anonymous_27)
FN:205,(anonymous_28)
FN:267,(anonymous_29)
FN:269,(anonymous_30)
FN:303,(anonymous_31)
FN:310,(anonymous_32)
FNF:33
FNH:19
FNDA:26,App
FNDA:70,(anonymous_1)
FNDA:26,(anonymous_2)
FNDA:2,(anonymous_3)
FNDA:5,(anonymous_4)
FNDA:3,(anonymous_5)
FNDA:2,(anonymous_6)
FNDA:12,(anonymous_7)
FNDA:6,(anonymous_8)
FNDA:0,(anonymous_9)
FNDA:0,(anonymous_10)
FNDA:6,(anonymous_11)
FNDA:0,(anonymous_12)
FNDA:0,(anonymous_13)
FNDA:0,(anonymous_14)
FNDA:14,(anonymous_15)
FNDA:4,(anonymous_16)
FNDA:0,(anonymous_17)
FNDA:8,(anonymous_18)
FNDA:14,(anonymous_19)
FNDA:4,(anonymous_20)
FNDA:8,(anonymous_21)
FNDA:0,(anonymous_22)
FNDA:102,(anonymous_23)
FNDA:6,(anonymous_24)
FNDA:6,(anonymous_25)
FNDA:0,(anonymous_26)
FNDA:0,(anonymous_27)
FNDA:0,(anonymous_28)
FNDA:0,(anonymous_29)
FNDA:0,(anonymous_30)
FNDA:0,(anonymous_31)
FNDA:0,(anonymous_32)
DA:10,26
DA:11,26
DA:12,26
DA:13,26
DA:14,26
DA:17,70
DA:20,26
DA:21,26
DA:22,6
DA:26,26
DA:28,5
DA:29,2
DA:30,2
DA:34,26
DA:35,3
DA:37,2
DA:38,12
DA:40,2
DA:41,2
DA:45,26
DA:46,6
DA:47,0
DA:48,0
DA:50,0
DA:51,0
DA:55,26
DA:56,6
DA:57,0
DA:58,0
DA:59,0
DA:60,0
DA:66,26
DA:67,0
DA:68,0
DA:70,26
DA:71,0
DA:72,0
DA:76,26
DA:77,14
DA:79,8
DA:80,8
DA:83,8
DA:84,4
DA:85,0
DA:86,0
DA:88,0
DA:90,0
DA:91,0
DA:92,0
DA:94,0
DA:97,0
DA:98,0
DA:103,8
DA:104,8
DA:105,8
DA:110,26
DA:111,14
DA:112,8
DA:114,8
DA:115,4
DA:116,4
DA:119,2
DA:120,2
DA:123,2
DA:124,2
DA:132,8
DA:134,8
DA:136,8
DA:137,8
DA:138,8
DA:142,26
DA:143,0
DA:149,0
DA:159,102
DA:161,26
DA:162,6
DA:171,6
DA:178,26
DA:179,26
DA:180,0
DA:183,26
DA:184,0
DA:187,0
DA:189,0
DA:191,0
DA:195,26
DA:205,0
DA:268,0
DA:269,0
DA:271,0
DA:273,0
DA:274,0
DA:276,0
DA:278,0
DA:279,0
DA:303,0
DA:310,0
LF:97
LH:58
BRDA:21,0,0,6
BRDA:21,0,1,20
BRDA:21,1,0,26
BRDA:21,1,1,14
BRDA:29,2,0,2
BRDA:29,2,1,0
BRDA:29,3,0,2
BRDA:29,3,1,2
BRDA:35,4,0,1
BRDA:35,4,1,2
BRDA:40,5,0,2
BRDA:40,5,1,0
BRDA:46,6,0,6
BRDA:46,6,1,0
BRDA:48,7,0,0
BRDA:48,7,1,0
BRDA:56,8,0,0
BRDA:56,8,1,6
BRDA:77,9,0,6
BRDA:77,9,1,8
BRDA:88,10,0,0
BRDA:88,10,1,0
BRDA:90,11,0,0
BRDA:90,11,1,0
BRDA:97,12,0,0
BRDA:97,12,1,0
BRDA:97,13,0,0
BRDA:97,13,1,0
BRDA:104,14,0,8
BRDA:104,14,1,0
BRDA:105,15,0,4
BRDA:105,15,1,4
BRDA:111,16,0,6
BRDA:111,16,1,8
BRDA:116,17,0,2
BRDA:116,17,1,2
BRDA:142,18,0,0
BRDA:142,18,1,26
BRDA:163,19,0,0
BRDA:163,19,1,6
BRDA:173,20,0,0
BRDA:173,20,1,6
BRDA:189,21,0,0
BRDA:189,21,1,0
BRDA:224,22,0,26
BRDA:224,22,1,8
BRDA:240,23,0,12
BRDA:240,23,1,14
BRDA:249,24,0,14
BRDA:249,24,1,8
BRDA:271,25,0,0
BRDA:271,25,1,0
BRDA:273,26,0,0
BRDA:273,26,1,0
BRDA:276,27,0,0
BRDA:276,27,1,0
BRDA:278,28,0,0
BRDA:278,28,1,0
BRDA:301,29,0,0
BRDA:301,29,1,26
BRF:60
BRH:31
end_of_record
TN:
SF:src/components/animationRegistry.ts
FNF:0
FNH:0
DA:19,7
LF:1
LH:1
BRF:0
BRH:0
end_of_record
TN:
SF:src/components/base/button-effects/ButtonEffectsJitter.tsx
FN:4,ButtonEffectsJitter
FNF:1
FNH:1
FNDA:4,ButtonEffectsJitter
DA:5,4
LF:1
LH:1
BRF:0
BRH:0
end_of_record
TN:
SF:src/components/base/button-effects/ButtonEffectsLiquidMorph.tsx
FN:5,ButtonEffectsLiquidMorph
FN:8,(anonymous_1)
FN:10,(anonymous_2)
FNF:3
FNH:1
FNDA:3,ButtonEffectsLiquidMorph
FNDA:0,(anonymous_1)
FNDA:0,(anonymous_2)
DA:6,3
DA:8,3
DA:9,0
DA:10,0
DA:13,3
LF:5
LH:3
BRDA:16,0,0,0
BRDA:16,0,1,3
BRF:2
BRH:1
end_of_record
TN:
SF:src/components/base/button-effects/ButtonEffectsRipple.tsx
FN:12,ButtonEffectsRipple
FN:17,(anonymous_1)
FN:28,(anonymous_2)
FN:30,(anonymous_3)
FN:31,(anonymous_4)
FN:31,(anonymous_5)
FN:40,(anonymous_6)
FNF:7
FNH:7
FNDA:7,ButtonEffectsRipple
FNDA:1,(anonymous_1)
FNDA:1,(anonymous_2)
FNDA:1,(anonymous_3)
FNDA:1,(anonymous_4)
FNDA:1,(anonymous_5)
FNDA:1,(anonymous_6)
DA:13,7
DA:14,7
DA:15,7
DA:17,7
DA:18,1
DA:19,1
DA:20,1
DA:21,1
DA:23,1
DA:24,1
DA:25,1
DA:26,1
DA:27,1
DA:28,1
DA:30,1
DA:31,1
DA:35,7
DA:41,1
DA:42,1
LF:19
LH:19
BRDA:19,0,0,0
BRDA:19,0,1,1
BRF:2
BRH:1
end_of_record
TN:
SF:src/components/base/button-effects/ButtonEffectsShockwave.tsx
FN:11,ButtonEffectsShockwave
FN:16,(anonymous_1)
FN:26,(anonymous_2)
FN:29,(anonymous_3)
FN:30,(anonymous_4)
FN:30,(anonymous_5)
FN:43,(anonymous_6)
FNF:7
FNH:1
FNDA:3,ButtonEffectsShockwave
FNDA:0,(anonymous_1)
FNDA:0,(anonymous_2)
FNDA:0,(anonymous_3)
FNDA:0,(anonymous_4)
FNDA:0,(anonymous_5)
FNDA:0,(anonymous_6)
DA:12,3
DA:13,3
DA:14,3
DA:16,3
DA:17,0
DA:18,0
DA:20,0
DA:21,0
DA:22,0
DA:25,0
DA:26,0
DA:29,0
DA:30,0
DA:34,3
DA:44,0
LF:15
LH:5
BRDA:18,0,0,0
BRDA:18,0,1,0
BRF:2
BRH:0
end_of_record
TN:
SF:src/components/base/button-effects/ButtonEffectsSplitReveal.tsx
FN:5,ButtonEffectsSplitReveal
FN:8,(anonymous_1)
FN:10,(anonymous_2)
FNF:3
FNH:1
FNDA:3,ButtonEffectsSplitReveal
FNDA:0,(anonymous_1)
FNDA:0,(anonymous_2)
DA:6,3
DA:8,3
DA:9,0
DA:10,0
DA:13,3
LF:5
LH:3
BRDA:16,0,0,0
BRDA:16,0,1,3
BRF:2
BRH:1
end_of_record
TN:
SF:src/components/base/button-effects/index.ts
FNF:0
FNH:0
DA:14,7
LF:1
LH:1
BRF:0
BRH:0
end_of_record
TN:
SF:src/components/base/standard-effects/StandardEffectsBlink.tsx
FN:4,StandardEffectsBlink
FNF:1
FNH:1
FNDA:4,StandardEffectsBlink
DA:5,4
LF:1
LH:1
BRF:0
BRH:0
end_of_record
TN:
SF:src/components/base/standard-effects/StandardEffectsBounce.tsx
FN:4,StandardEffectsBounce
FNF:1
FNH:1
FNDA:4,StandardEffectsBounce
DA:5,4
LF:1
LH:1
BRF:0
BRH:0
end_of_record
TN:
SF:src/components/base/standard-effects/StandardEffectsFade.tsx
FN:4,StandardEffectsFade
FNF:1
FNH:1
FNDA:6,StandardEffectsFade
DA:5,6
LF:1
LH:1
BRF:0
BRH:0
end_of_record
TN:
SF:src/components/base/standard-effects/StandardEffectsFlip.tsx
FN:4,StandardEffectsFlip
FNF:1
FNH:1
FNDA:4,StandardEffectsFlip
DA:5,4
LF:1
LH:1
BRF:0
BRH:0
end_of_record
TN:
SF:src/components/base/standard-effects/StandardEffectsFloat.tsx
FN:4,StandardEffectsFloat
FNF:1
FNH:1
FNDA:4,StandardEffectsFloat
DA:5,4
LF:1
LH:1
BRF:0
BRH:0
end_of_record
TN:
SF:src/components/base/standard-effects/StandardEffectsHeartbeat.tsx
FN:4,StandardEffectsHeartbeat
FNF:1
FNH:1
FNDA:4,StandardEffectsHeartbeat
DA:5,4
LF:1
LH:1
BRF:0
BRH:0
end_of_record
TN:
SF:src/components/base/standard-effects/StandardEffectsJello.tsx
FN:4,StandardEffectsJello
FNF:1
FNH:1
FNDA:4,StandardEffectsJello
DA:5,4
LF:1
LH:1
BRF:0
BRH:0
end_of_record
TN:
SF:src/components/base/standard-effects/StandardEffectsPop.tsx
FN:4,StandardEffectsPop
FNF:1
FNH:1
FNDA:4,StandardEffectsPop
DA:5,4
LF:1
LH:1
BRF:0
BRH:0
end_of_record
TN:
SF:src/components/base/standard-effects/StandardEffectsPulse.tsx
FN:4,StandardEffectsPulse
FNF:1
FNH:1
FNDA:4,StandardEffectsPulse
DA:5,4
LF:1
LH:1
BRF:0
BRH:0
end_of_record
TN:
SF:src/components/base/standard-effects/StandardEffectsRubberBand.tsx
FN:4,StandardEffectsRubberBand
FNF:1
FNH:1
FNDA:4,StandardEffectsRubberBand
DA:5,4
LF:1
LH:1
BRF:0
BRH:0
end_of_record
TN:
SF:src/components/base/standard-effects/StandardEffectsScale.tsx
FN:4,StandardEffectsScale
FNF:1
FNH:1
FNDA:6,StandardEffectsScale
DA:5,6
LF:1
LH:1
BRF:0
BRH:0
end_of_record
TN:
SF:src/components/base/standard-effects/StandardEffectsShake.tsx
FN:4,StandardEffectsShake
FNF:1
FNH:1
FNDA:4,StandardEffectsShake
DA:5,4
LF:1
LH:1
BRF:0
BRH:0
end_of_record
TN:
SF:src/components/base/standard-effects/StandardEffectsSlide.tsx
FN:4,StandardEffectsSlide
FNF:1
FNH:1
FNDA:4,StandardEffectsSlide
DA:5,4
LF:1
LH:1
BRF:0
BRH:0
end_of_record
TN:
SF:src/components/base/standard-effects/StandardEffectsSpin.tsx
FN:4,StandardEffectsSpin
FNF:1
FNH:1
FNDA:4,StandardEffectsSpin
DA:5,4
LF:1
LH:1
BRF:0
BRH:0
end_of_record
TN:
SF:src/components/base/standard-effects/StandardEffectsSqueeze.tsx
FN:4,StandardEffectsSqueeze
FNF:1
FNH:1
FNDA:4,StandardEffectsSqueeze
DA:5,4
LF:1
LH:1
BRF:0
BRH:0
end_of_record
TN:
SF:src/components/base/standard-effects/StandardEffectsSwing.tsx
FN:4,StandardEffectsSwing
FNF:1
FNH:1
FNDA:4,StandardEffectsSwing
DA:5,4
LF:1
LH:1
BRF:0
BRH:0
end_of_record
TN:
SF:src/components/base/standard-effects/StandardEffectsTada.tsx
FN:4,StandardEffectsTada
FNF:1
FNH:1
FNDA:4,StandardEffectsTada
DA:5,4
LF:1
LH:1
BRF:0
BRH:0
end_of_record
TN:
SF:src/components/base/standard-effects/StandardEffectsWiggle.tsx
FN:4,StandardEffectsWiggle
FNF:1
FNH:1
FNDA:4,StandardEffectsWiggle
DA:5,4
LF:1
LH:1
BRF:0
BRH:0
end_of_record
TN:
SF:src/components/base/standard-effects/index.ts
FNF:0
FNH:0
DA:41,7
LF:1
LH:1
BRF:0
BRH:0
end_of_record
TN:
SF:src/components/base/text-effects/TextEffectsCharacterReveal.tsx
FN:4,TextEffectsCharacterReveal
FN:23,(anonymous_1)
FN:53,(anonymous_2)
FNF:3
FNH:3
FNDA:8,TextEffectsCharacterReveal
FNDA:88,(anonymous_1)
FNDA:88,(anonymous_2)
DA:5,8
DA:6,8
DA:8,8
DA:24,88
DA:54,88
LF:5
LH:5
BRF:0
BRH:0
end_of_record
TN:
SF:src/components/base/text-effects/TextEffectsComboCounter.tsx
FN:5,TextEffectsComboCounter
FN:19,(anonymous_1)
FN:22,(anonymous_2)
FN:90,(anonymous_3)
FN:160,(anonymous_4)
FNF:5
FNH:5
FNDA:8,TextEffectsComboCounter
FNDA:16,(anonymous_1)
FNDA:8,(anonymous_2)
FNDA:32,(anonymous_3)
FNDA:40,(anonymous_4)
DA:6,8
DA:7,8
DA:10,8
DA:18,8
DA:19,16
DA:22,8
DA:23,8
DA:28,8
DA:31,8
DA:91,32
DA:92,32
DA:93,32
DA:94,32
DA:98,32
DA:99,32
DA:101,32
DA:161,40
LF:17
LH:17
BRF:0
BRH:0
end_of_record
TN:
SF:src/components/base/text-effects/TextEffectsCounterIncrement.tsx
FN:9,TextEffectsCounterIncrement
FN:15,(anonymous_1)
FN:16,(anonymous_2)
FN:26,(anonymous_3)
FN:29,(anonymous_4)
FN:34,(anonymous_5)
FN:45,(anonymous_6)
FN:61,(anonymous_7)
FNF:8
FNH:8
FNDA:16,TextEffectsCounterIncrement
FNDA:8,(anonymous_1)
FNDA:8,(anonymous_2)
FNDA:8,(anonymous_3)
FNDA:5,(anonymous_4)
FNDA:3,(anonymous_5)
FNDA:8,(anonymous_6)
FNDA:8,(anonymous_7)
DA:10,16
DA:11,16
DA:12,16
DA:13,16
DA:15,16
DA:16,8
DA:18,8
DA:21,8
DA:22,8
DA:23,8
DA:26,8
DA:29,8
DA:30,5
DA:34,8
DA:35,3
DA:40,8
DA:43,8
DA:45,8
DA:46,8
DA:47,8
DA:51,16
DA:62,8
LF:22
LH:22
BRDA:55,0,0,8
BRDA:55,0,1,8
BRDA:64,1,0,8
BRDA:64,1,1,0
BRF:4
BRH:3
end_of_record
TN:
SF:src/components/base/text-effects/TextEffectsEpicWin.tsx
FN:4,TextEffectsEpicWin
FN:51,(anonymous_1)
FNF:2
FNH:2
FNDA:8,TextEffectsEpicWin
FNDA:64,(anonymous_1)
DA:5,8
DA:7,8
DA:52,64
LF:3
LH:3
BRDA:74,0,0,8
BRDA:74,0,1,56
BRF:2
BRH:2
end_of_record
TN:
SF:src/components/base/text-effects/TextEffectsGlitchText.tsx
FN:4,TextEffectsGlitchText
FNF:1
FNH:1
FNDA:8,TextEffectsGlitchText
DA:5,8
DA:7,8
LF:2
LH:2
BRF:0
BRH:0
end_of_record
TN:
SF:src/components/base/text-effects/TextEffectsHorizonLightPass.tsx
FN:10,TextEffectsHorizonLightPass
FN:14,(anonymous_1)
FN:53,(anonymous_2)
FN:92,(anonymous_3)
FNF:4
FNH:4
FNDA:8,TextEffectsHorizonLightPass
FNDA:8,(anonymous_1)
FNDA:136,(anonymous_2)
FNDA:136,(anonymous_3)
DA:11,8
DA:12,8
DA:14,8
DA:16,8
DA:46,8
DA:55,136
DA:56,136
DA:57,136
DA:58,136
DA:59,136
DA:82,8
DA:93,136
LF:12
LH:12
BRDA:16,0,0,0
BRDA:16,0,1,8
BRDA:46,1,0,0
BRDA:46,1,1,8
BRDA:89,2,0,0
BRDA:89,2,1,8
BRDA:99,3,0,16
BRDA:99,3,1,120
BRF:8
BRH:5
end_of_record
TN:
SF:src/components/base/text-effects/TextEffectsLevelBreakthrough.tsx
FN:5,TextEffectsLevelBreakthrough
FN:13,(anonymous_1)
FN:15,(anonymous_2)
FN:54,(anonymous_3)
FN:70,(anonymous_4)
FN:82,(anonymous_5)
FNF:6
FNH:5
FNDA:8,TextEffectsLevelBreakthrough
FNDA:8,(anonymous_1)
FNDA:8,(anonymous_2)
FNDA:1,(anonymous_3)
FNDA:0,(anonymous_4)
FNDA:8,(anonymous_5)
DA:6,8
DA:7,8
DA:8,8
DA:9,8
DA:10,8
DA:11,8
DA:13,8
DA:14,8
DA:15,8
DA:17,8
DA:18,8
DA:19,8
DA:23,8
DA:24,8
DA:27,8
DA:28,8
DA:40,8
DA:41,8
DA:53,8
DA:55,1
DA:56,1
DA:69,8
DA:71,0
DA:72,0
DA:73,0
DA:74,0
DA:80,8
DA:82,8
DA:83,8
DA:84,8
DA:85,8
DA:86,8
DA:87,8
DA:88,8
DA:92,8
LF:35
LH:31
BRDA:17,0,0,8
BRDA:17,0,1,0
BRDA:27,1,0,8
BRDA:27,1,1,0
BRDA:40,2,0,8
BRDA:40,2,1,0
BRDA:55,3,0,0
BRDA:55,3,1,1
BRDA:71,4,0,0
BRDA:71,4,1,0
BRDA:72,5,0,0
BRDA:72,5,1,0
BRF:12
BRH:4
end_of_record
TN:
SF:src/components/base/text-effects/TextEffectsLightSweepDraw.tsx
FN:11,TextEffectsLightSweepDraw
FN:16,(anonymous_1)
FN:88,(anonymous_2)
FNF:3
FNH:3
FNDA:8,TextEffectsLightSweepDraw
FNDA:8,(anonymous_1)
FNDA:136,(anonymous_2)
DA:12,8
DA:13,8
DA:16,8
DA:19,8
DA:52,8
DA:78,8
DA:89,136
LF:7
LH:7
BRDA:19,0,0,0
BRDA:19,0,1,8
BRDA:52,1,0,0
BRDA:52,1,1,8
BRDA:85,2,0,0
BRDA:85,2,1,8
BRDA:94,3,0,16
BRDA:94,3,1,120
BRF:8
BRH:5
end_of_record
TN:
SF:src/components/base/text-effects/TextEffectsMetallicSpecularFlash.tsx
FN:10,TextEffectsMetallicSpecularFlash
FN:14,(anonymous_1)
FN:79,(anonymous_2)
FNF:3
FNH:3
FNDA:8,TextEffectsMetallicSpecularFlash
FNDA:8,(anonymous_1)
FNDA:136,(anonymous_2)
DA:11,8
DA:12,8
DA:14,8
DA:16,8
DA:42,8
DA:69,8
DA:80,136
LF:7
LH:7
BRDA:16,0,0,0
BRDA:16,0,1,8
BRDA:42,1,0,0
BRDA:42,1,1,8
BRDA:76,2,0,0
BRDA:76,2,1,8
BRDA:85,3,0,16
BRDA:85,3,1,120
BRF:8
BRH:5
end_of_record
TN:
SF:src/components/base/text-effects/TextEffectsTypewriter.tsx
FN:4,TextEffectsTypewriter
FN:11,(anonymous_1)
FNF:2
FNH:2
FNDA:8,TextEffectsTypewriter
FNDA:136,(anonymous_1)
DA:5,8
DA:6,8
DA:8,8
DA:12,136
LF:4
LH:4
BRDA:28,0,0,8
BRDA:28,0,1,128
BRF:2
BRH:2
end_of_record
TN:
SF:src/components/base/text-effects/TextEffectsVerbFall.tsx
FN:8,TextEffectsVerbFall
FN:10,(anonymous_1)
FN:14,(anonymous_2)
FNF:3
FNH:3
FNDA:8,TextEffectsVerbFall
FNDA:8,(anonymous_1)
FNDA:136,(anonymous_2)
DA:9,8
DA:10,8
DA:11,8
DA:15,136
LF:4
LH:4
BRDA:16,0,0,16
BRDA:16,0,1,120
BRF:2
BRH:2
end_of_record
TN:
SF:src/components/base/text-effects/TextEffectsVerbFlip.tsx
FN:7,TextEffectsVerbFlip
FN:9,(anonymous_1)
FN:13,(anonymous_2)
FNF:3
FNH:3
FNDA:8,TextEffectsVerbFlip
FNDA:8,(anonymous_1)
FNDA:136,(anonymous_2)
DA:8,8
DA:9,8
DA:10,8
DA:14,136
LF:4
LH:4
BRDA:15,0,0,16
BRDA:15,0,1,120
BRF:2
BRH:2
end_of_record
TN:
SF:src/components/base/text-effects/TextEffectsVerbFloat.tsx
FN:8,TextEffectsVerbFloat
FN:10,(anonymous_1)
FN:15,(anonymous_2)
FNF:3
FNH:3
FNDA:8,TextEffectsVerbFloat
FNDA:8,(anonymous_1)
FNDA:136,(anonymous_2)
DA:9,8
DA:10,8
DA:12,8
DA:16,136
LF:4
LH:4
BRDA:17,0,0,16
BRDA:17,0,1,120
BRF:2
BRH:2
end_of_record
TN:
SF:src/components/base/text-effects/TextEffectsVerbJog.tsx
FN:7,TextEffectsVerbJog
FN:9,(anonymous_1)
FN:13,(anonymous_2)
FNF:3
FNH:3
FNDA:8,TextEffectsVerbJog
FNDA:8,(anonymous_1)
FNDA:136,(anonymous_2)
DA:8,8
DA:9,8
DA:10,8
DA:14,136
LF:4
LH:4
BRDA:15,0,0,16
BRDA:15,0,1,120
BRF:2
BRH:2
end_of_record
TN:
SF:src/components/base/text-effects/TextEffectsVerbJump.tsx
FN:10,TextEffectsVerbJump
FN:13,(anonymous_1)
FN:18,(anonymous_2)
FNF:3
FNH:3
FNDA:8,TextEffectsVerbJump
FNDA:8,(anonymous_1)
FNDA:136,(anonymous_2)
DA:11,8
DA:13,8
DA:15,8
DA:19,136
LF:4
LH:4
BRDA:20,0,0,16
BRDA:20,0,1,120
BRF:2
BRH:2
end_of_record
TN:
SF:src/components/base/text-effects/TextEffectsVerbTwirl.tsx
FN:7,TextEffectsVerbTwirl
FN:9,(anonymous_1)
FN:13,(anonymous_2)
FNF:3
FNH:3
FNDA:8,TextEffectsVerbTwirl
FNDA:8,(anonymous_1)
FNDA:136,(anonymous_2)
DA:8,8
DA:9,8
DA:10,8
DA:14,136
LF:4
LH:4
BRDA:15,0,0,16
BRDA:15,0,1,120
BRF:2
BRH:2
end_of_record
TN:
SF:src/components/base/text-effects/TextEffectsWaveReveal.tsx
FN:4,TextEffectsWaveReveal
FN:56,(anonymous_1)
FN:63,(anonymous_2)
FNF:3
FNH:3
FNDA:8,TextEffectsWaveReveal
FNDA:24,(anonymous_1)
FNDA:144,(anonymous_2)
DA:5,8
DA:11,8
DA:22,8
DA:32,8
DA:48,8
DA:57,24
DA:64,144
LF:7
LH:7
BRDA:69,0,0,8
BRDA:69,0,1,136
BRF:2
BRH:2
end_of_record
TN:
SF:src/components/base/text-effects/TextEffectsWaveText.tsx
FN:4,TextEffectsWaveText
FN:11,(anonymous_1)
FNF:2
FNH:2
FNDA:8,TextEffectsWaveText
FNDA:88,(anonymous_1)
DA:5,8
DA:7,8
DA:12,88
DA:13,88
DA:14,88
DA:16,88
LF:6
LH:6
BRDA:44,0,0,8
BRDA:44,0,1,80
BRDA:47,1,0,88
BRDA:47,1,1,80
BRF:4
BRH:4
end_of_record
TN:
SF:src/components/base/text-effects/TextEffectsXpNumberPop.tsx
FN:21,TextEffectsXpNumberPop
FN:28,(anonymous_1)
FN:30,(anonymous_2)
FN:31,(anonymous_3)
FN:63,(anonymous_4)
FN:86,(anonymous_5)
FN:97,(anonymous_6)
FNF:7
FNH:5
FNDA:8,TextEffectsXpNumberPop
FNDA:28,(anonymous_1)
FNDA:8,(anonymous_2)
FNDA:8,(anonymous_3)
FNDA:5,(anonymous_4)
FNDA:0,(anonymous_5)
FNDA:0,(anonymous_6)
DA:22,8
DA:23,8
DA:24,8
DA:27,8
DA:28,28
DA:30,8
DA:31,8
DA:33,8
DA:44,8
DA:57,8
DA:63,8
DA:64,5
DA:67,5
DA:68,10
DA:69,50
DA:70,50
DA:72,50
DA:83,5
DA:86,5
DA:90,8
DA:93,8
DA:98,0
LF:22
LH:21
BRDA:123,0,0,0
BRDA:123,0,1,0
BRDA:125,1,0,0
BRDA:125,1,1,0
BRF:4
BRH:0
end_of_record
TN:
SF:src/components/base/text-effects/index.ts
FNF:0
FNH:0
DA:21,7
LF:1
LH:1
BRF:0
BRH:0
end_of_record
TN:
SF:src/components/dialogs/modal-base/MockModalContent.tsx
FN:2,MockModalContent
FNF:1
FNH:1
FNDA:57,MockModalContent
DA:3,57
LF:1
LH:1
BRF:0
BRH:0
end_of_record
TN:
SF:src/components/dialogs/modal-base/ModalBaseFlip3d.tsx
FN:6,ModalBaseFlip3d
FN:7,(anonymous_1)
FNF:2
FNH:2
FNDA:4,ModalBaseFlip3d
FNDA:4,(anonymous_1)
DA:7,4
DA:11,4
LF:2
LH:2
BRF:0
BRH:0
end_of_record
TN:
SF:src/components/dialogs/modal-base/ModalBaseGlitchDigital.tsx
FN:6,ModalBaseGlitchDigital
FN:7,(anonymous_1)
FNF:2
FNH:2
FNDA:4,ModalBaseGlitchDigital
FNDA:4,(anonymous_1)
DA:7,4
DA:11,4
LF:2
LH:2
BRF:0
BRH:0
end_of_record
TN:
SF:src/components/dialogs/modal-base/ModalBasePortalSwirl.tsx
FN:6,ModalBasePortalSwirl
FN:7,(anonymous_1)
FNF:2
FNH:2
FNDA:4,ModalBasePortalSwirl
FNDA:4,(anonymous_1)
DA:7,4
DA:11,4
LF:2
LH:2
BRF:0
BRH:0
end_of_record
TN:
SF:src/components/dialogs/modal-base/ModalBaseRippleExpand.tsx
FN:6,ModalBaseRippleExpand
FN:7,(anonymous_1)
FNF:2
FNH:2
FNDA:4,ModalBaseRippleExpand
FNDA:4,(anonymous_1)
DA:7,4
DA:11,4
LF:2
LH:2
BRF:0
BRH:0
end_of_record
TN:
SF:src/components/dialogs/modal-base/ModalBaseScaleCrisp.tsx
FN:6,ModalBaseScaleCrisp
FN:7,(anonymous_1)
FNF:2
FNH:2
FNDA:1,ModalBaseScaleCrisp
FNDA:1,(anonymous_1)
DA:7,1
DA:11,1
LF:2
LH:2
BRF:0
BRH:0
end_of_record
TN:
SF:src/components/dialogs/modal-base/ModalBaseScaleGentlePop.tsx
FN:6,ModalBaseScaleGentlePop
FN:7,(anonymous_1)
FNF:2
FNH:2
FNDA:4,ModalBaseScaleGentlePop
FNDA:4,(anonymous_1)
DA:7,4
DA:11,4
LF:2
LH:2
BRF:0
BRH:0
end_of_record
TN:
SF:src/components/dialogs/modal-base/ModalBaseScaleHero.tsx
FN:6,ModalBaseScaleHero
FN:7,(anonymous_1)
FNF:2
FNH:0
FNDA:0,ModalBaseScaleHero
FNDA:0,(anonymous_1)
DA:7,0
DA:11,0
LF:2
LH:0
BRF:0
BRH:0
end_of_record
TN:
SF:src/components/dialogs/modal-base/ModalBaseShatterAssemble.tsx
FN:6,ModalBaseShatterAssemble
FN:7,(anonymous_1)
FNF:2
FNH:2
FNDA:4,ModalBaseShatterAssemble
FNDA:4,(anonymous_1)
DA:7,4
DA:11,4
LF:2
LH:2
BRF:0
BRH:0
end_of_record
TN:
SF:src/components/dialogs/modal-base/ModalBaseSlideDownHero.tsx
FN:6,ModalBaseSlideDownHero
FN:7,(anonymous_1)
FNF:2
FNH:0
FNDA:0,ModalBaseSlideDownHero
FNDA:0,(anonymous_1)
DA:7,0
DA:11,0
LF:2
LH:0
BRF:0
BRH:0
end_of_record
TN:
SF:src/components/dialogs/modal-base/ModalBaseSlideDownSoft.tsx
FN:6,ModalBaseSlideDownSoft
FN:7,(anonymous_1)
FNF:2
FNH:2
FNDA:4,ModalBaseSlideDownSoft
FNDA:4,(anonymous_1)
DA:7,4
DA:11,4
LF:2
LH:2
BRF:0
BRH:0
end_of_record
TN:
SF:src/components/dialogs/modal-base/ModalBaseSlideLeftDrift.tsx
FN:6,ModalBaseSlideLeftDrift
FN:7,(anonymous_1)
FNF:2
FNH:2
FNDA:4,ModalBaseSlideLeftDrift
FNDA:4,(anonymous_1)
DA:7,4
DA:11,4
LF:2
LH:2
BRF:0
BRH:0
end_of_record
TN:
SF:src/components/dialogs/modal-base/ModalBaseSlideRightDrift.tsx
FN:6,ModalBaseSlideRightDrift
FN:7,(anonymous_1)
FNF:2
FNH:2
FNDA:4,ModalBaseSlideRightDrift
FNDA:4,(anonymous_1)
DA:7,4
DA:11,4
LF:2
LH:2
BRF:0
BRH:0
end_of_record
TN:
SF:src/components/dialogs/modal-base/ModalBaseSlideUpCrisp.tsx
FN:6,ModalBaseSlideUpCrisp
FN:7,(anonymous_1)
FNF:2
FNH:0
FNDA:0,ModalBaseSlideUpCrisp
FNDA:0,(anonymous_1)
DA:7,0
DA:11,0
LF:2
LH:0
BRF:0
BRH:0
end_of_record
TN:
SF:src/components/dialogs/modal-base/ModalBaseSlideUpSoft.tsx
FN:6,ModalBaseSlideUpSoft
FN:7,(anonymous_1)
FNF:2
FNH:2
FNDA:4,ModalBaseSlideUpSoft
FNDA:4,(anonymous_1)
DA:7,4
DA:11,4
LF:2
LH:2
BRF:0
BRH:0
end_of_record
TN:
SF:src/components/dialogs/modal-base/ModalBaseSpringBounce.tsx
FN:7,ModalBaseSpringBounce
FNF:1
FNH:1
FNDA:4,ModalBaseSpringBounce
DA:8,4
DA:21,4
DA:40,4
LF:3
LH:3
BRF:0
BRH:0
end_of_record
TN:
SF:src/components/dialogs/modal-base/ModalBaseTvTurnOn.tsx
FN:6,ModalBaseTvTurnOn
FN:7,(anonymous_1)
FNF:2
FNH:2
FNDA:4,ModalBaseTvTurnOn
FNDA:4,(anonymous_1)
DA:7,4
DA:11,4
LF:2
LH:2
BRF:0
BRH:0
end_of_record
TN:
SF:src/components/dialogs/modal-base/ModalBaseUnfoldOrigami.tsx
FN:6,ModalBaseUnfoldOrigami
FN:7,(anonymous_1)
FNF:2
FNH:2
FNDA:4,ModalBaseUnfoldOrigami
FNDA:4,(anonymous_1)
DA:7,4
DA:11,4
LF:2
LH:2
BRF:0
BRH:0
end_of_record
TN:
SF:src/components/dialogs/modal-base/ModalBaseZoomElastic.tsx
FN:6,ModalBaseZoomElastic
FN:7,(anonymous_1)
FNF:2
FNH:2
FNDA:4,ModalBaseZoomElastic
FNDA:4,(anonymous_1)
DA:7,4
DA:11,4
LF:2
LH:2
BRF:0
BRH:0
end_of_record
TN:
SF:src/components/dialogs/modal-base/index.ts
FNF:0
FNH:0
DA:35,7
LF:1
LH:1
BRF:0
BRH:0
end_of_record
TN:
SF:src/components/dialogs/modal-content/ModalContentButtonsStagger2.tsx
FN:4,ModalContentButtonsStagger2
FN:7,(anonymous_1)
FN:9,(anonymous_2)
FN:37,(anonymous_3)
FN:45,(anonymous_4)
FNF:5
FNH:5
FNDA:4,ModalContentButtonsStagger2
FNDA:4,(anonymous_1)
FNDA:8,(anonymous_2)
FNDA:8,(anonymous_3)
FNDA:8,(anonymous_4)
DA:5,4
DA:7,4
DA:9,4
DA:10,8
DA:12,8
DA:13,8
DA:16,8
DA:17,8
DA:18,8
DA:19,8
DA:24,4
DA:38,8
DA:46,8
LF:13
LH:13
BRDA:10,0,0,8
BRDA:10,0,1,0
BRF:2
BRH:1
end_of_record
TN:
SF:src/components/dialogs/modal-content/ModalContentButtonsStagger3.tsx
FN:4,ModalContentButtonsStagger3
FN:7,(anonymous_1)
FN:9,(anonymous_2)
FN:37,(anonymous_3)
FN:45,(anonymous_4)
FN:53,(anonymous_5)
FNF:6
FNH:6
FNDA:4,ModalContentButtonsStagger3
FNDA:4,(anonymous_1)
FNDA:12,(anonymous_2)
FNDA:8,(anonymous_3)
FNDA:8,(anonymous_4)
FNDA:8,(anonymous_5)
DA:5,4
DA:7,4
DA:9,4
DA:10,12
DA:12,12
DA:13,12
DA:16,12
DA:17,12
DA:18,12
DA:19,12
DA:24,4
DA:38,8
DA:46,8
DA:54,8
LF:14
LH:14
BRDA:10,0,0,12
BRDA:10,0,1,0
BRF:2
BRH:1
end_of_record
TN:
SF:src/components/dialogs/modal-content/ModalContentFormFieldGradient.tsx
FN:4,ModalContentFormFieldGradient
FN:8,(anonymous_1)
FN:10,(anonymous_2)
FN:25,(anonymous_3)
FN:52,(anonymous_4)
FN:61,(anonymous_5)
FN:70,(anonymous_6)
FN:82,(anonymous_7)
FN:90,(anonymous_8)
FNF:9
FNH:9
FNDA:4,ModalContentFormFieldGradient
FNDA:4,(anonymous_1)
FNDA:12,(anonymous_2)
FNDA:8,(anonymous_3)
FNDA:8,(anonymous_4)
FNDA:8,(anonymous_5)
FNDA:8,(anonymous_6)
FNDA:8,(anonymous_7)
FNDA:8,(anonymous_8)
DA:5,4
DA:6,4
DA:8,4
DA:10,4
DA:11,12
DA:13,12
DA:14,12
DA:17,12
DA:18,12
DA:19,12
DA:20,12
DA:25,4
DA:26,8
DA:28,8
DA:29,8
DA:32,8
DA:33,8
DA:34,8
DA:35,8
DA:40,4
DA:53,8
DA:62,8
DA:71,8
DA:83,8
DA:91,8
LF:25
LH:25
BRDA:11,0,0,12
BRDA:11,0,1,0
BRDA:26,1,0,8
BRDA:26,1,1,0
BRF:4
BRH:2
end_of_record
TN:
SF:src/components/dialogs/modal-content/ModalContentFormFieldLeftReveal.tsx
FN:4,ModalContentFormFieldLeftReveal
FN:8,(anonymous_1)
FN:10,(anonymous_2)
FN:25,(anonymous_3)
FN:52,(anonymous_4)
FN:61,(anonymous_5)
FN:70,(anonymous_6)
FN:82,(anonymous_7)
FN:90,(anonymous_8)
FNF:9
FNH:9
FNDA:4,ModalContentFormFieldLeftReveal
FNDA:4,(anonymous_1)
FNDA:12,(anonymous_2)
FNDA:8,(anonymous_3)
FNDA:8,(anonymous_4)
FNDA:8,(anonymous_5)
FNDA:8,(anonymous_6)
FNDA:8,(anonymous_7)
FNDA:8,(anonymous_8)
DA:5,4
DA:6,4
DA:8,4
DA:10,4
DA:11,12
DA:13,12
DA:14,12
DA:17,12
DA:18,12
DA:19,12
DA:20,12
DA:25,4
DA:26,8
DA:28,8
DA:29,8
DA:32,8
DA:33,8
DA:34,8
DA:35,8
DA:40,4
DA:53,8
DA:62,8
DA:71,8
DA:83,8
DA:91,8
LF:25
LH:25
BRDA:11,0,0,12
BRDA:11,0,1,0
BRDA:26,1,0,8
BRDA:26,1,1,0
BRF:4
BRH:2
end_of_record
TN:
SF:src/components/dialogs/modal-content/ModalContentFormFieldRightReveal.tsx
FN:4,ModalContentFormFieldRightReveal
FN:8,(anonymous_1)
FN:10,(anonymous_2)
FN:25,(anonymous_3)
FN:52,(anonymous_4)
FN:61,(anonymous_5)
FN:70,(anonymous_6)
FN:79,(anonymous_7)
FN:91,(anonymous_8)
FN:99,(anonymous_9)
FNF:10
FNH:10
FNDA:4,ModalContentFormFieldRightReveal
FNDA:4,(anonymous_1)
FNDA:16,(anonymous_2)
FNDA:8,(anonymous_3)
FNDA:8,(anonymous_4)
FNDA:8,(anonymous_5)
FNDA:8,(anonymous_6)
FNDA:8,(anonymous_7)
FNDA:8,(anonymous_8)
FNDA:8,(anonymous_9)
DA:5,4
DA:6,4
DA:8,4
DA:10,4
DA:11,16
DA:13,16
DA:14,16
DA:17,16
DA:18,16
DA:19,16
DA:20,16
DA:25,4
DA:26,8
DA:28,8
DA:29,8
DA:32,8
DA:33,8
DA:34,8
DA:35,8
DA:40,4
DA:53,8
DA:62,8
DA:71,8
DA:80,8
DA:92,8
DA:100,8
LF:26
LH:26
BRDA:11,0,0,16
BRDA:11,0,1,0
BRDA:26,1,0,8
BRDA:26,1,1,0
BRF:4
BRH:2
end_of_record
TN:
SF:src/components/dialogs/modal-content/ModalContentListSoftStagger.tsx
FN:4,ModalContentListSoftStagger
FN:8,(anonymous_1)
FN:10,(anonymous_2)
FN:25,(anonymous_3)
FN:50,(anonymous_4)
FN:58,(anonymous_5)
FN:66,(anonymous_6)
FN:74,(anonymous_7)
FN:82,(anonymous_8)
FN:93,(anonymous_9)
FN:101,(anonymous_10)
FNF:11
FNH:11
FNDA:6,ModalContentListSoftStagger
FNDA:6,(anonymous_1)
FNDA:30,(anonymous_2)
FNDA:12,(anonymous_3)
FNDA:12,(anonymous_4)
FNDA:12,(anonymous_5)
FNDA:12,(anonymous_6)
FNDA:12,(anonymous_7)
FNDA:12,(anonymous_8)
FNDA:12,(anonymous_9)
FNDA:12,(anonymous_10)
DA:5,6
DA:6,6
DA:8,6
DA:10,6
DA:11,30
DA:13,30
DA:14,30
DA:17,30
DA:18,30
DA:19,30
DA:20,30
DA:25,6
DA:26,12
DA:27,12
DA:28,12
DA:30,12
DA:31,12
DA:32,12
DA:33,12
DA:38,6
DA:51,12
DA:59,12
DA:67,12
DA:75,12
DA:83,12
DA:94,12
DA:102,12
LF:27
LH:27
BRDA:11,0,0,30
BRDA:11,0,1,0
BRDA:26,1,0,12
BRDA:26,1,1,0
BRF:4
BRH:2
end_of_record
TN:
SF:src/components/dialogs/modal-content/ModalContentListSpotlight.tsx
FN:4,ModalContentListSpotlight
FN:8,(anonymous_1)
FN:10,(anonymous_2)
FN:27,(anonymous_3)
FN:54,(anonymous_4)
FN:62,(anonymous_5)
FN:70,(anonymous_6)
FN:81,(anonymous_7)
FN:89,(anonymous_8)
FNF:9
FNH:9
FNDA:4,ModalContentListSpotlight
FNDA:4,(anonymous_1)
FNDA:12,(anonymous_2)
FNDA:8,(anonymous_3)
FNDA:8,(anonymous_4)
FNDA:8,(anonymous_5)
FNDA:8,(anonymous_6)
FNDA:8,(anonymous_7)
FNDA:8,(anonymous_8)
DA:5,4
DA:6,4
DA:8,4
DA:10,4
DA:11,12
DA:13,12
DA:14,12
DA:17,12
DA:18,12
DA:19,12
DA:20,12
DA:22,12
DA:27,4
DA:28,8
DA:30,8
DA:31,8
DA:34,8
DA:35,8
DA:36,8
DA:37,8
DA:42,4
DA:55,8
DA:63,8
DA:71,8
DA:82,8
DA:90,8
LF:26
LH:26
BRDA:11,0,0,12
BRDA:11,0,1,0
BRDA:28,1,0,8
BRDA:28,1,1,0
BRF:4
BRH:2
end_of_record
TN:
SF:src/components/dialogs/modal-content/ModalContentListVerticalWipe.tsx
FN:4,ModalContentListVerticalWipe
FN:8,(anonymous_1)
FN:10,(anonymous_2)
FN:26,(anonymous_3)
FN:53,(anonymous_4)
FN:61,(anonymous_5)
FN:69,(anonymous_6)
FN:77,(anonymous_7)
FN:88,(anonymous_8)
FN:96,(anonymous_9)
FNF:10
FNH:10
FNDA:4,ModalContentListVerticalWipe
FNDA:4,(anonymous_1)
FNDA:16,(anonymous_2)
FNDA:8,(anonymous_3)
FNDA:8,(anonymous_4)
FNDA:8,(anonymous_5)
FNDA:8,(anonymous_6)
FNDA:8,(anonymous_7)
FNDA:8,(anonymous_8)
FNDA:8,(anonymous_9)
DA:5,4
DA:6,4
DA:8,4
DA:10,4
DA:11,16
DA:13,16
DA:14,16
DA:17,16
DA:18,16
DA:19,16
DA:20,16
DA:21,16
DA:26,4
DA:27,8
DA:29,8
DA:30,8
DA:33,8
DA:34,8
DA:35,8
DA:36,8
DA:41,4
DA:54,8
DA:62,8
DA:70,8
DA:78,8
DA:89,8
DA:97,8
LF:27
LH:27
BRDA:11,0,0,16
BRDA:11,0,1,0
BRDA:27,1,0,8
BRDA:27,1,1,0
BRF:4
BRH:2
end_of_record
TN:
SF:src/components/dialogs/modal-content/index.ts
FNF:0
FNH:0
DA:21,7
LF:1
LH:1
BRF:0
BRH:0
end_of_record
TN:
SF:src/components/dialogs/modal-dismiss/MockContent.tsx
FN:10,MockContent
FNF:1
FNH:1
FNDA:30,MockContent
DA:11,30
LF:1
LH:1
BRF:0
BRH:0
end_of_record
TN:
SF:src/components/dialogs/modal-dismiss/ModalDismissSnackbarScale.tsx
FN:4,ModalDismissSnackbarScale
FN:9,(anonymous_1)
FN:73,(anonymous_2)
FN:87,(anonymous_3)
FN:89,(anonymous_4)
FN:90,(anonymous_5)
FNF:6
FNH:3
FNDA:4,ModalDismissSnackbarScale
FNDA:4,(anonymous_1)
FNDA:0,(anonymous_2)
FNDA:4,(anonymous_3)
FNDA:0,(anonymous_4)
FNDA:0,(anonymous_5)
DA:5,4
DA:6,4
DA:9,4
DA:10,4
DA:11,4
DA:12,4
DA:15,4
DA:16,4
DA:17,4
DA:19,4
DA:20,4
DA:21,4
DA:24,4
DA:30,4
DA:37,4
DA:44,4
DA:73,4
DA:74,0
DA:80,0
DA:87,4
DA:88,4
DA:89,4
DA:90,4
DA:94,4
LF:24
LH:22
BRDA:12,0,0,0
BRDA:12,0,1,4
BRDA:12,1,0,4
BRDA:12,1,1,4
BRF:4
BRH:3
end_of_record
TN:
SF:src/components/dialogs/modal-dismiss/ModalDismissSnackbarWipe.tsx
FN:4,ModalDismissSnackbarWipe
FN:9,(anonymous_1)
FN:54,(anonymous_2)
FN:80,(anonymous_3)
FN:86,(anonymous_4)
FN:88,(anonymous_5)
FN:89,(anonymous_6)
FNF:7
FNH:3
FNDA:4,ModalDismissSnackbarWipe
FNDA:4,(anonymous_1)
FNDA:0,(anonymous_2)
FNDA:0,(anonymous_3)
FNDA:4,(anonymous_4)
FNDA:0,(anonymous_5)
FNDA:0,(anonymous_6)
DA:5,4
DA:6,4
DA:9,4
DA:10,4
DA:11,4
DA:12,4
DA:15,4
DA:16,4
DA:17,4
DA:18,4
DA:20,4
DA:21,4
DA:22,4
DA:25,4
DA:40,4
DA:47,4
DA:54,4
DA:55,0
DA:70,0
DA:78,4
DA:81,0
DA:86,4
DA:87,4
DA:88,4
DA:89,4
DA:93,4
LF:26
LH:23
BRDA:12,0,0,0
BRDA:12,0,1,4
BRDA:12,1,0,4
BRDA:12,1,1,4
BRF:4
BRH:3
end_of_record
TN:
SF:src/components/dialogs/modal-dismiss/ModalDismissToastDrop.tsx
FN:4,ModalDismissToastDrop
FN:8,(anonymous_1)
FN:43,(anonymous_2)
FN:57,(anonymous_3)
FN:59,(anonymous_4)
FN:60,(anonymous_5)
FNF:6
FNH:3
FNDA:4,ModalDismissToastDrop
FNDA:4,(anonymous_1)
FNDA:0,(anonymous_2)
FNDA:4,(anonymous_3)
FNDA:0,(anonymous_4)
FNDA:0,(anonymous_5)
DA:5,4
DA:6,4
DA:8,4
DA:9,4
DA:10,4
DA:11,4
DA:14,4
DA:15,4
DA:16,4
DA:18,4
DA:19,4
DA:20,4
DA:23,4
DA:29,4
DA:36,4
DA:43,4
DA:44,0
DA:50,0
DA:57,4
DA:58,4
DA:59,4
DA:60,4
DA:64,4
LF:23
LH:21
BRDA:11,0,0,0
BRDA:11,0,1,4
BRDA:11,1,0,4
BRDA:11,1,1,4
BRF:4
BRH:3
end_of_record
TN:
SF:src/components/dialogs/modal-dismiss/ModalDismissToastFadeProgress.tsx
FN:4,ModalDismissToastFadeProgress
FN:9,(anonymous_1)
FN:43,(anonymous_2)
FN:57,(anonymous_3)
FN:59,(anonymous_4)
FN:60,(anonymous_5)
FNF:6
FNH:3
FNDA:4,ModalDismissToastFadeProgress
FNDA:4,(anonymous_1)
FNDA:0,(anonymous_2)
FNDA:4,(anonymous_3)
FNDA:0,(anonymous_4)
FNDA:0,(anonymous_5)
DA:5,4
DA:6,4
DA:9,4
DA:10,4
DA:11,4
DA:12,4
DA:15,4
DA:16,4
DA:17,4
DA:19,4
DA:20,4
DA:21,4
DA:24,4
DA:29,4
DA:36,4
DA:43,4
DA:44,0
DA:50,0
DA:57,4
DA:58,4
DA:59,4
DA:60,4
DA:64,4
LF:23
LH:21
BRDA:12,0,0,0
BRDA:12,0,1,4
BRDA:12,1,0,4
BRDA:12,1,1,4
BRF:4
BRH:3
end_of_record
TN:
SF:src/components/dialogs/modal-dismiss/ModalDismissToastRaise.tsx
FN:4,ModalDismissToastRaise
FN:9,(anonymous_1)
FN:44,(anonymous_2)
FN:58,(anonymous_3)
FN:60,(anonymous_4)
FN:61,(anonymous_5)
FNF:6
FNH:4
FNDA:6,ModalDismissToastRaise
FNDA:6,(anonymous_1)
FNDA:1,(anonymous_2)
FNDA:6,(anonymous_3)
FNDA:0,(anonymous_4)
FNDA:0,(anonymous_5)
DA:5,6
DA:6,6
DA:9,6
DA:10,6
DA:11,6
DA:12,6
DA:15,6
DA:16,6
DA:17,6
DA:19,6
DA:20,6
DA:21,6
DA:24,6
DA:30,6
DA:37,6
DA:44,6
DA:45,1
DA:51,1
DA:58,6
DA:59,6
DA:60,6
DA:61,6
DA:65,6
LF:23
LH:23
BRDA:12,0,0,0
BRDA:12,0,1,6
BRDA:12,1,0,6
BRDA:12,1,1,6
BRF:4
BRH:3
end_of_record
TN:
SF:src/components/dialogs/modal-dismiss/ModalDismissToastSlideLeft.tsx
FN:4,ModalDismissToastSlideLeft
FN:8,(anonymous_1)
FN:43,(anonymous_2)
FN:57,(anonymous_3)
FN:59,(anonymous_4)
FN:60,(anonymous_5)
FNF:6
FNH:3
FNDA:4,ModalDismissToastSlideLeft
FNDA:4,(anonymous_1)
FNDA:0,(anonymous_2)
FNDA:4,(anonymous_3)
FNDA:0,(anonymous_4)
FNDA:0,(anonymous_5)
DA:5,4
DA:6,4
DA:8,4
DA:9,4
DA:10,4
DA:11,4
DA:14,4
DA:15,4
DA:16,4
DA:18,4
DA:19,4
DA:20,4
DA:23,4
DA:29,4
DA:36,4
DA:43,4
DA:44,0
DA:50,0
DA:57,4
DA:58,4
DA:59,4
DA:60,4
DA:64,4
LF:23
LH:21
BRDA:11,0,0,0
BRDA:11,0,1,4
BRDA:11,1,0,4
BRDA:11,1,1,4
BRF:4
BRH:3
end_of_record
TN:
SF:src/components/dialogs/modal-dismiss/ModalDismissToastSlideRight.tsx
FN:4,ModalDismissToastSlideRight
FN:8,(anonymous_1)
FN:43,(anonymous_2)
FN:57,(anonymous_3)
FN:59,(anonymous_4)
FN:60,(anonymous_5)
FNF:6
FNH:3
FNDA:4,ModalDismissToastSlideRight
FNDA:4,(anonymous_1)
FNDA:0,(anonymous_2)
FNDA:4,(anonymous_3)
FNDA:0,(anonymous_4)
FNDA:0,(anonymous_5)
DA:5,4
DA:6,4
DA:8,4
DA:9,4
DA:10,4
DA:11,4
DA:14,4
DA:15,4
DA:16,4
DA:18,4
DA:19,4
DA:20,4
DA:23,4
DA:29,4
DA:36,4
DA:43,4
DA:44,0
DA:50,0
DA:57,4
DA:58,4
DA:59,4
DA:60,4
DA:64,4
LF:23
LH:21
BRDA:11,0,0,0
BRDA:11,0,1,4
BRDA:11,1,0,4
BRDA:11,1,1,4
BRF:4
BRH:3
end_of_record
TN:
SF:src/components/dialogs/modal-dismiss/index.ts
FNF:0
FNH:0
DA:19,7
LF:1
LH:1
BRF:0
BRH:0
end_of_record
TN:
SF:src/components/dialogs/modal-orchestration/ModalOrchestrationComparisonMorph.tsx
FN:4,ModalOrchestrationComparisonMorph
FN:42,(anonymous_1)
FNF:2
FNH:2
FNDA:4,ModalOrchestrationComparisonMorph
FNDA:8,(anonymous_1)
DA:5,4
DA:7,4
DA:17,4
DA:34,4
DA:43,8
LF:5
LH:5
BRDA:44,0,0,4
BRDA:44,0,1,4
BRDA:46,1,0,4
BRDA:46,1,1,4
BRDA:59,2,0,4
BRDA:59,2,1,4
BRF:6
BRH:6
end_of_record
TN:
SF:src/components/dialogs/modal-orchestration/ModalOrchestrationFlipReveal.tsx
FN:5,ModalOrchestrationFlipReveal
FN:8,(anonymous_1)
FN:16,(anonymous_2)
FN:17,(anonymous_3)
FN:64,(anonymous_4)
FN:72,(anonymous_5)
FNF:6
FNH:3
FNDA:4,ModalOrchestrationFlipReveal
FNDA:24,(anonymous_1)
FNDA:0,(anonymous_2)
FNDA:0,(anonymous_3)
FNDA:24,(anonymous_4)
FNDA:0,(anonymous_5)
DA:6,4
DA:8,24
DA:16,4
DA:17,0
DA:18,0
DA:19,0
DA:20,0
DA:22,0
DA:24,0
DA:28,4
DA:38,4
DA:55,4
DA:65,24
DA:67,24
DA:72,0
LF:15
LH:8
BRDA:19,0,0,0
BRDA:19,0,1,0
BRDA:81,1,0,0
BRDA:81,1,1,24
BRF:4
BRH:1
end_of_record
TN:
SF:src/components/dialogs/modal-orchestration/ModalOrchestrationGridHighlight.tsx
FN:4,ModalOrchestrationGridHighlight
FN:43,(anonymous_1)
FNF:2
FNH:0
FNDA:0,ModalOrchestrationGridHighlight
FNDA:0,(anonymous_1)
DA:5,0
DA:7,0
DA:17,0
DA:34,0
DA:44,0
LF:5
LH:0
BRF:0
BRH:0
end_of_record
TN:
SF:src/components/dialogs/modal-orchestration/ModalOrchestrationMagneticHover.tsx
FN:4,ModalOrchestrationMagneticHover
FN:5,(anonymous_1)
FN:47,(anonymous_2)
FNF:3
FNH:3
FNDA:4,ModalOrchestrationMagneticHover
FNDA:24,(anonymous_1)
FNDA:24,(anonymous_2)
DA:5,24
DA:11,4
DA:21,4
DA:38,4
DA:48,24
LF:5
LH:5
BRF:0
BRH:0
end_of_record
TN:
SF:src/components/dialogs/modal-orchestration/ModalOrchestrationMultiStepProgressive.tsx
FN:4,ModalOrchestrationMultiStepProgressive
FN:56,(anonymous_1)
FN:64,(anonymous_2)
FNF:3
FNH:0
FNDA:0,ModalOrchestrationMultiStepProgressive
FNDA:0,(anonymous_1)
FNDA:0,(anonymous_2)
DA:5,0
DA:7,0
DA:17,0
DA:32,0
DA:47,0
DA:57,0
DA:65,0
LF:7
LH:0
BRF:0
BRH:0
end_of_record
TN:
SF:src/components/dialogs/modal-orchestration/ModalOrchestrationSelectionGrid.tsx
FN:4,ModalOrchestrationSelectionGrid
FN:40,(anonymous_1)
FNF:2
FNH:2
FNDA:4,ModalOrchestrationSelectionGrid
FNDA:24,(anonymous_1)
DA:5,4
DA:7,4
DA:17,4
DA:32,4
DA:41,24
LF:5
LH:5
BRF:0
BRH:0
end_of_record
TN:
SF:src/components/dialogs/modal-orchestration/ModalOrchestrationSpringPhysics.tsx
FN:4,ModalOrchestrationSpringPhysics
FN:5,(anonymous_1)
FN:49,(anonymous_2)
FNF:3
FNH:3
FNDA:4,ModalOrchestrationSpringPhysics
FNDA:24,(anonymous_1)
FNDA:24,(anonymous_2)
DA:5,24
DA:11,4
DA:21,4
DA:40,4
DA:50,24
LF:5
LH:5
BRF:0
BRH:0
end_of_record
TN:
SF:src/components/dialogs/modal-orchestration/ModalOrchestrationStaggerInview.tsx
FN:5,ModalOrchestrationStaggerInview
FN:36,(anonymous_1)
FN:54,(anonymous_2)
FNF:3
FNH:3
FNDA:6,ModalOrchestrationStaggerInview
FNDA:72,(anonymous_1)
FNDA:72,(anonymous_2)
DA:6,6
DA:7,6
DA:9,6
DA:19,6
DA:36,72
DA:42,6
DA:55,72
LF:7
LH:7
BRDA:52,0,0,2
BRDA:52,0,1,4
BRF:2
BRH:2
end_of_record
TN:
SF:src/components/dialogs/modal-orchestration/ModalOrchestrationTabMorph.tsx
FN:5,ModalOrchestrationTabMorph
FN:66,(anonymous_1)
FN:71,(anonymous_2)
FNF:3
FNH:2
FNDA:4,ModalOrchestrationTabMorph
FNDA:16,(anonymous_1)
FNDA:0,(anonymous_2)
DA:6,4
DA:7,4
DA:9,4
DA:19,4
DA:34,4
DA:57,4
DA:67,16
DA:71,0
LF:8
LH:7
BRDA:69,0,0,4
BRDA:69,0,1,12
BRF:2
BRH:2
end_of_record
TN:
SF:src/components/dialogs/modal-orchestration/ModalOrchestrationTabSlide.tsx
FN:4,ModalOrchestrationTabSlide
FN:58,(anonymous_1)
FN:66,(anonymous_2)
FNF:3
FNH:0
FNDA:0,ModalOrchestrationTabSlide
FNDA:0,(anonymous_1)
FNDA:0,(anonymous_2)
DA:5,0
DA:7,0
DA:17,0
DA:32,0
DA:49,0
DA:59,0
DA:67,0
LF:7
LH:0
BRF:0
BRH:0
end_of_record
TN:
SF:src/components/dialogs/modal-orchestration/ModalOrchestrationWizardFadeCross.tsx
FN:4,ModalOrchestrationWizardFadeCross
FN:41,(anonymous_1)
FNF:2
FNH:2
FNDA:4,ModalOrchestrationWizardFadeCross
FNDA:12,(anonymous_1)
DA:5,4
DA:7,4
DA:17,4
DA:32,4
DA:42,12
LF:5
LH:5
BRF:0
BRH:0
end_of_record
TN:
SF:src/components/dialogs/modal-orchestration/ModalOrchestrationWizardScaleRotate.tsx
FN:4,ModalOrchestrationWizardScaleRotate
FN:58,(anonymous_1)
FN:70,(anonymous_2)
FNF:3
FNH:3
FNDA:4,ModalOrchestrationWizardScaleRotate
FNDA:12,(anonymous_1)
FNDA:12,(anonymous_2)
DA:5,4
DA:7,4
DA:17,4
DA:32,4
DA:49,4
DA:59,12
DA:71,12
LF:7
LH:7
BRDA:61,0,0,4
BRDA:61,0,1,8
BRDA:73,1,0,4
BRDA:73,1,1,8
BRF:4
BRH:4
end_of_record
TN:
SF:src/components/dialogs/modal-orchestration/ModalOrchestrationWizardSlideStack.tsx
FN:4,ModalOrchestrationWizardSlideStack
FN:45,(anonymous_1)
FNF:2
FNH:2
FNDA:4,ModalOrchestrationWizardSlideStack
FNDA:12,(anonymous_1)
DA:5,4
DA:7,4
DA:19,4
DA:36,4
DA:46,12
LF:5
LH:5
BRF:0
BRH:0
end_of_record
TN:
SF:src/components/dialogs/modal-orchestration/index.ts
FNF:0
FNH:0
DA:25,7
LF:1
LH:1
BRF:0
BRH:0
end_of_record
TN:
SF:src/components/progress/loading-states/LoadingStatesDotsPortal.tsx
FN:3,LoadingStatesDotsPortal
FNF:1
FNH:1
FNDA:4,LoadingStatesDotsPortal
DA:4,4
LF:1
LH:1
BRF:0
BRH:0
end_of_record
TN:
SF:src/components/progress/loading-states/LoadingStatesDotsRise.tsx
FN:3,LoadingStatesDotsRise
FNF:1
FNH:1
FNDA:4,LoadingStatesDotsRise
DA:4,4
LF:1
LH:1
BRF:0
BRH:0
end_of_record
TN:
SF:src/components/progress/loading-states/LoadingStatesRingMulti.tsx
FN:3,LoadingStatesRingMulti
FNF:1
FNH:1
FNDA:4,LoadingStatesRingMulti
DA:4,4
LF:1
LH:1
BRF:0
BRH:0
end_of_record
TN:
SF:src/components/progress/loading-states/LoadingStatesRingProgress.tsx
FN:3,LoadingStatesRingProgress
FNF:1
FNH:1
FNDA:4,LoadingStatesRingProgress
DA:4,4
DA:6,4
LF:2
LH:2
BRF:0
BRH:0
end_of_record
TN:
SF:src/components/progress/loading-states/LoadingStatesSkeletonCard.tsx
FN:3,LoadingStatesSkeletonCard
FNF:1
FNH:1
FNDA:4,LoadingStatesSkeletonCard
DA:4,4
LF:1
LH:1
BRF:0
BRH:0
end_of_record
TN:
SF:src/components/progress/loading-states/LoadingStatesSkeletonHorizontal.tsx
FN:3,LoadingStatesSkeletonHorizontal
FNF:1
FNH:1
FNDA:4,LoadingStatesSkeletonHorizontal
DA:4,4
LF:1
LH:1
BRF:0
BRH:0
end_of_record
TN:
SF:src/components/progress/loading-states/LoadingStatesSkeletonTile.tsx
FN:3,LoadingStatesSkeletonTile
FNF:1
FNH:1
FNDA:4,LoadingStatesSkeletonTile
DA:4,4
LF:1
LH:1
BRF:0
BRH:0
end_of_record
TN:
SF:src/components/progress/loading-states/LoadingStatesSkeletonVertical.tsx
FN:3,LoadingStatesSkeletonVertical
FNF:1
FNH:1
FNDA:4,LoadingStatesSkeletonVertical
DA:4,4
LF:1
LH:1
BRF:0
BRH:0
end_of_record
TN:
SF:src/components/progress/loading-states/LoadingStatesSpinnerDualRing.tsx
FN:3,LoadingStatesSpinnerDualRing
FNF:1
FNH:1
FNDA:4,LoadingStatesSpinnerDualRing
DA:4,4
LF:1
LH:1
BRF:0
BRH:0
end_of_record
TN:
SF:src/components/progress/loading-states/LoadingStatesSpinnerGalaxy.tsx
FN:3,LoadingStatesSpinnerGalaxy
FNF:1
FNH:1
FNDA:4,LoadingStatesSpinnerGalaxy
DA:4,4
LF:1
LH:1
BRF:0
BRH:0
end_of_record
TN:
SF:src/components/progress/loading-states/LoadingStatesSpinnerOrbital.tsx
FN:3,LoadingStatesSpinnerOrbital
FNF:1
FNH:1
FNDA:4,LoadingStatesSpinnerOrbital
DA:4,4
LF:1
LH:1
BRF:0
BRH:0
end_of_record
TN:
SF:src/components/progress/loading-states/index.ts
FNF:0
FNH:0
DA:27,7
LF:1
LH:1
BRF:0
BRH:0
end_of_record
TN:
SF:src/components/progress/progress-bars/ProgressBarsProgressBounce.tsx
FN:4,ProgressBarsProgressBounce
FN:7,(anonymous_1)
FN:18,(anonymous_2)
FN:99,(anonymous_3)
FN:100,(anonymous_4)
FN:101,(anonymous_5)
FN:130,(anonymous_6)
FN:163,(anonymous_7)
FN:168,(anonymous_8)
FN:170,(anonymous_9)
FNF:10
FNH:6
FNDA:4,ProgressBarsProgressBounce
FNDA:4,(anonymous_1)
FNDA:0,(anonymous_2)
FNDA:0,(anonymous_3)
FNDA:0,(anonymous_4)
FNDA:0,(anonymous_5)
FNDA:4,(anonymous_6)
FNDA:20,(anonymous_7)
FNDA:4,(anonymous_8)
FNDA:20,(anonymous_9)
DA:5,4
DA:7,4
DA:8,4
DA:9,4
DA:11,4
DA:12,4
DA:13,4
DA:14,4
DA:17,4
DA:18,4
DA:21,4
DA:22,4
DA:23,4
DA:26,4
DA:27,4
DA:28,4
DA:29,4
DA:30,4
DA:31,4
DA:34,4
DA:35,4
DA:36,12
DA:37,12
DA:38,12
DA:39,12
DA:40,12
DA:41,12
DA:42,12
DA:43,12
DA:44,12
DA:45,12
DA:46,12
DA:47,12
DA:48,12
DA:52,4
DA:53,4
DA:54,4
DA:55,4
DA:56,4
DA:58,4
DA:59,4
DA:60,4
DA:62,4
DA:65,4
DA:85,4
DA:99,4
DA:100,0
DA:101,0
DA:102,0
DA:119,4
DA:130,4
DA:131,4
DA:132,20
DA:133,20
DA:134,20
DA:135,20
DA:136,20
DA:137,20
DA:138,20
DA:139,20
DA:140,20
DA:141,20
DA:142,20
DA:144,20
DA:145,20
DA:146,20
DA:163,20
DA:168,4
DA:169,4
DA:170,20
DA:174,4
LF:71
LH:68
BRDA:9,0,0,0
BRDA:9,0,1,4
BRDA:14,1,0,0
BRDA:14,1,1,4
BRDA:14,2,0,4
BRDA:14,2,1,4
BRDA:14,2,2,4
BRDA:139,3,0,12
BRDA:139,3,1,8
BRF:9
BRH:7
end_of_record
TN:
SF:src/components/progress/progress-bars/ProgressBarsProgressGradient.tsx
FN:4,ProgressBarsProgressGradient
FN:7,(anonymous_1)
FN:18,(anonymous_2)
FN:118,(anonymous_3)
FN:120,(anonymous_4)
FNF:5
FNH:4
FNDA:4,ProgressBarsProgressGradient
FNDA:4,(anonymous_1)
FNDA:0,(anonymous_2)
FNDA:4,(anonymous_3)
FNDA:12,(anonymous_4)
DA:5,4
DA:7,4
DA:8,4
DA:9,4
DA:11,4
DA:12,4
DA:13,4
DA:14,4
DA:17,4
DA:18,4
DA:21,4
DA:22,4
DA:23,4
DA:24,4
DA:25,4
DA:28,4
DA:29,4
DA:30,4
DA:31,4
DA:32,4
DA:34,4
DA:35,4
DA:36,4
DA:37,4
DA:40,4
DA:41,4
DA:42,4
DA:43,4
DA:44,4
DA:48,4
DA:49,4
DA:50,4
DA:51,4
DA:52,4
DA:53,4
DA:56,4
DA:57,4
DA:58,4
DA:59,4
DA:60,4
DA:64,4
DA:66,4
DA:67,4
DA:68,4
DA:70,4
DA:73,4
DA:80,4
DA:87,4
DA:103,4
DA:118,4
DA:119,4
DA:120,12
DA:124,4
LF:53
LH:53
BRDA:9,0,0,0
BRDA:9,0,1,4
BRDA:14,1,0,0
BRDA:14,1,1,4
BRDA:14,2,0,4
BRDA:14,2,1,4
BRDA:14,2,2,4
BRF:7
BRH:5
end_of_record
TN:
SF:src/components/progress/progress-bars/ProgressBarsProgressMilestones.tsx
FN:4,ProgressBarsProgressMilestones
FN:7,(anonymous_1)
FN:18,(anonymous_2)
FN:37,(anonymous_3)
FN:105,(anonymous_4)
FN:129,(anonymous_5)
FN:132,(anonymous_6)
FN:172,(anonymous_7)
FN:174,(anonymous_8)
FNF:9
FNH:8
FNDA:4,ProgressBarsProgressMilestones
FNDA:4,(anonymous_1)
FNDA:0,(anonymous_2)
FNDA:20,(anonymous_3)
FNDA:20,(anonymous_4)
FNDA:3,(anonymous_5)
FNDA:15,(anonymous_6)
FNDA:4,(anonymous_7)
FNDA:24,(anonymous_8)
DA:5,4
DA:7,4
DA:8,4
DA:9,4
DA:11,4
DA:12,4
DA:13,4
DA:14,4
DA:17,4
DA:18,4
DA:21,4
DA:22,4
DA:23,4
DA:26,4
DA:34,4
DA:37,4
DA:38,20
DA:39,20
DA:40,20
DA:41,20
DA:42,20
DA:43,20
DA:44,20
DA:45,20
DA:46,20
DA:47,20
DA:50,20
DA:51,20
DA:52,20
DA:53,20
DA:54,20
DA:55,20
DA:56,20
DA:57,20
DA:58,20
DA:61,20
DA:62,20
DA:63,20
DA:64,20
DA:65,20
DA:66,20
DA:68,20
DA:70,20
DA:71,20
DA:74,20
DA:75,20
DA:76,20
DA:77,20
DA:78,20
DA:79,20
DA:80,20
DA:81,20
DA:83,20
DA:93,4
DA:94,4
DA:95,4
DA:96,4
DA:97,4
DA:98,4
DA:99,4
DA:100,4
DA:101,4
DA:102,4
DA:103,4
DA:104,4
DA:105,4
DA:106,20
DA:107,20
DA:108,20
DA:109,20
DA:110,20
DA:111,20
DA:112,20
DA:113,20
DA:114,20
DA:115,20
DA:120,4
DA:121,4
DA:128,4
DA:129,4
DA:130,3
DA:131,3
DA:132,3
DA:133,15
DA:134,3
DA:137,3
DA:138,3
DA:140,3
DA:141,3
DA:144,3
DA:147,3
DA:157,3
DA:158,3
DA:159,3
DA:160,3
DA:165,3
DA:166,0
DA:169,4
DA:172,4
DA:173,4
DA:174,24
DA:175,4
DA:179,4
LF:103
LH:102
BRDA:9,0,0,0
BRDA:9,0,1,4
BRDA:14,1,0,0
BRDA:14,1,1,4
BRDA:14,2,0,4
BRDA:14,2,1,4
BRDA:14,2,2,4
BRDA:114,3,0,20
BRDA:114,3,1,0
BRDA:130,4,0,3
BRDA:130,4,1,0
BRDA:130,5,0,0
BRDA:130,5,1,3
BRDA:133,6,0,3
BRDA:133,6,1,12
BRDA:133,7,0,15
BRDA:133,7,1,3
BRDA:157,8,0,3
BRDA:157,8,1,0
BRDA:165,9,0,0
BRDA:165,9,1,3
BRF:21
BRH:14
end_of_record
TN:
SF:src/components/progress/progress-bars/ProgressBarsProgressSegmented.tsx
FN:4,ProgressBarsProgressSegmented
FN:7,(anonymous_1)
FN:18,(anonymous_2)
FN:105,(anonymous_3)
FN:107,(anonymous_4)
FN:134,(anonymous_5)
FN:136,(anonymous_6)
FNF:7
FNH:6
FNDA:5,ProgressBarsProgressSegmented
FNDA:5,(anonymous_1)
FNDA:0,(anonymous_2)
FNDA:20,(anonymous_3)
FNDA:4,(anonymous_4)
FNDA:5,(anonymous_5)
FNDA:10,(anonymous_6)
DA:5,5
DA:7,5
DA:8,5
DA:9,5
DA:11,5
DA:12,5
DA:13,5
DA:14,5
DA:17,5
DA:18,5
DA:21,5
DA:22,5
DA:23,5
DA:24,5
DA:25,5
DA:28,5
DA:29,5
DA:32,5
DA:33,5
DA:34,5
DA:35,5
DA:36,5
DA:37,5
DA:38,5
DA:41,5
DA:42,15
DA:43,15
DA:44,15
DA:45,15
DA:46,15
DA:47,15
DA:48,15
DA:49,15
DA:53,5
DA:54,5
DA:55,5
DA:56,5
DA:57,5
DA:58,5
DA:59,5
DA:60,5
DA:61,5
DA:62,5
DA:65,5
DA:66,5
DA:67,20
DA:68,20
DA:69,20
DA:71,20
DA:72,5
DA:73,15
DA:74,5
DA:76,10
DA:78,20
DA:79,20
DA:80,20
DA:81,20
DA:82,20
DA:85,5
DA:88,5
DA:105,5
DA:106,20
DA:107,20
DA:109,4
DA:110,4
DA:111,4
DA:112,4
DA:113,4
DA:114,4
DA:116,4
DA:122,4
DA:134,5
DA:135,5
DA:136,10
DA:140,5
LF:75
LH:75
BRDA:9,0,0,0
BRDA:9,0,1,5
BRDA:14,1,0,0
BRDA:14,1,1,5
BRDA:14,2,0,5
BRDA:14,2,1,5
BRDA:14,2,2,5
BRDA:48,3,0,15
BRDA:48,3,1,15
BRDA:71,4,0,5
BRDA:71,4,1,15
BRDA:73,5,0,5
BRDA:73,5,1,10
BRF:13
BRH:11
end_of_record
TN:
SF:src/components/progress/progress-bars/ProgressBarsProgressSpark.tsx
FN:10,ProgressBarsProgressSpark
FN:17,(anonymous_1)
FN:22,(anonymous_2)
FN:23,(anonymous_3)
FN:40,(anonymous_4)
FN:44,(anonymous_5)
FN:141,(anonymous_6)
FN:180,(anonymous_7)
FNF:8
FNH:8
FNDA:6,ProgressBarsProgressSpark
FNDA:2,(anonymous_1)
FNDA:80,(anonymous_2)
FNDA:80,(anonymous_3)
FNDA:1,(anonymous_4)
FNDA:2,(anonymous_5)
FNDA:20,(anonymous_6)
FNDA:24,(anonymous_7)
DA:11,6
DA:12,6
DA:13,6
DA:14,6
DA:15,6
DA:17,6
DA:19,2
DA:22,2
DA:23,80
DA:24,80
DA:25,20
DA:26,20
DA:28,60
DA:40,2
DA:41,1
DA:44,2
DA:45,2
DA:46,2
DA:47,2
DA:51,6
DA:142,20
DA:181,24
LF:22
LH:22
BRDA:24,0,0,20
BRDA:24,0,1,60
BRDA:61,1,0,4
BRDA:61,1,1,2
BRDA:76,2,0,4
BRDA:76,2,1,2
BRDA:93,3,0,4
BRDA:93,3,1,2
BRDA:110,4,0,4
BRDA:110,4,1,2
BRDA:126,5,0,4
BRDA:126,5,1,2
BRDA:155,6,0,20
BRDA:155,6,1,0
BRDA:174,7,0,4
BRDA:174,7,1,2
BRDA:178,8,0,6
BRDA:178,8,1,4
BRF:18
BRH:17
end_of_record
TN:
SF:src/components/progress/progress-bars/ProgressBarsProgressStriped.tsx
FN:4,ProgressBarsProgressStriped
FN:7,(anonymous_1)
FN:18,(anonymous_2)
FN:66,(anonymous_3)
FN:97,(anonymous_4)
FN:99,(anonymous_5)
FNF:6
FNH:5
FNDA:2,ProgressBarsProgressStriped
FNDA:2,(anonymous_1)
FNDA:0,(anonymous_2)
FNDA:2,(anonymous_3)
FNDA:2,(anonymous_4)
FNDA:4,(anonymous_5)
DA:5,2
DA:7,2
DA:8,2
DA:9,2
DA:11,2
DA:12,2
DA:13,2
DA:14,2
DA:17,2
DA:18,2
DA:21,2
DA:22,2
DA:23,2
DA:24,2
DA:25,2
DA:28,2
DA:29,2
DA:30,2
DA:31,2
DA:32,2
DA:39,2
DA:40,2
DA:41,2
DA:44,2
DA:45,2
DA:46,2
DA:47,2
DA:48,2
DA:50,2
DA:51,2
DA:52,2
DA:53,2
DA:55,2
DA:58,2
DA:65,2
DA:66,2
DA:67,2
DA:68,2
DA:70,0
DA:72,2
DA:73,0
DA:74,0
DA:75,0
DA:78,2
DA:81,2
DA:97,2
DA:98,2
DA:99,4
DA:103,2
LF:49
LH:45
BRDA:9,0,0,0
BRDA:9,0,1,2
BRDA:14,1,0,0
BRDA:14,1,1,2
BRDA:14,2,0,2
BRDA:14,2,1,2
BRDA:14,2,2,2
BRDA:67,3,0,2
BRDA:67,3,1,0
BRDA:72,4,0,0
BRDA:72,4,1,2
BRDA:73,5,0,0
BRDA:73,5,1,0
BRF:13
BRH:7
end_of_record
TN:
SF:src/components/progress/progress-bars/ProgressBarsProgressThin.tsx
FN:4,ProgressBarsProgressThin
FN:7,(anonymous_1)
FN:18,(anonymous_2)
FN:118,(anonymous_3)
FN:120,(anonymous_4)
FN:151,(anonymous_5)
FN:169,(anonymous_6)
FN:173,(anonymous_7)
FN:175,(anonymous_8)
FNF:9
FNH:8
FNDA:4,ProgressBarsProgressThin
FNDA:4,(anonymous_1)
FNDA:0,(anonymous_2)
FNDA:12,(anonymous_3)
FNDA:2,(anonymous_4)
FNDA:4,(anonymous_5)
FNDA:4,(anonymous_6)
FNDA:4,(anonymous_7)
FNDA:20,(anonymous_8)
DA:5,4
DA:7,4
DA:8,4
DA:9,4
DA:11,4
DA:12,4
DA:13,4
DA:14,4
DA:17,4
DA:18,4
DA:21,4
DA:22,4
DA:24,4
DA:25,4
DA:28,4
DA:29,4
DA:30,4
DA:31,4
DA:32,4
DA:33,4
DA:34,4
DA:37,4
DA:38,4
DA:39,4
DA:40,4
DA:41,4
DA:42,4
DA:43,4
DA:44,4
DA:45,4
DA:47,4
DA:49,4
DA:50,4
DA:53,4
DA:54,4
DA:55,12
DA:56,12
DA:57,12
DA:58,12
DA:59,12
DA:60,12
DA:61,12
DA:62,12
DA:63,12
DA:64,12
DA:65,12
DA:66,12
DA:67,12
DA:68,12
DA:72,4
DA:73,4
DA:74,4
DA:75,4
DA:76,4
DA:78,4
DA:79,4
DA:81,4
DA:82,4
DA:84,4
DA:87,4
DA:102,4
DA:118,4
DA:119,12
DA:121,2
DA:135,4
DA:151,4
DA:152,4
DA:153,4
DA:154,4
DA:155,4
DA:156,4
DA:157,4
DA:158,4
DA:160,4
DA:169,4
DA:173,4
DA:174,4
DA:175,20
DA:179,4
LF:79
LH:79
BRDA:9,0,0,0
BRDA:9,0,1,4
BRDA:14,1,0,0
BRDA:14,1,1,4
BRDA:14,2,0,4
BRDA:14,2,1,4
BRDA:14,2,2,4
BRF:7
BRH:5
end_of_record
TN:
SF:src/components/progress/progress-bars/ProgressBarsTimelineProgress.tsx
FN:4,ProgressBarsTimelineProgress
FN:56,(anonymous_1)
FNF:2
FNH:2
FNDA:4,ProgressBarsTimelineProgress
FNDA:16,(anonymous_1)
DA:5,4
DA:7,4
DA:17,4
DA:32,4
DA:47,4
DA:57,16
LF:6
LH:6
BRDA:62,0,0,4
BRDA:62,0,1,12
BRDA:76,1,0,16
BRDA:76,1,1,12
BRF:4
BRH:4
end_of_record
TN:
SF:src/components/progress/progress-bars/ProgressBarsXpAccumulation.tsx
FN:57,createXpSequence
FN:60,(anonymous_1)
FN:70,ProgressBarsXpAccumulation
FN:80,(anonymous_3)
FN:96,(anonymous_4)
FN:97,(anonymous_5)
FN:99,(anonymous_6)
FN:100,(anonymous_7)
FN:101,(anonymous_8)
FN:109,(anonymous_9)
FN:114,(anonymous_10)
FN:117,(anonymous_11)
FN:121,(anonymous_12)
FN:127,(anonymous_13)
FN:131,(anonymous_14)
FN:138,(anonymous_15)
FN:140,(anonymous_16)
FN:142,(anonymous_17)
FN:143,(anonymous_18)
FN:143,(anonymous_19)
FN:152,(anonymous_20)
FN:153,(anonymous_21)
FN:157,(anonymous_22)
FN:162,(anonymous_23)
FN:165,(anonymous_24)
FN:173,(anonymous_25)
FN:195,(anonymous_26)
FN:200,(anonymous_27)
FN:202,(anonymous_28)
FN:205,(anonymous_29)
FN:208,(anonymous_30)
FN:229,(anonymous_31)
FN:234,(anonymous_32)
FN:235,(anonymous_33)
FN:244,(anonymous_34)
FN:283,(anonymous_35)
FN:284,(anonymous_36)
FN:284,(anonymous_37)
FN:288,(anonymous_38)
FN:289,(anonymous_39)
FN:302,(anonymous_40)
FN:314,(anonymous_41)
FN:330,(anonymous_42)
FN:347,(anonymous_43)
FN:399,(anonymous_44)
FN:401,(anonymous_45)
FN:453,(anonymous_46)
FN:456,(anonymous_47)
FN:509,(anonymous_48)
FNF:49
FNH:47
FNDA:22,createXpSequence
FNDA:198,(anonymous_1)
FNDA:17,ProgressBarsXpAccumulation
FNDA:34,(anonymous_3)
FNDA:5,(anonymous_4)
FNDA:5,(anonymous_5)
FNDA:28,(anonymous_6)
FNDA:15,(anonymous_7)
FNDA:58,(anonymous_8)
FNDA:6,(anonymous_9)
FNDA:10,(anonymous_10)
FNDA:6,(anonymous_11)
FNDA:0,(anonymous_12)
FNDA:17,(anonymous_13)
FNDA:67,(anonymous_14)
FNDA:2,(anonymous_15)
FNDA:2,(anonymous_16)
FNDA:2,(anonymous_17)
FNDA:2,(anonymous_18)
FNDA:2,(anonymous_19)
FNDA:5,(anonymous_20)
FNDA:3,(anonymous_21)
FNDA:5,(anonymous_22)
FNDA:5,(anonymous_23)
FNDA:3,(anonymous_24)
FNDA:12,(anonymous_25)
FNDA:5,(anonymous_26)
FNDA:8,(anonymous_27)
FNDA:8,(anonymous_28)
FNDA:5,(anonymous_29)
FNDA:5,(anonymous_30)
FNDA:1,(anonymous_31)
FNDA:5,(anonymous_32)
FNDA:4,(anonymous_33)
FNDA:0,(anonymous_34)
FNDA:2,(anonymous_35)
FNDA:2,(anonymous_36)
FNDA:4,(anonymous_37)
FNDA:3,(anonymous_38)
FNDA:3,(anonymous_39)
FNDA:3,(anonymous_40)
FNDA:3,(anonymous_41)
FNDA:5,(anonymous_42)
FNDA:17,(anonymous_43)
FNDA:68,(anonymous_44)
FNDA:20,(anonymous_45)
FNDA:34,(anonymous_46)
FNDA:10,(anonymous_47)
FNDA:6,(anonymous_48)
DA:23,8
DA:24,8
DA:25,8
DA:26,8
DA:27,8
DA:28,8
DA:29,8
DA:30,8
DA:31,8
DA:32,8
DA:34,8
DA:41,8
DA:43,8
DA:55,8
DA:58,22
DA:60,22
DA:61,198
DA:62,198
DA:63,198
DA:64,198
DA:65,198
DA:66,198
DA:71,17
DA:73,17
DA:74,17
DA:75,17
DA:76,17
DA:77,17
DA:79,17
DA:80,34
DA:81,17
DA:83,17
DA:84,17
DA:89,17
DA:90,17
DA:91,17
DA:92,17
DA:93,17
DA:94,17
DA:96,17
DA:97,17
DA:99,17
DA:100,28
DA:101,58
DA:102,15
DA:105,28
DA:106,28
DA:109,17
DA:110,6
DA:111,6
DA:114,17
DA:115,10
DA:116,10
DA:117,10
DA:118,10
DA:121,17
DA:122,0
DA:123,0
DA:126,17
DA:128,17
DA:129,17
DA:131,67
DA:132,17
DA:137,17
DA:139,2
DA:140,2
DA:142,2
DA:143,2
DA:152,17
DA:153,5
DA:154,3
DA:157,5
DA:158,5
DA:162,17
DA:163,5
DA:165,5
DA:166,3
DA:167,3
DA:169,3
DA:170,0
DA:171,0
DA:173,3
DA:174,12
DA:179,1
DA:180,1
DA:185,3
DA:186,0
DA:188,0
DA:192,3
DA:195,5
DA:196,5
DA:200,17
DA:201,8
DA:202,8
DA:205,17
DA:206,5
DA:208,5
DA:209,5
DA:210,5
DA:211,5
DA:212,5
DA:213,5
DA:214,5
DA:216,5
DA:217,5
DA:218,5
DA:219,5
DA:220,5
DA:222,5
DA:223,5
DA:224,5
DA:225,5
DA:226,5
DA:229,5
DA:230,1
DA:234,5
DA:235,5
DA:236,4
DA:237,0
DA:240,4
DA:241,4
DA:243,4
DA:244,0
DA:245,0
DA:246,0
DA:249,0
DA:250,0
DA:252,0
DA:255,4
DA:256,4
DA:258,4
DA:259,0
DA:260,0
DA:261,0
DA:264,4
DA:266,4
DA:267,0
DA:268,0
DA:269,0
DA:272,4
DA:273,4
DA:275,4
DA:276,4
DA:277,4
DA:280,4
DA:281,4
DA:283,4
DA:284,4
DA:287,4
DA:289,3
DA:302,4
DA:303,3
DA:310,3
DA:315,3
DA:321,4
DA:324,5
DA:327,5
DA:328,5
DA:330,5
DA:331,5
DA:332,5
DA:345,17
DA:347,17
DA:348,17
DA:350,17
DA:360,17
DA:370,17
DA:400,68
DA:401,68
DA:402,68
DA:454,34
DA:455,34
DA:456,34
DA:457,34
DA:510,6
LF:175
LH:156
BRDA:62,0,0,22
BRDA:62,0,1,176
BRDA:132,1,0,5
BRDA:132,1,1,12
BRDA:169,2,0,0
BRDA:169,2,1,3
BRDA:174,3,0,1
BRDA:174,3,1,11
BRDA:175,4,0,12
BRDA:175,4,1,11
BRDA:175,4,2,11
BRDA:185,5,0,0
BRDA:185,5,1,3
BRDA:185,6,0,3
BRDA:185,6,1,3
BRDA:185,6,2,3
BRDA:202,7,0,7
BRDA:202,7,1,1
BRDA:236,8,0,0
BRDA:236,8,1,4
BRDA:243,9,0,0
BRDA:243,9,1,4
BRDA:245,10,0,0
BRDA:245,10,1,0
BRDA:258,11,0,0
BRDA:258,11,1,4
BRDA:266,12,0,0
BRDA:266,12,1,4
BRDA:350,13,0,0
BRDA:350,13,1,17
BRDA:352,14,0,0
BRDA:352,14,1,17
BRDA:354,15,0,0
BRDA:354,15,1,17
BRDA:356,16,0,4
BRDA:356,16,1,13
BRDA:360,17,0,0
BRDA:360,17,1,17
BRDA:362,18,0,0
BRDA:362,18,1,17
BRDA:364,19,0,0
BRDA:364,19,1,17
BRDA:366,20,0,4
BRDA:366,20,1,13
BRDA:381,21,0,17
BRDA:381,21,1,3
BRDA:405,22,0,4
BRDA:405,22,1,64
BRDA:409,23,0,4
BRDA:409,23,1,64
BRDA:409,24,0,4
BRDA:409,24,1,64
BRDA:414,25,0,4
BRDA:414,25,1,64
BRDA:418,26,0,68
BRDA:418,26,1,2
BRDA:430,27,0,68
BRDA:430,27,1,2
BRDA:444,28,0,4
BRDA:444,28,1,64
BRDA:455,29,0,17
BRDA:455,29,1,17
BRDA:460,30,0,17
BRDA:460,30,1,17
BRDA:464,31,0,17
BRDA:464,31,1,17
BRDA:464,32,0,17
BRDA:464,32,1,17
BRDA:469,33,0,17
BRDA:469,33,1,17
BRDA:473,34,0,34
BRDA:473,34,1,3
BRDA:485,35,0,34
BRDA:485,35,1,3
BRDA:498,36,0,17
BRDA:498,36,1,17
BRDA:501,37,0,17
BRDA:501,37,1,17
BRF:78
BRH:64
end_of_record
TN:
SF:src/components/progress/progress-bars/ProgressBarsZoomedProgress.tsx
FN:4,ProgressBarsZoomedProgress
FN:10,(anonymous_1)
FN:14,(anonymous_2)
FN:20,(anonymous_3)
FN:58,(anonymous_4)
FN:66,(anonymous_5)
FNF:6
FNH:5
FNDA:12,ProgressBarsZoomedProgress
FNDA:6,(anonymous_1)
FNDA:8,(anonymous_2)
FNDA:0,(anonymous_3)
FNDA:6,(anonymous_4)
FNDA:12,(anonymous_5)
DA:5,12
DA:6,12
DA:7,12
DA:8,12
DA:10,12
DA:11,6
DA:12,6
DA:14,6
DA:16,8
DA:18,8
DA:20,0
DA:21,0
DA:22,0
DA:23,0
DA:24,0
DA:25,0
DA:27,0
DA:30,8
DA:37,8
DA:38,2
DA:39,2
DA:42,2
DA:43,2
DA:44,4
DA:46,2
DA:49,8
DA:52,8
DA:56,6
DA:58,6
DA:59,6
DA:60,6
DA:66,12
DA:67,12
DA:71,12
DA:72,12
DA:74,12
LF:36
LH:29
BRDA:18,0,0,0
BRDA:18,0,1,8
BRDA:37,1,0,2
BRDA:37,1,1,6
BRDA:59,2,0,6
BRDA:59,2,1,0
BRDA:90,3,0,12
BRDA:90,3,1,0
BRDA:97,4,0,3
BRDA:97,4,1,9
BRDA:109,5,0,0
BRDA:109,5,1,12
BRF:12
BRH:8
end_of_record
TN:
SF:src/components/progress/progress-bars/index.ts
FNF:0
FNH:0
DA:21,7
LF:1
LH:1
BRF:0
BRH:0
end_of_record
TN:
SF:src/components/realtime/realtime-data/RealtimeDataLeaderboardShift.tsx
FN:5,RealtimeDataLeaderboardShift
FN:14,(anonymous_1)
FN:18,(anonymous_2)
FN:21,(anonymous_3)
FN:25,(anonymous_4)
FN:33,(anonymous_5)
FN:41,(anonymous_6)
FN:55,(anonymous_7)
FN:64,(anonymous_8)
FNF:9
FNH:8
FNDA:11,RealtimeDataLeaderboardShift
FNDA:6,(anonymous_1)
FNDA:5,(anonymous_2)
FNDA:5,(anonymous_3)
FNDA:1,(anonymous_4)
FNDA:4,(anonymous_5)
FNDA:0,(anonymous_6)
FNDA:5,(anonymous_7)
FNDA:44,(anonymous_8)
DA:6,11
DA:7,11
DA:13,11
DA:14,11
DA:15,6
DA:18,11
DA:21,5
DA:22,5
DA:25,5
DA:26,1
DA:27,1
DA:28,1
DA:29,1
DA:30,1
DA:33,1
DA:34,4
DA:37,1
DA:38,1
DA:41,1
DA:42,0
DA:48,0
DA:53,5
DA:55,5
DA:56,5
DA:60,11
DA:65,44
LF:26
LH:24
BRDA:56,0,0,1
BRDA:56,0,1,4
BRDA:69,1,0,5
BRDA:69,1,1,39
BRDA:69,2,0,44
BRDA:69,2,1,11
BRDA:70,3,0,5
BRDA:70,3,1,39
BRDA:70,4,0,44
BRDA:70,4,1,11
BRF:10
BRH:10
end_of_record
TN:
SF:src/components/realtime/realtime-data/RealtimeDataLiveScoreUpdate.tsx
FN:5,RealtimeDataLiveScoreUpdate
FN:11,(anonymous_1)
FN:15,(anonymous_2)
FN:18,(anonymous_3)
FN:39,(anonymous_4)
FN:59,(anonymous_5)
FN:67,(anonymous_6)
FNF:7
FNH:6
FNDA:5,RealtimeDataLiveScoreUpdate
FNDA:5,(anonymous_1)
FNDA:4,(anonymous_2)
FNDA:4,(anonymous_3)
FNDA:9,(anonymous_4)
FNDA:0,(anonymous_5)
FNDA:4,(anonymous_6)
DA:6,5
DA:8,5
DA:9,5
DA:10,5
DA:11,5
DA:12,5
DA:15,5
DA:18,4
DA:22,4
DA:34,4
DA:35,4
DA:36,4
DA:37,4
DA:39,4
DA:40,9
DA:41,9
DA:42,9
DA:44,9
DA:49,9
DA:50,0
DA:51,0
DA:55,4
DA:59,0
DA:60,0
DA:61,0
DA:65,4
DA:67,4
DA:68,4
DA:72,5
LF:29
LH:24
BRDA:49,0,0,0
BRDA:49,0,1,9
BRDA:68,1,0,0
BRDA:68,1,1,4
BRF:4
BRH:2
end_of_record
TN:
SF:src/components/realtime/realtime-data/RealtimeDataStackedRealtime.tsx
FN:5,RealtimeDataStackedRealtime
FN:16,(anonymous_1)
FN:19,(anonymous_2)
FN:23,(anonymous_3)
FN:31,(anonymous_4)
FN:39,(anonymous_5)
FNF:6
FNH:5
FNDA:8,RealtimeDataStackedRealtime
FNDA:4,(anonymous_1)
FNDA:4,(anonymous_2)
FNDA:0,(anonymous_3)
FNDA:4,(anonymous_4)
FNDA:40,(anonymous_5)
DA:6,8
DA:8,8
DA:16,8
DA:19,4
DA:20,4
DA:23,4
DA:24,0
DA:25,0
DA:29,4
DA:31,4
DA:32,4
DA:36,8
DA:40,40
LF:13
LH:11
BRDA:32,0,0,4
BRDA:32,0,1,0
BRDA:42,1,0,24
BRDA:42,1,1,16
BRDA:44,2,0,24
BRDA:44,2,1,16
BRDA:48,3,0,20
BRDA:48,3,1,20
BRDA:48,4,0,12
BRDA:48,4,1,8
BRDA:49,5,0,20
BRDA:49,5,1,20
BRDA:61,6,0,20
BRDA:61,6,1,20
BRDA:61,7,0,12
BRDA:61,7,1,8
BRF:16
BRH:15
end_of_record
TN:
SF:src/components/realtime/realtime-data/RealtimeDataWinTicker.tsx
FN:5,RealtimeDataWinTicker
FNF:1
FNH:1
FNDA:4,RealtimeDataWinTicker
DA:6,4
DA:8,4
LF:2
LH:2
BRF:0
BRH:0
end_of_record
TN:
SF:src/components/realtime/realtime-data/index.ts
FNF:0
FNH:0
DA:13,7
LF:1
LH:1
BRF:0
BRH:0
end_of_record
TN:
SF:src/components/realtime/timer-effects/TimerEffectsTimerColorShift.tsx
FN:4,TimerEffectsTimerColorShift
FN:11,(anonymous_1)
FN:15,(anonymous_2)
FN:35,(anonymous_3)
FN:78,(anonymous_4)
FNF:5
FNH:5
FNDA:3,TimerEffectsTimerColorShift
FNDA:3,(anonymous_1)
FNDA:3,(anonymous_2)
FNDA:1,(anonymous_3)
FNDA:3,(anonymous_4)
DA:5,3
DA:6,3
DA:7,3
DA:8,3
DA:9,3
DA:11,3
DA:15,3
DA:16,3
DA:18,3
DA:19,3
DA:21,3
DA:22,3
DA:23,3
DA:25,3
DA:28,3
DA:29,3
DA:30,3
DA:32,3
DA:33,3
DA:35,3
DA:36,1
DA:37,1
DA:40,1
DA:41,1
DA:44,1
DA:47,1
DA:48,1
DA:52,1
DA:54,1
DA:55,1
DA:58,0
DA:59,0
DA:61,1
DA:63,1
DA:64,1
DA:66,0
DA:68,0
DA:72,3
DA:76,3
DA:78,3
DA:79,3
DA:80,3
DA:82,3
DA:86,3
LF:44
LH:40
BRDA:16,0,0,0
BRDA:16,0,1,3
BRDA:25,1,0,0
BRDA:25,1,1,3
BRDA:25,2,0,3
BRDA:25,2,1,3
BRDA:25,2,2,3
BRDA:52,3,0,1
BRDA:52,3,1,0
BRDA:63,4,0,1
BRDA:63,4,1,0
BRDA:79,5,0,3
BRDA:79,5,1,0
BRDA:80,6,0,0
BRDA:80,6,1,3
BRF:15
BRH:9
end_of_record
TN:
SF:src/components/realtime/timer-effects/TimerEffectsTimerFlash.tsx
FN:4,TimerEffectsTimerFlash
FN:11,(anonymous_1)
FN:16,(anonymous_2)
FN:27,(anonymous_3)
FN:49,(anonymous_4)
FN:96,(anonymous_5)
FN:109,(anonymous_6)
FNF:7
FNH:7
FNDA:3,TimerEffectsTimerFlash
FNDA:3,(anonymous_1)
FNDA:3,(anonymous_2)
FNDA:1,(anonymous_3)
FNDA:1,(anonymous_4)
FNDA:3,(anonymous_5)
FNDA:3,(anonymous_6)
DA:5,3
DA:6,3
DA:7,3
DA:8,3
DA:9,3
DA:11,3
DA:14,3
DA:16,3
DA:17,3
DA:19,3
DA:20,3
DA:22,3
DA:24,3
DA:25,3
DA:27,3
DA:28,1
DA:29,1
DA:32,1
DA:33,1
DA:36,1
DA:37,0
DA:38,0
DA:42,1
DA:45,1
DA:46,1
DA:49,1
DA:50,1
DA:52,1
DA:53,1
DA:54,1
DA:56,1
DA:59,1
DA:60,1
DA:61,1
DA:65,1
DA:66,1
DA:67,0
DA:68,0
DA:70,0
DA:71,0
DA:75,1
DA:76,1
DA:77,1
DA:80,1
DA:81,1
DA:83,0
DA:84,0
DA:86,0
DA:90,3
DA:94,3
DA:96,3
DA:97,3
DA:98,3
DA:99,3
DA:100,3
DA:101,3
DA:104,3
DA:109,3
DA:110,3
DA:111,3
DA:112,3
DA:115,3
LF:62
LH:53
BRDA:17,0,0,0
BRDA:17,0,1,3
BRDA:22,1,0,0
BRDA:22,1,1,3
BRDA:36,2,0,0
BRDA:36,2,1,1
BRDA:42,3,0,0
BRDA:42,3,1,1
BRDA:49,4,0,1
BRDA:49,4,1,0
BRDA:59,5,0,1
BRDA:59,5,1,0
BRDA:66,6,0,0
BRDA:66,6,1,1
BRDA:75,7,0,1
BRDA:75,7,1,0
BRDA:80,8,0,1
BRDA:80,8,1,0
BRDA:97,9,0,3
BRDA:97,9,1,0
BRDA:98,10,0,0
BRDA:98,10,1,3
BRDA:99,11,0,3
BRDA:99,11,1,0
BRF:24
BRH:12
end_of_record
TN:
SF:src/components/realtime/timer-effects/TimerEffectsTimerFlashSoft.tsx
FN:4,TimerEffectsTimerFlashSoft
FN:10,(anonymous_1)
FN:16,(anonymous_2)
FN:30,(anonymous_3)
FN:48,(anonymous_4)
FN:69,(anonymous_5)
FN:92,(anonymous_6)
FN:107,(anonymous_7)
FNF:8
FNH:7
FNDA:3,TimerEffectsTimerFlashSoft
FNDA:3,(anonymous_1)
FNDA:3,(anonymous_2)
FNDA:1,(anonymous_3)
FNDA:1,(anonymous_4)
FNDA:0,(anonymous_5)
FNDA:3,(anonymous_6)
FNDA:3,(anonymous_7)
DA:5,3
DA:6,3
DA:7,3
DA:8,3
DA:10,3
DA:14,3
DA:16,3
DA:17,3
DA:19,3
DA:20,3
DA:22,3
DA:23,3
DA:25,3
DA:26,3
DA:27,3
DA:28,3
DA:30,3
DA:31,1
DA:32,1
DA:35,1
DA:36,1
DA:39,1
DA:40,0
DA:41,0
DA:45,1
DA:48,1
DA:49,1
DA:52,1
DA:53,1
DA:55,1
DA:56,1
DA:57,1
DA:59,1
DA:62,1
DA:63,0
DA:66,0
DA:69,0
DA:70,0
DA:71,0
DA:76,1
DA:77,1
DA:79,0
DA:80,0
DA:82,0
DA:86,3
DA:90,3
DA:92,3
DA:93,3
DA:94,3
DA:95,3
DA:96,3
DA:97,3
DA:98,3
DA:99,3
DA:102,3
DA:107,3
DA:108,3
DA:109,3
DA:110,3
DA:113,3
LF:60
LH:50
BRDA:17,0,0,0
BRDA:17,0,1,3
BRDA:23,1,0,0
BRDA:23,1,1,3
BRDA:39,2,0,0
BRDA:39,2,1,1
BRDA:45,3,0,0
BRDA:45,3,1,1
BRDA:48,4,0,1
BRDA:48,4,1,0
BRDA:62,5,0,0
BRDA:62,5,1,1
BRDA:70,6,0,0
BRDA:70,6,1,0
BRDA:76,7,0,1
BRDA:76,7,1,0
BRDA:94,8,0,3
BRDA:94,8,1,0
BRDA:95,9,0,0
BRDA:95,9,1,3
BRDA:96,10,0,0
BRDA:96,10,1,3
BRDA:97,11,0,3
BRDA:97,11,1,0
BRF:24
BRH:11
end_of_record
TN:
SF:src/components/realtime/timer-effects/TimerEffectsTimerFlip.tsx
FN:4,TimerEffectsTimerFlip
FN:10,(anonymous_1)
FN:15,(anonymous_2)
FN:37,(anonymous_3)
FN:43,(anonymous_4)
FN:48,(anonymous_5)
FN:56,(anonymous_6)
FN:82,(anonymous_7)
FNF:8
FNH:7
FNDA:3,TimerEffectsTimerFlip
FNDA:3,(anonymous_1)
FNDA:3,(anonymous_2)
FNDA:1,(anonymous_3)
FNDA:1,(anonymous_4)
FNDA:0,(anonymous_5)
FNDA:1,(anonymous_6)
FNDA:3,(anonymous_7)
DA:5,3
DA:6,3
DA:7,3
DA:8,3
DA:10,3
DA:13,3
DA:15,3
DA:16,3
DA:18,3
DA:19,3
DA:21,3
DA:22,3
DA:24,3
DA:27,3
DA:28,3
DA:29,3
DA:31,3
DA:32,3
DA:33,3
DA:36,3
DA:37,30
DA:39,1
DA:40,1
DA:41,1
DA:43,1
DA:44,1
DA:45,1
DA:48,1
DA:49,0
DA:53,30
DA:56,3
DA:57,1
DA:58,1
DA:61,1
DA:62,1
DA:65,1
DA:67,1
DA:68,1
DA:70,0
DA:72,0
DA:76,3
DA:80,3
DA:82,3
DA:83,3
DA:84,3
DA:86,3
DA:87,3
DA:91,3
LF:48
LH:45
BRDA:16,0,0,0
BRDA:16,0,1,3
BRDA:24,1,0,0
BRDA:24,1,1,3
BRDA:24,2,0,3
BRDA:24,2,1,3
BRDA:67,3,0,1
BRDA:67,3,1,0
BRDA:83,4,0,3
BRDA:83,4,1,0
BRDA:84,5,0,0
BRDA:84,5,1,3
BRF:12
BRH:7
end_of_record
TN:
SF:src/components/realtime/timer-effects/TimerEffectsTimerPulse.tsx
FN:4,TimerEffectsTimerPulse
FN:10,(anonymous_1)
FN:15,(anonymous_2)
FN:34,(anonymous_3)
FN:63,(anonymous_4)
FNF:5
FNH:5
FNDA:3,TimerEffectsTimerPulse
FNDA:3,(anonymous_1)
FNDA:3,(anonymous_2)
FNDA:1,(anonymous_3)
FNDA:3,(anonymous_4)
DA:5,3
DA:6,3
DA:7,3
DA:8,3
DA:10,3
DA:13,3
DA:15,3
DA:16,3
DA:18,3
DA:19,3
DA:21,3
DA:22,3
DA:24,3
DA:27,3
DA:28,3
DA:29,3
DA:31,3
DA:32,3
DA:34,3
DA:35,1
DA:36,1
DA:39,1
DA:40,1
DA:43,1
DA:45,1
DA:46,1
DA:48,0
DA:50,0
DA:55,3
DA:57,3
DA:61,3
DA:63,3
DA:64,3
DA:65,3
DA:66,3
DA:68,3
DA:69,3
DA:70,3
DA:75,3
LF:39
LH:37
BRDA:16,0,0,0
BRDA:16,0,1,3
BRDA:24,1,0,0
BRDA:24,1,1,3
BRDA:24,2,0,3
BRDA:24,2,1,3
BRDA:45,3,0,1
BRDA:45,3,1,0
BRDA:65,4,0,3
BRDA:65,4,1,0
BRDA:66,5,0,0
BRDA:66,5,1,3
BRDA:69,6,0,3
BRDA:69,6,1,0
BRF:14
BRH:8
end_of_record
TN:
SF:src/components/realtime/timer-effects/index.ts
FN:5,(anonymous_0)
FN:6,(anonymous_1)
FN:8,(anonymous_2)
FN:9,(anonymous_3)
FN:11,(anonymous_4)
FN:12,(anonymous_5)
FN:14,(anonymous_6)
FN:15,(anonymous_7)
FN:17,(anonymous_8)
FN:18,(anonymous_9)
FNF:10
FNH:10
FNDA:3,(anonymous_0)
FNDA:3,(anonymous_1)
FNDA:3,(anonymous_2)
FNDA:3,(anonymous_3)
FNDA:3,(anonymous_4)
FNDA:3,(anonymous_5)
FNDA:3,(anonymous_6)
FNDA:3,(anonymous_7)
FNDA:3,(anonymous_8)
FNDA:3,(anonymous_9)
DA:5,7
DA:6,3
DA:8,7
DA:9,3
DA:11,7
DA:12,3
DA:14,7
DA:15,3
DA:17,7
DA:18,3
DA:27,7
LF:11
LH:11
BRF:0
BRH:0
end_of_record
TN:
SF:src/components/realtime/update-indicators/UpdateIndicatorsBadgePop.tsx
FN:4,UpdateIndicatorsBadgePop
FN:7,(anonymous_1)
FN:10,(anonymous_2)
FN:31,(anonymous_3)
FNF:4
FNH:4
FNDA:4,UpdateIndicatorsBadgePop
FNDA:4,(anonymous_1)
FNDA:4,(anonymous_2)
FNDA:4,(anonymous_3)
DA:5,4
DA:7,4
DA:10,4
DA:11,4
DA:12,4
DA:15,4
DA:16,4
DA:19,4
DA:22,4
DA:25,4
DA:29,4
DA:31,4
DA:32,4
DA:36,4
LF:14
LH:14
BRDA:12,0,0,0
BRDA:12,0,1,4
BRDA:32,1,0,4
BRDA:32,1,1,0
BRF:4
BRH:2
end_of_record
TN:
SF:src/components/realtime/update-indicators/UpdateIndicatorsBadgePulse.tsx
FN:4,UpdateIndicatorsBadgePulse
FN:7,(anonymous_1)
FN:10,(anonymous_2)
FN:24,(anonymous_3)
FNF:4
FNH:4
FNDA:4,UpdateIndicatorsBadgePulse
FNDA:4,(anonymous_1)
FNDA:4,(anonymous_2)
FNDA:4,(anonymous_3)
DA:5,4
DA:7,4
DA:10,4
DA:11,4
DA:12,4
DA:15,4
DA:18,4
DA:22,4
DA:24,4
DA:25,4
DA:29,4
LF:11
LH:11
BRDA:12,0,0,0
BRDA:12,0,1,4
BRDA:25,1,0,4
BRDA:25,1,1,0
BRF:4
BRH:2
end_of_record
TN:
SF:src/components/realtime/update-indicators/UpdateIndicatorsLivePing.tsx
FN:4,UpdateIndicatorsLivePing
FN:7,(anonymous_1)
FN:10,(anonymous_2)
FN:23,(anonymous_3)
FNF:4
FNH:4
FNDA:4,UpdateIndicatorsLivePing
FNDA:4,(anonymous_1)
FNDA:4,(anonymous_2)
FNDA:4,(anonymous_3)
DA:5,4
DA:7,4
DA:10,4
DA:11,4
DA:12,4
DA:15,4
DA:18,4
DA:21,4
DA:23,4
DA:24,4
DA:28,4
LF:11
LH:11
BRDA:12,0,0,0
BRDA:12,0,1,4
BRDA:24,1,0,4
BRDA:24,1,1,0
BRF:4
BRH:2
end_of_record
TN:
SF:src/components/realtime/update-indicators/index.ts
FNF:0
FNH:0
DA:11,7
LF:1
LH:1
BRF:0
BRH:0
end_of_record
TN:
SF:src/components/rewards/icon-animations/IconAnimationsBounce.tsx
FN:5,IconAnimationsBounce
FNF:1
FNH:1
FNDA:4,IconAnimationsBounce
DA:6,4
LF:1
LH:1
BRF:0
BRH:0
end_of_record
TN:
SF:src/components/rewards/icon-animations/IconAnimationsFloat.tsx
FN:5,IconAnimationsFloat
FNF:1
FNH:1
FNDA:4,IconAnimationsFloat
DA:6,4
LF:1
LH:1
BRF:0
BRH:0
end_of_record
TN:
SF:src/components/rewards/icon-animations/IconAnimationsPulse.tsx
FN:5,IconAnimationsPulse
FNF:1
FNH:1
FNDA:4,IconAnimationsPulse
DA:6,4
LF:1
LH:1
BRF:0
BRH:0
end_of_record
TN:
SF:src/components/rewards/icon-animations/IconAnimationsShake.tsx
FN:5,IconAnimationsShake
FNF:1
FNH:1
FNDA:4,IconAnimationsShake
DA:6,4
LF:1
LH:1
BRF:0
BRH:0
end_of_record
TN:
SF:src/components/rewards/icon-animations/index.ts
FNF:0
FNH:0
DA:9,7
LF:1
LH:1
BRF:0
BRH:0
end_of_record
TN:
SF:src/components/rewards/modal-celebrations/ModalCelebrationsCoinCascade.tsx
FN:5,ModalCelebrationsCoinCascade
FN:8,(anonymous_1)
FN:72,(anonymous_2)
FN:73,(anonymous_3)
FNF:4
FNH:4
FNDA:4,ModalCelebrationsCoinCascade
FNDA:4,(anonymous_1)
FNDA:4,(anonymous_2)
FNDA:48,(anonymous_3)
DA:6,4
DA:8,4
DA:9,4
DA:10,4
DA:13,4
DA:15,4
DA:16,4
DA:19,4
DA:20,48
DA:21,48
DA:22,48
DA:23,48
DA:26,48
DA:27,48
DA:28,48
DA:29,48
DA:30,48
DA:31,48
DA:32,48
DA:34,48
DA:37,48
DA:40,48
DA:69,48
DA:72,4
DA:73,48
DA:77,4
LF:26
LH:26
BRDA:10,0,0,0
BRDA:10,0,1,4
BRF:2
BRH:1
end_of_record
TN:
SF:src/components/rewards/modal-celebrations/ModalCelebrationsCoinTrail.tsx
FN:11,(anonymous_0)
FN:14,(anonymous_1)
FN:16,(anonymous_2)
FN:17,(anonymous_3)
FN:48,ModalCelebrationsCoinTrail
FN:51,(anonymous_5)
FN:54,(anonymous_6)
FN:63,(anonymous_7)
FN:69,(anonymous_8)
FN:83,(anonymous_9)
FNF:10
FNH:9
FNDA:48,(anonymous_0)
FNDA:32,(anonymous_1)
FNDA:16,(anonymous_2)
FNDA:32,(anonymous_3)
FNDA:8,ModalCelebrationsCoinTrail
FNDA:4,(anonymous_5)
FNDA:32,(anonymous_6)
FNDA:0,(anonymous_7)
FNDA:4,(anonymous_8)
FNDA:32,(anonymous_9)
DA:11,7
DA:12,48
DA:14,48
DA:16,32
DA:17,32
DA:20,48
DA:49,8
DA:51,8
DA:53,4
DA:54,32
DA:59,4
DA:62,4
DA:69,4
DA:70,4
DA:74,8
DA:84,32
LF:16
LH:16
BRDA:29,0,0,16
BRDA:29,0,1,32
BRF:2
BRH:2
end_of_record
TN:
SF:src/components/rewards/modal-celebrations/ModalCelebrationsCoinsArc.tsx
FN:5,(anonymous_0)
FN:9,ModalCelebrationsCoinsArc
FN:10,(anonymous_2)
FN:28,(anonymous_3)
FNF:4
FNH:4
FNDA:112,(anonymous_0)
FNDA:4,ModalCelebrationsCoinsArc
FNDA:56,(anonymous_2)
FNDA:56,(anonymous_3)
DA:5,7
DA:6,112
DA:10,4
DA:11,56
DA:12,56
DA:13,56
DA:14,56
DA:16,56
DA:25,4
DA:29,56
LF:10
LH:10
BRF:0
BRH:0
end_of_record
TN:
SF:src/components/rewards/modal-celebrations/ModalCelebrationsCoinsFountain.tsx
FN:5,(anonymous_0)
FN:9,ModalCelebrationsCoinsFountain
FN:10,(anonymous_2)
FN:28,(anonymous_3)
FNF:4
FNH:4
FNDA:96,(anonymous_0)
FNDA:4,ModalCelebrationsCoinsFountain
FNDA:48,(anonymous_2)
FNDA:48,(anonymous_3)
DA:5,7
DA:6,96
DA:10,4
DA:11,48
DA:12,48
DA:13,48
DA:14,48
DA:16,48
DA:25,4
DA:29,48
LF:10
LH:10
BRF:0
BRH:0
end_of_record
TN:
SF:src/components/rewards/modal-celebrations/ModalCelebrationsCoinsSwirl.tsx
FN:5,(anonymous_0)
FN:9,ModalCelebrationsCoinsSwirl
FN:10,(anonymous_2)
FN:30,(anonymous_3)
FNF:4
FNH:4
FNDA:120,(anonymous_0)
FNDA:4,ModalCelebrationsCoinsSwirl
FNDA:40,(anonymous_2)
FNDA:40,(anonymous_3)
DA:5,7
DA:6,120
DA:10,4
DA:11,40
DA:12,40
DA:13,40
DA:14,40
DA:15,40
DA:17,40
DA:27,4
DA:31,40
LF:11
LH:11
BRF:0
BRH:0
end_of_record
TN:
SF:src/components/rewards/modal-celebrations/ModalCelebrationsConfettiBurst.tsx
FN:6,(anonymous_0)
FN:10,ModalCelebrationsConfettiBurst
FN:11,(anonymous_2)
FN:32,(anonymous_3)
FNF:4
FNH:4
FNDA:512,(anonymous_0)
FNDA:4,ModalCelebrationsConfettiBurst
FNDA:128,(anonymous_2)
FNDA:128,(anonymous_3)
DA:3,7
DA:6,7
DA:7,512
DA:11,4
DA:12,128
DA:13,128
DA:14,128
DA:15,128
DA:16,128
DA:18,128
DA:29,4
DA:33,128
LF:12
LH:12
BRF:0
BRH:0
end_of_record
TN:
SF:src/components/rewards/modal-celebrations/ModalCelebrationsConfettiPulse.tsx
FN:6,(anonymous_0)
FN:10,ModalCelebrationsConfettiPulse
FN:11,(anonymous_2)
FN:18,(anonymous_3)
FN:40,(anonymous_4)
FN:57,(anonymous_5)
FNF:6
FNH:6
FNDA:240,(anonymous_0)
FNDA:4,ModalCelebrationsConfettiPulse
FNDA:12,(anonymous_2)
FNDA:80,(anonymous_3)
FNDA:12,(anonymous_4)
FNDA:80,(anonymous_5)
DA:3,7
DA:6,7
DA:7,240
DA:11,12
DA:18,4
DA:19,80
DA:20,80
DA:21,80
DA:22,80
DA:23,80
DA:25,80
DA:36,4
DA:41,12
DA:58,80
LF:14
LH:14
BRF:0
BRH:0
end_of_record
TN:
SF:src/components/rewards/modal-celebrations/ModalCelebrationsConfettiRain.tsx
FN:6,(anonymous_0)
FN:10,ModalCelebrationsConfettiRain
FN:11,(anonymous_2)
FN:34,(anonymous_3)
FNF:4
FNH:4
FNDA:448,(anonymous_0)
FNDA:4,ModalCelebrationsConfettiRain
FNDA:112,(anonymous_2)
FNDA:112,(anonymous_3)
DA:3,7
DA:6,7
DA:7,448
DA:11,4
DA:12,112
DA:13,112
DA:14,112
DA:15,112
DA:16,112
DA:17,112
DA:19,112
DA:31,4
DA:35,112
LF:13
LH:13
BRF:0
BRH:0
end_of_record
TN:
SF:src/components/rewards/modal-celebrations/ModalCelebrationsConfettiSpiral.tsx
FN:6,(anonymous_0)
FN:10,ModalCelebrationsConfettiSpiral
FN:11,(anonymous_2)
FN:32,(anonymous_3)
FNF:4
FNH:4
FNDA:312,(anonymous_0)
FNDA:4,ModalCelebrationsConfettiSpiral
FNDA:104,(anonymous_2)
FNDA:104,(anonymous_3)
DA:3,7
DA:6,7
DA:7,312
DA:11,4
DA:12,104
DA:13,104
DA:14,104
DA:15,104
DA:16,104
DA:18,104
DA:29,4
DA:33,104
LF:12
LH:12
BRF:0
BRH:0
end_of_record
TN:
SF:src/components/rewards/modal-celebrations/ModalCelebrationsFireworksRing.tsx
FN:3,ModalCelebrationsFireworksRing
FN:12,(anonymous_1)
FNF:2
FNH:2
FNDA:4,ModalCelebrationsFireworksRing
FNDA:8,(anonymous_1)
DA:4,4
DA:9,4
DA:13,8
LF:3
LH:3
BRF:0
BRH:0
end_of_record
TN:
SF:src/components/rewards/modal-celebrations/ModalCelebrationsFireworksTriple.tsx
FN:5,ModalCelebrationsFireworksTriple
FN:6,(anonymous_1)
FN:17,(anonymous_2)
FNF:3
FNH:3
FNDA:4,ModalCelebrationsFireworksTriple
FNDA:16,(anonymous_1)
FNDA:16,(anonymous_2)
DA:3,7
DA:6,16
DA:14,4
DA:18,16
LF:4
LH:4
BRF:0
BRH:0
end_of_record
TN:
SF:src/components/rewards/modal-celebrations/ModalCelebrationsJackpotCelebration.tsx
FN:4,(anonymous_0)
FN:14,ModalCelebrationsJackpotCelebration
FN:74,(anonymous_2)
FN:83,(anonymous_3)
FN:92,(anonymous_4)
FN:178,(anonymous_5)
FN:218,(anonymous_6)
FN:241,(anonymous_7)
FN:259,(anonymous_8)
FN:277,(anonymous_9)
FNF:10
FNH:10
FNDA:376,(anonymous_0)
FNDA:4,ModalCelebrationsJackpotCelebration
FNDA:48,(anonymous_2)
FNDA:32,(anonymous_3)
FNDA:72,(anonymous_4)
FNDA:16,(anonymous_5)
FNDA:20,(anonymous_6)
FNDA:48,(anonymous_7)
FNDA:32,(anonymous_8)
FNDA:72,(anonymous_9)
DA:4,7
DA:5,376
DA:8,7
DA:9,7
DA:15,4
DA:74,48
DA:83,32
DA:92,72
DA:101,4
DA:179,16
DA:219,20
DA:242,48
DA:260,32
DA:278,72
LF:14
LH:14
BRDA:233,0,0,20
BRDA:233,0,1,16
BRF:2
BRH:2
end_of_record
TN:
SF:src/components/rewards/modal-celebrations/ModalCelebrationsMultiCoin.tsx
FN:5,ModalCelebrationsMultiCoin
FN:8,(anonymous_1)
FN:92,(anonymous_2)
FN:93,(anonymous_3)
FNF:4
FNH:4
FNDA:4,ModalCelebrationsMultiCoin
FNDA:4,(anonymous_1)
FNDA:4,(anonymous_2)
FNDA:60,(anonymous_3)
DA:6,4
DA:8,4
DA:9,4
DA:10,4
DA:13,4
DA:15,4
DA:16,4
DA:17,4
DA:20,4
DA:21,12
DA:22,12
DA:25,12
DA:26,12
DA:27,12
DA:29,12
DA:32,12
DA:33,60
DA:34,60
DA:35,60
DA:36,60
DA:39,60
DA:40,60
DA:41,60
DA:42,60
DA:43,60
DA:44,60
DA:46,60
DA:49,60
DA:50,60
DA:51,60
DA:54,60
DA:55,60
DA:56,60
DA:57,60
DA:59,60
DA:88,60
DA:92,4
DA:93,60
DA:97,4
LF:39
LH:39
BRDA:10,0,0,0
BRDA:10,0,1,4
BRF:2
BRH:1
end_of_record
TN:
SF:src/components/rewards/modal-celebrations/ModalCelebrationsRewardSpotlight.tsx
FN:4,(anonymous_0)
FN:8,ModalCelebrationsRewardSpotlight
FN:68,(anonymous_2)
FN:77,(anonymous_3)
FN:144,(anonymous_4)
FN:167,(anonymous_5)
FN:186,(anonymous_6)
FNF:7
FNH:7
FNDA:240,(anonymous_0)
FNDA:4,ModalCelebrationsRewardSpotlight
FNDA:56,(anonymous_2)
FNDA:24,(anonymous_3)
FNDA:20,(anonymous_4)
FNDA:56,(anonymous_5)
FNDA:24,(anonymous_6)
DA:4,7
DA:5,240
DA:9,4
DA:68,56
DA:77,24
DA:86,4
DA:145,20
DA:168,56
DA:187,24
LF:9
LH:9
BRDA:159,0,0,20
BRDA:159,0,1,16
BRF:2
BRH:2
end_of_record
TN:
SF:src/components/rewards/modal-celebrations/ModalCelebrationsTreasureParticles.tsx
FN:4,ModalCelebrationsTreasureParticles
FN:7,(anonymous_1)
FN:130,(anonymous_2)
FN:131,(anonymous_3)
FNF:4
FNH:4
FNDA:4,ModalCelebrationsTreasureParticles
FNDA:4,(anonymous_1)
FNDA:4,(anonymous_2)
FNDA:104,(anonymous_3)
DA:5,4
DA:7,4
DA:8,4
DA:9,4
DA:12,4
DA:14,4
DA:15,4
DA:16,4
DA:19,4
DA:20,80
DA:21,80
DA:24,80
DA:25,80
DA:26,80
DA:27,80
DA:28,80
DA:29,80
DA:31,80
DA:32,80
DA:33,80
DA:35,80
DA:38,80
DA:41,80
DA:42,80
DA:43,80
DA:44,80
DA:46,80
DA:75,80
DA:79,4
DA:80,24
DA:81,24
DA:84,24
DA:85,24
DA:86,24
DA:87,24
DA:89,24
DA:90,24
DA:91,24
DA:93,24
DA:96,24
DA:98,24
DA:127,24
DA:130,4
DA:131,104
DA:135,4
LF:45
LH:45
BRDA:9,0,0,0
BRDA:9,0,1,4
BRF:2
BRH:1
end_of_record
TN:
SF:src/components/rewards/modal-celebrations/index.ts
FNF:0
FNH:0
DA:35,7
LF:1
LH:1
BRF:0
BRH:0
end_of_record
TN:
SF:src/components/rewards/reward-basic/RewardBasicBadgeGlint.tsx
FN:3,RewardBasicBadgeGlint
FNF:1
FNH:1
FNDA:2,RewardBasicBadgeGlint
DA:4,2
LF:1
LH:1
BRF:0
BRH:0
end_of_record
TN:
SF:src/components/rewards/reward-basic/RewardBasicBadgeSweep.tsx
FN:3,RewardBasicBadgeSweep
FNF:1
FNH:1
FNDA:2,RewardBasicBadgeSweep
DA:4,2
LF:1
LH:1
BRF:0
BRH:0
end_of_record
TN:
SF:src/components/rewards/reward-basic/RewardBasicBounceEnergy.tsx
FN:3,RewardBasicBounceEnergy
FNF:1
FNH:1
FNDA:2,RewardBasicBounceEnergy
DA:4,2
LF:1
LH:1
BRF:0
BRH:0
end_of_record
TN:
SF:src/components/rewards/reward-basic/RewardBasicBounceSoft.tsx
FN:3,RewardBasicBounceSoft
FNF:1
FNH:1
FNDA:2,RewardBasicBounceSoft
DA:4,2
LF:1
LH:1
BRF:0
BRH:0
end_of_record
TN:
SF:src/components/rewards/reward-basic/RewardBasicCoinSpinFast.tsx
FN:3,RewardBasicCoinSpinFast
FNF:1
FNH:1
FNDA:2,RewardBasicCoinSpinFast
DA:4,2
LF:1
LH:1
BRF:0
BRH:0
end_of_record
TN:
SF:src/components/rewards/reward-basic/RewardBasicCoinSpinSoft.tsx
FN:3,RewardBasicCoinSpinSoft
FNF:1
FNH:1
FNDA:2,RewardBasicCoinSpinSoft
DA:4,2
LF:1
LH:1
BRF:0
BRH:0
end_of_record
TN:
SF:src/components/rewards/reward-basic/RewardBasicGlowOrbit.tsx
FN:3,RewardBasicGlowOrbit
FNF:1
FNH:1
FNDA:2,RewardBasicGlowOrbit
DA:4,2
LF:1
LH:1
BRF:0
BRH:0
end_of_record
TN:
SF:src/components/rewards/reward-basic/RewardBasicGlowPulse.tsx
FN:3,RewardBasicGlowPulse
FNF:1
FNH:1
FNDA:2,RewardBasicGlowPulse
DA:4,2
LF:1
LH:1
BRF:0
BRH:0
end_of_record
TN:
SF:src/components/rewards/reward-basic/RewardBasicStarBurst.tsx
FN:3,RewardBasicStarBurst
FNF:1
FNH:1
FNDA:2,RewardBasicStarBurst
DA:4,2
LF:1
LH:1
BRF:0
BRH:0
end_of_record
TN:
SF:src/components/rewards/reward-basic/RewardBasicStarRadiate.tsx
FN:3,RewardBasicStarRadiate
FNF:1
FNH:1
FNDA:2,RewardBasicStarRadiate
DA:4,2
LF:1
LH:1
BRF:0
BRH:0
end_of_record
TN:
SF:src/components/rewards/reward-basic/index.ts
FNF:0
FNH:0
DA:25,7
LF:1
LH:1
BRF:0
BRH:0
end_of_record
TN:
SF:src/components/ui/AnimationCard.tsx
FN:17,AnimationCard
FN:33,(anonymous_1)
FN:42,(anonymous_2)
FN:47,(anonymous_3)
FN:60,(anonymous_4)
FN:65,(anonymous_5)
FN:66,(anonymous_6)
FN:83,(anonymous_7)
FN:107,(anonymous_8)
FNF:9
FNH:9
FNDA:899,AnimationCard
FNDA:727,(anonymous_1)
FNDA:669,(anonymous_2)
FNDA:330,(anonymous_3)
FNDA:694,(anonymous_4)
FNDA:133,(anonymous_5)
FNDA:133,(anonymous_6)
FNDA:1,(anonymous_7)
FNDA:663,(anonymous_8)
DA:27,899
DA:28,899
DA:29,899
DA:30,899
DA:31,899
DA:33,899
DA:34,727
DA:36,33
DA:37,33
DA:40,694
DA:41,694
DA:43,669
DA:44,364
DA:45,364
DA:47,364
DA:56,694
DA:57,694
DA:60,694
DA:61,694
DA:65,899
DA:66,133
DA:67,133
DA:70,899
DA:83,1
DA:108,663
LF:25
LH:25
BRDA:24,0,0,279
BRDA:25,1,0,854
BRDA:34,2,0,33
BRDA:34,2,1,694
BRDA:43,3,0,364
BRDA:43,3,1,305
BRDA:43,4,0,669
BRDA:43,4,1,669
BRDA:56,5,0,694
BRDA:56,5,1,0
BRDA:61,6,0,694
BRDA:61,6,1,0
BRDA:77,7,0,898
BRDA:77,7,1,1
BRDA:85,8,0,1
BRDA:85,8,1,898
BRDA:89,9,0,1
BRDA:89,9,1,898
BRDA:99,10,0,530
BRDA:99,10,1,369
BRDA:99,11,0,899
BRDA:99,11,1,402
BRF:22
BRH:20
end_of_record
TN:
SF:src/components/ui/AppSidebar.tsx
FN:12,(anonymous_0)
FN:22,(anonymous_1)
FN:24,(anonymous_2)
FN:29,(anonymous_3)
FN:39,(anonymous_4)
FN:45,(anonymous_5)
FNF:6
FNH:6
FNDA:60,(anonymous_0)
FNDA:155,(anonymous_1)
FNDA:375,(anonymous_2)
FNDA:3,(anonymous_3)
FNDA:413,(anonymous_4)
FNDA:2,(anonymous_5)
DA:12,2
DA:19,60
DA:24,375
DA:26,155
DA:29,3
DA:40,413
DA:42,413
DA:45,2
LF:8
LH:8
BRDA:20,0,0,26
BRDA:20,0,1,34
BRDA:31,1,0,23
BRDA:31,1,1,132
BRDA:37,2,0,155
BRDA:37,2,1,154
BRDA:47,3,0,23
BRDA:47,3,1,390
BRF:8
BRH:8
end_of_record
TN:
SF:src/components/ui/CategorySection.tsx
FN:9,CategorySection
FN:11,(anonymous_1)
FN:27,(anonymous_2)
FNF:3
FNH:3
FNDA:2,CategorySection
FNDA:2,(anonymous_1)
FNDA:2,(anonymous_2)
DA:10,2
DA:11,2
DA:15,2
DA:28,2
LF:4
LH:4
BRDA:26,0,0,1
BRDA:26,0,1,1
BRF:2
BRH:2
end_of_record
TN:
SF:src/components/ui/GroupSection.tsx
FN:12,isInfiniteAnimation
FN:37,GroupSection
FN:50,(anonymous_2)
FNF:3
FNH:3
FNDA:247,isInfiniteAnimation
FNDA:22,GroupSection
FNDA:247,(anonymous_2)
DA:14,247
DA:17,236
DA:34,236
DA:38,22
DA:51,247
DA:52,247
DA:54,247
LF:7
LH:7
BRDA:14,0,0,11
BRDA:14,0,1,236
BRDA:48,1,0,22
BRDA:48,1,1,0
BRDA:64,2,0,245
BRDA:64,2,1,2
BRF:6
BRH:5
end_of_record
TN:
SF:src/components/ui/accordion.tsx
FN:12,(anonymous_0)
FN:20,(anonymous_1)
FN:40,(anonymous_2)
FNF:3
FNH:3
FNDA:1,(anonymous_0)
FNDA:1,(anonymous_1)
FNDA:1,(anonymous_2)
DA:7,1
DA:9,1
DA:13,1
DA:15,1
DA:17,1
DA:21,1
DA:35,1
DA:37,1
DA:41,1
DA:49,1
LF:10
LH:10
BRF:0
BRH:0
end_of_record
TN:
SF:src/components/ui/animation-card.tsx
FNF:0
FNH:0
LF:0
LH:0
BRF:0
BRH:0
end_of_record
TN:
SF:src/components/ui/button-variants.ts
FNF:0
FNH:0
DA:3,15
LF:1
LH:1
BRF:0
BRH:0
end_of_record
TN:
SF:src/components/ui/button.tsx
FN:17,(anonymous_0)
FNF:1
FNH:1
FNDA:899,(anonymous_0)
DA:16,15
DA:18,899
DA:19,899
DA:24,15
LF:4
LH:4
BRDA:17,0,0,899
BRDA:18,1,0,0
BRDA:18,1,1,899
BRF:3
BRH:2
end_of_record
TN:
SF:src/components/ui/card.tsx
FN:6,(anonymous_0)
FN:17,(anonymous_1)
FN:24,(anonymous_2)
FN:35,(anonymous_3)
FN:42,(anonymous_4)
FN:49,(anonymous_5)
FNF:6
FNH:5
FNDA:899,(anonymous_0)
FNDA:899,(anonymous_1)
FNDA:899,(anonymous_2)
FNDA:0,(anonymous_3)
FNDA:899,(anonymous_4)
FNDA:899,(anonymous_5)
DA:5,15
DA:7,899
DA:14,15
DA:16,15
DA:18,899
DA:21,15
DA:23,15
DA:25,899
DA:32,15
DA:34,15
DA:36,0
DA:39,15
DA:41,15
DA:43,899
DA:46,15
DA:48,15
DA:50,899
DA:53,15
LF:18
LH:17
BRF:0
BRH:0
end_of_record
TN:
SF:src/components/ui/catalog.ts
FNF:0
FNH:0
LF:0
LH:0
BRF:0
BRH:0
end_of_record
TN:
SF:src/components/ui/sidebar.tsx
FN:25,(anonymous_0)
FN:35,(anonymous_1)
FN:53,(anonymous_2)
FN:60,(anonymous_3)
FN:67,(anonymous_4)
FN:74,(anonymous_5)
FN:81,(anonymous_6)
FN:92,(anonymous_7)
FN:104,(anonymous_8)
FN:124,(anonymous_9)
FN:131,(anonymous_10)
FNF:11
FNH:10
FNDA:0,(anonymous_0)
FNDA:1,(anonymous_1)
FNDA:1,(anonymous_2)
FNDA:1,(anonymous_3)
FNDA:1,(anonymous_4)
FNDA:1,(anonymous_5)
FNDA:1,(anonymous_6)
FNDA:1,(anonymous_7)
FNDA:1,(anonymous_8)
FNDA:1,(anonymous_9)
FNDA:1,(anonymous_10)
DA:6,1
DA:23,1
DA:34,1
DA:36,1
DA:38,1
DA:50,1
DA:52,1
DA:54,1
DA:57,1
DA:59,1
DA:61,1
DA:64,1
DA:66,1
DA:68,1
DA:71,1
DA:73,1
DA:75,1
DA:78,1
DA:80,1
DA:82,1
DA:89,1
DA:91,1
DA:93,1
DA:96,1
DA:103,1
DA:105,1
DA:106,1
DA:121,1
DA:123,1
DA:125,1
DA:128,1
DA:130,1
DA:132,1
DA:133,1
DA:148,1
LF:35
LH:35
BRDA:35,0,0,1
BRDA:104,1,0,1
BRDA:105,2,0,0
BRDA:105,2,1,1
BRDA:113,3,0,1
BRDA:113,3,1,0
BRDA:131,4,0,1
BRDA:132,5,0,0
BRDA:132,5,1,1
BRDA:140,6,0,1
BRDA:140,6,1,0
BRF:11
BRH:7
end_of_record
TN:
SF:src/hooks/useAnimations.ts
FN:5,useAnimations
FN:12,(anonymous_1)
FN:26,(anonymous_2)
FN:30,(anonymous_3)
FNF:4
FNH:4
FNDA:33,useAnimations
FNDA:8,(anonymous_1)
FNDA:8,(anonymous_2)
FNDA:1,(anonymous_3)
DA:6,33
DA:7,33
DA:12,33
DA:13,8
DA:14,8
DA:15,8
DA:16,7
DA:17,7
DA:19,1
DA:26,33
DA:27,8
DA:30,33
DA:31,1
DA:32,1
DA:33,1
DA:34,1
DA:35,1
DA:37,0
DA:44,33
LF:19
LH:18
BRDA:21,0,0,1
BRDA:21,0,1,0
BRDA:39,1,0,0
BRDA:39,1,1,0
BRF:4
BRH:1
end_of_record
TN:
SF:src/lib/preload-manifest.ts
FNF:0
FNH:0
DA:8,1
LF:1
LH:1
BRF:0
BRH:0
end_of_record
TN:
SF:src/lib/preload.ts
FN:6,preloadImages
FN:14,(anonymous_1)
FN:21,(anonymous_2)
FNF:3
FNH:3
FNDA:3,preloadImages
FNDA:2,(anonymous_1)
FNDA:5,(anonymous_2)
DA:7,3
DA:9,3
DA:10,3
DA:12,3
DA:14,2
DA:19,3
DA:21,3
DA:22,5
DA:24,3
DA:25,3
DA:26,3
DA:27,3
DA:30,3
DA:32,3
DA:35,3
DA:39,3
DA:40,3
DA:41,3
LF:18
LH:18
BRDA:7,0,0,0
BRDA:7,0,1,3
BRDA:9,1,0,3
BRDA:9,1,1,1
BRDA:10,2,0,0
BRDA:10,2,1,3
BRDA:14,3,0,2
BRDA:14,3,1,0
BRDA:22,4,0,2
BRDA:22,4,1,3
BRDA:22,5,0,5
BRDA:22,5,1,5
BRDA:22,5,2,4
BRF:13
BRH:10
end_of_record
TN:
SF:src/lib/utils.ts
FN:4,cn
FNF:1
FNH:1
FNDA:5407,cn
DA:5,5407
LF:1
LH:1
BRF:0
BRH:0
end_of_record
TN:
SF:src/services/animationData.ts
FN:13,(anonymous_0)
FN:13,(anonymous_1)
FN:15,(anonymous_2)
FN:17,(anonymous_3)
FN:20,(anonymous_4)
FN:22,(anonymous_5)
FN:32,(anonymous_6)
FN:41,(anonymous_7)
FN:52,(anonymous_8)
FN:60,(anonymous_9)
FN:65,(anonymous_10)
FN:71,(anonymous_11)
FN:80,(anonymous_12)
FN:81,(anonymous_13)
FN:91,(anonymous_14)
FN:93,(anonymous_15)
FN:94,(anonymous_16)
FNF:17
FNH:17
FNDA:11,(anonymous_0)
FNDA:11,(anonymous_1)
FNDA:793,(anonymous_2)
FNDA:30,(anonymous_3)
FNDA:84,(anonymous_4)
FNDA:11102,(anonymous_5)
FNDA:6,(anonymous_6)
FNDA:30,(anonymous_7)
FNDA:11,(anonymous_8)
FNDA:9,(anonymous_9)
FNDA:2,(anonymous_10)
FNDA:1,(anonymous_11)
FNDA:1,(anonymous_12)
FNDA:1,(anonymous_13)
FNDA:2,(anonymous_14)
FNDA:2,(anonymous_15)
FNDA:2,(anonymous_16)
DA:11,4
DA:13,11
DA:15,793
DA:17,4
DA:18,30
DA:20,30
DA:21,84
DA:22,11102
DA:25,84
DA:32,4
DA:36,6
DA:41,30
DA:49,4
DA:50,4
DA:53,11
DA:54,4
DA:57,11
DA:61,9
DA:62,9
DA:66,2
DA:67,2
DA:68,2
DA:72,1
DA:77,1
DA:79,1
DA:80,1
DA:81,1
DA:83,1
DA:84,1
DA:88,1
DA:92,2
DA:93,2
DA:94,2
DA:96,2
DA:100,4
LF:35
LH:35
BRDA:18,0,0,30
BRDA:18,0,1,0
BRDA:22,1,0,11102
BRDA:22,1,1,2379
BRDA:53,2,0,4
BRDA:53,2,1,7
BRDA:79,3,0,1
BRDA:79,3,1,0
BRDA:83,4,0,1
BRDA:83,4,1,0
BRDA:96,5,0,2
BRDA:96,5,1,0
BRF:12
BRH:8
end_of_record
TN:
SF:src/test/utils/animationTestUtils.tsx
FN:5,withAnimationCard
FN:27,advanceRaf
FN:29,(anonymous_2)
FN:34,queryStage
FNF:4
FNH:4
FNDA:16,withAnimationCard
FNDA:2,advanceRaf
FNDA:2,(anonymous_2)
FNDA:6,queryStage
DA:13,16
DA:14,16
DA:29,2
DA:30,2
DA:35,6
DA:36,6
LF:6
LH:6
BRDA:12,0,0,6
BRDA:12,1,0,9
BRDA:12,2,0,9
BRDA:12,3,0,10
BRDA:12,4,0,16
BRDA:13,5,0,16
BRDA:13,5,1,6
BRDA:35,6,0,6
BRDA:35,6,1,6
BRF:9
BRH:9
end_of_record
