TN:
SF:src/App.tsx
FN:9,App
FN:17,(anonymous_1)
FN:20,(anonymous_2)
FN:26,(anonymous_3)
FN:28,(anonymous_4)
FN:34,(anonymous_5)
FN:37,(anonymous_6)
FN:38,(anonymous_7)
FN:45,(anonymous_8)
FN:47,(anonymous_9)
FN:51,(anonymous_10)
FN:55,(anonymous_11)
FN:59,(anonymous_12)
FN:66,(anonymous_13)
FN:70,(anonymous_14)
FN:76,(anonymous_15)
FN:83,(anonymous_16)
FN:84,(anonymous_17)
FN:103,(anonymous_18)
FN:110,(anonymous_19)
FN:114,(anonymous_20)
FN:136,(anonymous_21)
FN:149,(anonymous_22)
FN:159,(anonymous_23)
FN:162,(anonymous_24)
FN:171,(anonymous_25)
FN:179,(anonymous_26)
FN:183,(anonymous_27)
FN:205,(anonymous_28)
FN:267,(anonymous_29)
FN:269,(anonymous_30)
FN:303,(anonymous_31)
FN:310,(anonymous_32)
FNF:33
FNH:19
FNDA:26,App
FNDA:70,(anonymous_1)
FNDA:26,(anonymous_2)
FNDA:2,(anonymous_3)
FNDA:5,(anonymous_4)
FNDA:3,(anonymous_5)
FNDA:2,(anonymous_6)
FNDA:12,(anonymous_7)
FNDA:6,(anonymous_8)
FNDA:0,(anonymous_9)
FNDA:0,(anonymous_10)
FNDA:6,(anonymous_11)
FNDA:0,(anonymous_12)
FNDA:0,(anonymous_13)
FNDA:0,(anonymous_14)
FNDA:14,(anonymous_15)
FNDA:4,(anonymous_16)
FNDA:0,(anonymous_17)
FNDA:8,(anonymous_18)
FNDA:14,(anonymous_19)
FNDA:4,(anonymous_20)
FNDA:8,(anonymous_21)
FNDA:0,(anonymous_22)
FNDA:102,(anonymous_23)
FNDA:6,(anonymous_24)
FNDA:6,(anonymous_25)
FNDA:0,(anonymous_26)
FNDA:0,(anonymous_27)
FNDA:0,(anonymous_28)
FNDA:0,(anonymous_29)
FNDA:0,(anonymous_30)
FNDA:0,(anonymous_31)
FNDA:0,(anonymous_32)
DA:10,26
DA:11,26
DA:12,26
DA:13,26
DA:14,26
DA:17,70
DA:20,26
DA:21,26
DA:22,6
DA:26,26
DA:28,5
DA:29,2
DA:30,2
DA:34,26
DA:35,3
DA:37,2
DA:38,12
DA:40,2
DA:41,2
DA:45,26
DA:46,6
DA:47,0
DA:48,0
DA:50,0
DA:51,0
DA:55,26
DA:56,6
DA:57,0
DA:58,0
DA:59,0
DA:60,0
DA:66,26
DA:67,0
DA:68,0
DA:70,26
DA:71,0
DA:72,0
DA:76,26
DA:77,14
DA:79,8
DA:80,8
DA:83,8
DA:84,4
DA:85,0
DA:86,0
DA:88,0
DA:90,0
DA:91,0
DA:92,0
DA:94,0
DA:97,0
DA:98,0
DA:103,8
DA:104,8
DA:105,8
DA:110,26
DA:111,14
DA:112,8
DA:114,8
DA:115,4
DA:116,4
DA:119,2
DA:120,2
DA:123,2
DA:124,2
DA:132,8
DA:134,8
DA:136,8
DA:137,8
DA:138,8
DA:142,26
DA:143,0
DA:149,0
DA:159,102
DA:161,26
DA:162,6
DA:171,6
DA:178,26
DA:179,26
DA:180,0
DA:183,26
DA:184,0
DA:187,0
DA:189,0
DA:191,0
DA:195,26
DA:205,0
DA:268,0
DA:269,0
DA:271,0
DA:273,0
DA:274,0
DA:276,0
DA:278,0
DA:279,0
DA:303,0
DA:310,0
LF:97
LH:58
BRDA:21,0,0,6
BRDA:21,0,1,20
BRDA:21,1,0,26
BRDA:21,1,1,14
BRDA:29,2,0,2
BRDA:29,2,1,0
BRDA:29,3,0,2
BRDA:29,3,1,2
BRDA:35,4,0,1
BRDA:35,4,1,2
BRDA:40,5,0,2
BRDA:40,5,1,0
BRDA:46,6,0,6
BRDA:46,6,1,0
BRDA:48,7,0,0
BRDA:48,7,1,0
BRDA:56,8,0,0
BRDA:56,8,1,6
BRDA:77,9,0,6
BRDA:77,9,1,8
BRDA:88,10,0,0
BRDA:88,10,1,0
BRDA:90,11,0,0
BRDA:90,11,1,0
BRDA:97,12,0,0
BRDA:97,12,1,0
BRDA:97,13,0,0
BRDA:97,13,1,0
BRDA:104,14,0,8
BRDA:104,14,1,0
BRDA:105,15,0,4
BRDA:105,15,1,4
BRDA:111,16,0,6
BRDA:111,16,1,8
BRDA:116,17,0,2
BRDA:116,17,1,2
BRDA:142,18,0,0
BRDA:142,18,1,26
BRDA:163,19,0,0
BRDA:163,19,1,6
BRDA:173,20,0,0
BRDA:173,20,1,6
BRDA:189,21,0,0
BRDA:189,21,1,0
BRDA:224,22,0,26
BRDA:224,22,1,8
BRDA:240,23,0,12
BRDA:240,23,1,14
BRDA:249,24,0,14
BRDA:249,24,1,8
BRDA:271,25,0,0
BRDA:271,25,1,0
BRDA:273,26,0,0
BRDA:273,26,1,0
BRDA:276,27,0,0
BRDA:276,27,1,0
BRDA:278,28,0,0
BRDA:278,28,1,0
BRDA:301,29,0,0
BRDA:301,29,1,26
BRF:60
BRH:31
end_of_record
TN:
SF:src/components/animationRegistry.ts
FNF:0
FNH:0
DA:19,5
LF:1
LH:1
BRF:0
BRH:0
end_of_record
TN:
SF:src/components/base/button-effects/ButtonEffectsJitter.tsx
FN:4,ButtonEffectsJitter
FNF:1
FNH:1
FNDA:3,ButtonEffectsJitter
DA:5,3
LF:1
LH:1
BRF:0
BRH:0
end_of_record
TN:
SF:src/components/base/button-effects/ButtonEffectsLiquidMorph.tsx
FN:5,ButtonEffectsLiquidMorph
FN:8,(anonymous_1)
FN:10,(anonymous_2)
FNF:3
FNH:1
FNDA:2,ButtonEffectsLiquidMorph
FNDA:0,(anonymous_1)
FNDA:0,(anonymous_2)
DA:6,2
DA:8,2
DA:9,0
DA:10,0
DA:13,2
LF:5
LH:3
BRDA:16,0,0,0
BRDA:16,0,1,2
BRF:2
BRH:1
end_of_record
TN:
SF:src/components/base/button-effects/ButtonEffectsRipple.tsx
FN:12,ButtonEffectsRipple
FN:17,(anonymous_1)
FN:28,(anonymous_2)
FN:30,(anonymous_3)
FN:31,(anonymous_4)
FN:31,(anonymous_5)
FN:40,(anonymous_6)
FNF:7
FNH:7
FNDA:6,ButtonEffectsRipple
FNDA:1,(anonymous_1)
FNDA:1,(anonymous_2)
FNDA:1,(anonymous_3)
FNDA:1,(anonymous_4)
FNDA:1,(anonymous_5)
FNDA:1,(anonymous_6)
DA:13,6
DA:14,6
DA:15,6
DA:17,6
DA:18,1
DA:19,1
DA:20,1
DA:21,1
DA:23,1
DA:24,1
DA:25,1
DA:26,1
DA:27,1
DA:28,1
DA:30,1
DA:31,1
DA:35,6
DA:41,1
DA:42,1
LF:19
LH:19
BRDA:19,0,0,0
BRDA:19,0,1,1
BRF:2
BRH:1
end_of_record
TN:
SF:src/components/base/button-effects/ButtonEffectsShockwave.tsx
FN:11,ButtonEffectsShockwave
FN:16,(anonymous_1)
FN:26,(anonymous_2)
FN:29,(anonymous_3)
FN:30,(anonymous_4)
FN:30,(anonymous_5)
FN:43,(anonymous_6)
FNF:7
FNH:1
FNDA:2,ButtonEffectsShockwave
FNDA:0,(anonymous_1)
FNDA:0,(anonymous_2)
FNDA:0,(anonymous_3)
FNDA:0,(anonymous_4)
FNDA:0,(anonymous_5)
FNDA:0,(anonymous_6)
DA:12,2
DA:13,2
DA:14,2
DA:16,2
DA:17,0
DA:18,0
DA:20,0
DA:21,0
DA:22,0
DA:25,0
DA:26,0
DA:29,0
DA:30,0
DA:34,2
DA:44,0
LF:15
LH:5
BRDA:18,0,0,0
BRDA:18,0,1,0
BRF:2
BRH:0
end_of_record
TN:
SF:src/components/base/button-effects/ButtonEffectsSplitReveal.tsx
FN:5,ButtonEffectsSplitReveal
FN:8,(anonymous_1)
FN:10,(anonymous_2)
FNF:3
FNH:1
FNDA:2,ButtonEffectsSplitReveal
FNDA:0,(anonymous_1)
FNDA:0,(anonymous_2)
DA:6,2
DA:8,2
DA:9,0
DA:10,0
DA:13,2
LF:5
LH:3
BRDA:16,0,0,0
BRDA:16,0,1,2
BRF:2
BRH:1
end_of_record
TN:
SF:src/components/base/button-effects/index.ts
FNF:0
FNH:0
DA:14,5
LF:1
LH:1
BRF:0
BRH:0
end_of_record
TN:
SF:src/components/base/standard-effects/StandardEffectsBlink.tsx
FN:4,StandardEffectsBlink
FNF:1
FNH:1
FNDA:3,StandardEffectsBlink
DA:5,3
LF:1
LH:1
BRF:0
BRH:0
end_of_record
TN:
SF:src/components/base/standard-effects/StandardEffectsBounce.tsx
FN:4,StandardEffectsBounce
FNF:1
FNH:1
FNDA:3,StandardEffectsBounce
DA:5,3
LF:1
LH:1
BRF:0
BRH:0
end_of_record
TN:
SF:src/components/base/standard-effects/StandardEffectsFade.tsx
FN:4,StandardEffectsFade
FNF:1
FNH:1
FNDA:5,StandardEffectsFade
DA:5,5
LF:1
LH:1
BRF:0
BRH:0
end_of_record
TN:
SF:src/components/base/standard-effects/StandardEffectsFlip.tsx
FN:4,StandardEffectsFlip
FNF:1
FNH:1
FNDA:3,StandardEffectsFlip
DA:5,3
LF:1
LH:1
BRF:0
BRH:0
end_of_record
TN:
SF:src/components/base/standard-effects/StandardEffectsFloat.tsx
FN:4,StandardEffectsFloat
FNF:1
FNH:1
FNDA:3,StandardEffectsFloat
DA:5,3
LF:1
LH:1
BRF:0
BRH:0
end_of_record
TN:
SF:src/components/base/standard-effects/StandardEffectsHeartbeat.tsx
FN:4,StandardEffectsHeartbeat
FNF:1
FNH:1
FNDA:3,StandardEffectsHeartbeat
DA:5,3
LF:1
LH:1
BRF:0
BRH:0
end_of_record
TN:
SF:src/components/base/standard-effects/StandardEffectsJello.tsx
FN:4,StandardEffectsJello
FNF:1
FNH:1
FNDA:3,StandardEffectsJello
DA:5,3
LF:1
LH:1
BRF:0
BRH:0
end_of_record
TN:
SF:src/components/base/standard-effects/StandardEffectsPop.tsx
FN:4,StandardEffectsPop
FNF:1
FNH:1
FNDA:3,StandardEffectsPop
DA:5,3
LF:1
LH:1
BRF:0
BRH:0
end_of_record
TN:
SF:src/components/base/standard-effects/StandardEffectsPulse.tsx
FN:4,StandardEffectsPulse
FNF:1
FNH:1
FNDA:3,StandardEffectsPulse
DA:5,3
LF:1
LH:1
BRF:0
BRH:0
end_of_record
TN:
SF:src/components/base/standard-effects/StandardEffectsRubberBand.tsx
FN:4,StandardEffectsRubberBand
FNF:1
FNH:1
FNDA:3,StandardEffectsRubberBand
DA:5,3
LF:1
LH:1
BRF:0
BRH:0
end_of_record
TN:
SF:src/components/base/standard-effects/StandardEffectsScale.tsx
FN:4,StandardEffectsScale
FNF:1
FNH:1
FNDA:5,StandardEffectsScale
DA:5,5
LF:1
LH:1
BRF:0
BRH:0
end_of_record
TN:
SF:src/components/base/standard-effects/StandardEffectsShake.tsx
FN:4,StandardEffectsShake
FNF:1
FNH:1
FNDA:3,StandardEffectsShake
DA:5,3
LF:1
LH:1
BRF:0
BRH:0
end_of_record
TN:
SF:src/components/base/standard-effects/StandardEffectsSlide.tsx
FN:4,StandardEffectsSlide
FNF:1
FNH:1
FNDA:3,StandardEffectsSlide
DA:5,3
LF:1
LH:1
BRF:0
BRH:0
end_of_record
TN:
SF:src/components/base/standard-effects/StandardEffectsSpin.tsx
FN:4,StandardEffectsSpin
FNF:1
FNH:1
FNDA:3,StandardEffectsSpin
DA:5,3
LF:1
LH:1
BRF:0
BRH:0
end_of_record
TN:
SF:src/components/base/standard-effects/StandardEffectsSqueeze.tsx
FN:4,StandardEffectsSqueeze
FNF:1
FNH:1
FNDA:3,StandardEffectsSqueeze
DA:5,3
LF:1
LH:1
BRF:0
BRH:0
end_of_record
TN:
SF:src/components/base/standard-effects/StandardEffectsSwing.tsx
FN:4,StandardEffectsSwing
FNF:1
FNH:1
FNDA:3,StandardEffectsSwing
DA:5,3
LF:1
LH:1
BRF:0
BRH:0
end_of_record
TN:
SF:src/components/base/standard-effects/StandardEffectsTada.tsx
FN:4,StandardEffectsTada
FNF:1
FNH:1
FNDA:3,StandardEffectsTada
DA:5,3
LF:1
LH:1
BRF:0
BRH:0
end_of_record
TN:
SF:src/components/base/standard-effects/StandardEffectsWiggle.tsx
FN:4,StandardEffectsWiggle
FNF:1
FNH:1
FNDA:3,StandardEffectsWiggle
DA:5,3
LF:1
LH:1
BRF:0
BRH:0
end_of_record
TN:
SF:src/components/base/standard-effects/index.ts
FNF:0
FNH:0
DA:41,5
LF:1
LH:1
BRF:0
BRH:0
end_of_record
TN:
SF:src/components/base/text-effects/TextEffectsCharacterReveal.tsx
FN:4,TextEffectsCharacterReveal
FN:23,(anonymous_1)
FN:53,(anonymous_2)
FNF:3
FNH:3
FNDA:7,TextEffectsCharacterReveal
FNDA:77,(anonymous_1)
FNDA:77,(anonymous_2)
DA:5,7
DA:6,7
DA:8,7
DA:24,77
DA:54,77
LF:5
LH:5
BRF:0
BRH:0
end_of_record
TN:
SF:src/components/base/text-effects/TextEffectsComboCounter.tsx
FN:5,TextEffectsComboCounter
FN:19,(anonymous_1)
FN:22,(anonymous_2)
FN:90,(anonymous_3)
FN:160,(anonymous_4)
FNF:5
FNH:5
FNDA:7,TextEffectsComboCounter
FNDA:14,(anonymous_1)
FNDA:7,(anonymous_2)
FNDA:28,(anonymous_3)
FNDA:35,(anonymous_4)
DA:6,7
DA:7,7
DA:10,7
DA:18,7
DA:19,14
DA:22,7
DA:23,7
DA:28,7
DA:31,7
DA:91,28
DA:92,28
DA:93,28
DA:94,28
DA:98,28
DA:99,28
DA:101,28
DA:161,35
LF:17
LH:17
BRF:0
BRH:0
end_of_record
TN:
SF:src/components/base/text-effects/TextEffectsCounterIncrement.tsx
FN:9,TextEffectsCounterIncrement
FN:15,(anonymous_1)
FN:16,(anonymous_2)
FN:26,(anonymous_3)
FN:29,(anonymous_4)
FN:34,(anonymous_5)
FN:45,(anonymous_6)
FN:61,(anonymous_7)
FNF:8
FNH:8
FNDA:14,TextEffectsCounterIncrement
FNDA:7,(anonymous_1)
FNDA:7,(anonymous_2)
FNDA:7,(anonymous_3)
FNDA:5,(anonymous_4)
FNDA:3,(anonymous_5)
FNDA:7,(anonymous_6)
FNDA:7,(anonymous_7)
DA:10,14
DA:11,14
DA:12,14
DA:13,14
DA:15,14
DA:16,7
DA:18,7
DA:21,7
DA:22,7
DA:23,7
DA:26,7
DA:29,7
DA:30,5
DA:34,7
DA:35,3
DA:40,7
DA:43,7
DA:45,7
DA:46,7
DA:47,7
DA:51,14
DA:62,7
LF:22
LH:22
BRDA:55,0,0,7
BRDA:55,0,1,7
BRDA:64,1,0,7
BRDA:64,1,1,0
BRF:4
BRH:3
end_of_record
TN:
SF:src/components/base/text-effects/TextEffectsEpicWin.tsx
FN:4,TextEffectsEpicWin
FN:51,(anonymous_1)
FNF:2
FNH:2
FNDA:7,TextEffectsEpicWin
FNDA:56,(anonymous_1)
DA:5,7
DA:7,7
DA:52,56
LF:3
LH:3
BRDA:74,0,0,7
BRDA:74,0,1,49
BRF:2
BRH:2
end_of_record
TN:
SF:src/components/base/text-effects/TextEffectsGlitchText.tsx
FN:4,TextEffectsGlitchText
FNF:1
FNH:1
FNDA:7,TextEffectsGlitchText
DA:5,7
DA:7,7
LF:2
LH:2
BRF:0
BRH:0
end_of_record
TN:
SF:src/components/base/text-effects/TextEffectsHorizonLightPass.tsx
FN:10,TextEffectsHorizonLightPass
FN:14,(anonymous_1)
FN:53,(anonymous_2)
FN:92,(anonymous_3)
FNF:4
FNH:4
FNDA:7,TextEffectsHorizonLightPass
FNDA:7,(anonymous_1)
FNDA:119,(anonymous_2)
FNDA:119,(anonymous_3)
DA:11,7
DA:12,7
DA:14,7
DA:16,7
DA:46,7
DA:55,119
DA:56,119
DA:57,119
DA:58,119
DA:59,119
DA:82,7
DA:93,119
LF:12
LH:12
BRDA:16,0,0,0
BRDA:16,0,1,7
BRDA:46,1,0,0
BRDA:46,1,1,7
BRDA:89,2,0,0
BRDA:89,2,1,7
BRDA:99,3,0,14
BRDA:99,3,1,105
BRF:8
BRH:5
end_of_record
TN:
SF:src/components/base/text-effects/TextEffectsLevelBreakthrough.tsx
FN:5,TextEffectsLevelBreakthrough
FN:13,(anonymous_1)
FN:15,(anonymous_2)
FN:54,(anonymous_3)
FN:70,(anonymous_4)
FN:82,(anonymous_5)
FNF:6
FNH:5
FNDA:7,TextEffectsLevelBreakthrough
FNDA:7,(anonymous_1)
FNDA:7,(anonymous_2)
FNDA:1,(anonymous_3)
FNDA:0,(anonymous_4)
FNDA:7,(anonymous_5)
DA:6,7
DA:7,7
DA:8,7
DA:9,7
DA:10,7
DA:11,7
DA:13,7
DA:14,7
DA:15,7
DA:17,7
DA:18,7
DA:19,7
DA:23,7
DA:24,7
DA:27,7
DA:28,7
DA:40,7
DA:41,7
DA:53,7
DA:55,1
DA:56,1
DA:69,7
DA:71,0
DA:72,0
DA:73,0
DA:74,0
DA:80,7
DA:82,7
DA:83,7
DA:84,7
DA:85,7
DA:86,7
DA:87,7
DA:88,7
DA:92,7
LF:35
LH:31
BRDA:17,0,0,7
BRDA:17,0,1,0
BRDA:27,1,0,7
BRDA:27,1,1,0
BRDA:40,2,0,7
BRDA:40,2,1,0
BRDA:55,3,0,0
BRDA:55,3,1,1
BRDA:71,4,0,0
BRDA:71,4,1,0
BRDA:72,5,0,0
BRDA:72,5,1,0
BRF:12
BRH:4
end_of_record
TN:
SF:src/components/base/text-effects/TextEffectsLightSweepDraw.tsx
FN:11,TextEffectsLightSweepDraw
FN:16,(anonymous_1)
FN:88,(anonymous_2)
FNF:3
FNH:3
FNDA:7,TextEffectsLightSweepDraw
FNDA:7,(anonymous_1)
FNDA:119,(anonymous_2)
DA:12,7
DA:13,7
DA:16,7
DA:19,7
DA:52,7
DA:78,7
DA:89,119
LF:7
LH:7
BRDA:19,0,0,0
BRDA:19,0,1,7
BRDA:52,1,0,0
BRDA:52,1,1,7
BRDA:85,2,0,0
BRDA:85,2,1,7
BRDA:94,3,0,14
BRDA:94,3,1,105
BRF:8
BRH:5
end_of_record
TN:
SF:src/components/base/text-effects/TextEffectsMetallicSpecularFlash.tsx
FN:10,TextEffectsMetallicSpecularFlash
FN:14,(anonymous_1)
FN:79,(anonymous_2)
FNF:3
FNH:3
FNDA:7,TextEffectsMetallicSpecularFlash
FNDA:7,(anonymous_1)
FNDA:119,(anonymous_2)
DA:11,7
DA:12,7
DA:14,7
DA:16,7
DA:42,7
DA:69,7
DA:80,119
LF:7
LH:7
BRDA:16,0,0,0
BRDA:16,0,1,7
BRDA:42,1,0,0
BRDA:42,1,1,7
BRDA:76,2,0,0
BRDA:76,2,1,7
BRDA:85,3,0,14
BRDA:85,3,1,105
BRF:8
BRH:5
end_of_record
TN:
SF:src/components/base/text-effects/TextEffectsTypewriter.tsx
FN:4,TextEffectsTypewriter
FN:11,(anonymous_1)
FNF:2
FNH:2
FNDA:7,TextEffectsTypewriter
FNDA:119,(anonymous_1)
DA:5,7
DA:6,7
DA:8,7
DA:12,119
LF:4
LH:4
BRDA:28,0,0,7
BRDA:28,0,1,112
BRF:2
BRH:2
end_of_record
TN:
SF:src/components/base/text-effects/TextEffectsVerbFall.tsx
FN:8,TextEffectsVerbFall
FN:10,(anonymous_1)
FN:14,(anonymous_2)
FNF:3
FNH:3
FNDA:7,TextEffectsVerbFall
FNDA:7,(anonymous_1)
FNDA:119,(anonymous_2)
DA:9,7
DA:10,7
DA:11,7
DA:15,119
LF:4
LH:4
BRDA:16,0,0,14
BRDA:16,0,1,105
BRF:2
BRH:2
end_of_record
TN:
SF:src/components/base/text-effects/TextEffectsVerbFlip.tsx
FN:7,TextEffectsVerbFlip
FN:9,(anonymous_1)
FN:13,(anonymous_2)
FNF:3
FNH:3
FNDA:7,TextEffectsVerbFlip
FNDA:7,(anonymous_1)
FNDA:119,(anonymous_2)
DA:8,7
DA:9,7
DA:10,7
DA:14,119
LF:4
LH:4
BRDA:15,0,0,14
BRDA:15,0,1,105
BRF:2
BRH:2
end_of_record
TN:
SF:src/components/base/text-effects/TextEffectsVerbFloat.tsx
FN:8,TextEffectsVerbFloat
FN:10,(anonymous_1)
FN:15,(anonymous_2)
FNF:3
FNH:3
FNDA:7,TextEffectsVerbFloat
FNDA:7,(anonymous_1)
FNDA:119,(anonymous_2)
DA:9,7
DA:10,7
DA:12,7
DA:16,119
LF:4
LH:4
BRDA:17,0,0,14
BRDA:17,0,1,105
BRF:2
BRH:2
end_of_record
TN:
SF:src/components/base/text-effects/TextEffectsVerbJog.tsx
FN:7,TextEffectsVerbJog
FN:9,(anonymous_1)
FN:13,(anonymous_2)
FNF:3
FNH:3
FNDA:7,TextEffectsVerbJog
FNDA:7,(anonymous_1)
FNDA:119,(anonymous_2)
DA:8,7
DA:9,7
DA:10,7
DA:14,119
LF:4
LH:4
BRDA:15,0,0,14
BRDA:15,0,1,105
BRF:2
BRH:2
end_of_record
TN:
SF:src/components/base/text-effects/TextEffectsVerbJump.tsx
FN:10,TextEffectsVerbJump
FN:13,(anonymous_1)
FN:18,(anonymous_2)
FNF:3
FNH:3
FNDA:7,TextEffectsVerbJump
FNDA:7,(anonymous_1)
FNDA:119,(anonymous_2)
DA:11,7
DA:13,7
DA:15,7
DA:19,119
LF:4
LH:4
BRDA:20,0,0,14
BRDA:20,0,1,105
BRF:2
BRH:2
end_of_record
TN:
SF:src/components/base/text-effects/TextEffectsVerbTwirl.tsx
FN:7,TextEffectsVerbTwirl
FN:9,(anonymous_1)
FN:13,(anonymous_2)
FNF:3
FNH:3
FNDA:7,TextEffectsVerbTwirl
FNDA:7,(anonymous_1)
FNDA:119,(anonymous_2)
DA:8,7
DA:9,7
DA:10,7
DA:14,119
LF:4
LH:4
BRDA:15,0,0,14
BRDA:15,0,1,105
BRF:2
BRH:2
end_of_record
TN:
SF:src/components/base/text-effects/TextEffectsWaveReveal.tsx
FN:4,TextEffectsWaveReveal
FN:56,(anonymous_1)
FN:63,(anonymous_2)
FNF:3
FNH:3
FNDA:7,TextEffectsWaveReveal
FNDA:21,(anonymous_1)
FNDA:126,(anonymous_2)
DA:5,7
DA:11,7
DA:22,7
DA:32,7
DA:48,7
DA:57,21
DA:64,126
LF:7
LH:7
BRDA:69,0,0,7
BRDA:69,0,1,119
BRF:2
BRH:2
end_of_record
TN:
SF:src/components/base/text-effects/TextEffectsWaveText.tsx
FN:4,TextEffectsWaveText
FN:11,(anonymous_1)
FNF:2
FNH:2
FNDA:7,TextEffectsWaveText
FNDA:77,(anonymous_1)
DA:5,7
DA:7,7
DA:12,77
DA:13,77
DA:14,77
DA:16,77
LF:6
LH:6
BRDA:44,0,0,7
BRDA:44,0,1,70
BRDA:47,1,0,77
BRDA:47,1,1,70
BRF:4
BRH:4
end_of_record
TN:
SF:src/components/base/text-effects/TextEffectsXpNumberPop.tsx
FN:21,TextEffectsXpNumberPop
FN:28,(anonymous_1)
FN:30,(anonymous_2)
FN:31,(anonymous_3)
FN:63,(anonymous_4)
FN:86,(anonymous_5)
FN:97,(anonymous_6)
FNF:7
FNH:5
FNDA:7,TextEffectsXpNumberPop
FNDA:29,(anonymous_1)
FNDA:7,(anonymous_2)
FNDA:7,(anonymous_3)
FNDA:5,(anonymous_4)
FNDA:0,(anonymous_5)
FNDA:0,(anonymous_6)
DA:22,7
DA:23,7
DA:24,7
DA:27,7
DA:28,29
DA:30,7
DA:31,7
DA:33,7
DA:44,7
DA:57,7
DA:63,7
DA:64,5
DA:67,5
DA:68,10
DA:69,50
DA:70,50
DA:72,50
DA:83,5
DA:86,5
DA:90,7
DA:93,7
DA:98,0
LF:22
LH:21
BRDA:123,0,0,0
BRDA:123,0,1,0
BRDA:125,1,0,0
BRDA:125,1,1,0
BRF:4
BRH:0
end_of_record
TN:
SF:src/components/base/text-effects/index.ts
FNF:0
FNH:0
DA:21,5
LF:1
LH:1
BRF:0
BRH:0
end_of_record
TN:
SF:src/components/dialogs/modal-base/ModalBaseFlip3d.tsx
FN:4,ModalBaseFlip3d
FN:5,(anonymous_1)
FNF:2
FNH:2
FNDA:3,ModalBaseFlip3d
FNDA:3,(anonymous_1)
DA:5,3
DA:9,3
LF:2
LH:2
BRF:0
BRH:0
end_of_record
TN:
SF:src/components/dialogs/modal-base/ModalBaseGlitchDigital.tsx
FN:4,ModalBaseGlitchDigital
FN:5,(anonymous_1)
FNF:2
FNH:2
FNDA:3,ModalBaseGlitchDigital
FNDA:3,(anonymous_1)
DA:5,3
DA:9,3
LF:2
LH:2
BRF:0
BRH:0
end_of_record
TN:
SF:src/components/dialogs/modal-base/ModalBasePortalSwirl.tsx
FN:4,ModalBasePortalSwirl
FN:5,(anonymous_1)
FNF:2
FNH:2
FNDA:3,ModalBasePortalSwirl
FNDA:3,(anonymous_1)
DA:5,3
DA:9,3
LF:2
LH:2
BRF:0
BRH:0
end_of_record
TN:
SF:src/components/dialogs/modal-base/ModalBaseRippleExpand.tsx
FN:4,ModalBaseRippleExpand
FN:5,(anonymous_1)
FNF:2
FNH:2
FNDA:3,ModalBaseRippleExpand
FNDA:3,(anonymous_1)
DA:5,3
DA:9,3
LF:2
LH:2
BRF:0
BRH:0
end_of_record
TN:
SF:src/components/dialogs/modal-base/ModalBaseScaleCrisp.tsx
FN:4,ModalBaseScaleCrisp
FN:5,(anonymous_1)
FNF:2
FNH:0
FNDA:0,ModalBaseScaleCrisp
FNDA:0,(anonymous_1)
DA:5,0
DA:9,0
LF:2
LH:0
BRF:0
BRH:0
end_of_record
TN:
SF:src/components/dialogs/modal-base/ModalBaseScaleGentlePop.tsx
FN:4,ModalBaseScaleGentlePop
FN:5,(anonymous_1)
FNF:2
FNH:2
FNDA:3,ModalBaseScaleGentlePop
FNDA:3,(anonymous_1)
DA:5,3
DA:9,3
LF:2
LH:2
BRF:0
BRH:0
end_of_record
TN:
SF:src/components/dialogs/modal-base/ModalBaseScaleHero.tsx
FN:4,ModalBaseScaleHero
FN:5,(anonymous_1)
FNF:2
FNH:2
FNDA:2,ModalBaseScaleHero
FNDA:2,(anonymous_1)
DA:5,2
DA:9,2
LF:2
LH:2
BRF:0
BRH:0
end_of_record
TN:
SF:src/components/dialogs/modal-base/ModalBaseShatterAssemble.tsx
FN:4,ModalBaseShatterAssemble
FN:5,(anonymous_1)
FNF:2
FNH:2
FNDA:3,ModalBaseShatterAssemble
FNDA:3,(anonymous_1)
DA:5,3
DA:9,3
LF:2
LH:2
BRF:0
BRH:0
end_of_record
TN:
SF:src/components/dialogs/modal-base/ModalBaseSlideDownHero.tsx
FN:4,ModalBaseSlideDownHero
FN:5,(anonymous_1)
FNF:2
FNH:0
FNDA:0,ModalBaseSlideDownHero
FNDA:0,(anonymous_1)
DA:5,0
DA:9,0
LF:2
LH:0
BRF:0
BRH:0
end_of_record
TN:
SF:src/components/dialogs/modal-base/ModalBaseSlideDownSoft.tsx
FN:4,ModalBaseSlideDownSoft
FN:5,(anonymous_1)
FNF:2
FNH:2
FNDA:3,ModalBaseSlideDownSoft
FNDA:3,(anonymous_1)
DA:5,3
DA:9,3
LF:2
LH:2
BRF:0
BRH:0
end_of_record
TN:
SF:src/components/dialogs/modal-base/ModalBaseSlideLeftDrift.tsx
FN:4,ModalBaseSlideLeftDrift
FN:5,(anonymous_1)
FNF:2
FNH:2
FNDA:3,ModalBaseSlideLeftDrift
FNDA:3,(anonymous_1)
DA:5,3
DA:9,3
LF:2
LH:2
BRF:0
BRH:0
end_of_record
TN:
SF:src/components/dialogs/modal-base/ModalBaseSlideRightDrift.tsx
FN:4,ModalBaseSlideRightDrift
FN:5,(anonymous_1)
FNF:2
FNH:2
FNDA:3,ModalBaseSlideRightDrift
FNDA:3,(anonymous_1)
DA:5,3
DA:9,3
LF:2
LH:2
BRF:0
BRH:0
end_of_record
TN:
SF:src/components/dialogs/modal-base/ModalBaseSlideUpCrisp.tsx
FN:4,ModalBaseSlideUpCrisp
FN:5,(anonymous_1)
FNF:2
FNH:0
FNDA:0,ModalBaseSlideUpCrisp
FNDA:0,(anonymous_1)
DA:5,0
DA:9,0
LF:2
LH:0
BRF:0
BRH:0
end_of_record
TN:
SF:src/components/dialogs/modal-base/ModalBaseSlideUpSoft.tsx
FN:4,ModalBaseSlideUpSoft
FN:5,(anonymous_1)
FNF:2
FNH:2
FNDA:3,ModalBaseSlideUpSoft
FNDA:3,(anonymous_1)
DA:5,3
DA:9,3
LF:2
LH:2
BRF:0
BRH:0
end_of_record
TN:
SF:src/components/dialogs/modal-base/ModalBaseSpringBounce.tsx
FN:5,ModalBaseSpringBounce
FNF:1
FNH:1
FNDA:3,ModalBaseSpringBounce
DA:6,3
DA:19,3
DA:38,3
LF:3
LH:3
BRF:0
BRH:0
end_of_record
TN:
SF:src/components/dialogs/modal-base/ModalBaseTvTurnOn.tsx
FN:4,ModalBaseTvTurnOn
FN:5,(anonymous_1)
FNF:2
FNH:2
FNDA:3,ModalBaseTvTurnOn
FNDA:3,(anonymous_1)
DA:5,3
DA:9,3
LF:2
LH:2
BRF:0
BRH:0
end_of_record
TN:
SF:src/components/dialogs/modal-base/ModalBaseUnfoldOrigami.tsx
FN:4,ModalBaseUnfoldOrigami
FN:5,(anonymous_1)
FNF:2
FNH:2
FNDA:3,ModalBaseUnfoldOrigami
FNDA:3,(anonymous_1)
DA:5,3
DA:9,3
LF:2
LH:2
BRF:0
BRH:0
end_of_record
TN:
SF:src/components/dialogs/modal-base/ModalBaseZoomElastic.tsx
FN:4,ModalBaseZoomElastic
FN:5,(anonymous_1)
FNF:2
FNH:2
FNDA:3,ModalBaseZoomElastic
FNDA:3,(anonymous_1)
DA:5,3
DA:9,3
LF:2
LH:2
BRF:0
BRH:0
end_of_record
TN:
SF:src/components/dialogs/modal-base/index.ts
FNF:0
FNH:0
DA:35,5
LF:1
LH:1
BRF:0
BRH:0
end_of_record
TN:
SF:src/components/dialogs/modal-content/ModalContentButtonsStagger2.tsx
FN:4,ModalContentButtonsStagger2
FN:7,(anonymous_1)
FN:9,(anonymous_2)
FN:37,(anonymous_3)
FN:45,(anonymous_4)
FNF:5
FNH:5
FNDA:3,ModalContentButtonsStagger2
FNDA:3,(anonymous_1)
FNDA:6,(anonymous_2)
FNDA:6,(anonymous_3)
FNDA:6,(anonymous_4)
DA:5,3
DA:7,3
DA:9,3
DA:10,6
DA:12,6
DA:13,6
DA:16,6
DA:17,6
DA:18,6
DA:19,6
DA:24,3
DA:38,6
DA:46,6
LF:13
LH:13
BRDA:10,0,0,6
BRDA:10,0,1,0
BRF:2
BRH:1
end_of_record
TN:
SF:src/components/dialogs/modal-content/ModalContentButtonsStagger3.tsx
FN:4,ModalContentButtonsStagger3
FN:7,(anonymous_1)
FN:9,(anonymous_2)
FN:37,(anonymous_3)
FN:45,(anonymous_4)
FN:53,(anonymous_5)
FNF:6
FNH:6
FNDA:3,ModalContentButtonsStagger3
FNDA:3,(anonymous_1)
FNDA:9,(anonymous_2)
FNDA:6,(anonymous_3)
FNDA:6,(anonymous_4)
FNDA:6,(anonymous_5)
DA:5,3
DA:7,3
DA:9,3
DA:10,9
DA:12,9
DA:13,9
DA:16,9
DA:17,9
DA:18,9
DA:19,9
DA:24,3
DA:38,6
DA:46,6
DA:54,6
LF:14
LH:14
BRDA:10,0,0,9
BRDA:10,0,1,0
BRF:2
BRH:1
end_of_record
TN:
SF:src/components/dialogs/modal-content/ModalContentFormFieldGradient.tsx
FN:4,ModalContentFormFieldGradient
FN:8,(anonymous_1)
FN:10,(anonymous_2)
FN:25,(anonymous_3)
FN:52,(anonymous_4)
FN:61,(anonymous_5)
FN:70,(anonymous_6)
FN:82,(anonymous_7)
FN:90,(anonymous_8)
FNF:9
FNH:9
FNDA:3,ModalContentFormFieldGradient
FNDA:3,(anonymous_1)
FNDA:9,(anonymous_2)
FNDA:6,(anonymous_3)
FNDA:6,(anonymous_4)
FNDA:6,(anonymous_5)
FNDA:6,(anonymous_6)
FNDA:6,(anonymous_7)
FNDA:6,(anonymous_8)
DA:5,3
DA:6,3
DA:8,3
DA:10,3
DA:11,9
DA:13,9
DA:14,9
DA:17,9
DA:18,9
DA:19,9
DA:20,9
DA:25,3
DA:26,6
DA:28,6
DA:29,6
DA:32,6
DA:33,6
DA:34,6
DA:35,6
DA:40,3
DA:53,6
DA:62,6
DA:71,6
DA:83,6
DA:91,6
LF:25
LH:25
BRDA:11,0,0,9
BRDA:11,0,1,0
BRDA:26,1,0,6
BRDA:26,1,1,0
BRF:4
BRH:2
end_of_record
TN:
SF:src/components/dialogs/modal-content/ModalContentFormFieldLeftReveal.tsx
FN:4,ModalContentFormFieldLeftReveal
FN:8,(anonymous_1)
FN:10,(anonymous_2)
FN:25,(anonymous_3)
FN:52,(anonymous_4)
FN:61,(anonymous_5)
FN:70,(anonymous_6)
FN:82,(anonymous_7)
FN:90,(anonymous_8)
FNF:9
FNH:9
FNDA:3,ModalContentFormFieldLeftReveal
FNDA:3,(anonymous_1)
FNDA:9,(anonymous_2)
FNDA:6,(anonymous_3)
FNDA:6,(anonymous_4)
FNDA:6,(anonymous_5)
FNDA:6,(anonymous_6)
FNDA:6,(anonymous_7)
FNDA:6,(anonymous_8)
DA:5,3
DA:6,3
DA:8,3
DA:10,3
DA:11,9
DA:13,9
DA:14,9
DA:17,9
DA:18,9
DA:19,9
DA:20,9
DA:25,3
DA:26,6
DA:28,6
DA:29,6
DA:32,6
DA:33,6
DA:34,6
DA:35,6
DA:40,3
DA:53,6
DA:62,6
DA:71,6
DA:83,6
DA:91,6
LF:25
LH:25
BRDA:11,0,0,9
BRDA:11,0,1,0
BRDA:26,1,0,6
BRDA:26,1,1,0
BRF:4
BRH:2
end_of_record
TN:
SF:src/components/dialogs/modal-content/ModalContentFormFieldRightReveal.tsx
FN:4,ModalContentFormFieldRightReveal
FN:8,(anonymous_1)
FN:10,(anonymous_2)
FN:25,(anonymous_3)
FN:52,(anonymous_4)
FN:61,(anonymous_5)
FN:70,(anonymous_6)
FN:79,(anonymous_7)
FN:91,(anonymous_8)
FN:99,(anonymous_9)
FNF:10
FNH:10
FNDA:3,ModalContentFormFieldRightReveal
FNDA:3,(anonymous_1)
FNDA:12,(anonymous_2)
FNDA:6,(anonymous_3)
FNDA:6,(anonymous_4)
FNDA:6,(anonymous_5)
FNDA:6,(anonymous_6)
FNDA:6,(anonymous_7)
FNDA:6,(anonymous_8)
FNDA:6,(anonymous_9)
DA:5,3
DA:6,3
DA:8,3
DA:10,3
DA:11,12
DA:13,12
DA:14,12
DA:17,12
DA:18,12
DA:19,12
DA:20,12
DA:25,3
DA:26,6
DA:28,6
DA:29,6
DA:32,6
DA:33,6
DA:34,6
DA:35,6
DA:40,3
DA:53,6
DA:62,6
DA:71,6
DA:80,6
DA:92,6
DA:100,6
LF:26
LH:26
BRDA:11,0,0,12
BRDA:11,0,1,0
BRDA:26,1,0,6
BRDA:26,1,1,0
BRF:4
BRH:2
end_of_record
TN:
SF:src/components/dialogs/modal-content/ModalContentListSoftStagger.tsx
FN:4,ModalContentListSoftStagger
FN:8,(anonymous_1)
FN:10,(anonymous_2)
FN:25,(anonymous_3)
FN:50,(anonymous_4)
FN:58,(anonymous_5)
FN:66,(anonymous_6)
FN:74,(anonymous_7)
FN:82,(anonymous_8)
FN:93,(anonymous_9)
FN:101,(anonymous_10)
FNF:11
FNH:11
FNDA:5,ModalContentListSoftStagger
FNDA:5,(anonymous_1)
FNDA:25,(anonymous_2)
FNDA:10,(anonymous_3)
FNDA:10,(anonymous_4)
FNDA:10,(anonymous_5)
FNDA:10,(anonymous_6)
FNDA:10,(anonymous_7)
FNDA:10,(anonymous_8)
FNDA:10,(anonymous_9)
FNDA:10,(anonymous_10)
DA:5,5
DA:6,5
DA:8,5
DA:10,5
DA:11,25
DA:13,25
DA:14,25
DA:17,25
DA:18,25
DA:19,25
DA:20,25
DA:25,5
DA:26,10
DA:27,10
DA:28,10
DA:30,10
DA:31,10
DA:32,10
DA:33,10
DA:38,5
DA:51,10
DA:59,10
DA:67,10
DA:75,10
DA:83,10
DA:94,10
DA:102,10
LF:27
LH:27
BRDA:11,0,0,25
BRDA:11,0,1,0
BRDA:26,1,0,10
BRDA:26,1,1,0
BRF:4
BRH:2
end_of_record
TN:
SF:src/components/dialogs/modal-content/ModalContentListSpotlight.tsx
FN:4,ModalContentListSpotlight
FN:8,(anonymous_1)
FN:10,(anonymous_2)
FN:27,(anonymous_3)
FN:54,(anonymous_4)
FN:62,(anonymous_5)
FN:70,(anonymous_6)
FN:81,(anonymous_7)
FN:89,(anonymous_8)
FNF:9
FNH:9
FNDA:3,ModalContentListSpotlight
FNDA:3,(anonymous_1)
FNDA:9,(anonymous_2)
FNDA:6,(anonymous_3)
FNDA:6,(anonymous_4)
FNDA:6,(anonymous_5)
FNDA:6,(anonymous_6)
FNDA:6,(anonymous_7)
FNDA:6,(anonymous_8)
DA:5,3
DA:6,3
DA:8,3
DA:10,3
DA:11,9
DA:13,9
DA:14,9
DA:17,9
DA:18,9
DA:19,9
DA:20,9
DA:22,9
DA:27,3
DA:28,6
DA:30,6
DA:31,6
DA:34,6
DA:35,6
DA:36,6
DA:37,6
DA:42,3
DA:55,6
DA:63,6
DA:71,6
DA:82,6
DA:90,6
LF:26
LH:26
BRDA:11,0,0,9
BRDA:11,0,1,0
BRDA:28,1,0,6
BRDA:28,1,1,0
BRF:4
BRH:2
end_of_record
TN:
SF:src/components/dialogs/modal-content/ModalContentListVerticalWipe.tsx
FN:4,ModalContentListVerticalWipe
FN:8,(anonymous_1)
FN:10,(anonymous_2)
FN:26,(anonymous_3)
FN:53,(anonymous_4)
FN:61,(anonymous_5)
FN:69,(anonymous_6)
FN:77,(anonymous_7)
FN:88,(anonymous_8)
FN:96,(anonymous_9)
FNF:10
FNH:10
FNDA:3,ModalContentListVerticalWipe
FNDA:3,(anonymous_1)
FNDA:12,(anonymous_2)
FNDA:6,(anonymous_3)
FNDA:6,(anonymous_4)
FNDA:6,(anonymous_5)
FNDA:6,(anonymous_6)
FNDA:6,(anonymous_7)
FNDA:6,(anonymous_8)
FNDA:6,(anonymous_9)
DA:5,3
DA:6,3
DA:8,3
DA:10,3
DA:11,12
DA:13,12
DA:14,12
DA:17,12
DA:18,12
DA:19,12
DA:20,12
DA:21,12
DA:26,3
DA:27,6
DA:29,6
DA:30,6
DA:33,6
DA:34,6
DA:35,6
DA:36,6
DA:41,3
DA:54,6
DA:62,6
DA:70,6
DA:78,6
DA:89,6
DA:97,6
LF:27
LH:27
BRDA:11,0,0,12
BRDA:11,0,1,0
BRDA:27,1,0,6
BRDA:27,1,1,0
BRF:4
BRH:2
end_of_record
TN:
SF:src/components/dialogs/modal-content/index.ts
FNF:0
FNH:0
DA:21,5
LF:1
LH:1
BRF:0
BRH:0
end_of_record
TN:
SF:src/components/dialogs/modal-dismiss/ModalDismissSnackbarScale.tsx
FN:4,ModalDismissSnackbarScale
FN:9,(anonymous_1)
FN:73,(anonymous_2)
FN:87,(anonymous_3)
FN:89,(anonymous_4)
FN:90,(anonymous_5)
FNF:6
FNH:3
FNDA:3,ModalDismissSnackbarScale
FNDA:3,(anonymous_1)
FNDA:0,(anonymous_2)
FNDA:3,(anonymous_3)
FNDA:0,(anonymous_4)
FNDA:0,(anonymous_5)
DA:5,3
DA:6,3
DA:9,3
DA:10,3
DA:11,3
DA:12,3
DA:15,3
DA:16,3
DA:17,3
DA:19,3
DA:20,3
DA:21,3
DA:24,3
DA:30,3
DA:37,3
DA:44,3
DA:73,3
DA:74,0
DA:80,0
DA:87,3
DA:88,3
DA:89,3
DA:90,3
DA:94,3
LF:24
LH:22
BRDA:12,0,0,0
BRDA:12,0,1,3
BRDA:12,1,0,3
BRDA:12,1,1,3
BRF:4
BRH:3
end_of_record
TN:
SF:src/components/dialogs/modal-dismiss/ModalDismissSnackbarWipe.tsx
FN:4,ModalDismissSnackbarWipe
FN:9,(anonymous_1)
FN:54,(anonymous_2)
FN:80,(anonymous_3)
FN:86,(anonymous_4)
FN:88,(anonymous_5)
FN:89,(anonymous_6)
FNF:7
FNH:3
FNDA:3,ModalDismissSnackbarWipe
FNDA:3,(anonymous_1)
FNDA:0,(anonymous_2)
FNDA:0,(anonymous_3)
FNDA:3,(anonymous_4)
FNDA:0,(anonymous_5)
FNDA:0,(anonymous_6)
DA:5,3
DA:6,3
DA:9,3
DA:10,3
DA:11,3
DA:12,3
DA:15,3
DA:16,3
DA:17,3
DA:18,3
DA:20,3
DA:21,3
DA:22,3
DA:25,3
DA:40,3
DA:47,3
DA:54,3
DA:55,0
DA:70,0
DA:78,3
DA:81,0
DA:86,3
DA:87,3
DA:88,3
DA:89,3
DA:93,3
LF:26
LH:23
BRDA:12,0,0,0
BRDA:12,0,1,3
BRDA:12,1,0,3
BRDA:12,1,1,3
BRF:4
BRH:3
end_of_record
TN:
SF:src/components/dialogs/modal-dismiss/ModalDismissToastDrop.tsx
FN:4,ModalDismissToastDrop
FN:9,(anonymous_1)
FN:44,(anonymous_2)
FN:58,(anonymous_3)
FN:60,(anonymous_4)
FN:61,(anonymous_5)
FNF:6
FNH:3
FNDA:3,ModalDismissToastDrop
FNDA:3,(anonymous_1)
FNDA:0,(anonymous_2)
FNDA:3,(anonymous_3)
FNDA:0,(anonymous_4)
FNDA:0,(anonymous_5)
DA:5,3
DA:6,3
DA:9,3
DA:10,3
DA:11,3
DA:12,3
DA:15,3
DA:16,3
DA:17,3
DA:19,3
DA:20,3
DA:21,3
DA:24,3
DA:30,3
DA:37,3
DA:44,3
DA:45,0
DA:51,0
DA:58,3
DA:59,3
DA:60,3
DA:61,3
DA:65,3
LF:23
LH:21
BRDA:12,0,0,0
BRDA:12,0,1,3
BRDA:12,1,0,3
BRDA:12,1,1,3
BRF:4
BRH:3
end_of_record
TN:
SF:src/components/dialogs/modal-dismiss/ModalDismissToastFadeProgress.tsx
FN:4,ModalDismissToastFadeProgress
FN:9,(anonymous_1)
FN:43,(anonymous_2)
FN:57,(anonymous_3)
FN:59,(anonymous_4)
FN:60,(anonymous_5)
FNF:6
FNH:3
FNDA:3,ModalDismissToastFadeProgress
FNDA:3,(anonymous_1)
FNDA:0,(anonymous_2)
FNDA:3,(anonymous_3)
FNDA:0,(anonymous_4)
FNDA:0,(anonymous_5)
DA:5,3
DA:6,3
DA:9,3
DA:10,3
DA:11,3
DA:12,3
DA:15,3
DA:16,3
DA:17,3
DA:19,3
DA:20,3
DA:21,3
DA:24,3
DA:29,3
DA:36,3
DA:43,3
DA:44,0
DA:50,0
DA:57,3
DA:58,3
DA:59,3
DA:60,3
DA:64,3
LF:23
LH:21
BRDA:12,0,0,0
BRDA:12,0,1,3
BRDA:12,1,0,3
BRDA:12,1,1,3
BRF:4
BRH:3
end_of_record
TN:
SF:src/components/dialogs/modal-dismiss/ModalDismissToastRaise.tsx
FN:4,ModalDismissToastRaise
FN:9,(anonymous_1)
FN:44,(anonymous_2)
FN:58,(anonymous_3)
FN:60,(anonymous_4)
FN:61,(anonymous_5)
FNF:6
FNH:4
FNDA:5,ModalDismissToastRaise
FNDA:5,(anonymous_1)
FNDA:1,(anonymous_2)
FNDA:5,(anonymous_3)
FNDA:0,(anonymous_4)
FNDA:0,(anonymous_5)
DA:5,5
DA:6,5
DA:9,5
DA:10,5
DA:11,5
DA:12,5
DA:15,5
DA:16,5
DA:17,5
DA:19,5
DA:20,5
DA:21,5
DA:24,5
DA:30,5
DA:37,5
DA:44,5
DA:45,1
DA:51,1
DA:58,5
DA:59,5
DA:60,5
DA:61,5
DA:65,5
LF:23
LH:23
BRDA:12,0,0,0
BRDA:12,0,1,5
BRDA:12,1,0,5
BRDA:12,1,1,5
BRF:4
BRH:3
end_of_record
TN:
SF:src/components/dialogs/modal-dismiss/ModalDismissToastSlideLeft.tsx
FN:4,ModalDismissToastSlideLeft
FN:9,(anonymous_1)
FN:44,(anonymous_2)
FN:58,(anonymous_3)
FN:60,(anonymous_4)
FN:61,(anonymous_5)
FNF:6
FNH:3
FNDA:3,ModalDismissToastSlideLeft
FNDA:3,(anonymous_1)
FNDA:0,(anonymous_2)
FNDA:3,(anonymous_3)
FNDA:0,(anonymous_4)
FNDA:0,(anonymous_5)
DA:5,3
DA:6,3
DA:9,3
DA:10,3
DA:11,3
DA:12,3
DA:15,3
DA:16,3
DA:17,3
DA:19,3
DA:20,3
DA:21,3
DA:24,3
DA:30,3
DA:37,3
DA:44,3
DA:45,0
DA:51,0
DA:58,3
DA:59,3
DA:60,3
DA:61,3
DA:65,3
LF:23
LH:21
BRDA:12,0,0,0
BRDA:12,0,1,3
BRDA:12,1,0,3
BRDA:12,1,1,3
BRF:4
BRH:3
end_of_record
TN:
SF:src/components/dialogs/modal-dismiss/ModalDismissToastSlideRight.tsx
FN:4,ModalDismissToastSlideRight
FN:9,(anonymous_1)
FN:44,(anonymous_2)
FN:58,(anonymous_3)
FN:60,(anonymous_4)
FN:61,(anonymous_5)
FNF:6
FNH:3
FNDA:3,ModalDismissToastSlideRight
FNDA:3,(anonymous_1)
FNDA:0,(anonymous_2)
FNDA:3,(anonymous_3)
FNDA:0,(anonymous_4)
FNDA:0,(anonymous_5)
DA:5,3
DA:6,3
DA:9,3
DA:10,3
DA:11,3
DA:12,3
DA:15,3
DA:16,3
DA:17,3
DA:19,3
DA:20,3
DA:21,3
DA:24,3
DA:30,3
DA:37,3
DA:44,3
DA:45,0
DA:51,0
DA:58,3
DA:59,3
DA:60,3
DA:61,3
DA:65,3
LF:23
LH:21
BRDA:12,0,0,0
BRDA:12,0,1,3
BRDA:12,1,0,3
BRDA:12,1,1,3
BRF:4
BRH:3
end_of_record
TN:
SF:src/components/dialogs/modal-dismiss/index.ts
FNF:0
FNH:0
DA:19,5
LF:1
LH:1
BRF:0
BRH:0
end_of_record
TN:
SF:src/components/dialogs/modal-orchestration/ModalOrchestrationComparisonMorph.tsx
FN:4,ModalOrchestrationComparisonMorph
FN:42,(anonymous_1)
FNF:2
FNH:2
FNDA:3,ModalOrchestrationComparisonMorph
FNDA:6,(anonymous_1)
DA:5,3
DA:7,3
DA:17,3
DA:34,3
DA:43,6
LF:5
LH:5
BRDA:44,0,0,3
BRDA:44,0,1,3
BRDA:46,1,0,3
BRDA:46,1,1,3
BRDA:59,2,0,3
BRDA:59,2,1,3
BRF:6
BRH:6
end_of_record
TN:
SF:src/components/dialogs/modal-orchestration/ModalOrchestrationFlipReveal.tsx
FN:5,ModalOrchestrationFlipReveal
FN:8,(anonymous_1)
FN:16,(anonymous_2)
FN:17,(anonymous_3)
FN:64,(anonymous_4)
FN:72,(anonymous_5)
FNF:6
FNH:3
FNDA:3,ModalOrchestrationFlipReveal
FNDA:18,(anonymous_1)
FNDA:0,(anonymous_2)
FNDA:0,(anonymous_3)
FNDA:18,(anonymous_4)
FNDA:0,(anonymous_5)
DA:6,3
DA:8,18
DA:16,3
DA:17,0
DA:18,0
DA:19,0
DA:20,0
DA:22,0
DA:24,0
DA:28,3
DA:38,3
DA:55,3
DA:65,18
DA:67,18
DA:72,0
LF:15
LH:8
BRDA:19,0,0,0
BRDA:19,0,1,0
BRDA:81,1,0,0
BRDA:81,1,1,18
BRF:4
BRH:1
end_of_record
TN:
SF:src/components/dialogs/modal-orchestration/ModalOrchestrationGridHighlight.tsx
FN:4,ModalOrchestrationGridHighlight
FN:43,(anonymous_1)
FNF:2
FNH:0
FNDA:0,ModalOrchestrationGridHighlight
FNDA:0,(anonymous_1)
DA:5,0
DA:7,0
DA:17,0
DA:34,0
DA:44,0
LF:5
LH:0
BRF:0
BRH:0
end_of_record
TN:
SF:src/components/dialogs/modal-orchestration/ModalOrchestrationMagneticHover.tsx
FN:4,ModalOrchestrationMagneticHover
FN:5,(anonymous_1)
FN:47,(anonymous_2)
FNF:3
FNH:3
FNDA:3,ModalOrchestrationMagneticHover
FNDA:18,(anonymous_1)
FNDA:18,(anonymous_2)
DA:5,18
DA:11,3
DA:21,3
DA:38,3
DA:48,18
LF:5
LH:5
BRF:0
BRH:0
end_of_record
TN:
SF:src/components/dialogs/modal-orchestration/ModalOrchestrationMultiStepProgressive.tsx
FN:4,ModalOrchestrationMultiStepProgressive
FN:56,(anonymous_1)
FN:64,(anonymous_2)
FNF:3
FNH:0
FNDA:0,ModalOrchestrationMultiStepProgressive
FNDA:0,(anonymous_1)
FNDA:0,(anonymous_2)
DA:5,0
DA:7,0
DA:17,0
DA:32,0
DA:47,0
DA:57,0
DA:65,0
LF:7
LH:0
BRF:0
BRH:0
end_of_record
TN:
SF:src/components/dialogs/modal-orchestration/ModalOrchestrationSelectionGrid.tsx
FN:4,ModalOrchestrationSelectionGrid
FN:40,(anonymous_1)
FNF:2
FNH:2
FNDA:3,ModalOrchestrationSelectionGrid
FNDA:18,(anonymous_1)
DA:5,3
DA:7,3
DA:17,3
DA:32,3
DA:41,18
LF:5
LH:5
BRF:0
BRH:0
end_of_record
TN:
SF:src/components/dialogs/modal-orchestration/ModalOrchestrationSpringPhysics.tsx
FN:4,ModalOrchestrationSpringPhysics
FN:5,(anonymous_1)
FN:49,(anonymous_2)
FNF:3
FNH:3
FNDA:3,ModalOrchestrationSpringPhysics
FNDA:18,(anonymous_1)
FNDA:18,(anonymous_2)
DA:5,18
DA:11,3
DA:21,3
DA:40,3
DA:50,18
LF:5
LH:5
BRF:0
BRH:0
end_of_record
TN:
SF:src/components/dialogs/modal-orchestration/ModalOrchestrationStaggerInview.tsx
FN:5,ModalOrchestrationStaggerInview
FN:36,(anonymous_1)
FN:54,(anonymous_2)
FNF:3
FNH:3
FNDA:5,ModalOrchestrationStaggerInview
FNDA:60,(anonymous_1)
FNDA:60,(anonymous_2)
DA:6,5
DA:7,5
DA:9,5
DA:19,5
DA:36,60
DA:42,5
DA:55,60
LF:7
LH:7
BRDA:52,0,0,2
BRDA:52,0,1,3
BRF:2
BRH:2
end_of_record
TN:
SF:src/components/dialogs/modal-orchestration/ModalOrchestrationTabMorph.tsx
FN:5,ModalOrchestrationTabMorph
FN:66,(anonymous_1)
FN:71,(anonymous_2)
FNF:3
FNH:2
FNDA:3,ModalOrchestrationTabMorph
FNDA:12,(anonymous_1)
FNDA:0,(anonymous_2)
DA:6,3
DA:7,3
DA:9,3
DA:19,3
DA:34,3
DA:57,3
DA:67,12
DA:71,0
LF:8
LH:7
BRDA:69,0,0,3
BRDA:69,0,1,9
BRF:2
BRH:2
end_of_record
TN:
SF:src/components/dialogs/modal-orchestration/ModalOrchestrationTabSlide.tsx
FN:4,ModalOrchestrationTabSlide
FN:58,(anonymous_1)
FN:66,(anonymous_2)
FNF:3
FNH:0
FNDA:0,ModalOrchestrationTabSlide
FNDA:0,(anonymous_1)
FNDA:0,(anonymous_2)
DA:5,0
DA:7,0
DA:17,0
DA:32,0
DA:49,0
DA:59,0
DA:67,0
LF:7
LH:0
BRF:0
BRH:0
end_of_record
TN:
SF:src/components/dialogs/modal-orchestration/ModalOrchestrationWizardFadeCross.tsx
FN:4,ModalOrchestrationWizardFadeCross
FN:41,(anonymous_1)
FNF:2
FNH:2
FNDA:3,ModalOrchestrationWizardFadeCross
FNDA:9,(anonymous_1)
DA:5,3
DA:7,3
DA:17,3
DA:32,3
DA:42,9
LF:5
LH:5
BRF:0
BRH:0
end_of_record
TN:
SF:src/components/dialogs/modal-orchestration/ModalOrchestrationWizardScaleRotate.tsx
FN:4,ModalOrchestrationWizardScaleRotate
FN:58,(anonymous_1)
FN:70,(anonymous_2)
FNF:3
FNH:3
FNDA:3,ModalOrchestrationWizardScaleRotate
FNDA:9,(anonymous_1)
FNDA:9,(anonymous_2)
DA:5,3
DA:7,3
DA:17,3
DA:32,3
DA:49,3
DA:59,9
DA:71,9
LF:7
LH:7
BRDA:61,0,0,3
BRDA:61,0,1,6
BRDA:73,1,0,3
BRDA:73,1,1,6
BRF:4
BRH:4
end_of_record
TN:
SF:src/components/dialogs/modal-orchestration/ModalOrchestrationWizardSlideStack.tsx
FN:4,ModalOrchestrationWizardSlideStack
FN:45,(anonymous_1)
FNF:2
FNH:2
FNDA:3,ModalOrchestrationWizardSlideStack
FNDA:9,(anonymous_1)
DA:5,3
DA:7,3
DA:19,3
DA:36,3
DA:46,9
LF:5
LH:5
BRF:0
BRH:0
end_of_record
TN:
SF:src/components/dialogs/modal-orchestration/index.ts
FNF:0
FNH:0
DA:25,5
LF:1
LH:1
BRF:0
BRH:0
end_of_record
TN:
SF:src/components/progress/loading-states/LoadingStatesDotsPortal.tsx
FN:3,LoadingStatesDotsPortal
FNF:1
FNH:1
FNDA:3,LoadingStatesDotsPortal
DA:4,3
LF:1
LH:1
BRF:0
BRH:0
end_of_record
TN:
SF:src/components/progress/loading-states/LoadingStatesDotsRise.tsx
FN:3,LoadingStatesDotsRise
FNF:1
FNH:1
FNDA:3,LoadingStatesDotsRise
DA:4,3
LF:1
LH:1
BRF:0
BRH:0
end_of_record
TN:
SF:src/components/progress/loading-states/LoadingStatesRingMulti.tsx
FN:3,LoadingStatesRingMulti
FNF:1
FNH:1
FNDA:3,LoadingStatesRingMulti
DA:4,3
LF:1
LH:1
BRF:0
BRH:0
end_of_record
TN:
SF:src/components/progress/loading-states/LoadingStatesRingProgress.tsx
FN:3,LoadingStatesRingProgress
FNF:1
FNH:1
FNDA:3,LoadingStatesRingProgress
DA:4,3
DA:6,3
LF:2
LH:2
BRF:0
BRH:0
end_of_record
TN:
SF:src/components/progress/loading-states/LoadingStatesSkeletonCard.tsx
FN:3,LoadingStatesSkeletonCard
FNF:1
FNH:1
FNDA:3,LoadingStatesSkeletonCard
DA:4,3
LF:1
LH:1
BRF:0
BRH:0
end_of_record
TN:
SF:src/components/progress/loading-states/LoadingStatesSkeletonHorizontal.tsx
FN:3,LoadingStatesSkeletonHorizontal
FNF:1
FNH:1
FNDA:3,LoadingStatesSkeletonHorizontal
DA:4,3
LF:1
LH:1
BRF:0
BRH:0
end_of_record
TN:
SF:src/components/progress/loading-states/LoadingStatesSkeletonTile.tsx
FN:3,LoadingStatesSkeletonTile
FNF:1
FNH:1
FNDA:3,LoadingStatesSkeletonTile
DA:4,3
LF:1
LH:1
BRF:0
BRH:0
end_of_record
TN:
SF:src/components/progress/loading-states/LoadingStatesSkeletonVertical.tsx
FN:3,LoadingStatesSkeletonVertical
FNF:1
FNH:1
FNDA:3,LoadingStatesSkeletonVertical
DA:4,3
LF:1
LH:1
BRF:0
BRH:0
end_of_record
TN:
SF:src/components/progress/loading-states/LoadingStatesSpinnerDualRing.tsx
FN:3,LoadingStatesSpinnerDualRing
FNF:1
FNH:1
FNDA:3,LoadingStatesSpinnerDualRing
DA:4,3
LF:1
LH:1
BRF:0
BRH:0
end_of_record
TN:
SF:src/components/progress/loading-states/LoadingStatesSpinnerGalaxy.tsx
FN:3,LoadingStatesSpinnerGalaxy
FNF:1
FNH:1
FNDA:3,LoadingStatesSpinnerGalaxy
DA:4,3
LF:1
LH:1
BRF:0
BRH:0
end_of_record
TN:
SF:src/components/progress/loading-states/LoadingStatesSpinnerOrbital.tsx
FN:3,LoadingStatesSpinnerOrbital
FNF:1
FNH:1
FNDA:3,LoadingStatesSpinnerOrbital
DA:4,3
LF:1
LH:1
BRF:0
BRH:0
end_of_record
TN:
SF:src/components/progress/loading-states/index.ts
FNF:0
FNH:0
DA:27,5
LF:1
LH:1
BRF:0
BRH:0
end_of_record
TN:
SF:src/components/progress/progress-bars/ProgressBarsProgressBounce.tsx
FN:4,ProgressBarsProgressBounce
FN:7,(anonymous_1)
FN:18,(anonymous_2)
FN:99,(anonymous_3)
FN:100,(anonymous_4)
FN:101,(anonymous_5)
FN:130,(anonymous_6)
FN:163,(anonymous_7)
FN:168,(anonymous_8)
FN:170,(anonymous_9)
FNF:10
FNH:6
FNDA:3,ProgressBarsProgressBounce
FNDA:3,(anonymous_1)
FNDA:0,(anonymous_2)
FNDA:0,(anonymous_3)
FNDA:0,(anonymous_4)
FNDA:0,(anonymous_5)
FNDA:3,(anonymous_6)
FNDA:15,(anonymous_7)
FNDA:3,(anonymous_8)
FNDA:15,(anonymous_9)
DA:5,3
DA:7,3
DA:8,3
DA:9,3
DA:11,3
DA:12,3
DA:13,3
DA:14,3
DA:17,3
DA:18,3
DA:21,3
DA:22,3
DA:23,3
DA:26,3
DA:27,3
DA:28,3
DA:29,3
DA:30,3
DA:31,3
DA:34,3
DA:35,3
DA:36,9
DA:37,9
DA:38,9
DA:39,9
DA:40,9
DA:41,9
DA:42,9
DA:43,9
DA:44,9
DA:45,9
DA:46,9
DA:47,9
DA:48,9
DA:52,3
DA:53,3
DA:54,3
DA:55,3
DA:56,3
DA:58,3
DA:59,3
DA:60,3
DA:62,3
DA:65,3
DA:85,3
DA:99,3
DA:100,0
DA:101,0
DA:102,0
DA:119,3
DA:130,3
DA:131,3
DA:132,15
DA:133,15
DA:134,15
DA:135,15
DA:136,15
DA:137,15
DA:138,15
DA:139,15
DA:140,15
DA:141,15
DA:142,15
DA:144,15
DA:145,15
DA:146,15
DA:163,15
DA:168,3
DA:169,3
DA:170,15
DA:174,3
LF:71
LH:68
BRDA:9,0,0,0
BRDA:9,0,1,3
BRDA:14,1,0,0
BRDA:14,1,1,3
BRDA:14,2,0,3
BRDA:14,2,1,3
BRDA:14,2,2,3
BRDA:139,3,0,9
BRDA:139,3,1,6
BRF:9
BRH:7
end_of_record
TN:
SF:src/components/progress/progress-bars/ProgressBarsProgressGradient.tsx
FN:4,ProgressBarsProgressGradient
FN:7,(anonymous_1)
FN:18,(anonymous_2)
FN:118,(anonymous_3)
FN:120,(anonymous_4)
FNF:5
FNH:4
FNDA:3,ProgressBarsProgressGradient
FNDA:3,(anonymous_1)
FNDA:0,(anonymous_2)
FNDA:3,(anonymous_3)
FNDA:9,(anonymous_4)
DA:5,3
DA:7,3
DA:8,3
DA:9,3
DA:11,3
DA:12,3
DA:13,3
DA:14,3
DA:17,3
DA:18,3
DA:21,3
DA:22,3
DA:23,3
DA:24,3
DA:25,3
DA:28,3
DA:29,3
DA:30,3
DA:31,3
DA:32,3
DA:34,3
DA:35,3
DA:36,3
DA:37,3
DA:40,3
DA:41,3
DA:42,3
DA:43,3
DA:44,3
DA:48,3
DA:49,3
DA:50,3
DA:51,3
DA:52,3
DA:53,3
DA:56,3
DA:57,3
DA:58,3
DA:59,3
DA:60,3
DA:64,3
DA:66,3
DA:67,3
DA:68,3
DA:70,3
DA:73,3
DA:80,3
DA:87,3
DA:103,3
DA:118,3
DA:119,3
DA:120,9
DA:124,3
LF:53
LH:53
BRDA:9,0,0,0
BRDA:9,0,1,3
BRDA:14,1,0,0
BRDA:14,1,1,3
BRDA:14,2,0,3
BRDA:14,2,1,3
BRDA:14,2,2,3
BRF:7
BRH:5
end_of_record
TN:
SF:src/components/progress/progress-bars/ProgressBarsProgressMilestones.tsx
FN:4,ProgressBarsProgressMilestones
FN:7,(anonymous_1)
FN:18,(anonymous_2)
FN:37,(anonymous_3)
FN:105,(anonymous_4)
FN:129,(anonymous_5)
FN:132,(anonymous_6)
FN:172,(anonymous_7)
FN:174,(anonymous_8)
FNF:9
FNH:8
FNDA:3,ProgressBarsProgressMilestones
FNDA:3,(anonymous_1)
FNDA:0,(anonymous_2)
FNDA:15,(anonymous_3)
FNDA:15,(anonymous_4)
FNDA:3,(anonymous_5)
FNDA:15,(anonymous_6)
FNDA:3,(anonymous_7)
FNDA:18,(anonymous_8)
DA:5,3
DA:7,3
DA:8,3
DA:9,3
DA:11,3
DA:12,3
DA:13,3
DA:14,3
DA:17,3
DA:18,3
DA:21,3
DA:22,3
DA:23,3
DA:26,3
DA:34,3
DA:37,3
DA:38,15
DA:39,15
DA:40,15
DA:41,15
DA:42,15
DA:43,15
DA:44,15
DA:45,15
DA:46,15
DA:47,15
DA:50,15
DA:51,15
DA:52,15
DA:53,15
DA:54,15
DA:55,15
DA:56,15
DA:57,15
DA:58,15
DA:61,15
DA:62,15
DA:63,15
DA:64,15
DA:65,15
DA:66,15
DA:68,15
DA:70,15
DA:71,15
DA:74,15
DA:75,15
DA:76,15
DA:77,15
DA:78,15
DA:79,15
DA:80,15
DA:81,15
DA:83,15
DA:93,3
DA:94,3
DA:95,3
DA:96,3
DA:97,3
DA:98,3
DA:99,3
DA:100,3
DA:101,3
DA:102,3
DA:103,3
DA:104,3
DA:105,3
DA:106,15
DA:107,15
DA:108,15
DA:109,15
DA:110,15
DA:111,15
DA:112,15
DA:113,15
DA:114,15
DA:115,15
DA:120,3
DA:121,3
DA:128,3
DA:129,3
DA:130,3
DA:131,3
DA:132,3
DA:133,15
DA:134,3
DA:137,3
DA:138,3
DA:140,3
DA:141,3
DA:144,3
DA:147,3
DA:157,3
DA:158,3
DA:159,3
DA:160,3
DA:165,3
DA:166,0
DA:169,3
DA:172,3
DA:173,3
DA:174,18
DA:175,3
DA:179,3
LF:103
LH:102
BRDA:9,0,0,0
BRDA:9,0,1,3
BRDA:14,1,0,0
BRDA:14,1,1,3
BRDA:14,2,0,3
BRDA:14,2,1,3
BRDA:14,2,2,3
BRDA:114,3,0,15
BRDA:114,3,1,0
BRDA:130,4,0,3
BRDA:130,4,1,0
BRDA:130,5,0,3
BRDA:130,5,1,0
BRDA:133,6,0,3
BRDA:133,6,1,12
BRDA:133,7,0,15
BRDA:133,7,1,3
BRDA:157,8,0,3
BRDA:157,8,1,0
BRDA:165,9,0,0
BRDA:165,9,1,3
BRF:21
BRH:14
end_of_record
TN:
SF:src/components/progress/progress-bars/ProgressBarsProgressSegmented.tsx
FN:4,ProgressBarsProgressSegmented
FN:7,(anonymous_1)
FN:18,(anonymous_2)
FN:105,(anonymous_3)
FN:107,(anonymous_4)
FN:134,(anonymous_5)
FN:136,(anonymous_6)
FNF:7
FNH:5
FNDA:3,ProgressBarsProgressSegmented
FNDA:3,(anonymous_1)
FNDA:0,(anonymous_2)
FNDA:12,(anonymous_3)
FNDA:0,(anonymous_4)
FNDA:3,(anonymous_5)
FNDA:6,(anonymous_6)
DA:5,3
DA:7,3
DA:8,3
DA:9,3
DA:11,3
DA:12,3
DA:13,3
DA:14,3
DA:17,3
DA:18,3
DA:21,3
DA:22,3
DA:23,3
DA:24,3
DA:25,3
DA:28,3
DA:29,3
DA:32,3
DA:33,3
DA:34,3
DA:35,3
DA:36,3
DA:37,3
DA:38,3
DA:41,3
DA:42,9
DA:43,9
DA:44,9
DA:45,9
DA:46,9
DA:47,9
DA:48,9
DA:49,9
DA:53,3
DA:54,3
DA:55,3
DA:56,3
DA:57,3
DA:58,3
DA:59,3
DA:60,3
DA:61,3
DA:62,3
DA:65,3
DA:66,3
DA:67,12
DA:68,12
DA:69,12
DA:71,12
DA:72,3
DA:73,9
DA:74,3
DA:76,6
DA:78,12
DA:79,12
DA:80,12
DA:81,12
DA:82,12
DA:85,3
DA:88,3
DA:105,3
DA:106,12
DA:107,12
DA:109,0
DA:110,0
DA:111,0
DA:112,0
DA:113,0
DA:114,0
DA:116,0
DA:122,0
DA:134,3
DA:135,3
DA:136,6
DA:140,3
LF:75
LH:67
BRDA:9,0,0,0
BRDA:9,0,1,3
BRDA:14,1,0,0
BRDA:14,1,1,3
BRDA:14,2,0,3
BRDA:14,2,1,3
BRDA:14,2,2,3
BRDA:48,3,0,9
BRDA:48,3,1,9
BRDA:71,4,0,3
BRDA:71,4,1,9
BRDA:73,5,0,3
BRDA:73,5,1,6
BRF:13
BRH:11
end_of_record
TN:
SF:src/components/progress/progress-bars/ProgressBarsProgressSpark.tsx
FN:10,ProgressBarsProgressSpark
FN:17,(anonymous_1)
FN:22,(anonymous_2)
FN:23,(anonymous_3)
FN:40,(anonymous_4)
FN:44,(anonymous_5)
FN:141,(anonymous_6)
FN:180,(anonymous_7)
FNF:8
FNH:4
FNDA:2,ProgressBarsProgressSpark
FNDA:1,(anonymous_1)
FNDA:0,(anonymous_2)
FNDA:0,(anonymous_3)
FNDA:0,(anonymous_4)
FNDA:1,(anonymous_5)
FNDA:0,(anonymous_6)
FNDA:6,(anonymous_7)
DA:11,2
DA:12,2
DA:13,2
DA:14,2
DA:15,2
DA:17,2
DA:19,1
DA:22,1
DA:23,0
DA:24,0
DA:25,0
DA:26,0
DA:28,0
DA:40,1
DA:41,0
DA:44,1
DA:45,1
DA:46,1
DA:47,1
DA:51,2
DA:142,0
DA:181,6
LF:22
LH:15
BRDA:24,0,0,0
BRDA:24,0,1,0
BRDA:61,1,0,1
BRDA:61,1,1,1
BRDA:76,2,0,1
BRDA:76,2,1,1
BRDA:93,3,0,1
BRDA:93,3,1,1
BRDA:110,4,0,1
BRDA:110,4,1,1
BRDA:126,5,0,1
BRDA:126,5,1,1
BRDA:155,6,0,0
BRDA:155,6,1,0
BRDA:174,7,0,1
BRDA:174,7,1,1
BRDA:178,8,0,2
BRDA:178,8,1,1
BRF:18
BRH:14
end_of_record
TN:
SF:src/components/progress/progress-bars/ProgressBarsProgressStriped.tsx
FN:4,ProgressBarsProgressStriped
FN:7,(anonymous_1)
FN:18,(anonymous_2)
FN:66,(anonymous_3)
FN:97,(anonymous_4)
FN:99,(anonymous_5)
FNF:6
FNH:5
FNDA:1,ProgressBarsProgressStriped
FNDA:1,(anonymous_1)
FNDA:0,(anonymous_2)
FNDA:1,(anonymous_3)
FNDA:1,(anonymous_4)
FNDA:2,(anonymous_5)
DA:5,1
DA:7,1
DA:8,1
DA:9,1
DA:11,1
DA:12,1
DA:13,1
DA:14,1
DA:17,1
DA:18,1
DA:21,1
DA:22,1
DA:23,1
DA:24,1
DA:25,1
DA:28,1
DA:29,1
DA:30,1
DA:31,1
DA:32,1
DA:39,1
DA:40,1
DA:41,1
DA:44,1
DA:45,1
DA:46,1
DA:47,1
DA:48,1
DA:50,1
DA:51,1
DA:52,1
DA:53,1
DA:55,1
DA:58,1
DA:65,1
DA:66,1
DA:67,1
DA:68,1
DA:70,0
DA:72,1
DA:73,0
DA:74,0
DA:75,0
DA:78,1
DA:81,1
DA:97,1
DA:98,1
DA:99,2
DA:103,1
LF:49
LH:45
BRDA:9,0,0,0
BRDA:9,0,1,1
BRDA:14,1,0,0
BRDA:14,1,1,1
BRDA:14,2,0,1
BRDA:14,2,1,1
BRDA:14,2,2,1
BRDA:67,3,0,1
BRDA:67,3,1,0
BRDA:72,4,0,0
BRDA:72,4,1,1
BRDA:73,5,0,0
BRDA:73,5,1,0
BRF:13
BRH:7
end_of_record
TN:
SF:src/components/progress/progress-bars/ProgressBarsProgressThin.tsx
FN:4,ProgressBarsProgressThin
FN:7,(anonymous_1)
FN:18,(anonymous_2)
FN:118,(anonymous_3)
FN:120,(anonymous_4)
FN:151,(anonymous_5)
FN:169,(anonymous_6)
FN:173,(anonymous_7)
FN:175,(anonymous_8)
FNF:9
FNH:8
FNDA:3,ProgressBarsProgressThin
FNDA:3,(anonymous_1)
FNDA:0,(anonymous_2)
FNDA:9,(anonymous_3)
FNDA:3,(anonymous_4)
FNDA:3,(anonymous_5)
FNDA:3,(anonymous_6)
FNDA:3,(anonymous_7)
FNDA:15,(anonymous_8)
DA:5,3
DA:7,3
DA:8,3
DA:9,3
DA:11,3
DA:12,3
DA:13,3
DA:14,3
DA:17,3
DA:18,3
DA:21,3
DA:22,3
DA:24,3
DA:25,3
DA:28,3
DA:29,3
DA:30,3
DA:31,3
DA:32,3
DA:33,3
DA:34,3
DA:37,3
DA:38,3
DA:39,3
DA:40,3
DA:41,3
DA:42,3
DA:43,3
DA:44,3
DA:45,3
DA:47,3
DA:49,3
DA:50,3
DA:53,3
DA:54,3
DA:55,9
DA:56,9
DA:57,9
DA:58,9
DA:59,9
DA:60,9
DA:61,9
DA:62,9
DA:63,9
DA:64,9
DA:65,9
DA:66,9
DA:67,9
DA:68,9
DA:72,3
DA:73,3
DA:74,3
DA:75,3
DA:76,3
DA:78,3
DA:79,3
DA:81,3
DA:82,3
DA:84,3
DA:87,3
DA:102,3
DA:118,3
DA:119,9
DA:121,3
DA:135,3
DA:151,3
DA:152,3
DA:153,3
DA:154,3
DA:155,3
DA:156,3
DA:157,3
DA:158,3
DA:160,3
DA:169,3
DA:173,3
DA:174,3
DA:175,15
DA:179,3
LF:79
LH:79
BRDA:9,0,0,0
BRDA:9,0,1,3
BRDA:14,1,0,0
BRDA:14,1,1,3
BRDA:14,2,0,3
BRDA:14,2,1,3
BRDA:14,2,2,3
BRF:7
BRH:5
end_of_record
TN:
SF:src/components/progress/progress-bars/ProgressBarsTimelineProgress.tsx
FN:4,ProgressBarsTimelineProgress
FN:56,(anonymous_1)
FNF:2
FNH:2
FNDA:3,ProgressBarsTimelineProgress
FNDA:12,(anonymous_1)
DA:5,3
DA:7,3
DA:17,3
DA:32,3
DA:47,3
DA:57,12
LF:6
LH:6
BRDA:62,0,0,3
BRDA:62,0,1,9
BRDA:76,1,0,12
BRDA:76,1,1,9
BRF:4
BRH:4
end_of_record
TN:
SF:src/components/progress/progress-bars/ProgressBarsXpAccumulation.tsx
FN:57,createXpSequence
FN:60,(anonymous_1)
FN:70,ProgressBarsXpAccumulation
FN:80,(anonymous_3)
FN:96,(anonymous_4)
FN:97,(anonymous_5)
FN:99,(anonymous_6)
FN:100,(anonymous_7)
FN:101,(anonymous_8)
FN:109,(anonymous_9)
FN:114,(anonymous_10)
FN:117,(anonymous_11)
FN:121,(anonymous_12)
FN:127,(anonymous_13)
FN:131,(anonymous_14)
FN:138,(anonymous_15)
FN:140,(anonymous_16)
FN:142,(anonymous_17)
FN:143,(anonymous_18)
FN:143,(anonymous_19)
FN:152,(anonymous_20)
FN:153,(anonymous_21)
FN:157,(anonymous_22)
FN:162,(anonymous_23)
FN:165,(anonymous_24)
FN:173,(anonymous_25)
FN:195,(anonymous_26)
FN:200,(anonymous_27)
FN:202,(anonymous_28)
FN:205,(anonymous_29)
FN:208,(anonymous_30)
FN:229,(anonymous_31)
FN:234,(anonymous_32)
FN:235,(anonymous_33)
FN:244,(anonymous_34)
FN:283,(anonymous_35)
FN:284,(anonymous_36)
FN:284,(anonymous_37)
FN:288,(anonymous_38)
FN:289,(anonymous_39)
FN:302,(anonymous_40)
FN:314,(anonymous_41)
FN:330,(anonymous_42)
FN:347,(anonymous_43)
FN:399,(anonymous_44)
FN:401,(anonymous_45)
FN:453,(anonymous_46)
FN:456,(anonymous_47)
FN:509,(anonymous_48)
FNF:49
FNH:47
FNDA:17,createXpSequence
FNDA:153,(anonymous_1)
FNDA:13,ProgressBarsXpAccumulation
FNDA:26,(anonymous_3)
FNDA:4,(anonymous_4)
FNDA:4,(anonymous_5)
FNDA:22,(anonymous_6)
FNDA:10,(anonymous_7)
FNDA:38,(anonymous_8)
FNDA:4,(anonymous_9)
FNDA:8,(anonymous_10)
FNDA:4,(anonymous_11)
FNDA:0,(anonymous_12)
FNDA:13,(anonymous_13)
FNDA:52,(anonymous_14)
FNDA:2,(anonymous_15)
FNDA:2,(anonymous_16)
FNDA:1,(anonymous_17)
FNDA:1,(anonymous_18)
FNDA:1,(anonymous_19)
FNDA:4,(anonymous_20)
FNDA:2,(anonymous_21)
FNDA:4,(anonymous_22)
FNDA:4,(anonymous_23)
FNDA:2,(anonymous_24)
FNDA:8,(anonymous_25)
FNDA:4,(anonymous_26)
FNDA:6,(anonymous_27)
FNDA:6,(anonymous_28)
FNDA:4,(anonymous_29)
FNDA:4,(anonymous_30)
FNDA:1,(anonymous_31)
FNDA:4,(anonymous_32)
FNDA:3,(anonymous_33)
FNDA:0,(anonymous_34)
FNDA:1,(anonymous_35)
FNDA:1,(anonymous_36)
FNDA:2,(anonymous_37)
FNDA:2,(anonymous_38)
FNDA:2,(anonymous_39)
FNDA:2,(anonymous_40)
FNDA:2,(anonymous_41)
FNDA:4,(anonymous_42)
FNDA:13,(anonymous_43)
FNDA:52,(anonymous_44)
FNDA:20,(anonymous_45)
FNDA:26,(anonymous_46)
FNDA:10,(anonymous_47)
FNDA:4,(anonymous_48)
DA:23,6
DA:24,6
DA:25,6
DA:26,6
DA:27,6
DA:28,6
DA:29,6
DA:30,6
DA:31,6
DA:32,6
DA:34,6
DA:41,6
DA:43,6
DA:55,6
DA:58,17
DA:60,17
DA:61,153
DA:62,153
DA:63,153
DA:64,153
DA:65,153
DA:66,153
DA:71,13
DA:73,13
DA:74,13
DA:75,13
DA:76,13
DA:77,13
DA:79,13
DA:80,26
DA:81,13
DA:83,13
DA:84,13
DA:89,13
DA:90,13
DA:91,13
DA:92,13
DA:93,13
DA:94,13
DA:96,13
DA:97,13
DA:99,13
DA:100,22
DA:101,38
DA:102,10
DA:105,22
DA:106,22
DA:109,13
DA:110,4
DA:111,4
DA:114,13
DA:115,8
DA:116,8
DA:117,8
DA:118,8
DA:121,13
DA:122,0
DA:123,0
DA:126,13
DA:128,13
DA:129,13
DA:131,52
DA:132,13
DA:137,13
DA:139,2
DA:140,2
DA:142,2
DA:143,1
DA:152,13
DA:153,4
DA:154,2
DA:157,4
DA:158,4
DA:162,13
DA:163,4
DA:165,4
DA:166,2
DA:167,2
DA:169,2
DA:170,0
DA:171,0
DA:173,2
DA:174,8
DA:179,1
DA:180,1
DA:185,2
DA:186,0
DA:188,0
DA:192,2
DA:195,4
DA:196,4
DA:200,13
DA:201,6
DA:202,6
DA:205,13
DA:206,4
DA:208,4
DA:209,4
DA:210,4
DA:211,4
DA:212,4
DA:213,4
DA:214,4
DA:216,4
DA:217,4
DA:218,4
DA:219,4
DA:220,4
DA:222,4
DA:223,4
DA:224,4
DA:225,4
DA:226,4
DA:229,4
DA:230,1
DA:234,4
DA:235,4
DA:236,3
DA:237,0
DA:240,3
DA:241,3
DA:243,3
DA:244,0
DA:245,0
DA:246,0
DA:249,0
DA:250,0
DA:252,0
DA:255,3
DA:256,3
DA:258,3
DA:259,0
DA:260,0
DA:261,0
DA:264,3
DA:266,3
DA:267,0
DA:268,0
DA:269,0
DA:272,3
DA:273,3
DA:275,3
DA:276,3
DA:277,3
DA:280,3
DA:281,3
DA:283,3
DA:284,2
DA:287,3
DA:289,2
DA:302,3
DA:303,2
DA:310,2
DA:315,2
DA:321,3
DA:324,4
DA:327,4
DA:328,4
DA:330,4
DA:331,4
DA:332,4
DA:345,13
DA:347,13
DA:348,13
DA:350,13
DA:360,13
DA:370,13
DA:400,52
DA:401,52
DA:402,52
DA:454,26
DA:455,26
DA:456,26
DA:457,26
DA:510,4
LF:175
LH:156
BRDA:62,0,0,17
BRDA:62,0,1,136
BRDA:132,1,0,3
BRDA:132,1,1,10
BRDA:169,2,0,0
BRDA:169,2,1,2
BRDA:174,3,0,1
BRDA:174,3,1,7
BRDA:175,4,0,8
BRDA:175,4,1,8
BRDA:175,4,2,8
BRDA:185,5,0,0
BRDA:185,5,1,2
BRDA:185,6,0,2
BRDA:185,6,1,2
BRDA:185,6,2,2
BRDA:202,7,0,5
BRDA:202,7,1,1
BRDA:236,8,0,0
BRDA:236,8,1,3
BRDA:243,9,0,0
BRDA:243,9,1,3
BRDA:245,10,0,0
BRDA:245,10,1,0
BRDA:258,11,0,0
BRDA:258,11,1,3
BRDA:266,12,0,0
BRDA:266,12,1,3
BRDA:350,13,0,0
BRDA:350,13,1,13
BRDA:352,14,0,0
BRDA:352,14,1,13
BRDA:354,15,0,0
BRDA:354,15,1,13
BRDA:356,16,0,2
BRDA:356,16,1,11
BRDA:360,17,0,0
BRDA:360,17,1,13
BRDA:362,18,0,0
BRDA:362,18,1,13
BRDA:364,19,0,0
BRDA:364,19,1,13
BRDA:366,20,0,2
BRDA:366,20,1,11
BRDA:381,21,0,13
BRDA:381,21,1,1
BRDA:405,22,0,2
BRDA:405,22,1,50
BRDA:409,23,0,2
BRDA:409,23,1,50
BRDA:409,24,0,2
BRDA:409,24,1,50
BRDA:414,25,0,2
BRDA:414,25,1,50
BRDA:418,26,0,52
BRDA:418,26,1,2
BRDA:430,27,0,52
BRDA:430,27,1,2
BRDA:444,28,0,2
BRDA:444,28,1,50
BRDA:455,29,0,13
BRDA:455,29,1,13
BRDA:460,30,0,13
BRDA:460,30,1,13
BRDA:464,31,0,13
BRDA:464,31,1,13
BRDA:464,32,0,13
BRDA:464,32,1,13
BRDA:469,33,0,13
BRDA:469,33,1,13
BRDA:473,34,0,26
BRDA:473,34,1,3
BRDA:485,35,0,26
BRDA:485,35,1,3
BRDA:498,36,0,13
BRDA:498,36,1,13
BRDA:501,37,0,13
BRDA:501,37,1,13
BRF:78
BRH:64
end_of_record
TN:
SF:src/components/progress/progress-bars/ProgressBarsZoomedProgress.tsx
FN:4,ProgressBarsZoomedProgress
FN:10,(anonymous_1)
FN:14,(anonymous_2)
FN:20,(anonymous_3)
FN:58,(anonymous_4)
FN:66,(anonymous_5)
FNF:6
FNH:6
FNDA:7,ProgressBarsZoomedProgress
FNDA:4,(anonymous_1)
FNDA:7,(anonymous_2)
FNDA:1,(anonymous_3)
FNDA:4,(anonymous_4)
FNDA:7,(anonymous_5)
DA:5,7
DA:6,7
DA:7,7
DA:8,7
DA:10,7
DA:11,4
DA:12,4
DA:14,4
DA:16,7
DA:18,7
DA:20,1
DA:21,1
DA:22,1
DA:23,1
DA:24,1
DA:25,1
DA:27,1
DA:30,6
DA:37,6
DA:38,2
DA:39,2
DA:42,2
DA:43,2
DA:44,5
DA:46,2
DA:49,6
DA:52,6
DA:56,4
DA:58,4
DA:59,4
DA:60,4
DA:66,7
DA:67,7
DA:71,7
DA:72,7
DA:74,7
LF:36
LH:36
BRDA:18,0,0,1
BRDA:18,0,1,6
BRDA:37,1,0,2
BRDA:37,1,1,4
BRDA:59,2,0,4
BRDA:59,2,1,0
BRDA:90,3,0,7
BRDA:90,3,1,0
BRDA:97,4,0,1
BRDA:97,4,1,6
BRDA:109,5,0,0
BRDA:109,5,1,7
BRF:12
BRH:9
end_of_record
TN:
SF:src/components/progress/progress-bars/index.ts
FNF:0
FNH:0
DA:21,5
LF:1
LH:1
BRF:0
BRH:0
end_of_record
TN:
SF:src/components/realtime/realtime-data/RealtimeDataLeaderboardShift.tsx
FN:5,RealtimeDataLeaderboardShift
FN:14,(anonymous_1)
FN:18,(anonymous_2)
FN:21,(anonymous_3)
FN:25,(anonymous_4)
FN:33,(anonymous_5)
FN:41,(anonymous_6)
FN:55,(anonymous_7)
FN:64,(anonymous_8)
FNF:9
FNH:6
FNDA:6,RealtimeDataLeaderboardShift
FNDA:3,(anonymous_1)
FNDA:3,(anonymous_2)
FNDA:3,(anonymous_3)
FNDA:0,(anonymous_4)
FNDA:0,(anonymous_5)
FNDA:0,(anonymous_6)
FNDA:3,(anonymous_7)
FNDA:24,(anonymous_8)
DA:6,6
DA:7,6
DA:13,6
DA:14,6
DA:15,3
DA:18,6
DA:21,3
DA:22,3
DA:25,3
DA:26,0
DA:27,0
DA:28,0
DA:29,0
DA:30,0
DA:33,0
DA:34,0
DA:37,0
DA:38,0
DA:41,0
DA:42,0
DA:48,0
DA:53,3
DA:55,3
DA:56,3
DA:60,6
DA:65,24
LF:26
LH:14
BRDA:56,0,0,0
BRDA:56,0,1,3
BRDA:69,1,0,3
BRDA:69,1,1,21
BRDA:69,2,0,24
BRDA:69,2,1,6
BRDA:70,3,0,3
BRDA:70,3,1,21
BRDA:70,4,0,24
BRDA:70,4,1,6
BRF:10
BRH:9
end_of_record
TN:
SF:src/components/realtime/realtime-data/RealtimeDataLiveScoreUpdate.tsx
FN:5,RealtimeDataLiveScoreUpdate
FN:11,(anonymous_1)
FN:15,(anonymous_2)
FN:18,(anonymous_3)
FN:39,(anonymous_4)
FN:59,(anonymous_5)
FN:67,(anonymous_6)
FNF:7
FNH:6
FNDA:4,RealtimeDataLiveScoreUpdate
FNDA:4,(anonymous_1)
FNDA:3,(anonymous_2)
FNDA:3,(anonymous_3)
FNDA:10,(anonymous_4)
FNDA:0,(anonymous_5)
FNDA:3,(anonymous_6)
DA:6,4
DA:8,4
DA:9,4
DA:10,4
DA:11,4
DA:12,4
DA:15,4
DA:18,3
DA:22,3
DA:34,3
DA:35,3
DA:36,3
DA:37,3
DA:39,3
DA:40,10
DA:41,10
DA:42,10
DA:44,10
DA:49,10
DA:50,0
DA:51,0
DA:55,3
DA:59,0
DA:60,0
DA:61,0
DA:65,3
DA:67,3
DA:68,3
DA:72,4
LF:29
LH:24
BRDA:49,0,0,0
BRDA:49,0,1,10
BRDA:68,1,0,0
BRDA:68,1,1,3
BRF:4
BRH:2
end_of_record
TN:
SF:src/components/realtime/realtime-data/RealtimeDataStackedRealtime.tsx
FN:5,RealtimeDataStackedRealtime
FN:16,(anonymous_1)
FN:19,(anonymous_2)
FN:23,(anonymous_3)
FN:31,(anonymous_4)
FN:39,(anonymous_5)
FNF:6
FNH:5
FNDA:6,RealtimeDataStackedRealtime
FNDA:3,(anonymous_1)
FNDA:3,(anonymous_2)
FNDA:0,(anonymous_3)
FNDA:3,(anonymous_4)
FNDA:30,(anonymous_5)
DA:6,6
DA:8,6
DA:16,6
DA:19,3
DA:20,3
DA:23,3
DA:24,0
DA:25,0
DA:29,3
DA:31,3
DA:32,3
DA:36,6
DA:40,30
LF:13
LH:11
BRDA:32,0,0,3
BRDA:32,0,1,0
BRDA:42,1,0,18
BRDA:42,1,1,12
BRDA:44,2,0,18
BRDA:44,2,1,12
BRDA:48,3,0,15
BRDA:48,3,1,15
BRDA:48,4,0,9
BRDA:48,4,1,6
BRDA:49,5,0,15
BRDA:49,5,1,15
BRDA:61,6,0,15
BRDA:61,6,1,15
BRDA:61,7,0,9
BRDA:61,7,1,6
BRF:16
BRH:15
end_of_record
TN:
SF:src/components/realtime/realtime-data/RealtimeDataWinTicker.tsx
FN:5,RealtimeDataWinTicker
FNF:1
FNH:1
FNDA:3,RealtimeDataWinTicker
DA:6,3
DA:8,3
LF:2
LH:2
BRF:0
BRH:0
end_of_record
TN:
SF:src/components/realtime/realtime-data/index.ts
FNF:0
FNH:0
DA:13,5
LF:1
LH:1
BRF:0
BRH:0
end_of_record
TN:
SF:src/components/realtime/timer-effects/TimerEffectsTimerColorShift.tsx
FN:4,TimerEffectsTimerColorShift
FN:11,(anonymous_1)
FN:15,(anonymous_2)
FN:35,(anonymous_3)
FN:78,(anonymous_4)
FNF:5
FNH:5
FNDA:3,TimerEffectsTimerColorShift
FNDA:3,(anonymous_1)
FNDA:3,(anonymous_2)
FNDA:1,(anonymous_3)
FNDA:3,(anonymous_4)
DA:5,3
DA:6,3
DA:7,3
DA:8,3
DA:9,3
DA:11,3
DA:15,3
DA:16,3
DA:18,3
DA:19,3
DA:21,3
DA:22,3
DA:23,3
DA:25,3
DA:28,3
DA:29,3
DA:30,3
DA:32,3
DA:33,3
DA:35,3
DA:36,1
DA:37,1
DA:40,1
DA:41,1
DA:44,1
DA:47,1
DA:48,1
DA:52,1
DA:54,1
DA:55,1
DA:58,0
DA:59,0
DA:61,1
DA:63,1
DA:64,1
DA:66,0
DA:68,0
DA:72,3
DA:76,3
DA:78,3
DA:79,3
DA:80,3
DA:82,3
DA:86,3
LF:44
LH:40
BRDA:16,0,0,0
BRDA:16,0,1,3
BRDA:25,1,0,0
BRDA:25,1,1,3
BRDA:25,2,0,3
BRDA:25,2,1,3
BRDA:25,2,2,3
BRDA:52,3,0,1
BRDA:52,3,1,0
BRDA:63,4,0,1
BRDA:63,4,1,0
BRDA:79,5,0,3
BRDA:79,5,1,0
BRDA:80,6,0,0
BRDA:80,6,1,3
BRF:15
BRH:9
end_of_record
TN:
SF:src/components/realtime/timer-effects/TimerEffectsTimerFlash.tsx
FN:4,TimerEffectsTimerFlash
FN:11,(anonymous_1)
FN:16,(anonymous_2)
FN:27,(anonymous_3)
FN:49,(anonymous_4)
FN:96,(anonymous_5)
FN:109,(anonymous_6)
FNF:7
FNH:7
FNDA:3,TimerEffectsTimerFlash
FNDA:3,(anonymous_1)
FNDA:3,(anonymous_2)
FNDA:1,(anonymous_3)
FNDA:1,(anonymous_4)
FNDA:3,(anonymous_5)
FNDA:3,(anonymous_6)
DA:5,3
DA:6,3
DA:7,3
DA:8,3
DA:9,3
DA:11,3
DA:14,3
DA:16,3
DA:17,3
DA:19,3
DA:20,3
DA:22,3
DA:24,3
DA:25,3
DA:27,3
DA:28,1
DA:29,1
DA:32,1
DA:33,1
DA:36,1
DA:37,0
DA:38,0
DA:42,1
DA:45,1
DA:46,1
DA:49,1
DA:50,1
DA:52,1
DA:53,1
DA:54,1
DA:56,1
DA:59,1
DA:60,1
DA:61,1
DA:65,1
DA:66,1
DA:67,0
DA:68,0
DA:70,0
DA:71,0
DA:75,1
DA:76,1
DA:77,1
DA:80,1
DA:81,1
DA:83,0
DA:84,0
DA:86,0
DA:90,3
DA:94,3
DA:96,3
DA:97,3
DA:98,3
DA:99,3
DA:100,3
DA:101,3
DA:104,3
DA:109,3
DA:110,3
DA:111,3
DA:112,3
DA:115,3
LF:62
LH:53
BRDA:17,0,0,0
BRDA:17,0,1,3
BRDA:22,1,0,0
BRDA:22,1,1,3
BRDA:36,2,0,0
BRDA:36,2,1,1
BRDA:42,3,0,0
BRDA:42,3,1,1
BRDA:49,4,0,1
BRDA:49,4,1,0
BRDA:59,5,0,1
BRDA:59,5,1,0
BRDA:66,6,0,0
BRDA:66,6,1,1
BRDA:75,7,0,1
BRDA:75,7,1,0
BRDA:80,8,0,1
BRDA:80,8,1,0
BRDA:97,9,0,3
BRDA:97,9,1,0
BRDA:98,10,0,0
BRDA:98,10,1,3
BRDA:99,11,0,3
BRDA:99,11,1,0
BRF:24
BRH:12
end_of_record
TN:
SF:src/components/realtime/timer-effects/TimerEffectsTimerFlashSoft.tsx
FN:4,TimerEffectsTimerFlashSoft
FN:10,(anonymous_1)
FN:16,(anonymous_2)
FN:30,(anonymous_3)
FN:48,(anonymous_4)
FN:69,(anonymous_5)
FN:92,(anonymous_6)
FN:107,(anonymous_7)
FNF:8
FNH:7
FNDA:3,TimerEffectsTimerFlashSoft
FNDA:3,(anonymous_1)
FNDA:3,(anonymous_2)
FNDA:1,(anonymous_3)
FNDA:1,(anonymous_4)
FNDA:0,(anonymous_5)
FNDA:3,(anonymous_6)
FNDA:3,(anonymous_7)
DA:5,3
DA:6,3
DA:7,3
DA:8,3
DA:10,3
DA:14,3
DA:16,3
DA:17,3
DA:19,3
DA:20,3
DA:22,3
DA:23,3
DA:25,3
DA:26,3
DA:27,3
DA:28,3
DA:30,3
DA:31,1
DA:32,1
DA:35,1
DA:36,1
DA:39,1
DA:40,0
DA:41,0
DA:45,1
DA:48,1
DA:49,1
DA:52,1
DA:53,1
DA:55,1
DA:56,1
DA:57,1
DA:59,1
DA:62,1
DA:63,0
DA:66,0
DA:69,0
DA:70,0
DA:71,0
DA:76,1
DA:77,1
DA:79,0
DA:80,0
DA:82,0
DA:86,3
DA:90,3
DA:92,3
DA:93,3
DA:94,3
DA:95,3
DA:96,3
DA:97,3
DA:98,3
DA:99,3
DA:102,3
DA:107,3
DA:108,3
DA:109,3
DA:110,3
DA:113,3
LF:60
LH:50
BRDA:17,0,0,0
BRDA:17,0,1,3
BRDA:23,1,0,0
BRDA:23,1,1,3
BRDA:39,2,0,0
BRDA:39,2,1,1
BRDA:45,3,0,0
BRDA:45,3,1,1
BRDA:48,4,0,1
BRDA:48,4,1,0
BRDA:62,5,0,0
BRDA:62,5,1,1
BRDA:70,6,0,0
BRDA:70,6,1,0
BRDA:76,7,0,1
BRDA:76,7,1,0
BRDA:94,8,0,3
BRDA:94,8,1,0
BRDA:95,9,0,0
BRDA:95,9,1,3
BRDA:96,10,0,0
BRDA:96,10,1,3
BRDA:97,11,0,3
BRDA:97,11,1,0
BRF:24
BRH:11
end_of_record
TN:
SF:src/components/realtime/timer-effects/TimerEffectsTimerFlip.tsx
FN:4,TimerEffectsTimerFlip
FN:10,(anonymous_1)
FN:15,(anonymous_2)
FN:37,(anonymous_3)
FN:43,(anonymous_4)
FN:48,(anonymous_5)
FN:56,(anonymous_6)
FN:82,(anonymous_7)
FNF:8
FNH:7
FNDA:3,TimerEffectsTimerFlip
FNDA:3,(anonymous_1)
FNDA:3,(anonymous_2)
FNDA:1,(anonymous_3)
FNDA:1,(anonymous_4)
FNDA:0,(anonymous_5)
FNDA:1,(anonymous_6)
FNDA:3,(anonymous_7)
DA:5,3
DA:6,3
DA:7,3
DA:8,3
DA:10,3
DA:13,3
DA:15,3
DA:16,3
DA:18,3
DA:19,3
DA:21,3
DA:22,3
DA:24,3
DA:27,3
DA:28,3
DA:29,3
DA:31,3
DA:32,3
DA:33,3
DA:36,3
DA:37,30
DA:39,1
DA:40,1
DA:41,1
DA:43,1
DA:44,1
DA:45,1
DA:48,1
DA:49,0
DA:53,30
DA:56,3
DA:57,1
DA:58,1
DA:61,1
DA:62,1
DA:65,1
DA:67,1
DA:68,1
DA:70,0
DA:72,0
DA:76,3
DA:80,3
DA:82,3
DA:83,3
DA:84,3
DA:86,3
DA:87,3
DA:91,3
LF:48
LH:45
BRDA:16,0,0,0
BRDA:16,0,1,3
BRDA:24,1,0,0
BRDA:24,1,1,3
BRDA:24,2,0,3
BRDA:24,2,1,3
BRDA:67,3,0,1
BRDA:67,3,1,0
BRDA:83,4,0,3
BRDA:83,4,1,0
BRDA:84,5,0,0
BRDA:84,5,1,3
BRF:12
BRH:7
end_of_record
TN:
SF:src/components/realtime/timer-effects/TimerEffectsTimerPulse.tsx
FN:4,TimerEffectsTimerPulse
FN:10,(anonymous_1)
FN:15,(anonymous_2)
FN:34,(anonymous_3)
FN:63,(anonymous_4)
FNF:5
FNH:5
FNDA:3,TimerEffectsTimerPulse
FNDA:3,(anonymous_1)
FNDA:3,(anonymous_2)
FNDA:1,(anonymous_3)
FNDA:3,(anonymous_4)
DA:5,3
DA:6,3
DA:7,3
DA:8,3
DA:10,3
DA:13,3
DA:15,3
DA:16,3
DA:18,3
DA:19,3
DA:21,3
DA:22,3
DA:24,3
DA:27,3
DA:28,3
DA:29,3
DA:31,3
DA:32,3
DA:34,3
DA:35,1
DA:36,1
DA:39,1
DA:40,1
DA:43,1
DA:45,1
DA:46,1
DA:48,0
DA:50,0
DA:55,3
DA:57,3
DA:61,3
DA:63,3
DA:64,3
DA:65,3
DA:66,3
DA:68,3
DA:69,3
DA:70,3
DA:75,3
LF:39
LH:37
BRDA:16,0,0,0
BRDA:16,0,1,3
BRDA:24,1,0,0
BRDA:24,1,1,3
BRDA:24,2,0,3
BRDA:24,2,1,3
BRDA:45,3,0,1
BRDA:45,3,1,0
BRDA:65,4,0,3
BRDA:65,4,1,0
BRDA:66,5,0,0
BRDA:66,5,1,3
BRDA:69,6,0,3
BRDA:69,6,1,0
BRF:14
BRH:8
end_of_record
TN:
SF:src/components/realtime/timer-effects/index.ts
FN:5,(anonymous_0)
FN:6,(anonymous_1)
FN:8,(anonymous_2)
FN:9,(anonymous_3)
FN:11,(anonymous_4)
FN:12,(anonymous_5)
FN:14,(anonymous_6)
FN:15,(anonymous_7)
FN:17,(anonymous_8)
FN:18,(anonymous_9)
FNF:10
FNH:10
FNDA:2,(anonymous_0)
FNDA:2,(anonymous_1)
FNDA:2,(anonymous_2)
FNDA:2,(anonymous_3)
FNDA:2,(anonymous_4)
FNDA:2,(anonymous_5)
FNDA:2,(anonymous_6)
FNDA:2,(anonymous_7)
FNDA:2,(anonymous_8)
FNDA:2,(anonymous_9)
DA:5,5
DA:6,2
DA:8,5
DA:9,2
DA:11,5
DA:12,2
DA:14,5
DA:15,2
DA:17,5
DA:18,2
DA:27,5
LF:11
LH:11
BRF:0
BRH:0
end_of_record
TN:
SF:src/components/realtime/update-indicators/UpdateIndicatorsBadgePop.tsx
FN:4,UpdateIndicatorsBadgePop
FN:7,(anonymous_1)
FN:10,(anonymous_2)
FN:31,(anonymous_3)
FNF:4
FNH:4
FNDA:3,UpdateIndicatorsBadgePop
FNDA:3,(anonymous_1)
FNDA:3,(anonymous_2)
FNDA:3,(anonymous_3)
DA:5,3
DA:7,3
DA:10,3
DA:11,3
DA:12,3
DA:15,3
DA:16,3
DA:19,3
DA:22,3
DA:25,3
DA:29,3
DA:31,3
DA:32,3
DA:36,3
LF:14
LH:14
BRDA:12,0,0,0
BRDA:12,0,1,3
BRDA:32,1,0,3
BRDA:32,1,1,0
BRF:4
BRH:2
end_of_record
TN:
SF:src/components/realtime/update-indicators/UpdateIndicatorsBadgePulse.tsx
FN:4,UpdateIndicatorsBadgePulse
FN:7,(anonymous_1)
FN:10,(anonymous_2)
FN:24,(anonymous_3)
FNF:4
FNH:4
FNDA:3,UpdateIndicatorsBadgePulse
FNDA:3,(anonymous_1)
FNDA:3,(anonymous_2)
FNDA:3,(anonymous_3)
DA:5,3
DA:7,3
DA:10,3
DA:11,3
DA:12,3
DA:15,3
DA:18,3
DA:22,3
DA:24,3
DA:25,3
DA:29,3
LF:11
LH:11
BRDA:12,0,0,0
BRDA:12,0,1,3
BRDA:25,1,0,3
BRDA:25,1,1,0
BRF:4
BRH:2
end_of_record
TN:
SF:src/components/realtime/update-indicators/UpdateIndicatorsLivePing.tsx
FN:4,UpdateIndicatorsLivePing
FN:7,(anonymous_1)
FN:10,(anonymous_2)
FN:23,(anonymous_3)
FNF:4
FNH:4
FNDA:3,UpdateIndicatorsLivePing
FNDA:3,(anonymous_1)
FNDA:3,(anonymous_2)
FNDA:3,(anonymous_3)
DA:5,3
DA:7,3
DA:10,3
DA:11,3
DA:12,3
DA:15,3
DA:18,3
DA:21,3
DA:23,3
DA:24,3
DA:28,3
LF:11
LH:11
BRDA:12,0,0,0
BRDA:12,0,1,3
BRDA:24,1,0,3
BRDA:24,1,1,0
BRF:4
BRH:2
end_of_record
TN:
SF:src/components/realtime/update-indicators/index.ts
FNF:0
FNH:0
DA:11,5
LF:1
LH:1
BRF:0
BRH:0
end_of_record
TN:
SF:src/components/rewards/icon-animations/IconAnimationsBounce.tsx
FN:5,IconAnimationsBounce
FNF:1
FNH:1
FNDA:3,IconAnimationsBounce
DA:6,3
LF:1
LH:1
BRF:0
BRH:0
end_of_record
TN:
SF:src/components/rewards/icon-animations/IconAnimationsFloat.tsx
FN:5,IconAnimationsFloat
FNF:1
FNH:1
FNDA:3,IconAnimationsFloat
DA:6,3
LF:1
LH:1
BRF:0
BRH:0
end_of_record
TN:
SF:src/components/rewards/icon-animations/IconAnimationsPulse.tsx
FN:5,IconAnimationsPulse
FNF:1
FNH:1
FNDA:3,IconAnimationsPulse
DA:6,3
LF:1
LH:1
BRF:0
BRH:0
end_of_record
TN:
SF:src/components/rewards/icon-animations/IconAnimationsShake.tsx
FN:5,IconAnimationsShake
FNF:1
FNH:1
FNDA:3,IconAnimationsShake
DA:6,3
LF:1
LH:1
BRF:0
BRH:0
end_of_record
TN:
SF:src/components/rewards/icon-animations/index.ts
FNF:0
FNH:0
DA:9,5
LF:1
LH:1
BRF:0
BRH:0
end_of_record
TN:
SF:src/components/rewards/modal-celebrations/ModalCelebrationsCoinCascade.tsx
FN:5,ModalCelebrationsCoinCascade
FN:8,(anonymous_1)
FN:72,(anonymous_2)
FN:73,(anonymous_3)
FNF:4
FNH:4
FNDA:3,ModalCelebrationsCoinCascade
FNDA:3,(anonymous_1)
FNDA:3,(anonymous_2)
FNDA:36,(anonymous_3)
DA:6,3
DA:8,3
DA:9,3
DA:10,3
DA:13,3
DA:15,3
DA:16,3
DA:19,3
DA:20,36
DA:21,36
DA:22,36
DA:23,36
DA:26,36
DA:27,36
DA:28,36
DA:29,36
DA:30,36
DA:31,36
DA:32,36
DA:34,36
DA:37,36
DA:40,36
DA:69,36
DA:72,3
DA:73,36
DA:77,3
LF:26
LH:26
BRDA:10,0,0,0
BRDA:10,0,1,3
BRF:2
BRH:1
end_of_record
TN:
SF:src/components/rewards/modal-celebrations/ModalCelebrationsCoinTrail.tsx
FN:11,(anonymous_0)
FN:14,(anonymous_1)
FN:16,(anonymous_2)
FN:17,(anonymous_3)
FN:48,ModalCelebrationsCoinTrail
FN:51,(anonymous_5)
FN:54,(anonymous_6)
FN:63,(anonymous_7)
FN:69,(anonymous_8)
FN:83,(anonymous_9)
FNF:10
FNH:9
FNDA:40,(anonymous_0)
FNDA:24,(anonymous_1)
FNDA:16,(anonymous_2)
FNDA:24,(anonymous_3)
FNDA:6,ModalCelebrationsCoinTrail
FNDA:3,(anonymous_5)
FNDA:24,(anonymous_6)
FNDA:0,(anonymous_7)
FNDA:3,(anonymous_8)
FNDA:24,(anonymous_9)
DA:11,5
DA:12,40
DA:14,40
DA:16,24
DA:17,24
DA:20,40
DA:49,6
DA:51,6
DA:53,3
DA:54,24
DA:59,3
DA:62,3
DA:69,3
DA:70,3
DA:74,6
DA:84,24
LF:16
LH:16
BRDA:29,0,0,16
BRDA:29,0,1,24
BRF:2
BRH:2
end_of_record
TN:
SF:src/components/rewards/modal-celebrations/ModalCelebrationsCoinsArc.tsx
FN:5,(anonymous_0)
FN:9,ModalCelebrationsCoinsArc
FN:10,(anonymous_2)
FN:28,(anonymous_3)
FNF:4
FNH:4
FNDA:84,(anonymous_0)
FNDA:3,ModalCelebrationsCoinsArc
FNDA:42,(anonymous_2)
FNDA:42,(anonymous_3)
DA:5,5
DA:6,84
DA:10,3
DA:11,42
DA:12,42
DA:13,42
DA:14,42
DA:16,42
DA:25,3
DA:29,42
LF:10
LH:10
BRF:0
BRH:0
end_of_record
TN:
SF:src/components/rewards/modal-celebrations/ModalCelebrationsCoinsFountain.tsx
FN:5,(anonymous_0)
FN:9,ModalCelebrationsCoinsFountain
FN:10,(anonymous_2)
FN:28,(anonymous_3)
FNF:4
FNH:4
FNDA:72,(anonymous_0)
FNDA:3,ModalCelebrationsCoinsFountain
FNDA:36,(anonymous_2)
FNDA:36,(anonymous_3)
DA:5,5
DA:6,72
DA:10,3
DA:11,36
DA:12,36
DA:13,36
DA:14,36
DA:16,36
DA:25,3
DA:29,36
LF:10
LH:10
BRF:0
BRH:0
end_of_record
TN:
SF:src/components/rewards/modal-celebrations/ModalCelebrationsCoinsSwirl.tsx
FN:5,(anonymous_0)
FN:9,ModalCelebrationsCoinsSwirl
FN:10,(anonymous_2)
FN:30,(anonymous_3)
FNF:4
FNH:4
FNDA:90,(anonymous_0)
FNDA:3,ModalCelebrationsCoinsSwirl
FNDA:30,(anonymous_2)
FNDA:30,(anonymous_3)
DA:5,5
DA:6,90
DA:10,3
DA:11,30
DA:12,30
DA:13,30
DA:14,30
DA:15,30
DA:17,30
DA:27,3
DA:31,30
LF:11
LH:11
BRF:0
BRH:0
end_of_record
TN:
SF:src/components/rewards/modal-celebrations/ModalCelebrationsConfettiBurst.tsx
FN:6,(anonymous_0)
FN:10,ModalCelebrationsConfettiBurst
FN:11,(anonymous_2)
FN:32,(anonymous_3)
FNF:4
FNH:4
FNDA:384,(anonymous_0)
FNDA:3,ModalCelebrationsConfettiBurst
FNDA:96,(anonymous_2)
FNDA:96,(anonymous_3)
DA:3,5
DA:6,5
DA:7,384
DA:11,3
DA:12,96
DA:13,96
DA:14,96
DA:15,96
DA:16,96
DA:18,96
DA:29,3
DA:33,96
LF:12
LH:12
BRF:0
BRH:0
end_of_record
TN:
SF:src/components/rewards/modal-celebrations/ModalCelebrationsConfettiPulse.tsx
FN:6,(anonymous_0)
FN:10,ModalCelebrationsConfettiPulse
FN:11,(anonymous_2)
FN:18,(anonymous_3)
FN:40,(anonymous_4)
FN:57,(anonymous_5)
FNF:6
FNH:6
FNDA:180,(anonymous_0)
FNDA:3,ModalCelebrationsConfettiPulse
FNDA:9,(anonymous_2)
FNDA:60,(anonymous_3)
FNDA:9,(anonymous_4)
FNDA:60,(anonymous_5)
DA:3,5
DA:6,5
DA:7,180
DA:11,9
DA:18,3
DA:19,60
DA:20,60
DA:21,60
DA:22,60
DA:23,60
DA:25,60
DA:36,3
DA:41,9
DA:58,60
LF:14
LH:14
BRF:0
BRH:0
end_of_record
TN:
SF:src/components/rewards/modal-celebrations/ModalCelebrationsConfettiRain.tsx
FN:6,(anonymous_0)
FN:10,ModalCelebrationsConfettiRain
FN:11,(anonymous_2)
FN:34,(anonymous_3)
FNF:4
FNH:4
FNDA:336,(anonymous_0)
FNDA:3,ModalCelebrationsConfettiRain
FNDA:84,(anonymous_2)
FNDA:84,(anonymous_3)
DA:3,5
DA:6,5
DA:7,336
DA:11,3
DA:12,84
DA:13,84
DA:14,84
DA:15,84
DA:16,84
DA:17,84
DA:19,84
DA:31,3
DA:35,84
LF:13
LH:13
BRF:0
BRH:0
end_of_record
TN:
SF:src/components/rewards/modal-celebrations/ModalCelebrationsConfettiSpiral.tsx
FN:6,(anonymous_0)
FN:10,ModalCelebrationsConfettiSpiral
FN:11,(anonymous_2)
FN:32,(anonymous_3)
FNF:4
FNH:4
FNDA:234,(anonymous_0)
FNDA:3,ModalCelebrationsConfettiSpiral
FNDA:78,(anonymous_2)
FNDA:78,(anonymous_3)
DA:3,5
DA:6,5
DA:7,234
DA:11,3
DA:12,78
DA:13,78
DA:14,78
DA:15,78
DA:16,78
DA:18,78
DA:29,3
DA:33,78
LF:12
LH:12
BRF:0
BRH:0
end_of_record
TN:
SF:src/components/rewards/modal-celebrations/ModalCelebrationsFireworksRing.tsx
FN:3,ModalCelebrationsFireworksRing
FN:12,(anonymous_1)
FNF:2
FNH:2
FNDA:3,ModalCelebrationsFireworksRing
FNDA:6,(anonymous_1)
DA:4,3
DA:9,3
DA:13,6
LF:3
LH:3
BRF:0
BRH:0
end_of_record
TN:
SF:src/components/rewards/modal-celebrations/ModalCelebrationsFireworksTriple.tsx
FN:5,ModalCelebrationsFireworksTriple
FN:6,(anonymous_1)
FN:17,(anonymous_2)
FNF:3
FNH:3
FNDA:3,ModalCelebrationsFireworksTriple
FNDA:12,(anonymous_1)
FNDA:12,(anonymous_2)
DA:3,5
DA:6,12
DA:14,3
DA:18,12
LF:4
LH:4
BRF:0
BRH:0
end_of_record
TN:
SF:src/components/rewards/modal-celebrations/ModalCelebrationsJackpotCelebration.tsx
FN:4,(anonymous_0)
FN:14,ModalCelebrationsJackpotCelebration
FN:74,(anonymous_2)
FN:83,(anonymous_3)
FN:92,(anonymous_4)
FN:178,(anonymous_5)
FN:218,(anonymous_6)
FN:241,(anonymous_7)
FN:259,(anonymous_8)
FN:277,(anonymous_9)
FNF:10
FNH:10
FNDA:282,(anonymous_0)
FNDA:3,ModalCelebrationsJackpotCelebration
FNDA:36,(anonymous_2)
FNDA:24,(anonymous_3)
FNDA:54,(anonymous_4)
FNDA:12,(anonymous_5)
FNDA:15,(anonymous_6)
FNDA:36,(anonymous_7)
FNDA:24,(anonymous_8)
FNDA:54,(anonymous_9)
DA:4,5
DA:5,282
DA:8,5
DA:9,5
DA:15,3
DA:74,36
DA:83,24
DA:92,54
DA:101,3
DA:179,12
DA:219,15
DA:242,36
DA:260,24
DA:278,54
LF:14
LH:14
BRDA:233,0,0,15
BRDA:233,0,1,12
BRF:2
BRH:2
end_of_record
TN:
SF:src/components/rewards/modal-celebrations/ModalCelebrationsMultiCoin.tsx
FN:5,ModalCelebrationsMultiCoin
FN:8,(anonymous_1)
FN:92,(anonymous_2)
FN:93,(anonymous_3)
FNF:4
FNH:4
FNDA:3,ModalCelebrationsMultiCoin
FNDA:3,(anonymous_1)
FNDA:3,(anonymous_2)
FNDA:45,(anonymous_3)
DA:6,3
DA:8,3
DA:9,3
DA:10,3
DA:13,3
DA:15,3
DA:16,3
DA:17,3
DA:20,3
DA:21,9
DA:22,9
DA:25,9
DA:26,9
DA:27,9
DA:29,9
DA:32,9
DA:33,45
DA:34,45
DA:35,45
DA:36,45
DA:39,45
DA:40,45
DA:41,45
DA:42,45
DA:43,45
DA:44,45
DA:46,45
DA:49,45
DA:50,45
DA:51,45
DA:54,45
DA:55,45
DA:56,45
DA:57,45
DA:59,45
DA:88,45
DA:92,3
DA:93,45
DA:97,3
LF:39
LH:39
BRDA:10,0,0,0
BRDA:10,0,1,3
BRF:2
BRH:1
end_of_record
TN:
SF:src/components/rewards/modal-celebrations/ModalCelebrationsRewardSpotlight.tsx
FN:4,(anonymous_0)
FN:8,ModalCelebrationsRewardSpotlight
FN:68,(anonymous_2)
FN:77,(anonymous_3)
FN:144,(anonymous_4)
FN:167,(anonymous_5)
FN:186,(anonymous_6)
FNF:7
FNH:7
FNDA:180,(anonymous_0)
FNDA:3,ModalCelebrationsRewardSpotlight
FNDA:42,(anonymous_2)
FNDA:18,(anonymous_3)
FNDA:15,(anonymous_4)
FNDA:42,(anonymous_5)
FNDA:18,(anonymous_6)
DA:4,5
DA:5,180
DA:9,3
DA:68,42
DA:77,18
DA:86,3
DA:145,15
DA:168,42
DA:187,18
LF:9
LH:9
BRDA:159,0,0,15
BRDA:159,0,1,12
BRF:2
BRH:2
end_of_record
TN:
SF:src/components/rewards/modal-celebrations/ModalCelebrationsTreasureParticles.tsx
FN:4,ModalCelebrationsTreasureParticles
FN:7,(anonymous_1)
FN:130,(anonymous_2)
FN:131,(anonymous_3)
FNF:4
FNH:4
FNDA:3,ModalCelebrationsTreasureParticles
FNDA:3,(anonymous_1)
FNDA:3,(anonymous_2)
FNDA:78,(anonymous_3)
DA:5,3
DA:7,3
DA:8,3
DA:9,3
DA:12,3
DA:14,3
DA:15,3
DA:16,3
DA:19,3
DA:20,60
DA:21,60
DA:24,60
DA:25,60
DA:26,60
DA:27,60
DA:28,60
DA:29,60
DA:31,60
DA:32,60
DA:33,60
DA:35,60
DA:38,60
DA:41,60
DA:42,60
DA:43,60
DA:44,60
DA:46,60
DA:75,60
DA:79,3
DA:80,18
DA:81,18
DA:84,18
DA:85,18
DA:86,18
DA:87,18
DA:89,18
DA:90,18
DA:91,18
DA:93,18
DA:96,18
DA:98,18
DA:127,18
DA:130,3
DA:131,78
DA:135,3
LF:45
LH:45
BRDA:9,0,0,0
BRDA:9,0,1,3
BRF:2
BRH:1
end_of_record
TN:
SF:src/components/rewards/modal-celebrations/index.ts
FNF:0
FNH:0
DA:35,5
LF:1
LH:1
BRF:0
BRH:0
end_of_record
TN:
SF:src/components/rewards/reward-basic/RewardBasicBadgeGlint.tsx
FN:3,RewardBasicBadgeGlint
FNF:1
FNH:1
FNDA:1,RewardBasicBadgeGlint
DA:4,1
LF:1
LH:1
BRF:0
BRH:0
end_of_record
TN:
SF:src/components/rewards/reward-basic/RewardBasicBadgeSweep.tsx
FN:3,RewardBasicBadgeSweep
FNF:1
FNH:1
FNDA:1,RewardBasicBadgeSweep
DA:4,1
LF:1
LH:1
BRF:0
BRH:0
end_of_record
TN:
SF:src/components/rewards/reward-basic/RewardBasicBounceEnergy.tsx
FN:3,RewardBasicBounceEnergy
FNF:1
FNH:1
FNDA:1,RewardBasicBounceEnergy
DA:4,1
LF:1
LH:1
BRF:0
BRH:0
end_of_record
TN:
SF:src/components/rewards/reward-basic/RewardBasicBounceSoft.tsx
FN:3,RewardBasicBounceSoft
FNF:1
FNH:1
FNDA:1,RewardBasicBounceSoft
DA:4,1
LF:1
LH:1
BRF:0
BRH:0
end_of_record
TN:
SF:src/components/rewards/reward-basic/RewardBasicCoinSpinFast.tsx
FN:3,RewardBasicCoinSpinFast
FNF:1
FNH:1
FNDA:1,RewardBasicCoinSpinFast
DA:4,1
LF:1
LH:1
BRF:0
BRH:0
end_of_record
TN:
SF:src/components/rewards/reward-basic/RewardBasicCoinSpinSoft.tsx
FN:3,RewardBasicCoinSpinSoft
FNF:1
FNH:1
FNDA:1,RewardBasicCoinSpinSoft
DA:4,1
LF:1
LH:1
BRF:0
BRH:0
end_of_record
TN:
SF:src/components/rewards/reward-basic/RewardBasicGlowOrbit.tsx
FN:3,RewardBasicGlowOrbit
FNF:1
FNH:1
FNDA:1,RewardBasicGlowOrbit
DA:4,1
LF:1
LH:1
BRF:0
BRH:0
end_of_record
TN:
SF:src/components/rewards/reward-basic/RewardBasicGlowPulse.tsx
FN:3,RewardBasicGlowPulse
FNF:1
FNH:1
FNDA:1,RewardBasicGlowPulse
DA:4,1
LF:1
LH:1
BRF:0
BRH:0
end_of_record
TN:
SF:src/components/rewards/reward-basic/RewardBasicStarBurst.tsx
FN:3,RewardBasicStarBurst
FNF:1
FNH:1
FNDA:1,RewardBasicStarBurst
DA:4,1
LF:1
LH:1
BRF:0
BRH:0
end_of_record
TN:
SF:src/components/rewards/reward-basic/RewardBasicStarRadiate.tsx
FN:3,RewardBasicStarRadiate
FNF:1
FNH:1
FNDA:1,RewardBasicStarRadiate
DA:4,1
LF:1
LH:1
BRF:0
BRH:0
end_of_record
TN:
SF:src/components/rewards/reward-basic/index.ts
FNF:0
FNH:0
DA:25,5
LF:1
LH:1
BRF:0
BRH:0
end_of_record
TN:
SF:src/components/ui/AnimationCard.tsx
FN:17,AnimationCard
FN:33,(anonymous_1)
FN:42,(anonymous_2)
FN:47,(anonymous_3)
FN:60,(anonymous_4)
FN:65,(anonymous_5)
FN:66,(anonymous_6)
FN:83,(anonymous_7)
FN:107,(anonymous_8)
FNF:9
FNH:9
FNDA:902,AnimationCard
FNDA:728,(anonymous_1)
FNDA:669,(anonymous_2)
FNDA:330,(anonymous_3)
FNDA:694,(anonymous_4)
FNDA:134,(anonymous_5)
FNDA:134,(anonymous_6)
FNDA:1,(anonymous_7)
FNDA:663,(anonymous_8)
DA:27,902
DA:28,902
DA:29,902
DA:30,902
DA:31,902
DA:33,902
DA:34,728
DA:36,34
DA:37,34
DA:40,694
DA:41,694
DA:43,669
DA:44,364
DA:45,364
DA:47,364
DA:56,694
DA:57,694
DA:60,694
DA:61,694
DA:65,902
DA:66,134
DA:67,134
DA:70,902
DA:83,1
DA:108,663
LF:25
LH:25
BRDA:24,0,0,279
BRDA:25,1,0,854
BRDA:34,2,0,34
BRDA:34,2,1,694
BRDA:43,3,0,364
BRDA:43,3,1,305
BRDA:43,4,0,669
BRDA:43,4,1,669
BRDA:56,5,0,694
BRDA:56,5,1,0
BRDA:61,6,0,694
BRDA:61,6,1,0
BRDA:77,7,0,901
BRDA:77,7,1,1
BRDA:85,8,0,1
BRDA:85,8,1,901
BRDA:89,9,0,1
BRDA:89,9,1,901
BRDA:99,10,0,533
BRDA:99,10,1,369
BRDA:99,11,0,902
BRDA:99,11,1,403
BRF:22
BRH:20
end_of_record
TN:
SF:src/components/ui/AppSidebar.tsx
FN:12,(anonymous_0)
FN:22,(anonymous_1)
FN:24,(anonymous_2)
FN:29,(anonymous_3)
FN:39,(anonymous_4)
FN:45,(anonymous_5)
FNF:6
FNH:6
FNDA:60,(anonymous_0)
FNDA:155,(anonymous_1)
FNDA:375,(anonymous_2)
FNDA:3,(anonymous_3)
FNDA:413,(anonymous_4)
FNDA:2,(anonymous_5)
DA:12,2
DA:19,60
DA:24,375
DA:26,155
DA:29,3
DA:40,413
DA:42,413
DA:45,2
LF:8
LH:8
BRDA:20,0,0,26
BRDA:20,0,1,34
BRDA:31,1,0,23
BRDA:31,1,1,132
BRDA:37,2,0,155
BRDA:37,2,1,154
BRDA:47,3,0,23
BRDA:47,3,1,390
BRF:8
BRH:8
end_of_record
TN:
SF:src/components/ui/CategorySection.tsx
FN:9,CategorySection
FN:11,(anonymous_1)
FN:27,(anonymous_2)
FNF:3
FNH:3
FNDA:2,CategorySection
FNDA:2,(anonymous_1)
FNDA:2,(anonymous_2)
DA:10,2
DA:11,2
DA:15,2
DA:28,2
LF:4
LH:4
BRDA:26,0,0,1
BRDA:26,0,1,1
BRF:2
BRH:2
end_of_record
TN:
SF:src/components/ui/GroupSection.tsx
FN:12,isInfiniteAnimation
FN:37,GroupSection
FN:50,(anonymous_2)
FNF:3
FNH:3
FNDA:247,isInfiniteAnimation
FNDA:22,GroupSection
FNDA:247,(anonymous_2)
DA:14,247
DA:17,236
DA:34,236
DA:38,22
DA:51,247
DA:52,247
DA:54,247
LF:7
LH:7
BRDA:14,0,0,11
BRDA:14,0,1,236
BRDA:48,1,0,22
BRDA:48,1,1,0
BRDA:64,2,0,245
BRDA:64,2,1,2
BRF:6
BRH:5
end_of_record
TN:
SF:src/components/ui/accordion.tsx
FN:12,(anonymous_0)
FN:20,(anonymous_1)
FN:40,(anonymous_2)
FNF:3
FNH:3
FNDA:1,(anonymous_0)
FNDA:1,(anonymous_1)
FNDA:1,(anonymous_2)
DA:7,1
DA:9,1
DA:13,1
DA:15,1
DA:17,1
DA:21,1
DA:35,1
DA:37,1
DA:41,1
DA:49,1
LF:10
LH:10
BRF:0
BRH:0
end_of_record
TN:
SF:src/components/ui/animation-card.tsx
FNF:0
FNH:0
LF:0
LH:0
BRF:0
BRH:0
end_of_record
TN:
SF:src/components/ui/button-variants.ts
FNF:0
FNH:0
DA:3,14
LF:1
LH:1
BRF:0
BRH:0
end_of_record
TN:
SF:src/components/ui/button.tsx
FN:17,(anonymous_0)
FNF:1
FNH:1
FNDA:902,(anonymous_0)
DA:16,14
DA:18,902
DA:19,902
DA:24,14
LF:4
LH:4
BRDA:17,0,0,902
BRDA:18,1,0,0
BRDA:18,1,1,902
BRF:3
BRH:2
end_of_record
TN:
SF:src/components/ui/card.tsx
FN:6,(anonymous_0)
FN:17,(anonymous_1)
FN:24,(anonymous_2)
FN:35,(anonymous_3)
FN:42,(anonymous_4)
FN:49,(anonymous_5)
FNF:6
FNH:5
FNDA:902,(anonymous_0)
FNDA:902,(anonymous_1)
FNDA:902,(anonymous_2)
FNDA:0,(anonymous_3)
FNDA:902,(anonymous_4)
FNDA:902,(anonymous_5)
DA:5,14
DA:7,902
DA:14,14
DA:16,14
DA:18,902
DA:21,14
DA:23,14
DA:25,902
DA:32,14
DA:34,14
DA:36,0
DA:39,14
DA:41,14
DA:43,902
DA:46,14
DA:48,14
DA:50,902
DA:53,14
LF:18
LH:17
BRF:0
BRH:0
end_of_record
TN:
SF:src/components/ui/catalog.ts
FNF:0
FNH:0
LF:0
LH:0
BRF:0
BRH:0
end_of_record
TN:
SF:src/components/ui/sidebar.tsx
FN:25,(anonymous_0)
FN:35,(anonymous_1)
FN:53,(anonymous_2)
FN:60,(anonymous_3)
FN:67,(anonymous_4)
FN:74,(anonymous_5)
FN:81,(anonymous_6)
FN:92,(anonymous_7)
FN:104,(anonymous_8)
FN:124,(anonymous_9)
FN:131,(anonymous_10)
FNF:11
FNH:10
FNDA:0,(anonymous_0)
FNDA:1,(anonymous_1)
FNDA:1,(anonymous_2)
FNDA:1,(anonymous_3)
FNDA:1,(anonymous_4)
FNDA:1,(anonymous_5)
FNDA:1,(anonymous_6)
FNDA:1,(anonymous_7)
FNDA:1,(anonymous_8)
FNDA:1,(anonymous_9)
FNDA:1,(anonymous_10)
DA:6,1
DA:23,1
DA:34,1
DA:36,1
DA:38,1
DA:50,1
DA:52,1
DA:54,1
DA:57,1
DA:59,1
DA:61,1
DA:64,1
DA:66,1
DA:68,1
DA:71,1
DA:73,1
DA:75,1
DA:78,1
DA:80,1
DA:82,1
DA:89,1
DA:91,1
DA:93,1
DA:96,1
DA:103,1
DA:105,1
DA:106,1
DA:121,1
DA:123,1
DA:125,1
DA:128,1
DA:130,1
DA:132,1
DA:133,1
DA:148,1
LF:35
LH:35
BRDA:35,0,0,1
BRDA:104,1,0,1
BRDA:105,2,0,0
BRDA:105,2,1,1
BRDA:113,3,0,1
BRDA:113,3,1,0
BRDA:131,4,0,1
BRDA:132,5,0,0
BRDA:132,5,1,1
BRDA:140,6,0,1
BRDA:140,6,1,0
BRF:11
BRH:7
end_of_record
TN:
SF:src/hooks/useAnimations.ts
FN:5,useAnimations
FN:12,(anonymous_1)
FN:26,(anonymous_2)
FN:30,(anonymous_3)
FNF:4
FNH:4
FNDA:33,useAnimations
FNDA:8,(anonymous_1)
FNDA:8,(anonymous_2)
FNDA:1,(anonymous_3)
DA:6,33
DA:7,33
DA:12,33
DA:13,8
DA:14,8
DA:15,8
DA:16,7
DA:17,7
DA:19,1
DA:26,33
DA:27,8
DA:30,33
DA:31,1
DA:32,1
DA:33,1
DA:34,1
DA:35,1
DA:37,0
DA:44,33
LF:19
LH:18
BRDA:21,0,0,1
BRDA:21,0,1,0
BRDA:39,1,0,0
BRDA:39,1,1,0
BRF:4
BRH:1
end_of_record
TN:
SF:src/lib/preload-manifest.ts
FNF:0
FNH:0
DA:8,1
LF:1
LH:1
BRF:0
BRH:0
end_of_record
TN:
SF:src/lib/preload.ts
FN:6,preloadImages
FN:14,(anonymous_1)
FN:21,(anonymous_2)
FNF:3
FNH:3
FNDA:3,preloadImages
FNDA:2,(anonymous_1)
FNDA:5,(anonymous_2)
DA:7,3
DA:9,3
DA:10,3
DA:12,3
DA:14,2
DA:19,3
DA:21,3
DA:22,5
DA:24,3
DA:25,3
DA:26,3
DA:27,3
DA:30,3
DA:32,3
DA:35,3
DA:39,3
DA:40,3
DA:41,3
LF:18
LH:18
BRDA:7,0,0,0
BRDA:7,0,1,3
BRDA:9,1,0,3
BRDA:9,1,1,1
BRDA:10,2,0,0
BRDA:10,2,1,3
BRDA:14,3,0,2
BRDA:14,3,1,0
BRDA:22,4,0,2
BRDA:22,4,1,3
BRDA:22,5,0,5
BRDA:22,5,1,5
BRDA:22,5,2,4
BRF:13
BRH:10
end_of_record
TN:
SF:src/lib/utils.ts
FN:4,cn
FNF:1
FNH:1
FNDA:5425,cn
DA:5,5425
LF:1
LH:1
BRF:0
BRH:0
end_of_record
TN:
SF:src/services/animationData.ts
FN:13,(anonymous_0)
FN:13,(anonymous_1)
FN:15,(anonymous_2)
FN:17,(anonymous_3)
FN:20,(anonymous_4)
FN:22,(anonymous_5)
FN:32,(anonymous_6)
FN:41,(anonymous_7)
FN:52,(anonymous_8)
FN:60,(anonymous_9)
FN:65,(anonymous_10)
FN:71,(anonymous_11)
FN:80,(anonymous_12)
FN:81,(anonymous_13)
FN:91,(anonymous_14)
FN:93,(anonymous_15)
FN:94,(anonymous_16)
FNF:17
FNH:17
FNDA:11,(anonymous_0)
FNDA:11,(anonymous_1)
FNDA:793,(anonymous_2)
FNDA:30,(anonymous_3)
FNDA:84,(anonymous_4)
FNDA:11102,(anonymous_5)
FNDA:6,(anonymous_6)
FNDA:30,(anonymous_7)
FNDA:11,(anonymous_8)
FNDA:9,(anonymous_9)
FNDA:2,(anonymous_10)
FNDA:1,(anonymous_11)
FNDA:1,(anonymous_12)
FNDA:1,(anonymous_13)
FNDA:2,(anonymous_14)
FNDA:2,(anonymous_15)
FNDA:2,(anonymous_16)
DA:11,4
DA:13,11
DA:15,793
DA:17,4
DA:18,30
DA:20,30
DA:21,84
DA:22,11102
DA:25,84
DA:32,4
DA:36,6
DA:41,30
DA:49,4
DA:50,4
DA:53,11
DA:54,4
DA:57,11
DA:61,9
DA:62,9
DA:66,2
DA:67,2
DA:68,2
DA:72,1
DA:77,1
DA:79,1
DA:80,1
DA:81,1
DA:83,1
DA:84,1
DA:88,1
DA:92,2
DA:93,2
DA:94,2
DA:96,2
DA:100,4
LF:35
LH:35
BRDA:18,0,0,30
BRDA:18,0,1,0
BRDA:22,1,0,11102
BRDA:22,1,1,2379
BRDA:53,2,0,4
BRDA:53,2,1,7
BRDA:79,3,0,1
BRDA:79,3,1,0
BRDA:83,4,0,1
BRDA:83,4,1,0
BRDA:96,5,0,2
BRDA:96,5,1,0
BRF:12
BRH:8
end_of_record
TN:
SF:src/test/utils/animationTestUtils.tsx
FN:5,withAnimationCard
FN:27,advanceRaf
FN:29,(anonymous_2)
FN:34,queryStage
FNF:4
FNH:4
FNDA:17,withAnimationCard
FNDA:2,advanceRaf
FNDA:2,(anonymous_2)
FNDA:6,queryStage
DA:13,17
DA:14,17
DA:29,2
DA:30,2
DA:35,6
DA:36,6
LF:6
LH:6
BRDA:12,0,0,6
BRDA:12,1,0,9
BRDA:12,2,0,9
BRDA:12,3,0,11
BRDA:12,4,0,17
BRDA:13,5,0,17
BRDA:13,5,1,6
BRDA:35,6,0,6
BRDA:35,6,1,6
BRF:9
BRH:9
end_of_record
